p1 t1 abr  2009.71 0.327201 48.186 3.54231 11
p1 t1 bb2  2991.52 0.397339 0 3.91061 4
p1 t1 bola  3020.01 0.335798 0 4.07482 6
p1 t1 elastic  3035.66 0.201188 0 3.92156 41
p1 t1 ra  3067.12 0.257973 0 3.51686 42
p1 t2 abr  2288.35 0.266467 125.076 2.73509 11
p1 t2 bb2  3336.42 0.345286 12.026 3.03015 6
p1 t2 bola  3246.31 0.288348 0 3.11378 6
p1 t2 elastic  3161.25 0.186465 0 2.90215 23
p1 t2 ra  3203.73 0.19802 0 3.65417 17
p1 t3 abr  2015.92 0.339567 141.262 14.0608 11
p1 t3 bb2  3432.96 0.425468 9.365 0.540109 6
p1 t3 bola  3076.22 0.38268 0 4.7729 6
p1 t3 elastic  3122.31 0.231827 0 0.554053 23
p1 t3 ra  3350.35 0.221963 0 16.645 38
p1 t4 abr  1798.6 0.384585 168.424 4.06337 9
p1 t4 bb2  3411.09 0.402043 0 3.84511 6
p1 t4 bola  2601.9 0.356724 0 3.81429 5
p1 t4 elastic  3360.63 0.160177 0 4.28563 10
p1 t4 ra  3277.06 0.193441 0 4.33493 14
p1 t5 abr  1382.19 0.426599 0 4.99986 6
p1 t5 bb2  2020.42 0.687441 30.845 4.05319 8
p1 t5 bola  1740.93 0.338464 0 3.85978 11
p1 t5 elastic  2100.35 0.371384 0 3.45618 6
p1 t5 ra  2047.02 0.342425 0 3.96693 6
p1 t6 abr  2228.36 0.355483 71.931 7.49219 41
p1 t6 bb2  3698.9 0.45522 6.145 4.86864 35
p1 t6 bola  2586.9 0.289507 0 8.38211 19
p1 t6 elastic  2759.03 0.249317 0 17.2461 52
p1 t6 ra  2662.76 0.285238 0 7.57043 21
p1 t7 abr  2189.86 0.381902 63.014 5.70257 47
p1 t7 bb2  2829.24 0.431487 19.656 5.85357 12
p1 t7 bola  2630.52 0.268223 0 8.82865 14
p1 t7 elastic  2629.76 0.212398 0 10.4793 45
p1 t7 ra  2561.47 0.235741 0 20.7523 16
p2 t1 abr  1827.17 0.331089 55.138 1.2745 12
p2 t1 bb2  2821.44 0.377443 0 1.34803 5
p2 t1 bola  2839.57 0.301034 0 1.39523 5
p2 t1 elastic  2907.87 0.210154 0 1.20978 50
p2 t1 ra  2718.38 0.257425 0 1.47607 45
p2 t2 abr  2037.48 0.280432 133.318 0.979557 10
p2 t2 bb2  2935.92 0.283709 0 1.08664 5
p2 t2 bola  2250.66 0.312422 0 0.957914 1
p2 t2 elastic  3248.14 0.167634 0 0.972166 16
p2 t2 ra  3202.98 0.186193 0 1.06629 12
p2 t3 abr  1856.15 0.33342 149.276 13.9058 13
p2 t3 bb2  3259.77 0.303572 0 2.70584 6
p2 t3 bola  1198 0.474161 0 2.84809 0
p2 t3 elastic  3258.14 0.210184 0 3.56685 52
p2 t3 ra  3214.66 0.292331 0 7.40606 44
p2 t4 abr  1591.08 0.379506 179.141 1.39667 8
p2 t4 bb2  3012.64 0.261634 0 1.26185 5
p2 t4 bola  2289.26 0.344636 0 1.3758 3
p2 t4 elastic  3175.46 0.134848 0 1.29107 14
p2 t4 ra  3016.7 0.181037 0 1.29294 17
p2 t5 abr  1840.57 0.437646 0 3.7122 4
p2 t5 bb2  1754.47 0.578587 24.21 1.70934 8
p2 t5 bola  1838.12 0.436527 0 3.61536 4
p2 t5 elastic  1216.97 0.480441 0 10.7535 8
p2 t5 ra  1837.36 0.437347 0 3.66618 4
p2 t6 abr  1752.19 0.350563 51.137 3.96868 42
p2 t6 bb2  2857.17 0.43317 0 2.09676 33
p2 t6 bola  2530.78 0.295404 0 3.62015 17
p2 t6 elastic  2903.57 0.235904 0 12.9026 53
p2 t6 ra  2851.89 0.306594 0 4.01895 32
p2 t7 abr  1920.01 0.353768 38.901 1.85621 36
p2 t7 bb2  2664.61 0.39989 8.979 2.45943 13
p2 t7 bola  2571.95 0.287041 0 2.1199 12
p2 t7 elastic  2566.87 0.204852 0 15.8186 42
p2 t7 ra  2552.55 0.262447 0 2.45829 16
p3 t1 abr  1330.26 0.32994 29.641 5.75022 10
p3 t1 bb2  1865.37 0.290304 0 3.03376 37
p3 t1 bola  1831.28 0.267039 0 5.51471 8
p3 t1 elastic  1843.17 0.205796 0 6.35068 53
p3 t1 ra  1787.18 0.297905 0 4.63123 50
p3 t2 abr  1689.76 0.227745 85.916 2.28136 4
p3 t2 bb2  2122.86 0.212421 0 1.59845 23
p3 t2 bola  2147.87 0.238771 0 2.22292 5
p3 t2 elastic  2195.61 0.142216 0 1.53555 31
p3 t2 ra  2077.36 0.212722 0 1.23289 10
p3 t3 abr  1357.23 0.27696 146.391 14.9188 32
p3 t3 bb2  2142.82 0.249773 0 2.60807 7
p3 t3 bola  1923.17 0.220537 0 0.786626 1
p3 t3 elastic  4032.45 0.927936 0 13.9764 2
p3 t3 ra  2703.66 0.164671 0 18.8643 28
p3 t4 abr  1401.75 0.30453 125.968 0.56537 9
p3 t4 bb2  2075.68 0.258959 0 0.921745 5
p3 t4 bola  1744.98 0.251104 0 0.89682 1
p3 t4 elastic  2178.33 0.152275 0 0.828369 25
p3 t4 ra  2233.53 0.246758 0 1.02718 27
p3 t5 abr  1004.14 0.382705 0 1.70927 18
p3 t5 bb2  1650.1 0.550449 0 1.34249 8
p3 t5 bola  1489.83 0.388135 0 0.865581 15
p3 t5 elastic  1794.37 0.272749 0 9.69846 26
p3 t5 ra  1468.04 0.341433 0 5.47215 10
p3 t6 abr  1230.08 0.383925 81.103 15.9146 61
p3 t6 bb2  2442.78 0.407453 0 1.26868 34
p3 t6 bola  1465.86 0.277176 0 1.22126 34
p3 t6 elastic  1676.16 0.208412 0 10.9848 107
p3 t6 ra  1681.81 0.289461 0 2.76641 29
p3 t7 abr  947.017 0.43431 67.611 11.7404 54
p3 t7 bb2  1822.08 0.456624 0 1.40024 19
p3 t7 bola  1671.47 0.324779 0 1.40466 18
p3 t7 elastic  1719.66 0.271797 0 1.21271 112
p3 t7 ra  1700.69 0.3112 0 2.79847 29
p4 t1 abr  1231.02 0.153777 0 23.0233 68
p4 t1 bb2  1226.71 0.14817 0 19.8677 4
p4 t1 bola  1200 0.146151 0 15.9953 0
p4 t1 elastic  1276.06 0.124738 0 15.8367 14
p4 t1 ra  1200 0.15173 0 19.991 0
p4 t2 abr  1907.87 0.128366 0 7.8827 66
p4 t2 bb2  1677.5 0.0729176 0 8.92912 6
p4 t2 bola  1622 0.155991 0 8.02733 0
p4 t2 elastic  1762.94 0.195112 0 9.17831 10
p4 t2 ra  1816.77 0.136562 0 10.8961 6
p4 t3 abr  1602.73 0.156008 0 15.6884 154
p4 t3 bb2  1591.07 0.0976586 0 3.1675 61
p4 t3 bola  1301.59 0.175305 0 3.75214 3
p4 t3 elastic  1698.96 0.124199 0 4.57151 57
p4 t3 ra  1728.79 0.126107 0 9.7285 15
p4 t4 abr  1221.85 0.142689 0 2.23386 112
p4 t4 bb2  1444.01 0.0939306 0 0.998462 27
p4 t4 bola  1143 0.160361 0 2.8189 0
p4 t4 elastic  1461.76 0.0967904 0 0.857231 21
p4 t4 ra  1411.04 0.14326 0 1.13296 7
p4 t5 abr  1020.99 0.338769 0 5.48584 102
p4 t5 bb2  532.979 0.436074 0 0.966928 5
p4 t5 bola  536.216 0.416687 0 11.7234 8
p4 t5 elastic  908.045 0.271009 0 6.61763 30
p4 t5 ra  727.858 0.316351 0 6.30955 8
p4 t6 abr  808.864 0.355408 0 12.4211 722
p4 t6 bb2  985.839 0.335271 0 1.77964 19
p4 t6 bola  913.312 0.242033 0 6.60779 22
p4 t6 elastic  1090.9 0.274499 0 18.5783 25
p4 t6 ra  965.756 0.251458 0 9.86757 15
p4 t7 abr  1107.6 0.407686 0 1.80066 526
p4 t7 bb2  969.782 0.384762 0 1.66352 25
p4 t7 bola  769.042 0.36487 0 1.22841 13
p4 t7 elastic  1127.01 0.293305 0 5.02302 94
p4 t7 ra  1011.92 0.331788 0 9.08868 57
