p1 t1 abr  2616.02 0.270815 0 3.64923 95
p1 t1 bb  3069.24 0.29408 0 4.30513 33
p1 t1 bola  1638.41 0.507835 0 3.80941 4
p1 t1 elastic  3036.59 0.201258 0 5.93756 37
p1 t1 ra  3105.36 0.225234 0 5.15686 73
p1 t2 abr  2923.41 0.222902 0 2.90707 88
p1 t2 bb  3182.82 0.326533 0 3.19823 9
p1 t2 bola  1938.93 0.384054 0 2.95705 4
p1 t2 elastic  3165.17 0.176053 0 2.98113 19
p1 t2 ra  3213.64 0.18238 0 6.11461 23
p1 t3 abr  2719.58 0.296171 0 7.21901 146
p1 t3 bb  3271.61 0.369909 0 7.24857 9
p1 t3 bola  2887.93 0.325825 0 14.1573 7
p1 t3 elastic  3153.84 0.240502 0 1.44903 37
p1 t3 ra  3197.33 0.219743 0 15.3635 35
p1 t4 abr  2506.9 0.332952 0 4.16805 78
p1 t4 bb  3346 0.228857 0 4.64931 11
p1 t4 bola  2303.02 0.41064 0 4.06373 6
p1 t4 elastic  3227.89 0.172031 0 3.89945 21
p1 t4 ra  3391.31 0.171874 0 5.58988 27
p1 t5 abr  1801.32 0.426284 0 4.38745 26
p1 t5 bb  1961.47 0.509916 0 5.47973 20
p1 t5 bola  2111.62 0.368147 0 4.51135 6
p1 t5 elastic  2058.48 0.380584 0 4.97873 10
p1 t5 ra  2113.22 0.375565 0 4.31438 4
p1 t6 abr  2597.4 0.299426 0 7.3205 479
p1 t6 bb  3481.43 0.393433 0 7.1497 53
p1 t6 bola  2208.05 0.319069 0 7.91688 55
p1 t6 elastic  2784.9 0.244588 0 17.3332 52
p1 t6 ra  2933.52 0.299286 0 23.7611 43
p1 t7 abr  2580.9 0.339005 0 5.56326 236
p1 t7 bb  2612.64 0.37192 0 4.96644 21
p1 t7 bola  2635.24 0.261376 0 8.88021 30
p1 t7 elastic  2662.98 0.200599 0 8.60396 45
p1 t7 ra  2679.03 0.226892 0 21.499 25
p2 t1 abr  2257.18 0.292286 0 1.44728 108
p2 t1 bb  2882.38 0.24579 0 1.49752 34
p2 t1 bola  1200 0.496311 0 1.40981 0
p2 t1 elastic  2937.17 0.215433 0 1.45175 58
p2 t1 ra  2995.99 0.228379 0 1.40589 64
p2 t2 abr  2868.67 0.21033 0 1.06333 82
p2 t2 bb  3195.12 0.221388 0 1.12482 8
p2 t2 bola  1622 0.426935 0 1.02344 0
p2 t2 elastic  3245.47 0.173949 0 0.972012 14
p2 t2 ra  3283.44 0.169577 0 2.37747 14
p2 t3 abr  2624.08 0.290454 0 4.25506 102
p2 t3 bb  3289.89 0.227514 0 3.74991 6
p2 t3 bola  1198 0.495958 0 2.98588 0
p2 t3 elastic  3269.5 0.212224 0 5.37311 46
p2 t3 ra  3281.88 0.256772 0 6.47109 48
p2 t4 abr  2544.05 0.306716 0 1.48563 74
p2 t4 bb  3206.67 0.149148 0 1.57794 14
p2 t4 bola  1143 0.503038 0 1.56375 0
p2 t4 elastic  3163.57 0.157109 0 1.52752 18
p2 t4 ra  3268.84 0.126488 0 4.12426 16
p2 t5 abr  1838.48 0.397007 0 3.77816 4
p2 t5 bb  1908.4 0.488738 0 1.64662 16
p2 t5 bola  1853.61 0.399185 0 1.55724 12
p2 t5 elastic  1886.82 0.376532 0 8.42319 9
p2 t5 ra  1935.43 0.394854 0 3.17975 8
p2 t6 abr  2972.16 0.318529 0 3.89892 359
p2 t6 bb  3335.82 0.35353 0 2.20388 41
p2 t6 bola  1976.03 0.385742 0 4.00671 47
p2 t6 elastic  2967.16 0.237553 0 12.371 50
p2 t6 ra  3144.06 0.289509 0 6.78639 38
p2 t7 abr  2547.2 0.31586 0 2.43251 124
p2 t7 bb  2700.97 0.321927 0 2.26431 16
p2 t7 bola  2422.3 0.322091 0 2.36235 28
p2 t7 elastic  2533.42 0.200165 0 14.2642 40
p2 t7 ra  2644.22 0.251862 0 2.05688 14
p3 t1 abr  1551.67 0.319468 0 6.3548 142
p3 t1 bb  1904.97 0.237765 0 9.66712 57
p3 t1 bola  1200 0.369505 0 8.72397 0
p3 t1 elastic  1812.58 0.196962 0 3.30801 50
p3 t1 ra  1940.44 0.224042 0 4.99852 57
p3 t2 abr  2134.86 0.211896 0 2.39568 152
p3 t2 bb  2227.49 0.200032 0 1.2183 25
p3 t2 bola  1622 0.245121 0 5.44783 0
p3 t2 elastic  2224.54 0.150449 0 2.30821 31
p3 t2 ra  2415.99 0.166315 0 5.32162 18
p3 t3 abr  1912.59 0.290966 0 4.90627 162
p3 t3 bb  2350.35 0.177786 0 1.77226 21
p3 t3 bola  1198 0.364252 0 4.78244 0
p3 t3 elastic  2263.28 0.141561 0 2.16782 65
p3 t3 ra  2609.2 0.178953 0 0.567255 34
p3 t4 abr  1515.65 0.283976 0 0.840129 126
p3 t4 bb  2233.77 0.176677 0 2.07803 31
p3 t4 bola  1143 0.35928 0 0.786114 0
p3 t4 elastic  1908.44 0.186055 0 0.923953 20
p3 t4 ra  2435.22 0.158817 0 2.58827 43
p3 t5 abr  1427.97 0.330184 0 6.98174 34
p3 t5 bb  1548.13 0.352986 0 0.875716 14
p3 t5 bola  1505.92 0.36506 0 0.89752 20
p3 t5 elastic  1798.51 0.242123 0 11.7916 24
p3 t5 ra  1672.33 0.308956 0 6.46399 22
p3 t6 abr  1621.05 0.359381 0 40.8995 676
p3 t6 bb  1899.9 0.34252 0 2.10532 51
p3 t6 bola  1268.86 0.385496 0 1.46619 93
p3 t6 elastic  1651.61 0.208492 0 5.53112 113
p3 t6 ra  1732.87 0.278399 0 10.9496 26
p3 t7 abr  1553.58 0.445035 0 2.48689 340
p3 t7 bb  1801.03 0.410874 0 1.64557 29
p3 t7 bola  1190.14 0.361322 0 2.97155 23
p3 t7 elastic  1745.04 0.262959 0 2.89126 102
p3 t7 ra  1706.51 0.292507 0 4.2999 35
p4 t1 abr  1240.56 0.144655 0 14.8535 64
p4 t1 bb  1328.44 0.149038 0 17.0304 28
p4 t1 bola  1200 0.138525 0 15.3121 0
p4 t1 elastic  1249.98 0.120413 0 15.4898 14
p4 t1 ra  1329.48 0.138614 0 22.3418 23
p4 t2 abr  1864.33 0.164735 0 6.92905 74
p4 t2 bb  1734.14 0.180725 0 9.49536 18
p4 t2 bola  1622 0.0924658 0 9.7085 0
p4 t2 elastic  1693.5 0.0483547 0 7.94271 8
p4 t2 ra  1906.95 0.0896765 0 9.62204 10
p4 t3 abr  1372.08 0.141252 0 3.30967 148
p4 t3 bb  1619.39 0.0935233 0 1.98025 73
p4 t3 bola  1300.22 0.181517 0 10.8559 3
p4 t3 elastic  1639.01 0.0682816 0 0.380781 51
p4 t3 ra  1801.98 0.154419 0 11.1791 42
p4 t4 abr  1209.95 0.14664 0 1.08587 120
p4 t4 bb  1565.68 0.194364 0 3.24253 47
p4 t4 bola  1143 0.162612 0 2.22128 0
p4 t4 elastic  1397.47 0.115911 0 1.09719 29
p4 t4 ra  1613.56 0.15846 0 2.6313 31
p4 t5 abr  932.158 0.394937 0 2.87388 80
p4 t5 bb  1046.72 0.350815 0 2.52769 18
p4 t5 bola  575.438 0.381472 0 4.74113 7
p4 t5 elastic  898.773 0.273871 0 5.01511 24
p4 t5 ra  1025.21 0.290662 0 5.31996 13
p4 t6 abr  1499.85 0.302826 0 3.38262 739
p4 t6 bb  1212.41 0.33999 0 1.67011 48
p4 t6 bola  797.827 0.399686 0 4.70941 86
p4 t6 elastic  1323.74 0.230054 0 28.592 136
p4 t6 ra  1015.54 0.257966 0 11.5392 31
p4 t7 abr  838.339 0.447946 0 2.96034 476
p4 t7 bb  1187.05 0.396118 0 1.15563 27
p4 t7 bola  622.693 0.488139 0 5.41557 17
p4 t7 elastic  1099.35 0.310977 0 3.07337 94
p4 t7 ra  1099.35 0.343383 0 12.0766 47
