p1 t1 ar  3093.07 0.259368 501.121 5.62384 48 3.72881 0.133901 0.070373 3290.21 42
p1 t1 bb  2991.52 0.397339 551.236 3.91061 4 3.38983 0.162942 0.0403394 3146.18 24
p1 t1 bola  3020.01 0.335798 525.063 4.07482 6 6.94915 0.162993 0.0420253 3163.9 25
p1 t1 elastic  3035.66 0.201188 6.223 3.92156 41 4.40678 0.163398 0.0403088 3221.8 24
p1 t1 qlast  3093.09 0.264486 511.829 3.40487 58 35.0847 0.170244 0.0335283 3285.89 20
p1 t2 ar  3192.38 0.199259 93.062 2.98113 15 5.7274 0.149056 0.0305065 3341.34 20
p1 t2 bb  3336.42 0.345286 569.173 3.03015 6 4.58192 0.126256 0.0366305 3453.18 24
p1 t2 bola  3246.31 0.288348 255.651 3.11378 6 8.01836 0.124551 0.0381579 3364.05 25
p1 t2 elastic  3161.25 0.186465 0 2.90215 23 6.41469 0.120923 0.0365989 3308.07 24
p1 t2 qlast  3120.63 0.219195 147.095 2.86879 13 3.66554 0.119533 0.0366023 3269.04 24
p1 t3 ar  3127.05 0.292425 315.582 14.2041 23 3.05266 0.676385 0.0320454 3302.65 21
p1 t3 bb  3432.96 0.425468 574.043 0.540109 6 3.73103 0.0225045 0.0366907 3577.31 24
p1 t3 bola  3076.22 0.38268 431.348 4.7729 6 6.78369 0.21695 0.0336296 3257 22
p1 t3 elastic  3122.31 0.231827 0 0.554053 23 4.07022 0.0263835 0.0321039 3300.41 21
p1 t3 qlast  3350.63 0.297578 353.745 14.245 26 2.71348 0.678335 0.0320325 3503.17 21
p1 t4 ar  3352.52 0.239726 510.026 4.12779 26 3.39793 0.171991 0.0403128 3531.13 24
p1 t4 bb  3411.09 0.402043 556.353 3.84511 6 3.07432 0.160213 0.040335 3583.47 24
p1 t4 bola  2601.9 0.356724 546.987 3.81429 5 5.33961 0.152572 0.0420162 2830.95 25
p1 t4 elastic  3360.63 0.160177 201.454 4.28563 10 4.53058 0.178568 0.0403418 3537.94 24
p1 t4 qlast  3361.07 0.232187 522.371 3.9488 18 3.23613 0.164533 0.0403085 3538.33 24
p1 t5 ar  1893.83 0.327568 128.603 4.13956 10 3.08478 0.206978 0.0816297 1931.5 20
p1 t5 bb  2020.42 0.687441 208.668 4.05319 8 3.59891 0.168883 0.0981443 2055.05 24
p1 t5 bola  1740.93 0.338464 129.631 3.85978 11 6.16957 0.154391 0.102216 1789.69 25
p1 t5 elastic  2100.35 0.371384 66.702 3.45618 6 5.1413 0.144008 0.0981077 2102.12 24
p1 t5 qlast  1900.29 0.318165 127.666 4.72591 10 2.18505 0.196913 0.0979596 1936.16 24
p1 t6 ar  2730.48 0.271023 6.174 7.91977 48 1.66646 0.172169 0.0719191 3046.48 46
p1 t6 bb  3698.9 0.45522 565.803 4.86864 35 1.4491 0.17388 0.044062 4200.72 28
p1 t6 bola  2586.9 0.289507 116.397 8.38211 19 2.46346 0.178343 0.0735824 2666.52 47
p1 t6 elastic  2759.03 0.249317 0 17.2461 52 2.02874 0.105159 0.24831 2955.6 164
p1 t6 qlast  2717.05 0.267953 46.882 9.42647 52 1.08682 0.204923 0.0719364 3025.14 46
p1 t7 ar  2626.17 0.238628 129.026 8.56542 33 2.08526 0.186205 0.0700501 2764.33 46
p1 t7 bb  2829.24 0.431487 581.556 5.85357 12 1.5848 0.292678 0.0305594 2938.39 20
p1 t7 bola  2630.52 0.268223 154.891 8.82865 14 3.00277 0.173111 0.07786 2760.61 51
p1 t7 elastic  2629.76 0.212398 0 10.4793 45 2.50231 0.116437 0.137215 2760.73 90
p1 t7 qlast  2640.21 0.256065 140.686 5.40932 53 1.33457 0.186528 0.0442135 2783.34 29
p2 t1 ar  2886.56 0.259549 508.121 1.40267 44 3.55932 0.0584447 0.0401345 3113.27 24
p2 t1 bb  2821.44 0.377443 506.279 1.34803 5 6.94915 0.048144 0.0469357 3011.69 28
p2 t1 bola  2839.57 0.301034 426.246 1.39523 5 11.8644 0.0481112 0.0485963 3023.85 29
p2 t1 elastic  2907.87 0.210154 9.923 1.20978 50 11.3559 0.0432064 0.0469178 3123.54 28
p2 t1 qlast  2938.52 0.264053 511.764 1.45022 68 3.22034 0.0604257 0.0401308 3174.33 24
p2 t2 ar  3230.23 0.182027 101.125 1.10316 22 3.89463 0.0459652 0.0364574 3398.24 24
p2 t2 bb  2935.92 0.283709 504.348 1.08664 5 4.58192 0.054332 0.0304122 3080.2 20
p2 t2 bola  2250.66 0.312422 499.665 0.957914 1 15.5785 0.0383166 0.0380133 2259.35 25
p2 t2 elastic  3248.14 0.167634 0 0.972166 16 18.5568 0.0405069 0.0364904 3401.82 24
p2 t2 qlast  3232.52 0.18866 106.588 1.07293 24 4.81102 0.0447053 0.0364627 3398.16 24
p2 t3 ar  3235.68 0.26684 236.411 5.98632 38 3.39185 0.0808963 0.112421 3420.99 74
p2 t3 bb  3259.77 0.303572 520.708 2.70584 6 2.54388 0.12885 0.0320665 3441.57 21
p2 t3 bola  1198 0.474161 0 2.84809 0 13.737 0.129458 0.0335854 1198 22
p2 t3 elastic  3258.14 0.210184 0 3.56685 52 14.0762 0.11506 0.047236 3431.53 31
p2 t3 qlast  3235.9 0.25594 267.957 3.83642 46 3.05266 0.100958 0.057781 3422.56 38
p2 t4 ar  2969.65 0.159734 538.403 1.49023 21 3.39793 0.0620928 0.0401779 3207.98 24
p2 t4 bb  3012.64 0.261634 537.006 1.26185 5 24.4328 0.0630924 0.0335047 3249 20
p2 t4 bola  2289.26 0.344636 535.939 1.3758 3 9.22296 0.0550318 0.0418993 2502.05 25
p2 t4 elastic  3175.46 0.134848 239.205 1.29107 14 11.1646 0.0537945 0.0402119 3388.92 24
p2 t4 qlast  3021.68 0.162525 535.308 1.55717 21 2.75071 0.0648822 0.04018 3254.2 24
p2 t5 ar  1918.51 0.44114 131.619 5.96291 4 2.18505 0.0961759 0.231187 1963.57 62
p2 t5 bb  1754.47 0.578587 196.858 1.70934 8 2.82772 0.0712226 0.0978402 1872.14 24
p2 t5 bola  1838.12 0.436527 144.278 3.61536 4 5.5269 0.0927016 0.157904 1903.88 39
p2 t5 elastic  1216.97 0.480441 130.473 10.7535 8 10.5397 0.0960134 0.406315 1459.71 112
p2 t5 qlast  1951.47 0.446902 132.175 10.0644 6 1.92799 0.102698 0.354966 1988.32 98
p2 t6 ar  2859.4 0.272457 41.336 4.08509 40 1.73892 0.0817018 0.0781497 3247.16 50
p2 t6 bb  2857.17 0.43317 554.634 2.09676 33 11.955 0.0873649 0.0377077 3241.77 24
p2 t6 bola  2530.78 0.295404 168.528 3.62015 17 5.07184 0.0770245 0.073543 2628.78 47
p2 t6 elastic  2903.57 0.235904 0 12.9026 53 4.63711 0.0860174 0.232994 3182.29 150
p2 t6 qlast  2891.11 0.273019 37.436 4.39912 46 1.15928 0.095633 0.0718887 3292.76 46
p2 t7 ar  2581.72 0.249843 82.792 2.44826 26 1.5848 0.0874377 0.0426239 2750.66 28
p2 t7 bb  2664.61 0.39989 557.43 2.45943 13 1.83503 0.0878368 0.0427135 2826.87 28
p2 t7 bola  2571.95 0.287041 213.964 2.1199 12 4.58757 0.0731 0.0442356 2725.02 29
p2 t7 elastic  2566.87 0.204852 0 15.8186 42 4.92121 0.11299 0.212655 2711.03 140
p2 t7 qlast  2583.94 0.23987 81.056 2.49267 42 1.66821 0.103861 0.0365411 2748.43 24
p3 t1 ar  1760.74 0.260052 470.296 3.06416 40 3.38983 0.0494219 0.102698 1951.86 62
p3 t1 bb  1865.37 0.290304 503.696 3.03376 37 8.13559 0.0523062 0.0958442 1924.12 58
p3 t1 bola  1831.28 0.267039 168.004 5.51471 8 13.5593 0.0568527 0.16111 1900.07 97
p3 t1 elastic  1843.17 0.205796 4.891 6.35068 53 5.25424 0.0599121 0.175525 2015.71 106
p3 t1 qlast  1940.02 0.264288 410.916 4.4696 87 40.1695 0.0545073 0.135885 2165.94 82
p3 t2 ar  2201.76 0.201346 69.946 2.38471 28 6.41469 0.0384631 0.0932718 2375.77 62
p3 t2 bb  2122.86 0.212421 101.891 1.59845 23 7.10198 0.033301 0.0720491 2145.18 48
p3 t2 bola  2147.87 0.238771 8.006 2.22292 5 7.78927 0.0331779 0.100625 2167.99 67
p3 t2 elastic  2195.61 0.142216 0 1.53555 31 14.6621 0.0319906 0.0720529 2289.72 48
p3 t2 qlast  2224.59 0.188414 82.72 2.00599 42 5.26921 0.0308614 0.0977201 2391.32 65
p3 t3 ar  2340.18 0.17829 364.82 1.8281 43 4.23981 0.0261157 0.104509 2583.79 70
p3 t3 bb  2142.82 0.249773 378.794 2.60807 7 3.39185 0.0767081 0.0517229 2266.77 34
p3 t3 bola  1923.17 0.220537 216.448 0.786626 1 28.6611 0.024582 0.0487823 1932.73 32
p3 t3 elastic  4032.45 0.927936 0 13.9764 2 10.0059 0.537555 2.19243 4057.17 26
p3 t3 qlast  2364.87 0.175743 279.742 1.58908 83 3.05266 0.0635633 0.0380614 2632.71 25
p3 t4 ar  2312.67 0.193159 522.261 0.902051 19 2.91251 0.0451025 0.0333309 2603.55 20
p3 t4 bb  2075.68 0.258959 521.239 0.921745 5 2.75071 0.0460873 0.0333235 2251.46 20
p3 t4 bola  1744.98 0.251104 518.222 0.89682 1 3.88335 0.0358728 0.0417157 1753.58 25
p3 t4 elastic  2178.33 0.152275 340.187 0.828369 25 4.20697 0.0414184 0.0333669 2417.03 20
p3 t4 qlast  2324.65 0.189245 508.374 1.21343 45 2.4271 0.0606714 0.0334246 2613.2 20
p3 t5 ar  1428.04 0.309428 78.104 6.74796 18 4.88424 0.0911886 0.28033 1545.39 74
p3 t5 bb  1650.1 0.550449 188.42 1.34249 8 1.15679 0.0559372 0.0970956 1800.33 24
p3 t5 bola  1489.83 0.388135 167.342 0.865581 15 4.49864 0.0346232 0.101434 1591.03 25
p3 t5 elastic  1794.37 0.272749 19.692 9.69846 26 3.59891 0.0702787 0.429889 1867.17 138
p3 t5 qlast  1659.81 0.298504 128.743 13.6324 32 14.2671 0.100981 0.433278 1756.72 135
p3 t6 ar  1536.48 0.266645 0 1.29855 55 2.75328 0.0463769 0.0438507 1685.44 28
p3 t6 bb  2442.78 0.407453 545.236 1.26868 34 1.88383 0.0528615 0.0375644 3073.25 24
p3 t6 bola  1465.86 0.277176 0 1.22126 34 2.82574 0.0488503 0.0391786 1572.76 25
p3 t6 elastic  1676.16 0.208412 0 10.9848 107 2.2461 0.0506213 0.326966 1813.52 217
p3 t6 qlast  1556.33 0.247047 5.814 3.01196 105 3.91256 0.088587 0.0531571 1717.52 34
p3 t7 ar  1687.26 0.296606 52.272 3.22691 65 1.41798 0.107564 0.0456247 1858.14 30
p3 t7 bb  1822.08 0.456624 520.585 1.40024 19 1.75162 0.0500084 0.0425878 2103.47 28
p3 t7 bola  1671.47 0.324779 42.592 1.40466 18 3.41982 0.0484367 0.0441662 1803.53 29
p3 t7 elastic  1719.66 0.271797 0 1.21271 112 2.91936 0.0505295 0.0365124 1919.09 24
p3 t7 qlast  1708.31 0.311441 56.324 1.56661 129 1.41798 0.0559502 0.0425218 1893.12 28
p4 t1 ar  2089.66 0.162699 185.153 17.288 22 8.98305 0.0376644 0.522766 2477.7 459
p4 t1 bb  1226.71 0.14817 134.977 19.8677 4 3.8983 0.0452568 0.663366 1237.26 439
p4 t1 bola  1200 0.146151 0 15.9953 0 3.8983 0.0424278 0.570244 1200 377
p4 t1 elastic  1276.06 0.124738 37.802 15.8367 14 4.74576 0.0432697 0.553255 1303.3 366
p4 t1 qlast  2338.16 0.139569 45.592 17.2959 42 2.88136 0.0421852 0.481929 2732.3 410
p4 t2 ar  2456.64 0.124118 0 9.8853 18 4.58192 0.0296856 0.396052 2717.99 333
p4 t2 bb  1677.5 0.0729176 0 8.92912 6 14.204 0.0333176 0.365193 1687.98 268
p4 t2 bola  1622 0.155991 0 8.02733 0 4.58192 0.0279698 0.322113 1622 287
p4 t2 elastic  1762.94 0.195112 0 9.17831 10 14.433 0.0285929 0.380952 1784.8 321
p4 t2 qlast  2961.48 0.162313 0 5.57551 34 2.97825 0.0214443 0.309292 3203.84 260
p4 t3 ar  2023.44 0.129911 249.517 6.65641 66 12.3802 0.0346688 0.262695 2332.14 192
p4 t3 bb  1591.07 0.0976586 20.42 3.1675 61 20.3511 0.0546121 0.0883604 1637.69 58
p4 t3 bola  1301.59 0.175305 0 3.75214 3 3.39185 0.0371499 0.149913 1328.07 101
p4 t3 elastic  1698.96 0.124199 5.194 4.57151 57 5.08777 0.0682315 0.101345 1836.42 67
p4 t3 qlast  2078.56 0.0900088 254.491 3.36086 77 13.3978 0.0233393 0.206076 2343.25 144
p4 t4 ar  1815.1 0.134442 440.753 1.78622 26 3.55974 0.0248086 0.110001 2097.12 72
p4 t4 bb  1444.01 0.0939306 382.392 0.998462 27 7.28128 0.0416026 0.0401471 1480.14 24
p4 t4 bola  1143 0.160361 0 2.8189 0 1.77987 0.0420732 0.11051 1143 67
p4 t4 elastic  1461.76 0.0967904 191.683 0.857231 21 20.7112 0.035718 0.0401187 1497.65 24
p4 t4 qlast  2190.66 0.11846 375.314 3.4342 44 2.75071 0.0369268 0.13747 2557.48 93
p4 t5 ar  744.301 0.300281 94.49 3.36447 16 2.57065 0.06597 0.19467 773.797 51
p4 t5 bb  532.979 0.436074 170.104 0.966928 5 14.1386 0.0402887 0.0975673 542.438 24
p4 t5 bola  536.216 0.416687 0 11.7234 8 2.95625 0.192187 0.244716 557.198 61
p4 t5 elastic  908.045 0.271009 5.485 6.61763 30 3.85598 0.0642488 0.371446 957.971 103
p4 t5 qlast  671.904 0.314766 107.821 12.7012 23 1.79946 0.244253 0.20366 702.173 52
p4 t6 ar  972.396 0.257797 0 7.84729 59 1.37664 0.107497 0.112296 1030.95 73
p4 t6 bb  985.839 0.335271 503.765 1.77964 19 2.53592 0.0635587 0.0439656 1048.11 28
p4 t6 bola  913.312 0.242033 0 6.60779 22 2.17365 0.140591 0.0722669 938.49 47
p4 t6 elastic  1090.9 0.274499 0 18.5783 25 2.39101 0.138644 0.55788 1155.81 134
p4 t6 qlast  943.895 0.25458 0 8.59127 138 1.4491 0.11455 0.115922 1002.69 75
p4 t7 ar  1028.02 0.336332 55.858 2.10862 79 1.91844 0.087859 0.0365359 1161.4 24
p4 t7 bb  969.782 0.384762 374.499 1.66352 25 3.41982 0.0693135 0.0365819 1053.35 24
p4 t7 bola  769.042 0.36487 14.299 1.22841 13 9.00832 0.0491364 0.0380697 803.107 25
p4 t7 elastic  1127.01 0.293305 0 5.02302 94 4.42075 0.0965965 0.0790909 1285.93 52
p4 t7 qlast  1191.87 0.339259 52.921 3.70055 98 1.41798 0.0973829 0.0578257 1402.33 38
