p1 t1 ar  3138.44 0.234974 0 3.93278 99 3.72881 0.140457 0.0470139 3316.91 28
p1 t1 bb  3069.24 0.29408 2.804 4.30513 33 3.8983 0.179381 0.0403344 3232.85 24
p1 t1 bola  1638.41 0.507835 0 3.80941 4 4.91525 0.152376 0.0420236 1880.61 25
p1 t1 elastic  3036.59 0.201258 4.77 5.93756 37 3.72881 0.129077 0.0773035 3228.14 46
p1 t1 qlast  3152.41 0.2454 0 7.06274 99 3.05085 0.135822 0.0873078 3332.1 52
p1 t2 ar  3218.46 0.194624 0 3.04637 20 4.58192 0.152318 0.0305146 3378.4 20
p1 t2 bb  3182.82 0.326533 21.175 3.19823 9 4.58192 0.13326 0.0366337 3306.52 24
p1 t2 bola  1938.93 0.384054 0 2.95705 4 6.64379 0.118282 0.0381563 2088.42 25
p1 t2 elastic  3165.17 0.176053 0 2.98113 19 5.7274 0.124214 0.0366303 3308.01 24
p1 t2 qlast  3175.62 0.237811 0 2.72858 30 3.20734 0.113691 0.0366102 3344.2 24
p1 t3 ar  3187.96 0.259648 0 14.0731 25 5.08777 0.670145 0.0320774 3358.94 21
p1 t3 bb  3271.61 0.369909 9.81 7.24857 9 3.22225 0.34517 0.0321044 3435.04 21
p1 t3 bola  2887.93 0.325825 0 14.1573 7 3.56144 0.643513 0.0336337 3075.13 22
p1 t3 elastic  3153.84 0.240502 0 1.44903 37 3.39185 0.0322008 0.0687775 3328.37 45
p1 t3 qlast  3163.07 0.255673 0 14.2234 33 2.88307 0.568934 0.0381897 3336.82 25
p1 t4 ar  3417.98 0.196896 0 3.84055 25 4.04516 0.160023 0.0403256 3585.75 24
p1 t4 bb  3346 0.228857 9.513 4.64931 11 2.4271 0.193721 0.0403481 3526.48 24
p1 t4 bola  2303.02 0.41064 2.204 4.06373 6 4.53058 0.162549 0.0420215 2649.77 25
p1 t4 elastic  3227.89 0.172031 21.229 3.89945 21 3.55974 0.162477 0.0403383 3427.66 24
p1 t4 qlast  3447.81 0.174045 0 4.70113 28 2.10348 0.195881 0.0403376 3610.29 24
p1 t5 ar  2098.91 0.359583 16.783 5.43342 6 3.59891 0.226393 0.0981158 2100.57 24
p1 t5 bb  1961.47 0.509916 33.216 5.47973 20 3.08478 0.228322 0.0981868 2001.79 24
p1 t5 bola  2111.62 0.368147 17.838 4.51135 6 3.72745 0.180454 0.102253 2112.39 25
p1 t5 elastic  2058.48 0.380584 20.375 4.97873 10 2.82772 0.207447 0.0981736 2067.48 24
p1 t5 qlast  2105.32 0.374132 16.538 4.14631 6 2.05652 0.207315 0.0817408 2106.61 20
p1 t6 ar  2832.89 0.288105 0 8.90296 65 1.66646 0.193543 0.0720117 3183.75 46
p1 t6 bb  3481.43 0.393433 0 7.1497 53 1.66646 0.297904 0.03778 3932.79 24
p1 t6 bola  2208.05 0.319069 0 7.91688 55 2.02874 0.168444 0.0738607 2338.07 47
p1 t6 elastic  2784.9 0.244588 0 17.3332 52 1.66646 0.0984842 0.26873 3009.67 176
p1 t6 qlast  2790.23 0.286497 0 7.1864 75 1.37664 0.156226 0.0721751 3146.55 46
p1 t7 ar  2715.41 0.232266 0 8.01859 39 1.83503 0.174317 0.0701572 2835.34 46
p1 t7 bb  2612.64 0.37192 28.006 4.96644 21 2.08526 0.177373 0.0427745 2789.12 28
p1 t7 bola  2635.24 0.261376 0 8.88021 30 2.75254 0.174122 0.0778753 2803.46 51
p1 t7 elastic  2662.98 0.200599 0 8.60396 45 2.08526 0.172079 0.0763296 2786.75 50
p1 t7 qlast  2699.92 0.22889 1.009 9.6824 45 1.66821 0.210487 0.0701827 2821.71 46
p2 t1 ar  3006.43 0.236678 0 1.49906 82 3.05085 0.0535378 0.0468912 3222.34 28
p2 t1 bb  2882.38 0.24579 1.958 1.49752 34 3.38983 0.0534829 0.0469369 3075.06 28
p2 t1 bola  1200 0.496311 0 1.40981 0 3.8983 0.0563925 0.0418966 1200 25
p2 t1 elastic  2937.17 0.215433 1.385 1.45175 58 3.38983 0.0518482 0.0469156 3151.7 28
p2 t1 qlast  3048.58 0.241804 0 1.27322 84 12.7119 0.0530507 0.0402071 3250.45 24
p2 t2 ar  3264.64 0.168462 0 0.969953 22 5.26921 0.0404147 0.0364504 3419.4 24
p2 t2 bb  3195.12 0.221388 1.013 1.12482 8 4.35282 0.0562409 0.0304131 3331.37 20
p2 t2 bola  1622 0.426935 0 1.02344 0 6.18559 0.0409377 0.0380077 1622 25
p2 t2 elastic  3245.47 0.173949 0 0.972012 14 5.04011 0.0405005 0.0364692 3397.57 24
p2 t2 qlast  3255.93 0.163916 0 0.87634 26 150.058 0.0365142 0.0364456 3416.8 24
p2 t3 ar  3273.03 0.22377 0 7.0965 30 3.90062 0.0876111 0.12316 3445.73 81
p2 t3 bb  3289.89 0.227514 4.805 3.74991 6 3.56144 0.187495 0.0305422 3462.38 20
p2 t3 bola  1198 0.495958 0 2.98588 0 4.74858 0.135722 0.0336069 1198 22
p2 t3 elastic  3269.5 0.212224 0 5.37311 46 3.90062 0.0942652 0.0867927 3441.34 57
p2 t3 qlast  3290.06 0.204393 0.069 3.8361 34 2.88307 0.10095 0.0578116 3462.4 38
p2 t4 ar  3291.67 0.160974 0 1.42311 24 3.39793 0.0592961 0.0401784 3483.49 24
p2 t4 bb  3206.67 0.149148 4.271 1.57794 14 3.23613 0.0657475 0.0402188 3412.04 24
p2 t4 bola  1143 0.503038 0 1.56375 0 3.39793 0.0625499 0.0419038 1143 25
p2 t4 elastic  3163.57 0.157109 16.79 1.52752 18 3.23613 0.0636467 0.0402073 3375.63 24
p2 t4 qlast  3327.88 0.176293 0 2.48527 32 2.91251 0.0443798 0.0934765 3515.94 56
p2 t5 ar  1973.07 0.384143 51.464 9.12702 6 3.21332 0.0903665 0.372633 2000.32 101
p2 t5 bb  1908.4 0.488738 66.492 1.64662 16 9.38288 0.068609 0.0978681 1979.89 24
p2 t5 bola  1853.61 0.399185 56.631 1.55724 12 6.16957 0.0622894 0.101914 1919 25
p2 t5 elastic  1886.82 0.376532 42.427 8.42319 9 3.08478 0.0957181 0.318545 1927.82 88
p2 t5 qlast  2006.69 0.372812 46.438 12.1138 6 2.44212 0.102659 0.425771 2025.43 118
p2 t6 ar  3003.32 0.26355 0 3.80991 64 2.02874 0.090712 0.0656613 3413.27 42
p2 t6 bb  3335.82 0.35353 6.393 2.20388 41 1.81137 0.0787099 0.0439834 3870.35 28
p2 t6 bola  1976.03 0.385742 0 4.00671 47 2.10119 0.0852491 0.0735306 2128.54 47
p2 t6 elastic  2967.16 0.237553 0 12.371 50 1.73892 0.0824735 0.228897 3217.08 150
p2 t6 qlast  3082.79 0.28185 0 4.39201 79 1.15928 0.0954785 0.0719176 3536.82 46
p2 t7 ar  2620.39 0.234871 0 2.51316 34 1.5848 0.104715 0.0365793 2771.8 24
p2 t7 bb  2700.97 0.321927 16.168 2.26431 16 1.66821 0.0943461 0.0365956 2871.37 24
p2 t7 bola  2422.3 0.322091 0 2.36235 28 2.00185 0.0944939 0.0381277 2649.17 25
p2 t7 elastic  2533.42 0.200165 0 14.2642 40 2.16867 0.101887 0.21232 2678.3 140
p2 t7 qlast  2570.49 0.222103 0 4.70342 54 66.1444 0.106896 0.0669406 2719.44 44
p3 t1 ar  1974.22 0.227538 0 11.7099 61 2.20339 0.0588438 0.326407 2188.26 199
p3 t1 bb  1904.97 0.237765 0 9.66712 57 2.20339 0.0582356 0.273302 2041.23 166
p3 t1 bola  1200 0.369505 0 8.72397 0 5.25424 0.0601653 0.238439 1200 145
p3 t1 elastic  1812.58 0.196962 3.053 3.30801 50 3.05085 0.0533549 0.102615 2002.43 62
p3 t1 qlast  2025.81 0.232982 0 11.0156 91 97.1187 0.052706 0.337972 2240.03 209
p3 t2 ar  2534.64 0.176199 0 2.06557 42 4.12373 0.0322745 0.0943982 2727.13 64
p3 t2 bb  2227.49 0.200032 0 1.2183 25 4.35282 0.0358324 0.0511109 2298.29 34
p3 t2 bola  1622 0.245121 0 5.44783 0 4.81102 0.0403543 0.200291 1622 135
p3 t2 elastic  2224.54 0.150449 0 2.30821 31 4.81102 0.0372292 0.0932355 2332.85 62
p3 t2 qlast  2512.98 0.169968 0 4.57956 60 11.913 0.0318025 0.205481 2707.9 144
p3 t3 ar  2565.24 0.166573 0 2.09351 58 12.7194 0.0675327 0.0472313 2836.65 31
p3 t3 bb  2350.35 0.177786 2.604 1.77226 21 3.56144 0.034082 0.0792274 2531.56 52
p3 t3 bola  1198 0.364252 0 4.78244 0 19.5031 0.0976008 0.0745009 1198 49
p3 t3 elastic  2263.28 0.141561 1.792 2.16782 65 3.05266 0.0699296 0.0471733 2474.39 31
p3 t3 qlast  2620.13 0.156479 0 1.3566 114 10.5147 0.0646002 0.0320038 2896.95 21
p3 t4 ar  2309.76 0.164009 0 2.05053 33 3.72155 0.0372823 0.0913615 2590.36 55
p3 t4 bb  2233.77 0.176677 0 2.07803 31 4.36877 0.0472279 0.0732028 2463.21 44
p3 t4 bola  1143 0.35928 0 0.786114 0 3.39793 0.0314446 0.0416282 1143 25
p3 t4 elastic  1908.44 0.186055 57.55 0.923953 20 3.23613 0.038498 0.0400356 2115.21 24
p3 t4 qlast  2503.23 0.194364 0 3.19989 62 2.5889 0.0333322 0.157336 2793.03 96
p3 t5 ar  1922.44 0.254826 10.383 9.41171 16 2.69918 0.072959 0.399002 1960.41 129
p3 t5 bb  1548.13 0.352986 30.792 0.875716 14 2.69918 0.0364882 0.097129 1687.81 24
p3 t5 bola  1505.92 0.36506 8.728 0.89752 20 2.95625 0.0359008 0.101316 1634.11 25
p3 t5 elastic  1798.51 0.242123 14.679 11.7916 24 1.92799 0.0786109 0.465831 1871.32 150
p3 t5 qlast  1808.95 0.301686 3.947 8.0524 34 8.61169 0.0676672 0.39462 1863.39 119
p3 t6 ar  1666.36 0.247996 0 1.61773 70 1.4491 0.0674055 0.0375993 1839.05 24
p3 t6 bb  1899.9 0.34252 0 2.10532 51 1.30419 0.07519 0.0439667 2214.95 28
p3 t6 bola  1268.86 0.385496 0 1.46619 93 2.10119 0.0505584 0.0454809 1407.4 29
p3 t6 elastic  1651.61 0.208492 0 5.53112 113 1.66646 0.0558699 0.152163 1794.17 99
p3 t6 qlast  1657.41 0.230963 0 3.43842 102 1.37664 0.0904849 0.0594554 1863.45 38
p3 t7 ar  1729.74 0.293321 0 3.2428 73 1.33457 0.0853368 0.0578207 1896.3 38
p3 t7 bb  1801.03 0.410874 0 1.64557 29 1.33457 0.0587705 0.0426076 2055.35 28
p3 t7 bola  1190.14 0.361322 0 2.97155 23 2.00185 0.0691058 0.0654754 1310.47 43
p3 t7 elastic  1745.04 0.262959 0 2.89126 102 2.08526 0.085037 0.0517598 1946.67 34
p3 t7 qlast  1783.98 0.299079 0 3.16564 125 1.41798 0.0833063 0.0578094 1969.15 38
p4 t1 ar  2194.08 0.14666 0 15.6933 42 2.20339 0.0302959 0.591312 2562.64 518
p4 t1 bb  1328.44 0.149038 0 17.0304 28 3.8983 0.0432243 0.596812 1369.92 394
p4 t1 bola  1200 0.138525 0 15.3121 0 18.1356 0.0412724 0.562267 1200 371
p4 t1 elastic  1249.98 0.120413 3.698 15.4898 14 20 0.0466561 0.503352 1268.83 332
p4 t1 qlast  2385.83 0.126555 0 20.0697 50 3.38983 0.0375836 0.613503 2766.07 534
p4 t2 ar  2324.03 0.109771 0 6.47397 18 4.12373 0.0234564 0.367577 2564.27 276
p4 t2 bb  1734.14 0.180725 0 9.49536 18 5.26921 0.0303366 0.359643 1752.76 313
p4 t2 bola  1622 0.0924658 0 9.7085 0 4.35282 0.0268933 0.411229 1622 361
p4 t2 elastic  1693.5 0.0483547 0 7.94271 8 5.04011 0.0298598 0.343831 1706.52 266
p4 t2 qlast  2844.57 0.0885124 0 5.29064 34 59.1068 0.0201165 0.324419 3098.11 263
p4 t3 ar  2268.57 0.14335 0 1.47554 62 13.0586 0.0139202 0.149024 2577.78 106
p4 t3 bb  1619.39 0.0935233 0 1.98025 73 4.07022 0.0942975 0.0320145 1664.89 21
p4 t3 bola  1300.22 0.181517 0 10.8559 3 22.2166 0.0687085 0.234255 1326.44 158
p4 t3 elastic  1639.01 0.0682816 1.504 0.380781 51 2.88307 0.0158659 0.0365744 1729.39 24
p4 t3 qlast  2250.89 0.120923 0 6.00066 92 12.889 0.0444493 0.192945 2559.23 135
p4 t4 ar  1992.46 0.141716 0 4.43248 42 2.75071 0.0186239 0.31711 2264.43 238
p4 t4 bb  1565.68 0.194364 0 3.24253 47 3.07432 0.0272481 0.187187 1596.33 119
p4 t4 bola  1143 0.162612 0 2.22128 0 3.39793 0.0312857 0.116783 1143 71
p4 t4 elastic  1397.47 0.115911 34.005 1.09719 29 2.75071 0.0457163 0.0401094 1433.2 24
p4 t4 qlast  2631.82 0.129412 0 4.15822 58 2.26529 0.0205853 0.23209 2947.22 202
p4 t5 ar  1202.59 0.248225 0 5.75942 26 3.34185 0.058176 0.331119 1304.39 99
p4 t5 bb  1046.72 0.350815 0 2.52769 18 2.82772 0.061651 0.165932 1205.43 41
p4 t5 bola  575.438 0.381472 0 4.74113 7 3.47038 0.0967579 0.196536 587.109 49
p4 t5 elastic  898.773 0.273871 0.939 5.01511 24 2.57065 0.0726828 0.2551 956.707 69
p4 t5 qlast  1081.37 0.270834 0 8.82135 26 2.05652 0.147022 0.236354 1224.07 60
p4 t6 ar  1009.75 0.274992 0 7.65116 89 1.59401 0.0944588 0.124716 1067.79 81
p4 t6 bb  1212.41 0.33999 0 1.67011 48 1.81137 0.0695878 0.0376588 1404.14 24
p4 t6 bola  797.827 0.399686 0 4.70941 86 9.05686 0.0672772 0.108805 910.715 70
p4 t6 elastic  1323.74 0.230054 0 28.592 136 1.95628 0.107489 0.354052 1523.91 266
p4 t6 qlast  1048.77 0.270531 0 9.65284 117 1.30419 0.0910645 0.162278 1116.39 106
p4 t7 ar  1116.92 0.339229 0 1.97987 72 1.41798 0.0824946 0.0365425 1261.21 24
p4 t7 bb  1187.05 0.396118 2.755 1.15563 27 9.09173 0.0481512 0.036543 1395.74 24
p4 t7 bola  622.693 0.488139 0 5.41557 17 6.00555 0.062248 0.131791 715.767 87
p4 t7 elastic  1099.35 0.310977 0 3.07337 94 5.58849 0.0808781 0.0579066 1233.55 38
p4 t7 qlast  1210.03 0.329996 0 5.20259 116 1.66821 0.0743227 0.104563 1433.11 70
