p1 t1 abr  2009.71 0.327201 506.862 3.54231 11 4.91525 0.147596 0.0403367 2151.81 24
p1 t1 ar  3093.07 0.259368 501.121 5.62384 48 3.72881 0.133901 0.070373 3290.21 42
p1 t1 bb  2991.52 0.397339 551.236 3.91061 4 3.38983 0.162942 0.0403394 3146.18 24
p1 t1 bola  3020.01 0.335798 525.063 4.07482 6 6.94915 0.162993 0.0420253 3163.9 25
p1 t1 dy  3096.86 0.262952 501.166 5.63865 54 3.55932 0.122579 0.0771079 3296.97 46
p1 t1 elastic  3035.66 0.201188 6.223 3.92156 41 4.40678 0.163398 0.0403088 3221.8 24
p1 t1 gd  3107.62 0.258684 505.974 4.29305 54 3.8983 0.178877 0.0402255 3304.75 24
p1 t1 kama  3057.95 0.25649 497.798 4.38397 42 4.23729 0.219198 0.0335103 3264.87 20
p1 t1 ra  3081.59 0.245802 410.012 5.68848 32 4.0678 0.149697 0.0636831 3296.87 38
p1 t2 abr  2288.35 0.266467 489.112 2.73509 11 6.64379 0.0976817 0.0427174 2382.94 28
p1 t2 ar  3192.38 0.199259 93.062 2.98113 15 5.7274 0.149056 0.0305065 3341.34 20
p1 t2 bb  3336.42 0.345286 569.173 3.03015 6 4.58192 0.126256 0.0366305 3453.18 24
p1 t2 bola  3246.31 0.288348 255.651 3.11378 6 8.01836 0.124551 0.0381579 3364.05 25
p1 t2 dy  3160.56 0.213205 69.192 2.9865 19 5.7274 0.124437 0.0366077 3306.45 24
p1 t2 elastic  3161.25 0.186465 0 2.90215 23 6.41469 0.120923 0.0365989 3308.07 24
p1 t2 gd  3167.73 0.191776 46.43 3.05978 17 4.12373 0.127491 0.0365951 3312.8 24
p1 t2 kama  3384.52 0.163693 333.344 2.97242 10 5.49831 0.148621 0.0305058 3533.83 20
p1 t2 ra  3351.78 0.191987 69.638 2.44115 16 4.81102 0.101714 0.0365797 3484.44 24
p1 t3 abr  2015.92 0.339567 512.962 14.0608 11 5.42695 0.426084 0.0504389 2188.82 33
p1 t3 ar  3127.05 0.292425 315.582 14.2041 23 3.05266 0.676385 0.0320454 3302.65 21
p1 t3 bb  3432.96 0.425468 574.043 0.540109 6 3.73103 0.0225045 0.0366907 3577.31 24
p1 t3 bola  3076.22 0.38268 431.348 4.7729 6 6.78369 0.21695 0.0336296 3257 22
p1 t3 dy  3117.44 0.27286 399.734 14.1868 11 3.22225 0.489201 0.0442544 3293.29 29
p1 t3 elastic  3122.31 0.231827 0 0.554053 23 4.07022 0.0263835 0.0321039 3300.41 21
p1 t3 gd  3123.27 0.290598 303.626 14.1573 21 3.56144 0.674156 0.0320471 3298.66 21
p1 t3 kama  3381.63 0.277324 133.263 14.245 36 2.71348 0.547886 0.0396804 3530.87 26
p1 t3 ra  3358.4 0.214656 114.128 14.9293 26 2.88307 0.426552 0.0533139 3518.19 35
p1 t4 abr  1798.6 0.384585 521.794 4.06337 9 4.85419 0.169307 0.0403387 1946.07 24
p1 t4 ar  3352.52 0.239726 510.026 4.12779 26 3.39793 0.171991 0.0403128 3531.13 24
p1 t4 bb  3411.09 0.402043 556.353 3.84511 6 3.07432 0.160213 0.040335 3583.47 24
p1 t4 bola  2601.9 0.356724 546.987 3.81429 5 5.33961 0.152572 0.0420162 2830.95 25
p1 t4 dy  3359.41 0.215363 515.612 3.93602 16 3.23613 0.196801 0.0335901 3536.95 20
p1 t4 elastic  3360.63 0.160177 201.454 4.28563 10 4.53058 0.178568 0.0403418 3537.94 24
p1 t4 gd  3357.75 0.227564 517.215 3.14629 22 3.55974 0.131095 0.0402964 3542.15 24
p1 t4 kama  3331.71 0.191192 510.133 4.54615 12 2.91251 0.227307 0.0335988 3513.57 20
p1 t4 ra  3284.2 0.195245 477.927 4.00968 14 3.23613 0.16707 0.0403071 3473.26 24
p1 t5 abr  1382.19 0.426599 132.631 4.99986 6 3.72745 0.208327 0.0981663 1491.9 24
p1 t5 ar  1893.83 0.327568 128.603 4.13956 10 3.08478 0.206978 0.0816297 1931.5 20
p1 t5 bb  2020.42 0.687441 208.668 4.05319 8 3.59891 0.168883 0.0981443 2055.05 24
p1 t5 bola  1740.93 0.338464 129.631 3.85978 11 6.16957 0.154391 0.102216 1789.69 25
p1 t5 dy  1895.02 0.328246 130.696 5.2643 8 2.95625 0.263215 0.0816097 1934.16 20
p1 t5 elastic  2100.35 0.371384 66.702 3.45618 6 5.1413 0.144008 0.0981077 2102.12 24
p1 t5 gd  1939.16 0.353147 119.76 4.57914 8 2.18505 0.190798 0.0979796 1968.49 24
p1 t5 kama  1898.85 0.381736 130.895 5.06792 8 2.18505 0.211163 0.0979932 1948.26 24
p1 t5 ra  2044.66 0.343875 73.389 5.36765 6 2.95625 0.223652 0.0979924 2049.6 24
p1 t6 abr  2228.36 0.355483 478.409 7.49219 41 2.2461 0.149844 0.0782678 2389.96 50
p1 t6 ar  2730.48 0.271023 6.174 7.91977 48 1.66646 0.172169 0.0719191 3046.48 46
p1 t6 bb  3698.9 0.45522 565.803 4.86864 35 1.4491 0.17388 0.044062 4200.72 28
p1 t6 bola  2586.9 0.289507 116.397 8.38211 19 2.46346 0.178343 0.0735824 2666.52 47
p1 t6 dy  2738.9 0.274615 18.486 9.16545 44 1.52155 0.199249 0.0719513 3036.51 46
p1 t6 elastic  2759.03 0.249317 0 17.2461 52 2.02874 0.105159 0.24831 2955.6 164
p1 t6 gd  2836 0.281072 24.716 5.80284 41 10.9407 0.118425 0.0768625 3112 49
p1 t6 kama  2682.99 0.296998 0.587 5.89179 38 1.15928 0.245491 0.0375265 2928.57 24
p1 t6 ra  2692.12 0.288287 0 7.98089 19 1.08682 0.173498 0.0718897 2772.01 46
p1 t7 abr  2189.86 0.381902 460.039 5.70257 47 2.16867 0.203663 0.0427763 2389.26 28
p1 t7 ar  2626.17 0.238628 129.026 8.56542 33 2.08526 0.186205 0.0700501 2764.33 46
p1 t7 bb  2829.24 0.431487 581.556 5.85357 12 1.5848 0.292678 0.0305594 2938.39 20
p1 t7 bola  2630.52 0.268223 154.891 8.82865 14 3.00277 0.173111 0.07786 2760.61 51
p1 t7 dy  2756.89 0.250297 129.51 4.38978 30 1.75162 0.182908 0.036571 2906.97 24
p1 t7 elastic  2629.76 0.212398 0 10.4793 45 2.50231 0.116437 0.137215 2760.73 90
p1 t7 gd  2773.11 0.246784 132.777 11.5464 28 2.00185 0.14433 0.121436 2918.4 80
p1 t7 kama  2605.14 0.233047 96.464 7.81235 25 2.00185 0.102794 0.115429 2732.92 76
p1 t7 ra  2578.33 0.227063 56.35 20.0797 14 2.16867 0.0904492 0.329616 2714.25 222
p2 t1 abr  1827.17 0.331089 505.108 1.2745 12 9.32203 0.0531043 0.0402211 2012.05 24
p2 t1 ar  2886.56 0.259549 508.121 1.40267 44 3.55932 0.0584447 0.0401345 3113.27 24
p2 t1 bb  2821.44 0.377443 506.279 1.34803 5 6.94915 0.048144 0.0469357 3011.69 28
p2 t1 bola  2839.57 0.301034 426.246 1.39523 5 11.8644 0.0481112 0.0485963 3023.85 29
p2 t1 dy  2717.11 0.267738 508.568 1.39666 51 3.55932 0.0581943 0.0401289 2943.24 24
p2 t1 elastic  2907.87 0.210154 9.923 1.20978 50 11.3559 0.0432064 0.0469178 3123.54 28
p2 t1 gd  2703.61 0.261784 509.191 1.45794 57 3.05085 0.0607474 0.0401275 2928.45 24
p2 t1 kama  2717.47 0.268503 507.746 1.44145 57 3.38983 0.0600604 0.0401534 2940.85 24
p2 t1 ra  2723.74 0.256264 509.991 1.41395 39 3.55932 0.0504983 0.0468209 2947.39 28
p2 t2 abr  2037.48 0.280432 506.867 0.979557 10 11.2257 0.0408149 0.0364976 2141.11 24
p2 t2 ar  3230.23 0.182027 101.125 1.10316 22 3.89463 0.0459652 0.0364574 3398.24 24
p2 t2 bb  2935.92 0.283709 504.348 1.08664 5 4.58192 0.054332 0.0304122 3080.2 20
p2 t2 bola  2250.66 0.312422 499.665 0.957914 1 15.5785 0.0383166 0.0380133 2259.35 25
p2 t2 dy  3237.84 0.186102 104.196 0.871817 20 43.5282 0.0435908 0.0303785 3403.56 20
p2 t2 elastic  3248.14 0.167634 0 0.972166 16 18.5568 0.0405069 0.0364904 3401.82 24
p2 t2 gd  3210.78 0.16998 107.421 0.960071 18 14.204 0.040003 0.0364775 3380.76 24
p2 t2 kama  3216.93 0.171667 114.582 1.04582 14 4.81102 0.0522908 0.0303831 3394.99 20
p2 t2 ra  3225.8 0.19958 105.779 1.06373 14 5.04011 0.0443223 0.0364669 3378.87 24
p2 t3 abr  1856.15 0.33342 537.365 13.9058 13 34.0881 0.556233 0.0381202 1998.37 25
p2 t3 ar  3235.68 0.26684 236.411 5.98632 38 3.39185 0.0808963 0.112421 3420.99 74
p2 t3 bb  3259.77 0.303572 520.708 2.70584 6 2.54388 0.12885 0.0320665 3441.57 21
p2 t3 bola  1198 0.474161 0 2.84809 0 13.737 0.129458 0.0335854 1198 22
p2 t3 dy  3270.46 0.276434 213.715 6.82477 36 3.05266 0.0989097 0.103834 3450.45 69
p2 t3 elastic  3258.14 0.210184 0 3.56685 52 14.0762 0.11506 0.047236 3431.53 31
p2 t3 gd  3268.34 0.275482 186.457 6.86683 42 4.23981 0.0967159 0.106965 3448.89 71
p2 t3 kama  3227.54 0.25637 169.706 6.94818 50 3.39185 0.100698 0.104804 3417.62 69
p2 t3 ra  3237.79 0.281364 149.944 8.91816 40 3.90062 0.0919398 0.145984 3405.08 97
p2 t4 abr  1591.08 0.379506 535.861 1.39667 8 4.53058 0.0581947 0.0402052 1711.67 24
p2 t4 ar  2969.65 0.159734 538.403 1.49023 21 3.39793 0.0620928 0.0401779 3207.98 24
p2 t4 bb  3012.64 0.261634 537.006 1.26185 5 24.4328 0.0630924 0.0335047 3249 20
p2 t4 bola  2289.26 0.344636 535.939 1.3758 3 9.22296 0.0550318 0.0418993 2502.05 25
p2 t4 dy  2945.28 0.158261 538.431 1.5134 15 3.07432 0.0756702 0.0334781 3184.19 20
p2 t4 elastic  3175.46 0.134848 239.205 1.29107 14 11.1646 0.0537945 0.0402119 3388.92 24
p2 t4 gd  2977.82 0.1651 538.727 1.4763 17 3.72155 0.0615123 0.0401772 3216.67 24
p2 t4 kama  3187.5 0.149073 538.27 1.38897 12 3.07432 0.0578735 0.0401549 3403.21 24
p2 t4 ra  3257.04 0.177916 538.023 1.4358 16 3.72155 0.0598248 0.040177 3467.25 24
p2 t5 abr  1840.57 0.437646 146.103 3.7122 4 16.5807 0.0976895 0.154339 1905.58 38
p2 t5 ar  1918.51 0.44114 131.619 5.96291 4 2.18505 0.0961759 0.231187 1963.57 62
p2 t5 bb  1754.47 0.578587 196.858 1.70934 8 2.82772 0.0712226 0.0978402 1872.14 24
p2 t5 bola  1838.12 0.436527 144.278 3.61536 4 5.5269 0.0927016 0.157904 1903.88 39
p2 t5 dy  1924.47 0.43817 131.522 8.51141 4 2.69918 0.101326 0.309952 1966.85 84
p2 t5 elastic  1216.97 0.480441 130.473 10.7535 8 10.5397 0.0960134 0.406315 1459.71 112
p2 t5 gd  1917.84 0.44505 131.387 9.16234 4 2.44212 0.083294 0.406931 1960.68 110
p2 t5 kama  1889.35 0.42828 126.663 4.96405 4 2.44212 0.110312 0.175056 1940.8 45
p2 t5 ra  1836.95 0.436094 148.468 1.70298 4 2.95625 0.0709573 0.0974279 1902 24
p2 t6 abr  1752.19 0.350563 452.573 3.96868 42 2.46346 0.0793736 0.0782322 1958.48 50
p2 t6 ar  2859.4 0.272457 41.336 4.08509 40 1.73892 0.0817018 0.0781497 3247.16 50
p2 t6 bb  2857.17 0.43317 554.634 2.09676 33 11.955 0.0873649 0.0377077 3241.77 24
p2 t6 bola  2530.78 0.295404 168.528 3.62015 17 5.07184 0.0770245 0.073543 2628.78 47
p2 t6 dy  2851.55 0.271308 52.543 4.21296 38 1.4491 0.0915861 0.0718698 3235.68 46
p2 t6 elastic  2903.57 0.235904 0 12.9026 53 4.63711 0.0860174 0.232994 3182.29 150
p2 t6 gd  2889.67 0.286576 39.654 4.09316 42 1.73892 0.0889817 0.0718713 3291.82 46
p2 t6 kama  2883.53 0.278049 54.521 3.92563 46 1.73892 0.0853398 0.0718798 3257.19 46
p2 t6 ra  2835 0.289142 19.745 3.95621 24 1.95628 0.0860046 0.0718784 3150.16 46
p2 t7 abr  1920.01 0.353768 396.692 1.85621 36 4.33734 0.0928103 0.0304953 2174.84 20
p2 t7 ar  2581.72 0.249843 82.792 2.44826 26 1.5848 0.0874377 0.0426239 2750.66 28
p2 t7 bb  2664.61 0.39989 557.43 2.45943 13 1.83503 0.0878368 0.0427135 2826.87 28
p2 t7 bola  2571.95 0.287041 213.964 2.1199 12 4.58757 0.0731 0.0442356 2725.02 29
p2 t7 dy  2602.6 0.25311 81.577 2.49639 24 1.66821 0.104016 0.0365456 2772.49 24
p2 t7 elastic  2566.87 0.204852 0 15.8186 42 4.92121 0.11299 0.212655 2711.03 140
p2 t7 gd  2591.76 0.258337 84.882 2.54537 26 1.75162 0.0909061 0.0426318 2759.43 28
p2 t7 kama  2567.95 0.256564 76.974 2.56657 20 1.33457 0.10694 0.036548 2721.07 24
p2 t7 ra  2558.94 0.245819 42.843 2.32481 20 2.00185 0.096867 0.0365421 2707.43 24
p3 t1 abr  1330.26 0.32994 501.238 5.75022 10 5.76271 0.0653434 0.146203 1372.18 88
p3 t1 ar  1760.74 0.260052 470.296 3.06416 40 3.38983 0.0494219 0.102698 1951.86 62
p3 t1 bb  1865.37 0.290304 503.696 3.03376 37 8.13559 0.0523062 0.0958442 1924.12 58
p3 t1 bola  1831.28 0.267039 168.004 5.51471 8 13.5593 0.0568527 0.16111 1900.07 97
p3 t1 dy  1763.4 0.274761 496.115 3.22802 36 2.71186 0.0520649 0.102829 1942.71 62
p3 t1 elastic  1843.17 0.205796 4.891 6.35068 53 5.25424 0.0599121 0.175525 2015.71 106
p3 t1 gd  1757.16 0.295233 394.586 3.07258 26 5.76271 0.043894 0.11616 1826.02 70
p3 t1 kama  1748.51 0.296102 504.103 5.86702 36 3.8983 0.0666707 0.145917 1921.76 88
p3 t1 ra  1771.39 0.283943 504.47 2.35191 50 2.71186 0.0489981 0.0795248 1954.01 48
p3 t2 abr  1689.76 0.227745 491.102 2.28136 4 6.87288 0.0386671 0.0886581 1702.21 59
p3 t2 ar  2201.76 0.201346 69.946 2.38471 28 6.41469 0.0384631 0.0932718 2375.77 62
p3 t2 bb  2122.86 0.212421 101.891 1.59845 23 7.10198 0.033301 0.0720491 2145.18 48
p3 t2 bola  2147.87 0.238771 8.006 2.22292 5 7.78927 0.0331779 0.100625 2167.99 67
p3 t2 dy  2088.43 0.195224 264.081 1.84231 8 5.04011 0.0383814 0.0722918 2215.4 48
p3 t2 elastic  2195.61 0.142216 0 1.53555 31 14.6621 0.0319906 0.0720529 2289.72 48
p3 t2 gd  2415.16 0.212693 193.868 4.96031 7 5.49831 0.0393675 0.18621 2544.38 126
p3 t2 kama  2072.35 0.212049 186.451 1.89905 12 3.43644 0.0395636 0.0722042 2186.74 48
p3 t2 ra  2082.33 0.199655 200.839 1.2651 14 4.58192 0.0332921 0.0571978 2199.56 38
p3 t3 abr  1357.23 0.27696 506.74 14.9188 32 3.90062 0.481253 0.0471656 1394.79 31
p3 t3 ar  2340.18 0.17829 364.82 1.8281 43 4.23981 0.0261157 0.104509 2583.79 70
p3 t3 bb  2142.82 0.249773 378.794 2.60807 7 3.39185 0.0767081 0.0517229 2266.77 34
p3 t3 bola  1923.17 0.220537 216.448 0.786626 1 28.6611 0.024582 0.0487823 1932.73 32
p3 t3 dy  2298.49 0.23242 383.749 2.45944 25 3.22225 0.0723365 0.0517605 2530.04 34
p3 t3 elastic  4032.45 0.927936 0 13.9764 2 10.0059 0.537555 2.19243 4057.17 26
p3 t3 gd  2430.36 0.241723 240.247 2.20962 33 3.22225 0.0649889 0.0517497 2632.74 34
p3 t3 kama  2235.67 0.204873 406.965 2.51073 23 3.90062 0.0643776 0.05912 2433.08 39
p3 t3 ra  2123.16 0.214462 293.447 1.99541 28 2.2047 0.0798162 0.0380076 2379.54 25
p3 t4 abr  1401.75 0.30453 519.686 0.56537 9 48.0565 0.0235571 0.0399875 1437.59 24
p3 t4 ar  2312.67 0.193159 522.261 0.902051 19 2.91251 0.0451025 0.0333309 2603.55 20
p3 t4 bb  2075.68 0.258959 521.239 0.921745 5 2.75071 0.0460873 0.0333235 2251.46 20
p3 t4 bola  1744.98 0.251104 518.222 0.89682 1 3.88335 0.0358728 0.0417157 1753.58 25
p3 t4 dy  2558.65 0.215635 524.069 1.0076 24 3.72155 0.0503802 0.0333995 2863.07 20
p3 t4 elastic  2178.33 0.152275 340.187 0.828369 25 4.20697 0.0414184 0.0333669 2417.03 20
p3 t4 gd  1960.77 0.271772 523.725 1.01666 17 3.55974 0.0508329 0.0333984 2132.72 20
p3 t4 kama  2187.86 0.228991 519.251 0.879867 27 3.23613 0.0439934 0.0333358 2419.14 20
p3 t4 ra  2236.37 0.230348 524.019 1.12911 27 2.91251 0.0564552 0.0334221 2491.28 20
p3 t5 abr  1004.14 0.382705 124.809 1.70927 18 5.9125 0.0449807 0.152448 1083.79 38
p3 t5 ar  1428.04 0.309428 78.104 6.74796 18 4.88424 0.0911886 0.28033 1545.39 74
p3 t5 bb  1650.1 0.550449 188.42 1.34249 8 1.15679 0.0559372 0.0970956 1800.33 24
p3 t5 bola  1489.83 0.388135 167.342 0.865581 15 4.49864 0.0346232 0.101434 1591.03 25
p3 t5 dy  1424.94 0.339226 90.68 6.59797 12 2.05652 0.0868154 0.289091 1530.94 76
p3 t5 elastic  1794.37 0.272749 19.692 9.69846 26 3.59891 0.0702787 0.429889 1867.17 138
p3 t5 gd  1346.23 0.372637 50.595 4.62782 9 2.57065 0.0889965 0.202224 1437.28 52
p3 t5 kama  1426.79 0.332997 91.859 4.88879 10 1.67092 0.1164 0.163009 1529.61 42
p3 t5 ra  1499.63 0.380592 158.291 1.00833 14 1.79946 0.042014 0.096807 1627.93 24
p3 t6 abr  1230.08 0.383925 525.885 15.9146 61 2.10119 0.408068 0.061228 1342.55 39
p3 t6 ar  1536.48 0.266645 0 1.29855 55 2.75328 0.0463769 0.0438507 1685.44 28
p3 t6 bb  2442.78 0.407453 545.236 1.26868 34 1.88383 0.0528615 0.0375644 3073.25 24
p3 t6 bola  1465.86 0.277176 0 1.22126 34 2.82574 0.0488503 0.0391786 1572.76 25
p3 t6 dy  1613.72 0.299274 0 3.27883 27 1.73892 0.086285 0.059415 1842.18 38
p3 t6 elastic  1676.16 0.208412 0 10.9848 107 2.2461 0.0506213 0.326966 1813.52 217
p3 t6 gd  1599.88 0.311397 0 3.58859 13 4.63711 0.0747623 0.0746003 1736.62 48
p3 t6 kama  1550.71 0.304861 0 5.91963 17 1.95628 0.0896914 0.101745 1614.12 66
p3 t6 ra  1584.38 0.281545 0 3.18572 23 1.95628 0.0758506 0.0656381 1741.38 42
p3 t7 abr  947.017 0.43431 477.409 11.7404 54 2.16867 0.33544 0.0532668 1144.24 35
p3 t7 ar  1687.26 0.296606 52.272 3.22691 65 1.41798 0.107564 0.0456247 1858.14 30
p3 t7 bb  1822.08 0.456624 520.585 1.40024 19 1.75162 0.0500084 0.0425878 2103.47 28
p3 t7 bola  1671.47 0.324779 42.592 1.40466 18 3.41982 0.0484367 0.0441662 1803.53 29
p3 t7 dy  1658.43 0.329433 70.214 2.47124 28 5.92213 0.0726835 0.0516404 1834.5 34
p3 t7 elastic  1719.66 0.271797 0 1.21271 112 2.91936 0.0505295 0.0365124 1919.09 24
p3 t7 gd  1558.06 0.366261 351.726 2.96559 8 2.16867 0.0780419 0.057763 1636.21 38
p3 t7 kama  1696.75 0.304727 79.612 2.59813 27 1.91844 0.0683718 0.0576875 1866.28 38
p3 t7 ra  1710.39 0.320341 66.03 1.41911 27 2.08526 0.0591297 0.0364617 1881.32 24
p4 t1 abr  1231.02 0.153777 5.419 23.0233 68 2.88136 0.0469863 0.741887 1266.65 490
p4 t1 ar  2089.66 0.162699 185.153 17.288 22 8.98305 0.0376644 0.522766 2477.7 459
p4 t1 bb  1226.71 0.14817 134.977 19.8677 4 3.8983 0.0452568 0.663366 1237.26 439
p4 t1 bola  1200 0.146151 0 15.9953 0 3.8983 0.0424278 0.570244 1200 377
p4 t1 dy  1480.35 0.152114 165.563 16.4087 8 2.71186 0.0426201 0.555815 1710.51 385
p4 t1 elastic  1276.06 0.124738 37.802 15.8367 14 4.74576 0.0432697 0.553255 1303.3 366
p4 t1 gd  1445.11 0.143777 172.993 14.0927 4 2.54237 0.0372822 0.544596 1655.01 378
p4 t1 kama  1301.79 0.157946 147.63 10.8273 4 2.71186 0.0377258 0.42453 1406.95 287
p4 t1 ra  1200 0.150726 144.593 18.5739 0 2.54237 0.0463189 0.607155 1200 401
p4 t2 abr  1907.87 0.128366 0 7.8827 66 2.29096 0.0323061 0.342598 2063.99 244
p4 t2 ar  2456.64 0.124118 0 9.8853 18 4.58192 0.0296856 0.396052 2717.99 333
p4 t2 bb  1677.5 0.0729176 0 8.92912 6 14.204 0.0333176 0.365193 1687.98 268
p4 t2 bola  1622 0.155991 0 8.02733 0 4.58192 0.0279698 0.322113 1622 287
p4 t2 dy  2393.48 0.102637 0 5.23346 6 5.26921 0.0235741 0.264095 2650.95 222
p4 t2 elastic  1762.94 0.195112 0 9.17831 10 14.433 0.0285929 0.380952 1784.8 321
p4 t2 gd  2007.37 0.129174 41.32 7.52582 6 3.43644 0.026593 0.336617 2197.07 283
p4 t2 kama  1770.56 0.182296 49 8.73806 4 3.89463 0.0287436 0.363647 1864.8 304
p4 t2 ra  1830.85 0.176171 49.024 8.02027 6 25.8879 0.0297047 0.315856 1954.76 270
p4 t3 abr  1602.73 0.156008 73.103 15.6884 154 4.4094 0.307616 0.0774686 1892.26 51
p4 t3 ar  2023.44 0.129911 249.517 6.65641 66 12.3802 0.0346688 0.262695 2332.14 192
p4 t3 bb  1591.07 0.0976586 20.42 3.1675 61 20.3511 0.0546121 0.0883604 1637.69 58
p4 t3 bola  1301.59 0.175305 0 3.75214 3 3.39185 0.0371499 0.149913 1328.07 101
p4 t3 dy  1971.48 0.137413 251.672 5.73788 43 3.05266 0.0393005 0.20556 2207.8 146
p4 t3 elastic  1698.96 0.124199 5.194 4.57151 57 5.08777 0.0682315 0.101345 1836.42 67
p4 t3 gd  2226 0.130796 395.756 5.65482 52 2.88307 0.0565482 0.150861 2620.06 100
p4 t3 kama  1992.61 0.125648 252.718 5.37201 24 3.39185 0.0577635 0.140377 2278.93 93
p4 t3 ra  1606.41 0.11334 397.728 6.90081 11 3.05266 0.056564 0.183988 1695.71 122
p4 t4 abr  1221.85 0.142689 108.704 2.23386 112 2.5889 0.0465388 0.0800733 1303.63 48
p4 t4 ar  1815.1 0.134442 440.753 1.78622 26 3.55974 0.0248086 0.110001 2097.12 72
p4 t4 bb  1444.01 0.0939306 382.392 0.998462 27 7.28128 0.0416026 0.0401471 1480.14 24
p4 t4 bola  1143 0.160361 0 2.8189 0 1.77987 0.0420732 0.11051 1143 67
p4 t4 dy  1951.33 0.130156 396.102 1.41122 8 3.07432 0.0371374 0.0605169 2252.78 38
p4 t4 elastic  1461.76 0.0967904 191.683 0.857231 21 20.7112 0.035718 0.0401187 1497.65 24
p4 t4 gd  1339.9 0.103505 403.267 1.20471 2 2.91251 0.0501962 0.0400959 1372.93 24
p4 t4 kama  1397.33 0.117519 403.065 1.24061 13 3.72155 0.0516922 0.0401553 1433.06 24
p4 t4 ra  1414.57 0.123128 404.529 1.01841 7 3.55974 0.0424337 0.040082 1450.63 24
p4 t5 abr  1020.99 0.338769 10.553 5.48584 102 2.05652 0.124678 0.176715 1235.1 44
p4 t5 ar  744.301 0.300281 94.49 3.36447 16 2.57065 0.06597 0.19467 773.797 51
p4 t5 bb  532.979 0.436074 170.104 0.966928 5 14.1386 0.0402887 0.0975673 542.438 24
p4 t5 bola  536.216 0.416687 0 11.7234 8 2.95625 0.192187 0.244716 557.198 61
p4 t5 dy  788.137 0.337586 116.123 4.41577 8 2.57065 0.0802868 0.204116 810.797 55
p4 t5 elastic  908.045 0.271009 5.485 6.61763 30 3.85598 0.0642488 0.371446 957.971 103
p4 t5 gd  777.745 0.35742 106.721 4.37742 10 2.69918 0.0741935 0.219093 799.164 59
p4 t5 kama  885.709 0.29531 125.73 4.72289 6 2.57065 0.0590362 0.266128 896.154 80
p4 t5 ra  1025.68 0.311137 122.613 6.50013 11 3.21332 0.0570187 0.389917 1108.35 114
p4 t6 abr  808.864 0.355408 0 12.4211 722 1.66646 0.10801 0.176016 1324.52 115
p4 t6 ar  972.396 0.257797 0 7.84729 59 1.37664 0.107497 0.112296 1030.95 73
p4 t6 bb  985.839 0.335271 503.765 1.77964 19 2.53592 0.0635587 0.0439656 1048.11 28
p4 t6 bola  913.312 0.242033 0 6.60779 22 2.17365 0.140591 0.0722669 938.49 47
p4 t6 dy  970.848 0.276788 0 8.65133 27 1.52155 0.0994406 0.133629 1008.21 87
p4 t6 elastic  1090.9 0.274499 0 18.5783 25 2.39101 0.138644 0.55788 1155.81 134
p4 t6 gd  984.098 0.280182 54.183 11.5001 13 3.11556 0.103605 0.169631 1022.62 111
p4 t6 kama  977.139 0.269793 1.851 7.22769 27 1.59401 0.107876 0.10289 1022.45 67
p4 t6 ra  936.75 0.234503 0 10.7829 14 1.73892 0.102694 0.160543 952.154 105
p4 t7 abr  1107.6 0.407686 82.4 1.80066 526 2.58572 0.0643092 0.0426825 1526.82 28
p4 t7 ar  1028.02 0.336332 55.858 2.10862 79 1.91844 0.087859 0.0365359 1161.4 24
p4 t7 bb  969.782 0.384762 374.499 1.66352 25 3.41982 0.0693135 0.0365819 1053.35 24
p4 t7 bola  769.042 0.36487 14.299 1.22841 13 9.00832 0.0491364 0.0380697 803.107 25
p4 t7 dy  1065.31 0.350469 73.539 2.17474 64 1.66821 0.090614 0.0365389 1162.57 24
p4 t7 elastic  1127.01 0.293305 0 5.02302 94 4.42075 0.0965965 0.0790909 1285.93 52
p4 t7 gd  1027.92 0.322846 55.092 3.58941 62 1.33457 0.0690272 0.0785573 1101.02 52
p4 t7 kama  1053.48 0.333122 63.912 10.2266 63 1.25116 0.0798954 0.19234 1158.33 128
p4 t7 ra  1073.66 0.31218 53.828 8.88106 60 1.25116 0.077904 0.171339 1179 114
