p1 t1 abr  2009.71 0.327201 48.186 3.54231 11
p1 t1 ar  3045.68 0.270608 0 5.38012 50
p1 t1 bb2  2991.52 0.397339 0 3.91061 4
p1 t1 bola  3020.01 0.335798 0 4.07482 6
p1 t1 dy  3065.96 0.26041 0 3.66651 50
p1 t1 elastic  3035.66 0.201188 0 3.92156 41
p1 t1 gd  3086.84 0.2574 0 5.785 48
p1 t1 kama  3064.46 0.263448 0 3.57489 36
p1 t1 ra  3067.12 0.257973 0 3.51686 42
p1 t2 abr  2288.35 0.266467 125.076 2.73509 11
p1 t2 ar  3160.22 0.204796 0 3.08669 19
p1 t2 bb2  3336.42 0.345286 12.026 3.03015 6
p1 t2 bola  3246.31 0.288348 0 3.11378 6
p1 t2 dy  3146.98 0.205603 0 2.9546 15
p1 t2 elastic  3161.25 0.186465 0 2.90215 23
p1 t2 gd  3295.02 0.205418 0 2.86751 20
p1 t2 kama  3221.65 0.187061 0 3.16773 13
p1 t2 ra  3203.73 0.19802 0 3.65417 17
p1 t3 abr  2015.92 0.339567 141.262 14.0608 11
p1 t3 ar  3127.95 0.298832 0 13.9701 25
p1 t3 bb2  3432.96 0.425468 9.365 0.540109 6
p1 t3 bola  3076.22 0.38268 0 4.7729 6
p1 t3 dy  3326.5 0.288737 0 14.0949 20
p1 t3 elastic  3122.31 0.231827 0 0.554053 23
p1 t3 gd  3119.71 0.29422 0 14.1124 21
p1 t3 kama  3320.25 0.288773 0 7.17409 22
p1 t3 ra  3350.35 0.221963 0 16.645 38
p1 t4 abr  1798.6 0.384585 168.424 4.06337 9
p1 t4 ar  3336.69 0.233122 0 3.85965 20
p1 t4 bb2  3411.09 0.402043 0 3.84511 6
p1 t4 bola  2601.9 0.356724 0 3.81429 5
p1 t4 dy  3366.66 0.221017 0 4.38759 22
p1 t4 elastic  3360.63 0.160177 0 4.28563 10
p1 t4 gd  3338.22 0.224488 0 3.03567 20
p1 t4 kama  3312.84 0.166636 0 4.15166 12
p1 t4 ra  3277.06 0.193441 0 4.33493 14
p1 t5 abr  1382.19 0.426599 0 4.99986 6
p1 t5 ar  1875.51 0.347515 0 3.69841 10
p1 t5 bb2  2020.42 0.687441 30.845 4.05319 8
p1 t5 bola  1740.93 0.338464 0 3.85978 11
p1 t5 dy  1900.68 0.329925 0 3.83751 8
p1 t5 elastic  2100.35 0.371384 0 3.45618 6
p1 t5 gd  1914 0.335258 0 3.98508 8
p1 t5 kama  1877.75 0.357857 0 3.92209 8
p1 t5 ra  2047.02 0.342425 0 3.96693 6
p1 t6 abr  2228.36 0.355483 71.931 7.49219 41
p1 t6 ar  2686.91 0.269788 0 7.48914 42
p1 t6 bb2  3698.9 0.45522 6.145 4.86864 35
p1 t6 bola  2586.9 0.289507 0 8.38211 19
p1 t6 dy  2667.41 0.275902 0 7.22874 50
p1 t6 elastic  2759.03 0.249317 0 17.2461 52
p1 t6 gd  2716 0.286153 0 8.51312 52
p1 t6 kama  2625.09 0.298817 0 7.33718 30
p1 t6 ra  2662.76 0.285238 0 7.57043 21
p1 t7 abr  2189.86 0.381902 63.014 5.70257 47
p1 t7 ar  2608.42 0.244066 0 8.59463 31
p1 t7 bb2  2829.24 0.431487 19.656 5.85357 12
p1 t7 bola  2630.52 0.268223 0 8.82865 14
p1 t7 dy  2637.95 0.250377 0 6.93984 27
p1 t7 elastic  2629.76 0.212398 0 10.4793 45
p1 t7 gd  2642.57 0.24818 0 5.96153 29
p1 t7 kama  2587.55 0.247964 0 18.5876 23
p1 t7 ra  2561.47 0.235741 0 20.7523 16
p2 t1 abr  1827.17 0.331089 55.138 1.2745 12
p2 t1 ar  2897.32 0.265484 0 1.45455 62
p2 t1 bb2  2821.44 0.377443 0 1.34803 5
p2 t1 bola  2839.57 0.301034 0 1.39523 5
p2 t1 dy  2909.51 0.270306 0 1.44877 62
p2 t1 elastic  2907.87 0.210154 0 1.20978 50
p2 t1 gd  2912.29 0.266722 0 1.43589 58
p2 t1 kama  2897.93 0.272808 0 1.4548 60
p2 t1 ra  2718.38 0.257425 0 1.47607 45
p2 t2 abr  2037.48 0.280432 133.318 0.979557 10
p2 t2 ar  3222.43 0.174492 0 1.05972 18
p2 t2 bb2  2935.92 0.283709 0 1.08664 5
p2 t2 bola  2250.66 0.312422 0 0.957914 1
p2 t2 dy  3225.93 0.187618 0 1.0229 22
p2 t2 elastic  3248.14 0.167634 0 0.972166 16
p2 t2 gd  3219.85 0.178177 0 0.949055 20
p2 t2 kama  3198.79 0.168136 0 1.03891 12
p2 t2 ra  3202.98 0.186193 0 1.06629 12
p2 t3 abr  1856.15 0.33342 149.276 13.9058 13
p2 t3 ar  3236.68 0.280381 0 5.19562 46
p2 t3 bb2  3259.77 0.303572 0 2.70584 6
p2 t3 bola  1198 0.474161 0 2.84809 0
p2 t3 dy  3260.37 0.292925 0 6.41364 42
p2 t3 elastic  3258.14 0.210184 0 3.56685 52
p2 t3 gd  3267.48 0.275163 0 1.47713 44
p2 t3 kama  3234.58 0.25479 0 5.08732 30
p2 t3 ra  3214.66 0.292331 0 7.40606 44
p2 t4 abr  1591.08 0.379506 179.141 1.39667 8
p2 t4 ar  3172.04 0.171182 0 1.51976 18
p2 t4 bb2  3012.64 0.261634 0 1.26185 5
p2 t4 bola  2289.26 0.344636 0 1.3758 3
p2 t4 dy  3183.94 0.158292 0 1.52038 16
p2 t4 elastic  3175.46 0.134848 0 1.29107 14
p2 t4 gd  2972.9 0.173629 0 1.5085 17
p2 t4 kama  3194.3 0.167417 0 0.97776 14
p2 t4 ra  3016.7 0.181037 0 1.29294 17
p2 t5 abr  1840.57 0.437646 0 3.7122 4
p2 t5 ar  1916.79 0.435822 0 4.78627 4
p2 t5 bb2  1754.47 0.578587 24.21 1.70934 8
p2 t5 bola  1838.12 0.436527 0 3.61536 4
p2 t5 dy  1924.29 0.430147 0 6.84076 4
p2 t5 elastic  1216.97 0.480441 0 10.7535 8
p2 t5 gd  1911.43 0.440716 0 5.64861 4
p2 t5 kama  1924.33 0.444257 0 3.26831 6
p2 t5 ra  1837.36 0.437347 0 3.66618 4
p2 t6 abr  1752.19 0.350563 51.137 3.96868 42
p2 t6 ar  2880.14 0.274187 0 3.98937 36
p2 t6 bb2  2857.17 0.43317 0 2.09676 33
p2 t6 bola  2530.78 0.295404 0 3.62015 17
p2 t6 dy  2870.94 0.279804 0 4.58904 36
p2 t6 elastic  2903.57 0.235904 0 12.9026 53
p2 t6 gd  2901.36 0.279895 0 3.96052 32
p2 t6 kama  2882.97 0.275854 0 4.05764 28
p2 t6 ra  2851.89 0.306594 0 4.01895 32
p2 t7 abr  1920.01 0.353768 38.901 1.85621 36
p2 t7 ar  2568.41 0.248911 0 2.34194 30
p2 t7 bb2  2664.61 0.39989 8.979 2.45943 13
p2 t7 bola  2571.95 0.287041 0 2.1199 12
p2 t7 dy  2579.11 0.252371 0 2.17727 28
p2 t7 elastic  2566.87 0.204852 0 15.8186 42
p2 t7 gd  2595.73 0.262888 0 2.25483 28
p2 t7 kama  2594.33 0.264567 0 2.52014 30
p2 t7 ra  2552.55 0.262447 0 2.45829 16
p3 t1 abr  1330.26 0.32994 29.641 5.75022 10
p3 t1 ar  1852.41 0.267109 0 4.93517 41
p3 t1 bb2  1865.37 0.290304 0 3.03376 37
p3 t1 bola  1831.28 0.267039 0 5.51471 8
p3 t1 dy  1873.62 0.289833 0 2.93329 47
p3 t1 elastic  1843.17 0.205796 0 6.35068 53
p3 t1 gd  1742.41 0.294323 0 4.68317 28
p3 t1 kama  1752.04 0.309454 0 5.62189 34
p3 t1 ra  1787.18 0.297905 0 4.63123 50
p3 t2 abr  1689.76 0.227745 85.916 2.28136 4
p3 t2 ar  2247.02 0.176477 0 2.5824 24
p3 t2 bb2  2122.86 0.212421 0 1.59845 23
p3 t2 bola  2147.87 0.238771 0 2.22292 5
p3 t2 dy  2178.58 0.213688 0 3.2731 14
p3 t2 elastic  2195.61 0.142216 0 1.53555 31
p3 t2 gd  2125.19 0.221554 0 1.62523 23
p3 t2 kama  2078.75 0.182033 0 1.73282 14
p3 t2 ra  2077.36 0.212722 0 1.23289 10
p3 t3 abr  1357.23 0.27696 146.391 14.9188 32
p3 t3 ar  2336.19 0.18275 0 0.53545 47
p3 t3 bb2  2142.82 0.249773 0 2.60807 7
p3 t3 bola  1923.17 0.220537 0 0.786626 1
p3 t3 dy  2599.05 0.216073 0 1.7982 34
p3 t3 elastic  4032.45 0.927936 0 13.9764 2
p3 t3 gd  2184.85 0.289363 0 7.44452 29
p3 t3 kama  2225.68 0.204092 0 1.97042 23
p3 t3 ra  2703.66 0.164671 0 18.8643 28
p3 t4 abr  1401.75 0.30453 125.968 0.56537 9
p3 t4 ar  2281.08 0.192306 0 1.04847 23
p3 t4 bb2  2075.68 0.258959 0 0.921745 5
p3 t4 bola  1744.98 0.251104 0 0.89682 1
p3 t4 dy  2262.34 0.223444 0 1.88624 21
p3 t4 elastic  2178.33 0.152275 0 0.828369 25
p3 t4 gd  2243.68 0.273617 0 0.977145 21
p3 t4 kama  2191.93 0.224514 0 0.958637 23
p3 t4 ra  2233.53 0.246758 0 1.02718 27
p3 t5 abr  1004.14 0.382705 0 1.70927 18
p3 t5 ar  1448.51 0.311383 0 8.49247 18
p3 t5 bb2  1650.1 0.550449 0 1.34249 8
p3 t5 bola  1489.83 0.388135 0 0.865581 15
p3 t5 dy  1448.29 0.322592 0 7.01022 12
p3 t5 elastic  1794.37 0.272749 0 9.69846 26
p3 t5 gd  1574.14 0.295366 0 5.4868 5
p3 t5 kama  1498.84 0.333839 0 4.77182 10
p3 t5 ra  1468.04 0.341433 0 5.47215 10
p3 t6 abr  1230.08 0.383925 81.103 15.9146 61
p3 t6 ar  1526.97 0.257874 0 3.06249 59
p3 t6 bb2  2442.78 0.407453 0 1.26868 34
p3 t6 bola  1465.86 0.277176 0 1.22126 34
p3 t6 dy  1532.76 0.264029 0 3.14532 27
p3 t6 elastic  1676.16 0.208412 0 10.9848 107
p3 t6 gd  1483.95 0.32311 0 3.18398 12
p3 t6 kama  1522.59 0.294268 0 6.85776 13
p3 t6 ra  1681.81 0.289461 0 2.76641 29
p3 t7 abr  947.017 0.43431 67.611 11.7404 54
p3 t7 ar  1684.81 0.300098 0 3.31707 67
p3 t7 bb2  1822.08 0.456624 0 1.40024 19
p3 t7 bola  1671.47 0.324779 0 1.40466 18
p3 t7 dy  1631.44 0.31979 0 2.82462 36
p3 t7 elastic  1719.66 0.271797 0 1.21271 112
p3 t7 gd  1469.53 0.37657 0 3.3512 6
p3 t7 kama  1697.66 0.299792 0 3.07314 27
p3 t7 ra  1700.69 0.3112 0 2.79847 29
p4 t1 abr  1231.02 0.153777 0 23.0233 68
p4 t1 ar  2116.67 0.151035 0 11.795 30
p4 t1 bb2  1226.71 0.14817 0 19.8677 4
p4 t1 bola  1200 0.146151 0 15.9953 0
p4 t1 dy  1462.31 0.152167 0 14.5814 12
p4 t1 elastic  1276.06 0.124738 0 15.8367 14
p4 t1 gd  1297.97 0.153013 0 18.2796 4
p4 t1 kama  1200 0.154346 0 18.852 0
p4 t1 ra  1200 0.15173 0 19.991 0
p4 t2 abr  1907.87 0.128366 0 7.8827 66
p4 t2 ar  2683.12 0.0982557 0 4.67108 14
p4 t2 bb2  1677.5 0.0729176 0 8.92912 6
p4 t2 bola  1622 0.155991 0 8.02733 0
p4 t2 dy  2406.16 0.180467 0 4.6905 6
p4 t2 elastic  1762.94 0.195112 0 9.17831 10
p4 t2 gd  3084.27 0.13629 0 7.34585 6
p4 t2 kama  2823.7 0.121329 0 5.23766 4
p4 t2 ra  1816.77 0.136562 0 10.8961 6
p4 t3 abr  1602.73 0.156008 0 15.6884 154
p4 t3 ar  2100.46 0.141586 0 6.38469 61
p4 t3 bb2  1591.07 0.0976586 0 3.1675 61
p4 t3 bola  1301.59 0.175305 0 3.75214 3
p4 t3 dy  1925.91 0.152474 0 3.69898 35
p4 t3 elastic  1698.96 0.124199 0 4.57151 57
p4 t3 gd  1648.79 0.135235 1.217 5.54246 13
p4 t3 kama  1845.14 0.144107 0 7.70045 19
p4 t3 ra  1728.79 0.126107 0 9.7285 15
p4 t4 abr  1221.85 0.142689 0 2.23386 112
p4 t4 ar  1910.61 0.143953 0 2.14695 27
p4 t4 bb2  1444.01 0.0939306 0 0.998462 27
p4 t4 bola  1143 0.160361 0 2.8189 0
p4 t4 dy  1699.77 0.139783 0 3.34986 9
p4 t4 elastic  1461.76 0.0967904 0 0.857231 21
p4 t4 gd  1391.66 0.103944 0 1.07198 11
p4 t4 kama  1717.61 0.118908 0 3.18573 19
p4 t4 ra  1411.04 0.14326 0 1.13296 7
p4 t5 abr  1020.99 0.338769 0 5.48584 102
p4 t5 ar  743.328 0.279672 0 5.53364 12
p4 t5 bb2  532.979 0.436074 0 0.966928 5
p4 t5 bola  536.216 0.416687 0 11.7234 8
p4 t5 dy  729.732 0.330172 0 6.13127 11
p4 t5 elastic  908.045 0.271009 0 6.61763 30
p4 t5 gd  760.379 0.341427 0 9.99698 5
p4 t5 kama  747.008 0.313228 0 12.3313 8
p4 t5 ra  727.858 0.316351 0 6.30955 8
p4 t6 abr  808.864 0.355408 0 12.4211 722
p4 t6 ar  945.762 0.261352 0 15.08 58
p4 t6 bb2  985.839 0.335271 0 1.77964 19
p4 t6 bola  913.312 0.242033 0 6.60779 22
p4 t6 dy  964.795 0.286149 0 9.81135 27
p4 t6 elastic  1090.9 0.274499 0 18.5783 25
p4 t6 gd  938.949 0.241792 0 16.9493 10
p4 t6 kama  994.226 0.289266 0 12.8642 33
p4 t6 ra  965.756 0.251458 0 9.86757 15
p4 t7 abr  1107.6 0.407686 0 1.80066 526
p4 t7 ar  1021.81 0.332288 0 3.84654 75
p4 t7 bb2  969.782 0.384762 0 1.66352 25
p4 t7 bola  769.042 0.36487 0 1.22841 13
p4 t7 dy  1058.16 0.340105 0 3.80928 68
p4 t7 elastic  1127.01 0.293305 0 5.02302 94
p4 t7 gd  1039.54 0.318528 0 4.55199 60
p4 t7 kama  1248.32 0.367554 0 1.15581 68
p4 t7 ra  1011.92 0.331788 0 9.08868 57
