p1 t1 abr  2616.02 95 0.270815 0 0 0 55.229 292
p1 t1 ar  3189.02 37 0.300091 0 0 0 0 0
p1 t1 bb  2985.53 79 0.294502 0 0 0 1.293 13
p1 t1 bola  1638.41 4 0.507835 0 0 0 0 0
p1 t1 dy  2888.5 40 0.376067 0 0 0 29.752 165
p1 t1 elastic  2970.65 39 0.22572 0.54 2 0.27 19.422 109
p1 t1 gd  2483.11 38 0.50216 0 0 0 86.077 440
p1 t1 kama  1550.87 20 0.534271 0 0 0 209.668 1085
p1 t1 quetra  3219.3 51 0.346262 0 0 0 0 0
p1 t1 ra  3173.66 33 0.293453 0 0 0 0 0
p1 t2 abr  2923.41 88 0.222902 0 0 0 91.455 361
p1 t2 ar  3418.33 12 0.25816 0 0 0 1.415 8
p1 t2 bb  3170.63 18 0.331041 0 0 0 18.815 79
p1 t2 bola  1938.93 4 0.384054 0 0 0 0 0
p1 t2 dy  3166.05 34 0.358399 0 0 0 60.837 264
p1 t2 elastic  2731.56 14 0.212772 0 0 0 79.104 354
p1 t2 gd  2544.31 20 0.437031 0 0 0 161.652 643
p1 t2 kama  2116.7 16 0.383863 0 0 0 220.198 922
p1 t2 quetra  3391.49 14 0.269537 0 0 0 0 0
p1 t2 ra  3313.86 17 0.29512 0 0 0 5.282 22
p1 t3 abr  2719.58 146 0.296171 0 0 0 121.116 588
p1 t3 ar  3205.58 17 0.323687 0 0 0 0 0
p1 t3 bb  3353.74 94 0.387939 0 0 0 16.487 78
p1 t3 bola  2887.93 7 0.325825 0 0 0 0 0
p1 t3 dy  3192.47 48 0.418031 0 0 0 45.78 201
p1 t3 elastic  3177.5 33 0.262131 0 0 0 2.605 17
p1 t3 gd  2112.23 36 0.51243 0 0 0 177.75 838
p1 t3 kama  1628.66 26 0.495838 0 0 0 269.662 1376
p1 t3 quetra  3168.47 13 0.312958 0 0 0 0 0
p1 t3 ra  3214.74 19 0.327697 0 0 0 0 0
p1 t4 abr  2506.9 78 0.332952 0 0 0 151.828 590
p1 t4 ar  3439.01 18 0.214923 0 0 0 0 0
p1 t4 bb  3417.9 36 0.236847 0 0 0 8.958 45
p1 t4 bola  2303.02 6 0.41064 0 0 0 2.217 9
p1 t4 dy  3385.94 22 0.319112 0 0 0 43.262 179
p1 t4 elastic  2510.86 13 0.27022 0 0 0 134.404 586
p1 t4 gd  2626.21 20 0.425071 0 0 0 135.83 585
p1 t4 kama  2833.07 33 0.416092 0 0 0 121.041 526
p1 t4 quetra  3087.38 13 0.322968 0 0 0 77.672 331
p1 t4 ra  3422.75 15 0.204429 0 0 0 0 0
p1 t5 abr  1801.32 26 0.426284 0 0 0 36.832 144
p1 t5 ar  2708.53 18 0.467336 0 0 0 23.617 106
p1 t5 bb  2521.67 22 0.50617 0 0 0 34.961 156
p1 t5 bola  2111.62 6 0.368147 0 0 0 17.941 70
p1 t5 dy  2541.08 32 0.521242 0 0 0 44.638 187
p1 t5 elastic  2463.15 12 0.306518 0 0 0 29.868 129
p1 t5 gd  2321.31 36 0.634679 0 0 0 68.184 273
p1 t5 kama  2500.74 30 0.593554 0 0 0 67.792 285
p1 t5 quetra  2710.09 18 0.474984 0 0 0 24.672 99
p1 t5 ra  2701.98 18 0.463786 0 0 0 23.333 95
p1 t6 abr  2597.4 479 0.299426 3.903 1 3.903 8.551 32
p1 t6 ar  3003.37 108 0.536928 0 0 0 0 0
p1 t6 bb  2958.21 84 0.756234 0 0 0 0 0
p1 t6 bola  2208.05 55 0.319069 1.271 1 1.271 0 0
p1 t6 dy  3187.37 118 0.592498 0 0 0 13.641 60
p1 t6 elastic  2649.97 58 0.267734 3.701 1 3.701 0 0
p1 t6 gd  1937.97 96 0.845951 0 0 0 219.613 892
p1 t6 kama  4115.37 207 0.821579 0 0 0 113.337 438
p1 t6 quetra  2958.7 124 0.465301 0 0 0 0 0
p1 t6 ra  3092.24 116 0.430836 0 0 0 0 0
p1 t7 abr  2580.9 236 0.339005 0.525 1 0.525 44.538 207
p1 t7 ar  2803.6 34 0.279821 0 0 0 1.042 9
p1 t7 bb  2459.21 44 0.755528 0 0 0 27.013 135
p1 t7 bola  2635.24 30 0.261376 0.781 1 0.781 0 0
p1 t7 dy  2740.1 94 0.491579 0 0 0 47.928 237
p1 t7 elastic  2654.6 53 0.235809 0.96 1 0.96 0 0
p1 t7 gd  2507.74 106 0.571773 0 0 0 80.134 390
p1 t7 kama  1672.48 142 0.713789 0 0 0 213.845 1008
p1 t7 quetra  2761.88 32 0.268417 0 0 0 4.285 29
p1 t7 ra  2764.29 38 0.284639 0 0 0 2.523 16
p2 t1 abr  2257.18 108 0.292286 0 0 0 73.277 371
p2 t1 ar  3034.45 36 0.266231 0.53 1 0.53 0 0
p2 t1 bb  2784.59 67 0.243828 0.563 1 0.563 4.778 30
p2 t1 bola  1200 0 0.496311 0 0 0 0 0
p2 t1 dy  2946.99 50 0.417226 0.724 1 0.724 20.208 103
p2 t1 elastic  2841.9 30 0.231343 0.506 1 0.506 18.95 121
p2 t1 gd  2278.91 34 0.454981 0.524 1 0.524 87.606 449
p2 t1 kama  2149.96 50 0.426034 0.535 1 0.535 117.58 598
p2 t1 quetra  3033.34 36 0.258132 0.526 1 0.526 0 0
p2 t1 ra  3045.98 30 0.256921 0 0 0 0 0
p2 t2 abr  2868.67 82 0.21033 0 0 0 97.279 378
p2 t2 ar  3283.64 12 0.160656 0 0 0 18.587 73
p2 t2 bb  3141.46 14 0.19951 0 0 0 6.694 31
p2 t2 bola  1622 0 0.426935 0 0 0 0 0
p2 t2 dy  3168.91 30 0.318894 0 0 0 55.644 242
p2 t2 elastic  3002.6 14 0.18128 0 0 0 58.129 240
p2 t2 gd  2455.89 20 0.359844 0 0 0 144.302 616
p2 t2 kama  1874.38 8 0.359879 0 0 0 255.616 1085
p2 t2 quetra  3342.03 10 0.156348 0 0 0 0 0
p2 t2 ra  3283.64 10 0.166552 0 0 0 0 0
p2 t3 abr  2624.08 102 0.290454 1.021 2 0.5105 124.047 583
p2 t3 ar  3281.54 14 0.216558 0.895 1 0.895 0 0
p2 t3 bb  3285.35 70 0.267316 0.895 1 0.895 8.615 47
p2 t3 bola  1198 0 0.495958 0.849 1 0.849 0 0
p2 t3 dy  2839.11 58 0.39594 0.558 1 0.558 66.173 327
p2 t3 elastic  3253.42 24 0.228056 3.167 2 1.5835 1.691 8
p2 t3 gd  2385.06 44 0.410778 0.893 1 0.893 132.393 635
p2 t3 kama  1980.4 46 0.421947 0.964 1 0.964 207.099 1012
p2 t3 quetra  3217.74 20 0.242579 0.927 1 0.927 8.699 39
p2 t3 ra  3290.35 10 0.221376 0.906 1 0.906 2.112 13
p2 t4 abr  2544.05 74 0.306716 0 0 0 135.319 521
p2 t4 ar  3461.39 22 0.182344 1.41 1 1.41 0 0
p2 t4 bb  3223.72 38 0.17187 0 0 0 6.193 34
p2 t4 bola  1143 0 0.503038 0 0 0 0 0
p2 t4 dy  3253.84 30 0.353383 3.981 1 3.981 41.459 174
p2 t4 elastic  2372.34 14 0.253866 0 0 0 155.387 662
p2 t4 gd  2360.44 24 0.44954 0 0 0 158.826 660
p2 t4 kama  2312.13 26 0.397637 0 0 0 178.536 751
p2 t4 quetra  2899.88 14 0.310802 1.707 1 1.707 93.785 405
p2 t4 ra  3385.34 14 0.206088 0 0 0 0 0
p2 t5 abr  1838.48 4 0.397007 1.553 2 0.7765 64.553 242
p2 t5 ar  2615.34 18 0.425845 0 0 0 68.477 298
p2 t5 bb  2552.5 16 0.389495 0 0 0 68.956 280
p2 t5 bola  1853.61 12 0.399185 0 0 0 56.921 221
p2 t5 dy  2637.56 28 0.455134 0 0 0 67.255 294
p2 t5 elastic  2238.27 10 0.321013 1.166 1 1.166 66.477 276
p2 t5 gd  2267.91 36 0.605988 0 0 0 89.955 395
p2 t5 kama  2481.37 18 0.452307 0 0 0 82.655 363
p2 t5 quetra  2614.59 18 0.426745 0 0 0 64.776 283
p2 t5 ra  2616.11 18 0.424898 0 0 0 66.881 290
p2 t6 abr  2972.16 359 0.318529 3.306 1 3.306 24.736 114
p2 t6 ar  2936.48 76 0.432889 0 0 0 0 0
p2 t6 bb  2988.23 53 0.527868 0 0 0 0 0
p2 t6 bola  1976.03 47 0.385742 3.293 1 3.293 0 0
p2 t6 dy  3334.55 169 0.623529 0 0 0 52.446 218
p2 t6 elastic  2607.95 51 0.251214 3.343 1 3.343 0 0
p2 t6 gd  1394.49 76 0.881526 0 0 0 320.682 1239
p2 t6 kama  3915.87 237 0.820064 0 0 0 142.272 549
p2 t6 quetra  2951.95 108 0.452823 0 0 0 0 0
p2 t6 ra  3068.1 80 0.37266 0 0 0 0 0
p2 t7 abr  2547.2 124 0.31586 0 0 0 38.93 183
p2 t7 ar  2703.6 36 0.281161 0 0 0 0 0
p2 t7 bb  2617.77 30 0.309704 0 0 0 19.482 112
p2 t7 bola  2422.3 28 0.322091 0 0 0 0 0
p2 t7 dy  2311.05 108 0.516921 0 0 0 46.763 246
p2 t7 elastic  2521.99 38 0.2148 0 0 0 2.642 14
p2 t7 gd  1577.9 82 0.718452 0 0 0 169.375 790
p2 t7 kama  2234 132 0.649783 0 0 0 155.701 765
p2 t7 quetra  2704.34 40 0.287305 0 0 0 0 0
p2 t7 ra  2681.96 28 0.283912 0 0 0 0.597 5
p3 t1 abr  1551.67 142 0.319468 4.37 8 0.54625 61.363 301
p3 t1 ar  1942.5 27 0.23389 3.533 8 0.441625 0 0
p3 t1 bb  1901.5 61 0.255296 3.819 7 0.545571 0 0
p3 t1 bola  1200 0 0.369505 9.309 13 0.716077 0 0
p3 t1 dy  1301.12 6 0.363858 3.732 7 0.533143 100.708 534
p3 t1 elastic  1749.99 56 0.217727 4.703 6 0.783833 12.9 75
p3 t1 gd  1200 0 0.370197 3.591 7 0.513 111.044 608
p3 t1 kama  1200 0 0.364954 3.731 6 0.621833 116.835 633
p3 t1 quetra  2004.43 27 0.2582 3.958 6 0.659667 0 0
p3 t1 ra  1964.97 25 0.252674 3.53 8 0.44125 0 0
p3 t2 abr  2134.86 152 0.211896 4.068 3 1.356 98.642 379
p3 t2 ar  2449.1 19 0.175111 4.079 2 2.0395 1.359 7
p3 t2 bb  2162.29 23 0.210101 3.744 2 1.872 0 0
p3 t2 bola  1622 0 0.245121 12.12 10 1.212 0 0
p3 t2 dy  1858.39 2 0.248596 3.954 2 1.977 162.896 705
p3 t2 elastic  1995.33 25 0.202702 3.753 3 1.251 61.936 268
p3 t2 gd  1622 0 0.259661 4.113 2 2.0565 165.268 703
p3 t2 kama  1622 0 0.256736 3.945 2 1.9725 165.492 698
p3 t2 quetra  2076.24 10 0.192694 3.314 2 1.657 34.569 147
p3 t2 ra  2481.38 18 0.176833 3.968 3 1.32267 10.241 46
p3 t3 abr  1912.59 162 0.290966 1.93 1 1.93 146.742 721
p3 t3 ar  2570.97 28 0.194297 1.955 1 1.955 4.733 24
p3 t3 bb  2255.8 39 0.195916 2.371 1 2.371 0 0
p3 t3 bola  1198 0 0.364252 2.984 2 1.492 0 0
p3 t3 dy  1580.58 18 0.368395 1.794 1 1.794 185.781 942
p3 t3 elastic  2273.05 59 0.15791 3.064 2 1.532 29.787 158
p3 t3 gd  1198 0 0.369919 2.609 1 2.609 240.876 1228
p3 t3 kama  1198 0 0.368144 2.072 1 2.072 236.843 1215
p3 t3 quetra  2255.47 32 0.224719 1.955 1 1.955 19.253 106
p3 t3 ra  2661.27 36 0.189105 1.701 1 1.701 6.06 30
p3 t4 abr  1515.65 126 0.283976 0 0 0 155.869 619
p3 t4 ar  2617 28 0.247481 8.71 2 4.355 12.265 54
p3 t4 bb  2249.66 35 0.166386 0 0 0 0 0
p3 t4 bola  1143 0 0.35928 0 0 0 0 0
p3 t4 dy  1496.79 8 0.361861 0 0 0 210.04 888
p3 t4 elastic  1517.58 24 0.240549 0 0 0 158.36 657
p3 t4 gd  1143 0 0.378612 0 0 0 262.285 1030
p3 t4 kama  1143 0 0.380944 0 0 0 259.99 1066
p3 t4 quetra  2256 19 0.306991 13.162 2 6.581 88.519 369
p3 t4 ra  2411.16 28 0.265717 2.259 1 2.259 17.64 75
p3 t5 abr  1427.97 34 0.330184 0 0 0 33.662 129
p3 t5 ar  1992.69 38 0.45361 4.569 1 4.569 17.963 78
p3 t5 bb  2075.51 28 0.438241 1.21 2 0.605 17.208 72
p3 t5 bola  1505.92 20 0.36506 0 0 0 8.78 37
p3 t5 dy  1529.69 28 0.704187 4.644 1 4.644 83.289 354
p3 t5 elastic  1340.04 25 0.321555 15.799 5 3.1598 44.583 181
p3 t5 gd  545.218 14 0.712663 0 0 0 118.571 476
p3 t5 kama  525.962 12 0.702961 0 0 0 126.041 521
p3 t5 quetra  1644.5 40 0.517626 4.836 1 4.836 12.542 51
p3 t5 ra  2123.78 32 0.430497 4.193 1 4.193 13.167 56
p3 t6 abr  1621.05 676 0.359381 0 0 0 55.743 228
p3 t6 ar  1773.34 142 0.408626 0 0 0 0 0
p3 t6 bb  1764.51 119 0.488988 0 0 0 0 0
p3 t6 bola  1268.86 93 0.385496 0 0 0 0 0
p3 t6 dy  2750.61 118 0.772308 4.403 1 4.403 144.323 610
p3 t6 elastic  1533.66 119 0.24289 2.763 1 2.763 0 0
p3 t6 gd  275.561 14 0.79464 0 0 0 391.979 1600
p3 t6 kama  2913.17 133 0.784239 0 0 0 204.266 829
p3 t6 quetra  1952.09 140 0.409989 0 0 0 0 0
p3 t6 ra  1699.71 119 0.375746 0 0 0 0 0
p3 t7 abr  1553.58 340 0.445035 0 0 0 113.553 540
p3 t7 ar  1902.26 81 0.415236 0 0 0 0 0
p3 t7 bb  1786.19 69 0.328289 0 0 0 0 0
p3 t7 bola  1190.14 23 0.361322 0.773 1 0.773 0 0
p3 t7 dy  1355.66 112 0.729616 0 0 0 177.753 851
p3 t7 elastic  1686.2 106 0.279975 0.756 1 0.756 1.599 8
p3 t7 gd  463.517 12 0.748566 0 0 0 341.882 1607
p3 t7 kama  784.62 52 0.735869 0 0 0 275.927 1287
p3 t7 quetra  1900.07 87 0.404225 0 0 0 0 0
p3 t7 ra  1868.27 60 0.384614 0 0 0 0 0
p4 t1 abr  1240.56 64 0.144655 62.131 33 1.88276 5.527 31
p4 t1 ar  1298.12 6 0.136607 63.682 40 1.59205 0 0
p4 t1 bb  1303.25 30 0.135568 63.719 40 1.59297 0 0
p4 t1 bola  1200 0 0.138525 63.007 39 1.61556 0 0
p4 t1 dy  1334.32 4 0.150689 63.644 37 1.72011 1.55 8
p4 t1 elastic  1207.51 4 0.148454 62.812 37 1.69762 11.748 62
p4 t1 gd  1200 0 0.152493 63.259 41 1.5429 15.357 87
p4 t1 kama  1200 0 0.150854 63.784 42 1.51867 14.38 82
p4 t1 quetra  1290.97 6 0.129609 63.675 38 1.67566 0 0
p4 t1 ra  1272.5 8 0.13463 63.645 41 1.55232 0 0
p4 t2 abr  1864.33 74 0.164735 52.749 19 2.77626 16.227 61
p4 t2 ar  1658.08 2 0.124382 52.302 19 2.75274 0.223 2
p4 t2 bb  1687.52 8 0.119726 244.911 25 9.79644 0 0
p4 t2 bola  1867.11 70 0.142152 53.334 22 2.42427 8.672 35
p4 t2 dy  1622 0 0.209295 52.386 20 2.6193 19.451 83
p4 t2 elastic  1633.52 2 0.157653 52.125 22 2.36932 17.316 74
p4 t2 gd  1622 0 0.12331 60.248 27 2.23141 16.652 63
p4 t2 kama  1622 0 0.15052 52.24 20 2.612 21.623 89
p4 t2 quetra  1657.71 2 0.127574 53.134 19 2.79653 0 0
p4 t2 ra  1657.79 2 0.113793 52.593 20 2.62965 0.725 4
p4 t3 abr  1372.08 148 0.141252 2.603 5 0.5206 67.864 352
p4 t3 ar  1919.44 24 0.155193 5.935 8 0.741875 7.542 37
p4 t3 bb  1607.76 61 0.117343 5.348 5 1.0696 0 0
p4 t3 bola  1300.22 3 0.181517 20.373 14 1.45521 0 0
p4 t3 dy  1306 4 0.144564 5.213 6 0.868833 92.997 497
p4 t3 elastic  1625.5 37 0.141 17.893 9 1.98811 38.26 201
p4 t3 gd  1348.11 4 0.149693 5.548 6 0.924667 93.696 490
p4 t3 kama  1341.35 4 0.13153 4.822 3 1.60733 97.192 530
p4 t3 quetra  1584.37 25 0.1508 5.16 4 1.29 48.694 230
p4 t3 ra  1779.75 34 0.129321 4.988 5 0.9976 3.428 22
p4 t4 abr  1209.95 120 0.14664 0 0 0 115.394 438
p4 t4 ar  1875.77 20 0.169609 18.537 3 6.179 9.66 41
p4 t4 bb  1482.33 39 0.15298 4.736 4 1.184 0 0
p4 t4 bola  1143 0 0.162612 9.797 5 1.9594 0 0
p4 t4 dy  1143 0 0.157408 4.589 2 2.2945 131.704 567
p4 t4 elastic  1177.4 6 0.128891 0.543 1 0.543 114.705 485
p4 t4 gd  1143 0 0.149604 3.55 2 1.775 133.067 575
p4 t4 kama  1143 0 0.144155 2.818 1 2.818 130.984 554
p4 t4 quetra  1198.06 2 0.144002 2.651 2 1.3255 107.241 460
p4 t4 ra  2228.46 27 0.173472 52.339 10 5.2339 6.492 34
p4 t5 abr  932.158 80 0.394937 5.219 2 2.6095 32.156 133
p4 t5 ar  1668.63 34 0.49643 9.827 2 4.9135 3.563 16
p4 t5 bb  1316.47 32 0.406683 13.61 1 13.61 2.821 11
p4 t5 bola  575.438 7 0.381472 3.917 3 1.30567 0 0
p4 t5 dy  1112.77 24 0.576407 16.407 1 16.407 46.012 196
p4 t5 elastic  764.377 26 0.272845 6.673 4 1.66825 18.637 77
p4 t5 gd  381.848 6 0.568893 5.251 2 2.6255 86.533 368
p4 t5 kama  590.393 12 0.572354 0 0 0 72.408 305
p4 t5 quetra  1310.71 36 0.476454 16.771 2 8.3855 7.941 33
p4 t5 ra  1337.32 28 0.432304 16.778 2 8.389 10.584 48
p4 t6 abr  1499.85 739 0.302826 1.819 1 1.819 28.648 118
p4 t6 ar  1008.71 107 0.426338 0 0 0 0 0
p4 t6 bb  1112.16 176 0.839531 0 0 0 0 0
p4 t6 bola  797.827 86 0.399686 6.48 3 2.16 0 0
p4 t6 dy  2955.06 122 0.719875 0 0 0 80.505 336
p4 t6 elastic  976.406 119 0.240437 6.179 4 1.54475 0 0
p4 t6 gd  255.472 6 0.703018 0 0 0 314.032 1322
p4 t6 kama  2065.72 80 0.726915 21.585 1 21.585 200.178 832
p4 t6 quetra  1147.7 115 0.465925 0 0 0 0 0
p4 t6 ra  1048.36 95 0.321696 0 0 0 0 0
p4 t7 abr  838.339 476 0.447946 0 0 0 98.247 480
p4 t7 ar  1194.58 44 0.441353 0 0 0 0 0
p4 t7 bb  1118.13 74 0.366521 0 0 0 0 0
p4 t7 bola  622.693 17 0.488139 3.726 5 0.7452 0 0
p4 t7 dy  1227.75 52 0.667582 0 0 0 136.408 650
p4 t7 elastic  1088.72 98 0.317172 0 0 0 6.624 35
p4 t7 gd  658.18 22 0.668605 0 0 0 214.604 1037
p4 t7 kama  540.291 18 0.652185 0 0 0 236.242 1147
p4 t7 quetra  1161.7 42 0.426847 0 0 0 0 0
p4 t7 ra  1173.93 46 0.402865 0 0 0 0 0
