p1 t1 abr  2009.71 0.327201 48.186 3.54231 11
p1 t1 ar  3093.07 0.259368 0 5.62384 48
p1 t1 bb2  2991.52 0.397339 0 3.91061 4
p1 t1 bola  3020.01 0.335798 0 4.07482 6
p1 t1 dy  3096.86 0.262952 0 5.63865 54
p1 t1 elastic  3035.66 0.201188 0 3.92156 41
p1 t1 gd  3107.62 0.258684 0 4.29305 54
p1 t1 kama  3057.95 0.25649 0 4.38397 42
p1 t1 ra  3081.59 0.245802 0 5.68848 32
p1 t2 abr  2288.35 0.266467 125.076 2.73509 11
p1 t2 ar  3192.38 0.199259 0 2.98113 15
p1 t2 bb2  3336.42 0.345286 12.026 3.03015 6
p1 t2 bola  3246.31 0.288348 0 3.11378 6
p1 t2 dy  3160.56 0.213205 0 2.9865 19
p1 t2 elastic  3161.25 0.186465 0 2.90215 23
p1 t2 gd  3167.73 0.191776 0 3.05978 17
p1 t2 kama  3384.52 0.163693 0 2.97242 10
p1 t2 ra  3351.78 0.191987 0 2.44115 16
p1 t3 abr  2015.92 0.339567 141.262 14.0608 11
p1 t3 ar  3127.05 0.292425 0 14.2041 23
p1 t3 bb2  3432.96 0.425468 9.365 0.540109 6
p1 t3 bola  3076.22 0.38268 0 4.7729 6
p1 t3 dy  3117.44 0.27286 0 14.1868 11
p1 t3 elastic  3122.31 0.231827 0 0.554053 23
p1 t3 gd  3123.27 0.290598 0 14.1573 21
p1 t3 kama  3381.63 0.277324 0 14.245 36
p1 t3 ra  3358.4 0.214656 0 14.9293 26
p1 t4 abr  1798.6 0.384585 168.424 4.06337 9
p1 t4 ar  3352.52 0.239726 0 4.12779 26
p1 t4 bb2  3411.09 0.402043 0 3.84511 6
p1 t4 bola  2601.9 0.356724 0 3.81429 5
p1 t4 dy  3359.41 0.215363 0 3.93602 16
p1 t4 elastic  3360.63 0.160177 0 4.28563 10
p1 t4 gd  3357.75 0.227564 0 3.14629 22
p1 t4 kama  3331.71 0.191192 0 4.54615 12
p1 t4 ra  3284.2 0.195245 0 4.00968 14
p1 t5 abr  1382.19 0.426599 0 4.99986 6
p1 t5 ar  1893.83 0.327568 0 4.13956 10
p1 t5 bb2  2020.42 0.687441 30.845 4.05319 8
p1 t5 bola  1740.93 0.338464 0 3.85978 11
p1 t5 dy  1895.02 0.328246 0 5.2643 8
p1 t5 elastic  2100.35 0.371384 0 3.45618 6
p1 t5 gd  1939.16 0.353147 0 4.57914 8
p1 t5 kama  1898.85 0.381736 0 5.06792 8
p1 t5 ra  2044.66 0.343875 0 5.36765 6
p1 t6 abr  2228.36 0.355483 71.931 7.49219 41
p1 t6 ar  2730.48 0.271023 0 7.91977 48
p1 t6 bb2  3698.9 0.45522 6.145 4.86864 35
p1 t6 bola  2586.9 0.289507 0 8.38211 19
p1 t6 dy  2738.9 0.274615 0 9.16545 44
p1 t6 elastic  2759.03 0.249317 0 17.2461 52
p1 t6 gd  2836 0.281072 0 5.80284 41
p1 t6 kama  2682.99 0.296998 0 5.89179 38
p1 t6 ra  2692.12 0.288287 0 7.98089 19
p1 t7 abr  2189.86 0.381902 63.014 5.70257 47
p1 t7 ar  2626.17 0.238628 0 8.56542 33
p1 t7 bb2  2829.24 0.431487 19.656 5.85357 12
p1 t7 bola  2630.52 0.268223 0 8.82865 14
p1 t7 dy  2756.89 0.250297 0 4.38978 30
p1 t7 elastic  2629.76 0.212398 0 10.4793 45
p1 t7 gd  2773.11 0.246784 0 11.5464 28
p1 t7 kama  2605.14 0.233047 0 7.81235 25
p1 t7 ra  2578.33 0.227063 0 20.0797 14
p2 t1 abr  1827.17 0.331089 55.138 1.2745 12
p2 t1 ar  2886.56 0.259549 0 1.40267 44
p2 t1 bb2  2821.44 0.377443 0 1.34803 5
p2 t1 bola  2839.57 0.301034 0 1.39523 5
p2 t1 dy  2717.11 0.267738 0 1.39666 51
p2 t1 elastic  2907.87 0.210154 0 1.20978 50
p2 t1 gd  2703.61 0.261784 0 1.45794 57
p2 t1 kama  2717.47 0.268503 0 1.44145 57
p2 t1 ra  2723.74 0.256264 0 1.41395 39
p2 t2 abr  2037.48 0.280432 133.318 0.979557 10
p2 t2 ar  3230.23 0.182027 0 1.10316 22
p2 t2 bb2  2935.92 0.283709 0 1.08664 5
p2 t2 bola  2250.66 0.312422 0 0.957914 1
p2 t2 dy  3237.84 0.186102 0 0.871817 20
p2 t2 elastic  3248.14 0.167634 0 0.972166 16
p2 t2 gd  3210.78 0.16998 0 0.960071 18
p2 t2 kama  3216.93 0.171667 0 1.04582 14
p2 t2 ra  3225.8 0.19958 0 1.06373 14
p2 t3 abr  1856.15 0.33342 149.276 13.9058 13
p2 t3 ar  3235.68 0.26684 0 5.98632 38
p2 t3 bb2  3259.77 0.303572 0 2.70584 6
p2 t3 bola  1198 0.474161 0 2.84809 0
p2 t3 dy  3270.46 0.276434 0 6.82477 36
p2 t3 elastic  3258.14 0.210184 0 3.56685 52
p2 t3 gd  3268.34 0.275482 0 6.86683 42
p2 t3 kama  3227.54 0.25637 0 6.94818 50
p2 t3 ra  3237.79 0.281364 0 8.91816 40
p2 t4 abr  1591.08 0.379506 179.141 1.39667 8
p2 t4 ar  2969.65 0.159734 0 1.49023 21
p2 t4 bb2  3012.64 0.261634 0 1.26185 5
p2 t4 bola  2289.26 0.344636 0 1.3758 3
p2 t4 dy  2945.28 0.158261 0 1.5134 15
p2 t4 elastic  3175.46 0.134848 0 1.29107 14
p2 t4 gd  2977.82 0.1651 0 1.4763 17
p2 t4 kama  3187.5 0.149073 0 1.38897 12
p2 t4 ra  3257.04 0.177916 0 1.4358 16
p2 t5 abr  1840.57 0.437646 0 3.7122 4
p2 t5 ar  1918.51 0.44114 0 5.96291 4
p2 t5 bb2  1754.47 0.578587 24.21 1.70934 8
p2 t5 bola  1838.12 0.436527 0 3.61536 4
p2 t5 dy  1924.47 0.43817 0 8.51141 4
p2 t5 elastic  1216.97 0.480441 0 10.7535 8
p2 t5 gd  1917.84 0.44505 0 9.16234 4
p2 t5 kama  1889.35 0.42828 0 4.96405 4
p2 t5 ra  1836.95 0.436094 0 1.70298 4
p2 t6 abr  1752.19 0.350563 51.137 3.96868 42
p2 t6 ar  2859.4 0.272457 0 4.08509 40
p2 t6 bb2  2857.17 0.43317 0 2.09676 33
p2 t6 bola  2530.78 0.295404 0 3.62015 17
p2 t6 dy  2851.55 0.271308 0 4.21296 38
p2 t6 elastic  2903.57 0.235904 0 12.9026 53
p2 t6 gd  2889.67 0.286576 0 4.09316 42
p2 t6 kama  2883.53 0.278049 0 3.92563 46
p2 t6 ra  2835 0.289142 0 3.95621 24
p2 t7 abr  1920.01 0.353768 38.901 1.85621 36
p2 t7 ar  2581.72 0.249843 0 2.44826 26
p2 t7 bb2  2664.61 0.39989 8.979 2.45943 13
p2 t7 bola  2571.95 0.287041 0 2.1199 12
p2 t7 dy  2602.6 0.25311 0 2.49639 24
p2 t7 elastic  2566.87 0.204852 0 15.8186 42
p2 t7 gd  2591.76 0.258337 0 2.54537 26
p2 t7 kama  2567.95 0.256564 0 2.56657 20
p2 t7 ra  2558.94 0.245819 0 2.32481 20
p3 t1 abr  1330.26 0.32994 29.641 5.75022 10
p3 t1 ar  1760.74 0.260052 0 3.06416 40
p3 t1 bb2  1865.37 0.290304 0 3.03376 37
p3 t1 bola  1831.28 0.267039 0 5.51471 8
p3 t1 dy  1763.4 0.274761 0 3.22802 36
p3 t1 elastic  1843.17 0.205796 0 6.35068 53
p3 t1 gd  1757.16 0.295233 0 3.07258 26
p3 t1 kama  1748.51 0.296102 0 5.86702 36
p3 t1 ra  1771.39 0.283943 0 2.35191 50
p3 t2 abr  1689.76 0.227745 85.916 2.28136 4
p3 t2 ar  2201.76 0.201346 0 2.38471 28
p3 t2 bb2  2122.86 0.212421 0 1.59845 23
p3 t2 bola  2147.87 0.238771 0 2.22292 5
p3 t2 dy  2088.43 0.195224 0 1.84231 8
p3 t2 elastic  2195.61 0.142216 0 1.53555 31
p3 t2 gd  2415.16 0.212693 0 4.96031 7
p3 t2 kama  2072.35 0.212049 0 1.89905 12
p3 t2 ra  2082.33 0.199655 0 1.2651 14
p3 t3 abr  1357.23 0.27696 146.391 14.9188 32
p3 t3 ar  2340.18 0.17829 0 1.8281 43
p3 t3 bb2  2142.82 0.249773 0 2.60807 7
p3 t3 bola  1923.17 0.220537 0 0.786626 1
p3 t3 dy  2298.49 0.23242 0 2.45944 25
p3 t3 elastic  4032.45 0.927936 0 13.9764 2
p3 t3 gd  2430.36 0.241723 0 2.20962 33
p3 t3 kama  2235.67 0.204873 0 2.51073 23
p3 t3 ra  2123.16 0.214462 0 1.99541 28
p3 t4 abr  1401.75 0.30453 125.968 0.56537 9
p3 t4 ar  2312.67 0.193159 0 0.902051 19
p3 t4 bb2  2075.68 0.258959 0 0.921745 5
p3 t4 bola  1744.98 0.251104 0 0.89682 1
p3 t4 dy  2558.65 0.215635 0 1.0076 24
p3 t4 elastic  2178.33 0.152275 0 0.828369 25
p3 t4 gd  1960.77 0.271772 0 1.01666 17
p3 t4 kama  2187.86 0.228991 0 0.879867 27
p3 t4 ra  2236.37 0.230348 0 1.12911 27
p3 t5 abr  1004.14 0.382705 0 1.70927 18
p3 t5 ar  1428.04 0.309428 0 6.74796 18
p3 t5 bb2  1650.1 0.550449 0 1.34249 8
p3 t5 bola  1489.83 0.388135 0 0.865581 15
p3 t5 dy  1424.94 0.339226 0 6.59797 12
p3 t5 elastic  1794.37 0.272749 0 9.69846 26
p3 t5 gd  1346.23 0.372637 0 4.62782 9
p3 t5 kama  1426.79 0.332997 0 4.88879 10
p3 t5 ra  1499.63 0.380592 0 1.00833 14
p3 t6 abr  1230.08 0.383925 81.103 15.9146 61
p3 t6 ar  1536.48 0.266645 0 1.29855 55
p3 t6 bb2  2442.78 0.407453 0 1.26868 34
p3 t6 bola  1465.86 0.277176 0 1.22126 34
p3 t6 dy  1613.72 0.299274 0 3.27883 27
p3 t6 elastic  1676.16 0.208412 0 10.9848 107
p3 t6 gd  1599.88 0.311397 0 3.58859 13
p3 t6 kama  1550.71 0.304861 0 5.91963 17
p3 t6 ra  1584.38 0.281545 0 3.18572 23
p3 t7 abr  947.017 0.43431 67.611 11.7404 54
p3 t7 ar  1687.26 0.296606 0 3.22691 65
p3 t7 bb2  1822.08 0.456624 0 1.40024 19
p3 t7 bola  1671.47 0.324779 0 1.40466 18
p3 t7 dy  1658.43 0.329433 0 2.47124 28
p3 t7 elastic  1719.66 0.271797 0 1.21271 112
p3 t7 gd  1558.06 0.366261 0 2.96559 8
p3 t7 kama  1696.75 0.304727 0 2.59813 27
p3 t7 ra  1710.39 0.320341 0 1.41911 27
p4 t1 abr  1231.02 0.153777 0 23.0233 68
p4 t1 ar  2089.66 0.162699 0 17.288 22
p4 t1 bb2  1226.71 0.14817 0 19.8677 4
p4 t1 bola  1200 0.146151 0 15.9953 0
p4 t1 dy  1480.35 0.152114 0 16.4087 8
p4 t1 elastic  1276.06 0.124738 0 15.8367 14
p4 t1 gd  1445.11 0.143777 0 14.0927 4
p4 t1 kama  1301.79 0.157946 0 10.8273 4
p4 t1 ra  1200 0.150726 0 18.5739 0
p4 t2 abr  1907.87 0.128366 0 7.8827 66
p4 t2 ar  2456.64 0.124118 0 9.8853 18
p4 t2 bb2  1677.5 0.0729176 0 8.92912 6
p4 t2 bola  1622 0.155991 0 8.02733 0
p4 t2 dy  2393.48 0.102637 0 5.23346 6
p4 t2 elastic  1762.94 0.195112 0 9.17831 10
p4 t2 gd  2007.37 0.129174 0 7.52582 6
p4 t2 kama  1770.56 0.182296 0 8.73806 4
p4 t2 ra  1830.85 0.176171 0 8.02027 6
p4 t3 abr  1602.73 0.156008 0 15.6884 154
p4 t3 ar  2023.44 0.129911 0 6.65641 66
p4 t3 bb2  1591.07 0.0976586 0 3.1675 61
p4 t3 bola  1301.59 0.175305 0 3.75214 3
p4 t3 dy  1971.48 0.137413 2.358 5.73788 43
p4 t3 elastic  1698.96 0.124199 0 4.57151 57
p4 t3 gd  2226 0.130796 4.586 5.65482 52
p4 t3 kama  1992.61 0.125648 0 5.37201 24
p4 t3 ra  1606.41 0.11334 0 6.90081 11
p4 t4 abr  1221.85 0.142689 0 2.23386 112
p4 t4 ar  1815.1 0.134442 0 1.78622 26
p4 t4 bb2  1444.01 0.0939306 0 0.998462 27
p4 t4 bola  1143 0.160361 0 2.8189 0
p4 t4 dy  1951.33 0.130156 0 1.41122 8
p4 t4 elastic  1461.76 0.0967904 0 0.857231 21
p4 t4 gd  1339.9 0.103505 0 1.20471 2
p4 t4 kama  1397.33 0.117519 0 1.24061 13
p4 t4 ra  1414.57 0.123128 0 1.01841 7
p4 t5 abr  1020.99 0.338769 0 5.48584 102
p4 t5 ar  744.301 0.300281 0 3.36447 16
p4 t5 bb2  532.979 0.436074 0 0.966928 5
p4 t5 bola  536.216 0.416687 0 11.7234 8
p4 t5 dy  788.137 0.337586 0 4.41577 8
p4 t5 elastic  908.045 0.271009 0 6.61763 30
p4 t5 gd  777.745 0.35742 0 4.37742 10
p4 t5 kama  885.709 0.29531 0 4.72289 6
p4 t5 ra  1025.68 0.311137 0 6.50013 11
p4 t6 abr  808.864 0.355408 0 12.4211 722
p4 t6 ar  972.396 0.257797 0 7.84729 59
p4 t6 bb2  985.839 0.335271 0 1.77964 19
p4 t6 bola  913.312 0.242033 0 6.60779 22
p4 t6 dy  970.848 0.276788 0 8.65133 27
p4 t6 elastic  1090.9 0.274499 0 18.5783 25
p4 t6 gd  984.098 0.280182 0 11.5001 13
p4 t6 kama  977.139 0.269793 0 7.22769 27
p4 t6 ra  936.75 0.234503 0 10.7829 14
p4 t7 abr  1107.6 0.407686 0 1.80066 526
p4 t7 ar  1028.02 0.336332 0 2.10862 79
p4 t7 bb2  969.782 0.384762 0 1.66352 25
p4 t7 bola  769.042 0.36487 0 1.22841 13
p4 t7 dy  1065.31 0.350469 0 2.17474 64
p4 t7 elastic  1127.01 0.293305 0 5.02302 94
p4 t7 gd  1027.92 0.322846 0 3.58941 62
p4 t7 kama  1053.48 0.333122 0 10.2266 63
p4 t7 ra  1073.66 0.31218 0 8.88106 60
