p1 t1 abr  2616.02 0.270815 0 3.64923 95
p1 t1 ar  3138.44 0.234974 0 3.93278 99
p1 t1 bb  3069.24 0.29408 0 4.30513 33
p1 t1 bola  1638.41 0.507835 0 3.80941 4
p1 t1 dy  3119.39 0.241154 0 3.88809 97
p1 t1 elastic  3036.59 0.201258 0 5.93756 37
p1 t1 gd  3141.74 0.240268 0 3.84088 89
p1 t1 kama  3129.91 0.243833 0 3.56166 87
p1 t1 ra  3153.91 0.215212 0 5.69367 69
p1 t2 abr  2923.41 0.222902 0 2.90707 88
p1 t2 ar  3218.46 0.194624 0 3.04637 20
p1 t2 bb  3182.82 0.326533 0 3.19823 9
p1 t2 bola  1938.93 0.384054 0 2.95705 4
p1 t2 dy  3229.47 0.196934 0 2.99631 20
p1 t2 elastic  3165.17 0.176053 0 2.98113 19
p1 t2 gd  3245.29 0.19907 0 2.93327 26
p1 t2 kama  3238.17 0.165697 0 3.00437 16
p1 t2 ra  3239.13 0.178917 0 4.77506 20
p1 t3 abr  2719.58 0.296171 0 7.21901 146
p1 t3 ar  3187.96 0.259648 0 14.0731 25
p1 t3 bb  3271.61 0.369909 0 7.24857 9
p1 t3 bola  2887.93 0.325825 0 14.1573 7
p1 t3 dy  3174.95 0.270479 0 14.1222 23
p1 t3 elastic  3153.84 0.240502 0 1.44903 37
p1 t3 gd  3223.03 0.261979 0 14.1713 25
p1 t3 kama  3209.69 0.249713 0 14.1713 27
p1 t3 ra  3216.58 0.220439 0 14.9179 25
p1 t4 abr  2506.9 0.332952 0 4.16805 78
p1 t4 ar  3417.98 0.196896 0 3.84055 25
p1 t4 bb  3346 0.228857 0 4.64931 11
p1 t4 bola  2303.02 0.41064 0 4.06373 6
p1 t4 dy  3422.35 0.177648 0 4.2167 25
p1 t4 elastic  3227.89 0.172031 0 3.89945 21
p1 t4 gd  3439.73 0.174074 0 3.73534 24
p1 t4 kama  3382.88 0.150211 0 3.42875 13
p1 t4 ra  3471.06 0.183135 0 4.86027 27
p1 t5 abr  1801.32 0.426284 0 4.38745 26
p1 t5 ar  2098.91 0.359583 0 5.43342 6
p1 t5 bb  1961.47 0.509916 0 5.47973 20
p1 t5 bola  2111.62 0.368147 0 4.51135 6
p1 t5 dy  2106.49 0.360354 0 3.86626 6
p1 t5 elastic  2058.48 0.380584 0 4.97873 10
p1 t5 gd  2091.64 0.361425 0 4.09382 6
p1 t5 kama  2114.07 0.380872 0 5.36765 4
p1 t5 ra  2113.89 0.385732 0 4.86274 4
p1 t6 abr  2597.4 0.299426 0 7.3205 479
p1 t6 ar  2832.89 0.288105 0 8.90296 65
p1 t6 bb  3481.43 0.393433 0 7.1497 53
p1 t6 bola  2208.05 0.319069 0 7.91688 55
p1 t6 dy  2851.18 0.288748 0 7.69181 65
p1 t6 elastic  2784.9 0.244588 0 17.3332 52
p1 t6 gd  2866.85 0.287755 0 9.83555 55
p1 t6 kama  2840.04 0.277533 0 11.3938 48
p1 t6 ra  3039.57 0.2946 0 22.189 47
p1 t7 abr  2580.9 0.339005 0 5.56326 236
p1 t7 ar  2715.41 0.232266 0 8.01859 39
p1 t7 bb  2612.64 0.37192 0 4.96644 21
p1 t7 bola  2635.24 0.261376 0 8.88021 30
p1 t7 dy  2658.29 0.232489 0 13.2257 26
p1 t7 elastic  2662.98 0.200599 0 8.60396 45
p1 t7 gd  2742.77 0.241581 0 13.8959 28
p1 t7 kama  2716.72 0.248893 0 12.5807 39
p1 t7 ra  2730.93 0.216906 0 22.5427 23
p2 t1 abr  2257.18 0.292286 0 1.44728 108
p2 t1 ar  3006.43 0.236678 0 1.49906 82
p2 t1 bb  2882.38 0.24579 0 1.49752 34
p2 t1 bola  1200 0.496311 0 1.40981 0
p2 t1 dy  3015.31 0.23831 0 1.51896 80
p2 t1 elastic  2937.17 0.215433 0 1.45175 58
p2 t1 gd  3005.72 0.23601 0 1.50451 74
p2 t1 kama  2809.28 0.217549 0 1.40006 54
p2 t1 ra  3001.56 0.225071 0 1.41206 62
p2 t2 abr  2868.67 0.21033 0 1.06333 82
p2 t2 ar  3264.64 0.168462 0 0.969953 22
p2 t2 bb  3195.12 0.221388 0 1.12482 8
p2 t2 bola  1622 0.426935 0 1.02344 0
p2 t2 dy  3284.01 0.176483 0 1.06287 26
p2 t2 elastic  3245.47 0.173949 0 0.972012 14
p2 t2 gd  3272.49 0.157248 0 1.06722 20
p2 t2 kama  3327.93 0.159381 0 1.04021 16
p2 t2 ra  3295.89 0.181527 0 1.63854 16
p2 t3 abr  2624.08 0.290454 0 4.25506 102
p2 t3 ar  3273.03 0.22377 0 7.0965 30
p2 t3 bb  3289.89 0.227514 0 3.74991 6
p2 t3 bola  1198 0.495958 0 2.98588 0
p2 t3 dy  3270.93 0.220642 0 4.01938 22
p2 t3 elastic  3269.5 0.212224 0 5.37311 46
p2 t3 gd  3278.11 0.221026 0 6.29573 38
p2 t3 kama  3273.71 0.221722 0 5.23448 36
p2 t3 ra  3304.52 0.226034 0 7.30563 42
p2 t4 abr  2544.05 0.306716 0 1.48563 74
p2 t4 ar  3291.67 0.160974 0 1.42311 24
p2 t4 bb  3206.67 0.149148 0 1.57794 14
p2 t4 bola  1143 0.503038 0 1.56375 0
p2 t4 dy  3298.51 0.149435 0 1.93368 28
p2 t4 elastic  3163.57 0.157109 0 1.52752 18
p2 t4 gd  3285.4 0.150899 0 1.95613 20
p2 t4 kama  3277.3 0.125456 0 1.63808 20
p2 t4 ra  3350.87 0.148025 0 5.93321 24
p2 t5 abr  1838.48 0.397007 0 3.77816 4
p2 t5 ar  1973.07 0.384143 0 9.12702 6
p2 t5 bb  1908.4 0.488738 0 1.64662 16
p2 t5 bola  1853.61 0.399185 0 1.55724 12
p2 t5 dy  1972.8 0.383685 0 11.1911 6
p2 t5 elastic  1886.82 0.376532 0 8.42319 9
p2 t5 gd  1967.22 0.38477 0 8.72074 6
p2 t5 kama  1974.53 0.400102 0 7.86813 6
p2 t5 ra  1940.42 0.395797 0 5.23807 10
p2 t6 abr  2972.16 0.318529 0 3.89892 359
p2 t6 ar  3003.32 0.26355 0 3.80991 64
p2 t6 bb  3335.82 0.35353 0 2.20388 41
p2 t6 bola  1976.03 0.385742 0 4.00671 47
p2 t6 dy  3077.77 0.274915 0 4.30604 61
p2 t6 elastic  2967.16 0.237553 0 12.371 50
p2 t6 gd  3034.57 0.263588 0 4.9977 58
p2 t6 kama  2996.3 0.256609 0 3.94944 40
p2 t6 ra  3066.56 0.28512 0 9.88297 32
p2 t7 abr  2547.2 0.31586 0 2.43251 124
p2 t7 ar  2620.39 0.234871 0 2.51316 34
p2 t7 bb  2700.97 0.321927 0 2.26431 16
p2 t7 bola  2422.3 0.322091 0 2.36235 28
p2 t7 dy  2638.71 0.243399 0 2.45306 30
p2 t7 elastic  2533.42 0.200165 0 14.2642 40
p2 t7 gd  2648.59 0.240965 0 2.45796 28
p2 t7 kama  2653.82 0.248717 0 2.29429 26
p2 t7 ra  2678.99 0.256448 0 2.49573 20
p3 t1 abr  1551.67 0.319468 0 6.3548 142
p3 t1 ar  1974.22 0.227538 0 11.7099 61
p3 t1 bb  1904.97 0.237765 0 9.66712 57
p3 t1 bola  1200 0.369505 0 8.72397 0
p3 t1 dy  1943.69 0.236161 0 6.15713 39
p3 t1 elastic  1812.58 0.196962 0 3.30801 50
p3 t1 gd  1934.1 0.250837 0 8.79299 43
p3 t1 kama  1930.02 0.227958 0 5.6721 55
p3 t1 ra  1922.83 0.22717 0 5.77952 55
p3 t2 abr  2134.86 0.211896 0 2.39568 152
p3 t2 ar  2534.64 0.176199 0 2.06557 42
p3 t2 bb  2227.49 0.200032 0 1.2183 25
p3 t2 bola  1622 0.245121 0 5.44783 0
p3 t2 dy  2470.82 0.186411 0 1.75359 22
p3 t2 elastic  2224.54 0.150449 0 2.30821 31
p3 t2 gd  2303.8 0.193968 0 2.34009 29
p3 t2 kama  2262.97 0.162947 0 5.5115 19
p3 t2 ra  2405.79 0.174819 0 4.96206 20
p3 t3 abr  1912.59 0.290966 0 4.90627 162
p3 t3 ar  2565.24 0.166573 0 2.09351 58
p3 t3 bb  2350.35 0.177786 0 1.77226 21
p3 t3 bola  1198 0.364252 0 4.78244 0
p3 t3 dy  2604.41 0.180991 0 1.50719 42
p3 t3 elastic  2263.28 0.141561 0 2.16782 65
p3 t3 gd  2532.41 0.210096 0 1.87695 60
p3 t3 kama  2676.39 0.174122 0 16.8401 62
p3 t3 ra  2565.72 0.203606 0 6.28708 52
p3 t4 abr  1515.65 0.283976 0 0.840129 126
p3 t4 ar  2309.76 0.164009 0 2.05053 33
p3 t4 bb  2233.77 0.176677 0 2.07803 31
p3 t4 bola  1143 0.35928 0 0.786114 0
p3 t4 dy  2382.19 0.175133 0 3.98642 33
p3 t4 elastic  1908.44 0.186055 0 0.923953 20
p3 t4 gd  2538.19 0.21717 0 12.6748 29
p3 t4 kama  2365.13 0.158999 0 4.47572 31
p3 t4 ra  2347.02 0.150251 0 2.3411 33
p3 t5 abr  1427.97 0.330184 0 6.98174 34
p3 t5 ar  1922.44 0.254826 0 9.41171 16
p3 t5 bb  1548.13 0.352986 0 0.875716 14
p3 t5 bola  1505.92 0.36506 0 0.89752 20
p3 t5 dy  1871.46 0.282389 0 10.0165 24
p3 t5 elastic  1798.51 0.242123 0 11.7916 24
p3 t5 gd  1661.81 0.232793 0 4.62036 18
p3 t5 kama  1681.52 0.323529 0 8.54115 28
p3 t5 ra  1712.31 0.323221 0 5.57573 22
p3 t6 abr  1621.05 0.359381 0 40.8995 676
p3 t6 ar  1666.36 0.247996 0 1.61773 70
p3 t6 bb  1899.9 0.34252 0 2.10532 51
p3 t6 bola  1268.86 0.385496 0 1.46619 93
p3 t6 dy  1614.7 0.279336 0 3.26536 39
p3 t6 elastic  1651.61 0.208492 0 5.53112 113
p3 t6 gd  1678.95 0.302555 0 10.1076 16
p3 t6 kama  1624.68 0.26789 0 5.82997 24
p3 t6 ra  1726.93 0.267352 0 12.7514 32
p3 t7 abr  1553.58 0.445035 0 2.48689 340
p3 t7 ar  1729.74 0.293321 0 3.2428 73
p3 t7 bb  1801.03 0.410874 0 1.64557 29
p3 t7 bola  1190.14 0.361322 0 2.97155 23
p3 t7 dy  1641.76 0.282149 0 3.25421 34
p3 t7 elastic  1745.04 0.262959 0 2.89126 102
p3 t7 gd  1620.68 0.309209 0 7.76105 32
p3 t7 kama  1706.99 0.294693 0 2.40195 51
p3 t7 ra  1707.13 0.298888 0 8.13633 49
p4 t1 abr  1240.56 0.144655 0 14.8535 64
p4 t1 ar  2194.08 0.14666 0 15.6933 42
p4 t1 bb  1328.44 0.149038 0 17.0304 28
p4 t1 bola  1200 0.138525 0 15.3121 0
p4 t1 dy  2004.41 0.1514 0 18.221 20
p4 t1 elastic  1249.98 0.120413 0 15.4898 14
p4 t1 gd  1490.27 0.143027 0 18.5108 26
p4 t1 kama  1315.8 0.137097 0 18.5028 18
p4 t1 ra  1311.27 0.137004 0 17.227 18
p4 t2 abr  1864.33 0.164735 0 6.92905 74
p4 t2 ar  2324.03 0.109771 0 6.47397 18
p4 t2 bb  1734.14 0.180725 0 9.49536 18
p4 t2 bola  1622 0.0924658 0 9.7085 0
p4 t2 dy  2350.4 0.12494 0 4.9419 12
p4 t2 elastic  1693.5 0.0483547 0 7.94271 8
p4 t2 gd  2063 0.160866 0 8.64144 12
p4 t2 kama  1724.27 0.0837816 0 7.24575 8
p4 t2 ra  2110.51 0.109898 0 11.4142 12
p4 t3 abr  1372.08 0.141252 0 3.30967 148
p4 t3 ar  2268.57 0.14335 0 1.47554 62
p4 t3 bb  1619.39 0.0935233 0 1.98025 73
p4 t3 bola  1300.22 0.181517 0 10.8559 3
p4 t3 dy  1916.88 0.150175 0 9.80375 38
p4 t3 elastic  1639.01 0.0682816 0 0.380781 51
p4 t3 gd  1810.71 0.112941 0 4.79261 51
p4 t3 kama  1720.04 0.106622 0 5.03478 41
p4 t3 ra  1719.91 0.118093 0 7.74671 49
p4 t4 abr  1209.95 0.14664 0 1.08587 120
p4 t4 ar  1992.46 0.141716 0 4.43248 42
p4 t4 bb  1565.68 0.194364 0 3.24253 47
p4 t4 bola  1143 0.162612 0 2.22128 0
p4 t4 dy  1868.63 0.157637 0 3.01303 41
p4 t4 elastic  1397.47 0.115911 0 1.09719 29
p4 t4 gd  1889.79 0.144121 0 1.22449 33
p4 t4 kama  1534.52 0.145504 0 2.33445 31
p4 t4 ra  1829.84 0.164491 0 1.92505 31
p4 t5 abr  932.158 0.394937 0 2.87388 80
p4 t5 ar  1202.59 0.248225 0 5.75942 26
p4 t5 bb  1046.72 0.350815 0 2.52769 18
p4 t5 bola  575.438 0.381472 0 4.74113 7
p4 t5 dy  1223.69 0.266531 0 6.71171 17
p4 t5 elastic  898.773 0.273871 0 5.01511 24
p4 t5 gd  1257 0.285943 0 4.1518 24
p4 t5 kama  1297.15 0.23578 0 7.80238 12
p4 t5 ra  1109.18 0.215704 0 8.84202 15
p4 t6 abr  1499.85 0.302826 0 3.38262 739
p4 t6 ar  1009.75 0.274992 0 7.65116 89
p4 t6 bb  1212.41 0.33999 0 1.67011 48
p4 t6 bola  797.827 0.399686 0 4.70941 86
p4 t6 dy  1020.19 0.253107 0 7.40251 35
p4 t6 elastic  1323.74 0.230054 0 28.592 136
p4 t6 gd  1016.57 0.226847 0 14.9651 17
p4 t6 kama  1013.95 0.23955 0 10.8787 23
p4 t6 ra  1015.68 0.239409 0 11.4936 29
p4 t7 abr  838.339 0.447946 0 2.96034 476
p4 t7 ar  1116.92 0.339229 0 1.97987 72
p4 t7 bb  1187.05 0.396118 0 1.15563 27
p4 t7 bola  622.693 0.488139 0 5.41557 17
p4 t7 dy  1092.11 0.36784 0 5.51684 57
p4 t7 elastic  1099.35 0.310977 0 3.07337 94
p4 t7 gd  1081.19 0.357012 0 4.66969 56
p4 t7 kama  1129.83 0.333646 0 10.5777 56
p4 t7 ra  1096.4 0.33988 0 11.742 47
