30-60
 abr  Bitrate  1  Inefficieny  0  # change  1 
 ar  Bitrate  6  Inefficieny  1  # change  0 
 bb  Bitrate  7  Inefficieny  0  # change  3 
 bola  Bitrate  0  Inefficieny  0  # change  19 
 dy  Bitrate  2  Inefficieny  0  # change  0 
 elastic  Bitrate  0  Inefficieny  18  # change  0 
 gd  Bitrate  3  Inefficieny  3  # change  2 
 kama  Bitrate  5  Inefficieny  3  # change  1 
 ra  Bitrate  4  Inefficieny  3  # change  2 

120
 abr  Bitrate  0  Inefficieny  0  # change  3 
 ar  Bitrate  2  Inefficieny  2  # change  0 
 bb2  Bitrate  8  Inefficieny  3  # change  7 
 bola  Bitrate  0  Inefficieny  0  # change  15 
 dy  Bitrate  4  Inefficieny  0  # change  0 
 elastic  Bitrate  8  Inefficieny  19  # change  0 
 gd  Bitrate  3  Inefficieny  0  # change  3 
 kama  Bitrate  1  Inefficieny  2  # change  0 
 ra  Bitrate  2  Inefficieny  2  # change  0 


240
 abr  Bitrate  0  Inefficieny  1  # change  5 
 ar  Bitrate  4  Inefficieny  2  # change  0 
 bb  Bitrate  5  Inefficieny  0  # change  13 
 bola  Bitrate  0  Inefficieny  1  # change  4 
 dy  Bitrate  2  Inefficieny  0  # change  0 
 elastic  Bitrate  13  Inefficieny  23  # change  1 
 gd  Bitrate  3  Inefficieny  1  # change  3 
 kama  Bitrate  1  Inefficieny  0  # change  0 
 ra  Bitrate  0  Inefficieny  0  # change  2 

