p1 t1 abr  1784.4 0.312697 241.729 4.33756 8
p1 t1 bb  2147.9 0.474962 255.314 4.26633 1
p1 t1 bola  3007.47 0.317486 0 4.26948 6
p1 t1 elastic  3068.84 0.201053 0 4.33153 45
p1 t1 gd  2865.61 0.306563 16.074 2.69875 40
p1 t2 abr  2023.57 0.261874 335.505 3.19086 10
p1 t2 bb  2903.29 0.393772 325.625 3.29824 4
p1 t2 bola  3245.98 0.281371 0 3.14165 6
p1 t2 elastic  3161.85 0.161451 0 3.14232 17
p1 t2 gd  3218.1 0.210617 73.216 2.76274 12
p1 t3 abr  1659.68 0.338159 414.77 15.3441 8
p1 t3 bb  3385.77 0.479113 495.102 7.18392 2
p1 t3 bola  3078.48 0.384275 0 14.1222 6
p1 t3 elastic  3157.22 0.22588 0 14.1329 19
p1 t3 gd  3285.15 0.311979 137.514 0.346853 26
p1 t4 abr  1576.46 0.382409 361.813 4.60396 8
p1 t4 bb  2690.17 0.445321 439.326 4.51181 3
p1 t4 bola  2897.21 0.335417 0 4.53159 6
p1 t4 elastic  3365.47 0.143342 0 4.48295 8
p1 t4 gd  3150.85 0.262476 7.706 3.73932 10
p1 t5 abr  1390.39 0.409138 0 5.01049 6
p1 t5 bb  899.081 0.880877 109.872 5.47973 6
p1 t5 bola  1753.6 0.332722 0 5.25503 9
p1 t5 elastic  2114.1 0.368412 0 5.40066 4
p1 t5 gd  1927.63 0.336285 0 3.46382 8
p1 t6 abr  1730.74 0.464776 278.304 9.10549 55
p1 t6 bb  2581 0.599309 501.01 7.47786 24
p1 t6 bola  2591.72 0.291622 0 9.06129 21
p1 t6 elastic  2786.75 0.254743 0 19.6234 46
p1 t6 gd  2894.18 0.288691 0.582 4.39366 22
p1 t7 abr  2523.29 0.380451 347.386 5.58704 30
p1 t7 bb  2466.26 0.581216 512.108 7.22466 7
p1 t7 bola  2664 0.271449 0 9.45148 18
p1 t7 elastic  2657.37 0.203928 0 9.64255 47
p1 t7 gd  2705.64 0.259836 8.987 12.6728 16
p2 t1 abr  2136.97 0.317472 231.399 1.48938 11
p2 t1 bb  2849.57 0.460288 368.447 1.55676 2
p2 t1 bola  2879.81 0.303534 0 1.19794 5
p2 t1 elastic  2936.67 0.203485 0 1.52276 36
p2 t1 gd  2318.1 0.298069 10.329 1.52276 32
p2 t2 abr  2282.76 0.274942 364.318 1.04961 7
p2 t2 bb  3060.23 0.325926 417.865 1.06963 2
p2 t2 bola  2248.34 0.316141 0 0.943379 1
p2 t2 elastic  3245.72 0.167881 0 0.938189 18
p2 t2 gd  2777.1 0.245956 35.375 1.1093 25
p2 t3 abr  1962.55 0.363256 432.683 14.1573 13
p2 t3 bb  3365.54 0.406397 442.864 3.02098 4
p2 t3 bola  1198 0.472123 0 14.1329 0
p2 t3 elastic  3292.14 0.212998 0 14.2826 40
p2 t3 gd  2735.87 0.307602 94.248 0.695478 49
p2 t4 abr  1763.98 0.390573 383.922 1.56793 5
p2 t4 bb  3336.85 0.44983 385.475 1.57846 4
p2 t4 bola  2872.66 0.294352 0 1.26956 5
p2 t4 elastic  3184.9 0.127468 0 1.57846 10
p2 t4 gd  2833.72 0.245711 12.215 1.52325 13
p2 t5 abr  1840.93 0.434025 0 1.84846 4
p2 t5 bb  547.678 0.759579 75.488 1.81163 5
p2 t5 bola  1839.93 0.430616 0 1.67089 4
p2 t5 elastic  1200.02 0.493184 0 9.33864 8
p2 t5 gd  1916.21 0.44011 0 8.12651 4
p2 t6 abr  2100.46 0.388533 223.381 4.08811 32
p2 t6 bb  4091.08 0.549936 480.383 2.36027 23
p2 t6 bola  2534.43 0.300222 0 3.75055 19
p2 t6 elastic  2938.71 0.236415 0 11.093 46
p2 t6 gd  2204.5 0.286325 0 4.05556 18
p2 t7 abr  2303.46 0.405953 322.524 2.58237 33
p2 t7 bb  2804.4 0.534688 482.746 2.06843 8
p2 t7 bola  2585.79 0.282319 0 2.25828 16
p2 t7 elastic  2605.61 0.200816 0 4.7276 46
p2 t7 gd  2292.64 0.27589 0 2.36474 15
p3 t1 abr  1343.42 0.323575 213.172 6.39366 12
p3 t1 bb  1448.6 0.358693 0 1.98894 10
p3 t1 bola  1853.02 0.25817 0 5.12241 10
p3 t1 elastic  1859.49 0.199037 0 5.49134 49
p3 t1 gd  1748.67 0.341357 140.303 3.14629 11
p3 t2 abr  1699.53 0.220358 315.836 1.34734 4
p3 t2 bb  2079.02 0.235659 25.273 1.19151 13
p3 t2 bola  2129.93 0.231795 0 1.10152 3
p3 t2 elastic  2219.99 0.157194 0 2.17187 27
p3 t2 gd  1789.65 0.271758 305.221 0.996724 4
p3 t3 abr  1321.73 0.299722 408.5 2.97637 22
p3 t3 bb  1882.41 0.307053 261.457 2.55895 5
p3 t3 bola  2154.28 0.219575 0 2.58021 5
p3 t3 elastic  2305.47 0.143536 0 1.63938 67
p3 t3 gd  1967.73 0.277406 265.688 0.557596 14
p3 t4 abr  1305.21 0.300885 304.553 0.989877 10
p3 t4 bb  1707.07 0.32614 208.358 0.641742 3
p3 t4 bola  1745.38 0.249373 0 0.914549 1
p3 t4 elastic  2179.59 0.153003 0 0.98818 21
p3 t4 gd  1939.92 0.258604 19.087 0.965545 9
p3 t5 abr  855.364 0.391478 0 7.54583 17
p3 t5 bb  538.535 0.690546 65.252 0.847429 5
p3 t5 bola  1495.83 0.384744 0 0.907854 13
p3 t5 elastic  1795.5 0.25832 0 12.0476 24
p3 t5 gd  1286.44 0.438014 0 2.41933 10
p3 t6 abr  1043.21 0.38328 264.684 1.45971 63
p3 t6 bb  1459.62 0.510776 469.591 1.33707 16
p3 t6 bola  1518.77 0.286365 0 1.61432 36
p3 t6 elastic  1856.94 0.220539 0 9.37138 119
p3 t6 gd  1476.28 0.360751 0 2.48858 9
p3 t7 abr  957.326 0.464561 375.969 2.87638 47
p3 t7 bb  1700.7 0.536833 479.114 1.34556 8
p3 t7 bola  1703.21 0.321373 0 1.5688 16
p3 t7 elastic  1776.07 0.285606 0 1.48359 111
p3 t7 gd  1572.51 0.405936 32.774 1.51051 19
p4 t1 abr  1200 0.153942 0 20.3572 0
p4 t1 bb  1200 0.150657 0 14.6498 0
p4 t1 bola  1200 0.15503 0 15.3682 0
p4 t1 elastic  1279.13 0.125962 0 16.0177 14
p4 t1 gd  1200 0.148231 0 18.0602 0
p4 t2 abr  1622 0.122225 0 8.2787 0
p4 t2 bb  1622 0.222229 0 7.37129 0
p4 t2 bola  1622 0.156206 0 7.52328 0
p4 t2 elastic  1685.88 0.148269 0 9.67102 8
p4 t2 gd  3763.14 -nan 0 12.0359 2
p4 t3 abr  1198 0.107671 177.678 3.69599 0
p4 t3 bb  1548.81 0.110167 0 14.7514 33
p4 t3 bola  1281 0.157801 0 16.8454 1
p4 t3 elastic  1701.24 0.11789 0 4.08655 59
p4 t3 gd  1649.38 0.161329 179.652 15.3839 20
p4 t4 abr  1143 0.115572 124.141 0.864396 0
p4 t4 bb  1428.36 0.114813 0 0.970135 17
p4 t4 bola  1143 0.129197 0 1.00299 0
p4 t4 elastic  1460.93 0.10852 0 1.02635 21
p4 t4 gd  1143 0.124582 132.096 1.32281 0
p4 t5 abr  744.809 0.384774 0 3.69429 16
p4 t5 bb  492.046 0.531546 0 1.33487 11
p4 t5 bola  814.067 0.295525 0 4.02831 10
p4 t5 elastic  922.491 0.290822 0 8.15844 32
p4 t5 gd  674.724 0.3489 0 3.79924 3
p4 t6 abr  598.847 0.370689 140.669 3.41328 64
p4 t6 bb  965.26 0.434046 443.714 1.91478 13
p4 t6 bola  950.044 0.292626 0 3.15201 42
p4 t6 elastic  1030.2 0.220278 0 13.2277 124
p4 t6 gd  913.018 0.361777 24.709 8.35903 15
p4 t7 abr  490.915 0.407699 310.076 2.9275 24
p4 t7 bb  986.573 0.418465 358.141 1.62262 4
p4 t7 bola  843.693 0.359406 0 1.63585 10
p4 t7 elastic  1097.53 0.286103 0 3.40251 90
p4 t7 gd  1062.57 0.379368 58.593 4.39953 48
