p1 t1 abr  2009.71 0.327201 48.186 3.54231 11
p1 t1 ar  3123.68 0.219915 0 7.28081 77
p1 t1 bb2  2991.52 0.397339 0 3.91061 4
p1 t1 bola  3020.01 0.335798 0 4.07482 6
p1 t1 dy  3149.64 0.215316 0 4.13041 65
p1 t1 elastic  3035.66 0.201188 0 3.92156 41
p1 t1 gd2  3149.54 0.224693 0 7.29678 71
p1 t1 kama  3139.33 0.228573 0 4.38359 71
p1 t1 ra  3153.99 0.218092 0 7.26395 61
p1 t2 abr  2288.35 0.266467 125.076 2.73509 11
p1 t2 ar  3219.18 0.19392 0 3.23766 23
p1 t2 bb2  3336.42 0.345286 12.026 3.03015 6
p1 t2 bola  3246.31 0.288348 0 3.11378 6
p1 t2 dy  3207.87 0.186209 0 3.18784 22
p1 t2 elastic  3161.25 0.186465 0 2.90215 23
p1 t2 gd2  3260.61 0.188839 0 3.17787 25
p1 t2 kama  3215.29 0.185765 0 3.12285 19
p1 t2 ra  3252.32 0.192338 0 3.1679 23
p1 t3 abr  2015.92 0.339567 141.262 14.0608 11
p1 t3 ar  3359.9 0.227306 0 14.1868 76
p1 t3 bb2  3432.96 0.425468 9.365 0.540109 6
p1 t3 bola  3076.22 0.38268 0 4.7729 6
p1 t3 dy  3363.66 0.215634 0 0.310342 68
p1 t3 elastic  3122.31 0.231827 0 0.554053 23
p1 t3 gd2  3356.7 0.233539 0 7.20625 70
p1 t3 kama  3360.75 0.235549 0 14.245 78
p1 t3 ra  3366.25 0.221961 0 7.1946 76
p1 t4 abr  1798.6 0.384585 168.424 4.06337 9
p1 t4 ar  3363.93 0.173688 0 4.33692 29
p1 t4 bb2  3411.09 0.402043 0 3.84511 6
p1 t4 bola  2601.9 0.356724 0 3.81429 5
p1 t4 dy  3332.73 0.176519 0 4.58645 19
p1 t4 elastic  3360.63 0.160177 0 4.28563 10
p1 t4 gd2  3355.85 0.192542 0 4.25525 23
p1 t4 kama  3318.5 0.164933 0 4.51243 21
p1 t4 ra  3344.9 0.167899 0 4.506 21
p1 t5 abr  1382.19 0.426599 0 4.99986 6
p1 t5 ar  2083.27 0.355058 0 5.59481 6
p1 t5 bb2  2020.42 0.687441 30.845 4.05319 8
p1 t5 bola  1740.93 0.338464 0 3.85978 11
p1 t5 dy  2098.22 0.347895 0 5.52616 6
p1 t5 elastic  2100.35 0.371384 0 3.45618 6
p1 t5 gd2  2113.62 0.372281 0 4.13352 4
p1 t5 kama  2063.76 0.33793 0 5.49828 6
p1 t5 ra  2114.11 0.373561 0 5.38346 4
p1 t6 abr  2228.36 0.355483 71.931 7.49219 41
p1 t6 ar  2832.21 0.245536 0 9.17634 48
p1 t6 bb2  3698.9 0.45522 6.145 4.86864 35
p1 t6 bola  2586.9 0.289507 0 8.38211 19
p1 t6 dy  2839.26 0.264285 0 8.7714 50
p1 t6 elastic  2759.03 0.249317 0 17.2461 52
p1 t6 gd2  2859.77 0.27776 0 13.3272 54
p1 t6 kama  2875.54 0.265047 0 13.0375 50
p1 t6 ra  2968.63 0.272211 0 26.7914 47
p1 t7 abr  2189.86 0.381902 63.014 5.70257 47
p1 t7 ar  2752.39 0.214868 0 12.7348 37
p1 t7 bb2  2829.24 0.431487 19.656 5.85357 12
p1 t7 bola  2630.52 0.268223 0 8.82865 14
p1 t7 dy  2758.26 0.229447 0 13.0227 37
p1 t7 elastic  2629.76 0.212398 0 10.4793 45
p1 t7 gd2  2776.07 0.223961 0 9.6075 41
p1 t7 kama  2767.07 0.225206 0 10.88 33
p1 t7 ra  2774.64 0.227197 0 25.0841 39
p2 t1 abr  1827.17 0.331089 55.138 1.2745 12
p2 t1 ar  2979.07 0.205606 0 1.44117 62
p2 t1 bb2  2821.44 0.377443 0 1.34803 5
p2 t1 bola  2839.57 0.301034 0 1.39523 5
p2 t1 dy  3005.91 0.219027 0 1.25618 62
p2 t1 elastic  2907.87 0.210154 0 1.20978 50
p2 t1 gd2  2996.32 0.206112 0 1.36361 72
p2 t1 kama  2980.72 0.217555 0 1.44096 56
p2 t1 ra  3001.73 0.20921 0 1.2606 54
p2 t2 abr  2037.48 0.280432 133.318 0.979557 10
p2 t2 ar  3296.3 0.157161 0 0.925348 20
p2 t2 bb2  2935.92 0.283709 0 1.08664 5
p2 t2 bola  2250.66 0.312422 0 0.957914 1
p2 t2 dy  3299.22 0.155745 0 1.1043 16
p2 t2 elastic  3248.14 0.167634 0 0.972166 16
p2 t2 gd2  3283.82 0.168438 0 0.947735 22
p2 t2 kama  3277.71 0.1521 0 1.08349 16
p2 t2 ra  3308.33 0.156851 0 0.888911 14
p2 t3 abr  1856.15 0.33342 149.276 13.9058 13
p2 t3 ar  3308.52 0.214245 0 3.01116 62
p2 t3 bb2  3259.77 0.303572 0 2.70584 6
p2 t3 bola  1198 0.474161 0 2.84809 0
p2 t3 dy  3315.22 0.211696 0 3.32751 58
p2 t3 elastic  3258.14 0.210184 0 3.56685 52
p2 t3 gd2  3360.6 0.204663 0 6.28709 58
p2 t3 kama  3386.84 0.228702 0 17.5498 50
p2 t3 ra  3335.05 0.198281 0 0.162286 54
p2 t4 abr  1591.08 0.379506 179.141 1.39667 8
p2 t4 ar  3252.4 0.142588 0 1.56323 16
p2 t4 bb2  3012.64 0.261634 0 1.26185 5
p2 t4 bola  2289.26 0.344636 0 1.3758 3
p2 t4 dy  3260.67 0.150597 0 1.51666 24
p2 t4 elastic  3175.46 0.134848 0 1.29107 14
p2 t4 gd2  3220.25 0.139613 0 1.27538 12
p2 t4 kama  3263.6 0.141838 0 1.68146 16
p2 t4 ra  3257.81 0.150102 0 1.57794 12
p2 t5 abr  1840.57 0.437646 0 3.7122 4
p2 t5 ar  1879.59 0.440259 0 9.34312 4
p2 t5 bb2  1754.47 0.578587 24.21 1.70934 8
p2 t5 bola  1838.12 0.436527 0 3.61536 4
p2 t5 dy  1907.85 0.455768 0 11.5456 6
p2 t5 elastic  1216.97 0.480441 0 10.7535 8
p2 t5 gd2  1861.18 0.431776 0 1.3533 6
p2 t5 kama  1866.46 0.442947 0 5.28383 4
p2 t5 ra  1854.63 0.443263 0 1.69821 6
p2 t6 abr  1752.19 0.350563 51.137 3.96868 42
p2 t6 ar  3016.55 0.261839 0 6.17819 65
p2 t6 bb2  2857.17 0.43317 0 2.09676 33
p2 t6 bola  2530.78 0.295404 0 3.62015 17
p2 t6 dy  3074.02 0.267063 0 6.89753 55
p2 t6 elastic  2903.57 0.235904 0 12.9026 53
p2 t6 gd2  3104.86 0.256933 0 9.23233 55
p2 t6 kama  3103.3 0.265847 0 8.2868 61
p2 t6 ra  3161.71 0.249934 0 13.4293 49
p2 t7 abr  1920.01 0.353768 38.901 1.85621 36
p2 t7 ar  1295.23 0.521481 0 3.21744 2
p2 t7 bb2  2664.61 0.39989 8.979 2.45943 13
p2 t7 bola  2571.95 0.287041 0 2.1199 12
p2 t7 dy  2642.02 0.223309 0 2.10634 42
p2 t7 elastic  2566.87 0.204852 0 15.8186 42
p2 t7 gd2  2656.7 0.23103 0 3.55206 46
p2 t7 kama  2653.36 0.222677 0 4.21098 36
p2 t7 ra  2663.27 0.228141 0 4.05239 38
p3 t1 abr  1330.26 0.32994 29.641 5.75022 10
p3 t1 ar  1915.76 0.186122 0 6.41016 45
p3 t1 bb2  1865.37 0.290304 0 3.03376 37
p3 t1 bola  1831.28 0.267039 0 5.51471 8
p3 t1 dy  1931.79 0.235598 0 11.0301 49
p3 t1 elastic  1843.17 0.205796 0 6.35068 53
p3 t1 gd2  1921.47 0.227726 0 15.6016 65
p3 t1 kama  1884.53 0.207618 0 6.6199 50
p3 t1 ra  1916.32 0.201001 0 8.4313 37
p3 t2 abr  1689.76 0.227745 85.916 2.28136 4
p3 t2 ar  2499.74 0.154948 0 1.53816 32
p3 t2 bb2  2122.86 0.212421 0 1.59845 23
p3 t2 bola  2147.87 0.238771 0 2.22292 5
p3 t2 dy  2502.65 0.185088 0 2.17752 32
p3 t2 elastic  2195.61 0.142216 0 1.53555 31
p3 t2 gd2  2412.21 0.194171 0 1.25917 30
p3 t2 kama  2361.32 0.205495 0 5.08596 28
p3 t2 ra  2400.48 0.189697 0 4.29989 24
p3 t3 abr  1357.23 0.27696 146.391 14.9188 32
p3 t3 ar  2533.91 0.182435 0 3.99712 93
p3 t3 bb2  2142.82 0.249773 0 2.60807 7
p3 t3 bola  1923.17 0.220537 0 0.786626 1
p3 t3 dy  2598.6 0.159677 0 3.85177 72
p3 t3 elastic  4032.45 0.927936 0 13.9764 2
p3 t3 gd2  2594.1 0.183638 0 4.38082 100
p3 t3 kama  2513.82 0.162566 0 1.33803 72
p3 t3 ra  2574.98 0.153174 0 1.04006 90
p3 t4 abr  1401.75 0.30453 125.968 0.56537 9
p3 t4 ar  2341.42 0.168914 0 0.898562 34
p3 t4 bb2  2075.68 0.258959 0 0.921745 5
p3 t4 bola  1744.98 0.251104 0 0.89682 1
p3 t4 dy  2280.16 0.161467 0 0.886384 29
p3 t4 elastic  2178.33 0.152275 0 0.828369 25
p3 t4 gd2  2306.88 0.221933 0 0.949052 27
p3 t4 kama  2311.69 0.195486 0 2.66413 27
p3 t4 ra  2255.82 0.173148 0 0.67479 25
p3 t5 abr  1004.14 0.382705 0 1.70927 18
p3 t5 ar  1568.28 0.314176 0 6.71289 24
p3 t5 bb2  1650.1 0.550449 0 1.34249 8
p3 t5 bola  1489.83 0.388135 0 0.865581 15
p3 t5 dy  1563.52 0.320694 0 3.2333 16
p3 t5 elastic  1794.37 0.272749 0 9.69846 26
p3 t5 gd2  1629.92 0.359429 0 2.34784 22
p3 t5 kama  1576.26 0.312379 0 2.39787 20
p3 t5 ra  1656.93 0.321144 0 1.02224 14
p3 t6 abr  1230.08 0.383925 81.103 15.9146 61
p3 t6 ar  1872.19 0.26445 0 4.27689 74
p3 t6 bb2  2442.78 0.407453 0 1.26868 34
p3 t6 bola  1465.86 0.277176 0 1.22126 34
p3 t6 dy  1885.21 0.266609 0 9.40822 52
p3 t6 elastic  1676.16 0.208412 0 10.9848 107
p3 t6 gd2  1785.67 0.270922 0 12.9499 61
p3 t6 kama  1822.2 0.248531 0 11.4973 56
p3 t6 ra  1807.89 0.255168 0 13.6824 51
p3 t7 abr  947.017 0.43431 67.611 11.7404 54
p3 t7 ar  1827.1 0.292551 0 3.39624 85
p3 t7 bb2  1822.08 0.456624 0 1.40024 19
p3 t7 bola  1671.47 0.324779 0 1.40466 18
p3 t7 dy  1820.74 0.283774 0 14.3097 65
p3 t7 elastic  1719.66 0.271797 0 1.21271 112
p3 t7 gd2  1835.18 0.288056 0 3.42497 69
p3 t7 kama  1811.36 0.280071 0 14.2921 59
p3 t7 ra  1831 0.275784 0 24.1418 71
p4 t1 abr  1231.02 0.153777 0 23.0233 68
p4 t1 ar  1305.45 0.137497 0 19.6502 20
p4 t1 bb2  1226.71 0.14817 0 19.8677 4
p4 t1 bola  1200 0.146151 0 15.9953 0
p4 t1 dy  1307.57 0.137074 0 16.8579 18
p4 t1 elastic  1276.06 0.124738 0 15.8367 14
p4 t1 gd2  1295.52 0.145942 0 18.4858 20
p4 t1 kama  1350.38 0.151205 0 15.7596 28
p4 t1 ra  1317.44 0.135295 0 19.5145 24
p4 t2 abr  1907.87 0.128366 0 7.8827 66
p4 t2 ar  1764.82 0.225887 0 9.2915 6
p4 t2 bb2  1677.5 0.0729176 0 8.92912 6
p4 t2 bola  1622 0.155991 0 8.02733 0
p4 t2 dy  1706.95 0.106265 0 6.37914 6
p4 t2 elastic  1762.94 0.195112 0 9.17831 10
p4 t2 gd2  1706.22 0.104409 0 8.5684 6
p4 t2 kama  1754.08 0.197585 0 8.42182 4
p4 t2 ra  1763.98 0.148506 0 10.1283 8
p4 t3 abr  1602.73 0.156008 0 15.6884 154
p4 t3 ar  1809.09 0.110929 0 4.79169 60
p4 t3 bb2  1591.07 0.0976586 0 3.1675 61
p4 t3 bola  1301.59 0.175305 0 3.75214 3
p4 t3 dy  1928.13 0.178702 0 14.997 76
p4 t3 elastic  1698.96 0.124199 0 4.57151 57
p4 t3 gd2  1799.97 0.172957 0 16.2611 96
p4 t3 kama  1739.37 0.164718 0 4.3876 72
p4 t3 ra  1805.17 0.125813 0 4.68678 66
p4 t4 abr  1221.85 0.142689 0 2.23386 112
p4 t4 ar  1668.42 0.10928 0 0.884548 23
p4 t4 bb2  1444.01 0.0939306 0 0.998462 27
p4 t4 bola  1143 0.160361 0 2.8189 0
p4 t4 dy  1515.26 0.1235 0 0.958272 31
p4 t4 elastic  1461.76 0.0967904 0 0.857231 21
p4 t4 gd2  1709.35 0.146958 0 1.06509 30
p4 t4 kama  1557.02 0.129857 0 1.14132 29
p4 t4 ra  1461.51 0.106341 0 0.996664 25
p4 t5 abr  1020.99 0.338769 0 5.48584 102
p4 t5 ar  1035.67 0.317059 0 4.17668 21
p4 t5 bb2  532.979 0.436074 0 0.966928 5
p4 t5 bola  536.216 0.416687 0 11.7234 8
p4 t5 dy  1018.77 0.304077 0 2.6631 15
p4 t5 elastic  908.045 0.271009 0 6.61763 30
p4 t5 gd2  962.887 0.296237 0 4.8412 15
p4 t5 kama  1002.74 0.260152 0 4.95347 9
p4 t5 ra  995.735 0.290788 0 4.3257 13
p4 t6 abr  808.864 0.355408 0 12.4211 722
p4 t6 ar  1029.78 0.277339 0 27.0869 71
p4 t6 bb2  985.839 0.335271 0 1.77964 19
p4 t6 bola  913.312 0.242033 0 6.60779 22
p4 t6 dy  1035.69 0.296306 0 10.3529 55
p4 t6 elastic  1090.9 0.274499 0 18.5783 25
p4 t6 gd2  1140.81 0.282962 0 8.9891 75
p4 t6 kama  1034.42 0.258763 0 11.7265 37
p4 t6 ra  1027.07 0.246342 0 16.4146 47
p4 t7 abr  1107.6 0.407686 0 1.80066 526
p4 t7 ar  1101.43 0.327059 0 22.9229 80
p4 t7 bb2  969.782 0.384762 0 1.66352 25
p4 t7 bola  769.042 0.36487 0 1.22841 13
p4 t7 dy  1159.03 0.325273 0 16.8025 70
p4 t7 elastic  1127.01 0.293305 0 5.02302 94
p4 t7 gd2  1139.63 0.339593 0 15.1066 92
p4 t7 kama  1116.41 0.325294 0 13.4798 80
p4 t7 ra  1117.33 0.315063 0 16.7634 69
