p1 t1 abr  1784.4 0.312697 0 4.33756 8
p1 t1 ar  3131.06 0.226853 0 6.13037 81
p1 t1 bb  2147.9 0.474962 0 4.26633 1
p1 t1 bola  3007.47 0.317486 0 4.26948 6
p1 t1 dy  3147.48 0.219021 0 4.29869 73
p1 t1 elastic  3068.84 0.201053 0 4.33153 45
p1 t1 gd  3133.39 0.218148 0 4.30471 69
p1 t1 kama  3127.88 0.219634 0 4.22021 67
p1 t1 ra  3147.99 0.21192 0 3.6615 51
p1 t2 abr  2023.57 0.261874 33.434 3.19086 10
p1 t2 ar  3214 0.201215 0 3.03041 23
p1 t2 bb  2903.29 0.393772 0 3.29824 4
p1 t2 bola  3245.98 0.281371 0 3.14165 6
p1 t2 dy  3200.32 0.202555 0 3.0958 25
p1 t2 elastic  3161.85 0.161451 0 3.14232 17
p1 t2 gd  3198.3 0.193517 0 3.17398 24
p1 t2 kama  3195.13 0.204285 0 3.20125 26
p1 t2 ra  3238.41 0.186906 0 3.0211 23
p1 t3 abr  1659.68 0.338159 67.584 15.3441 8
p1 t3 ar  3363.3 0.235999 0 14.1868 76
p1 t3 bb  3385.77 0.479113 0 7.18392 2
p1 t3 bola  3078.48 0.384275 0 14.1222 6
p1 t3 dy  3346.77 0.218747 0 0.245687 78
p1 t3 elastic  3157.22 0.22588 0 14.1329 19
p1 t3 gd  3351.72 0.230008 0 0.368531 72
p1 t3 kama  3337.18 0.230274 0 8.5095 70
p1 t3 ra  3347.3 0.217029 0 0.226788 68
p1 t4 abr  1576.46 0.382409 73.211 4.60396 8
p1 t4 ar  3357.02 0.192095 0 3.93184 31
p1 t4 bb  2690.17 0.445321 0 4.51181 3
p1 t4 bola  2897.21 0.335417 0 4.53159 6
p1 t4 dy  3360.78 0.166109 0 4.48662 23
p1 t4 elastic  3365.47 0.143342 0 4.48295 8
p1 t4 gd  3438.28 0.184742 0 4.58645 20
p1 t4 kama  3294.43 0.14582 0 4.63002 15
p1 t4 ra  3340.78 0.163202 0 3.92071 19
p1 t5 abr  1390.39 0.409138 0 5.01049 6
p1 t5 ar  2094.57 0.357708 0 4.39011 6
p1 t5 bb  899.081 0.880877 0 5.47973 6
p1 t5 bola  1753.6 0.332722 0 5.25503 9
p1 t5 dy  2101.95 0.367711 0 4.14631 6
p1 t5 elastic  2114.1 0.368412 0 5.40066 4
p1 t5 gd  2086.03 0.355643 0 5.33197 6
p1 t5 kama  2065.71 0.335172 0 5.23339 6
p1 t5 ra  2114.17 0.380362 0 5.52835 4
p1 t6 abr  1730.74 0.464776 13.994 9.10549 55
p1 t6 ar  2837.63 0.253826 0 9.10127 44
p1 t6 bb  2581 0.599309 0 7.47786 24
p1 t6 bola  2591.72 0.291622 0 9.06129 21
p1 t6 dy  2824.37 0.26686 0 10.2957 54
p1 t6 elastic  2786.75 0.254743 0 19.6234 46
p1 t6 gd  2839.87 0.27449 0 14.7196 58
p1 t6 kama  2831.68 0.260698 0 10.2694 54
p1 t6 ra  2970.55 0.271311 0 26.6695 45
p1 t7 abr  2523.29 0.380451 0 5.58704 30
p1 t7 ar  2754.97 0.21749 0 7.79405 37
p1 t7 bb  2466.26 0.581216 0 7.22466 7
p1 t7 bola  2664 0.271449 0 9.45148 18
p1 t7 dy  2762.59 0.219773 0 14.3417 47
p1 t7 elastic  2657.37 0.203928 0 9.64255 47
p1 t7 gd  2767.67 0.217936 0 12.7018 43
p1 t7 kama  2746.76 0.22322 0 14.4667 41
p1 t7 ra  2763.91 0.223298 0 20.7915 33
p2 t1 abr  2136.97 0.317472 0 1.48938 11
p2 t1 ar  2979.88 0.205121 0 1.40492 60
p2 t1 bb  2849.57 0.460288 0 1.55676 2
p2 t1 bola  2879.81 0.303534 0 1.19794 5
p2 t1 dy  2996.3 0.2123 0 1.52394 74
p2 t1 elastic  2936.67 0.203485 0 1.52276 36
p2 t1 gd  3002.08 0.208939 0 1.46221 66
p2 t1 kama  3019.03 0.211386 0 1.52384 58
p2 t1 ra  3011.21 0.207398 0 1.55355 50
p2 t2 abr  2282.76 0.274942 32.492 1.04961 7
p2 t2 ar  3267.12 0.154308 0 0.924903 14
p2 t2 bb  3060.23 0.325926 6.62 1.06963 2
p2 t2 bola  2248.34 0.316141 0 0.943379 1
p2 t2 dy  3300.23 0.15501 0 1.15049 16
p2 t2 elastic  3245.72 0.167881 0 0.938189 18
p2 t2 gd  3267.02 0.154765 0 1.14268 14
p2 t2 kama  3308.25 0.157125 0 1.08899 12
p2 t2 ra  3296.32 0.171087 0 1.07115 16
p2 t3 abr  1962.55 0.363256 64.16 14.1573 13
p2 t3 ar  3362.29 0.208139 0 6.76676 66
p2 t3 bb  3365.54 0.406397 4.71 3.02098 4
p2 t3 bola  1198 0.472123 0 14.1329 0
p2 t3 dy  3351.34 0.203648 0 1.88868 58
p2 t3 elastic  3292.14 0.212998 0 14.2826 40
p2 t3 gd  3373.37 0.208493 0 6.83232 58
p2 t3 kama  3348.46 0.206753 0 5.39553 56
p2 t3 ra  3455.83 0.223417 0 17.2768 56
p2 t4 abr  1763.98 0.390573 78.29 1.56793 5
p2 t4 ar  3286.08 0.144908 0 1.47609 22
p2 t4 bb  3336.85 0.44983 0 1.57846 4
p2 t4 bola  2872.66 0.294352 0 1.26956 5
p2 t4 dy  3261.23 0.139419 0 1.66656 22
p2 t4 elastic  3184.9 0.127468 0 1.57846 10
p2 t4 gd  3261.79 0.138766 0 1.62114 24
p2 t4 kama  3227.81 0.118026 0 1.57794 12
p2 t4 ra  3245.64 0.136592 0 1.45621 12
p2 t5 abr  1840.93 0.434025 0 1.84846 4
p2 t5 ar  1861.49 0.437886 0 3.46226 6
p2 t5 bb  547.678 0.759579 0 1.81163 5
p2 t5 bola  1839.93 0.430616 0 1.67089 4
p2 t5 dy  1881.23 0.43443 0 7.25146 4
p2 t5 elastic  1200.02 0.493184 0 9.33864 8
p2 t5 gd  1853.44 0.436318 0 3.99247 6
p2 t5 kama  1854.99 0.435357 0 1.9047 6
p2 t5 ra  1853.66 0.444225 0 3.49375 6
p2 t6 abr  2100.46 0.388533 0 4.08811 32
p2 t6 ar  3031.35 0.259476 0 6.46973 63
p2 t6 bb  4091.08 0.549936 0 2.36027 23
p2 t6 bola  2534.43 0.300222 0 3.75055 19
p2 t6 dy  3043.09 0.247672 0 7.99194 59
p2 t6 elastic  2938.71 0.236415 0 11.093 46
p2 t6 gd  3149.87 0.279209 0 7.78939 61
p2 t6 kama  3075.32 0.255239 0 6.62868 55
p2 t6 ra  3134.33 0.266238 0 13.8348 65
p2 t7 abr  2303.46 0.405953 0 2.58237 33
p2 t7 ar  2652.79 0.225494 0 3.18673 42
p2 t7 bb  2804.4 0.534688 0 2.06843 8
p2 t7 bola  2585.79 0.282319 0 2.25828 16
p2 t7 dy  2675.08 0.232551 0 3.65676 42
p2 t7 elastic  2605.61 0.200816 0 4.7276 46
p2 t7 gd  2662.33 0.225005 0 2.61371 48
p2 t7 kama  2660.45 0.230225 0 2.63637 42
p2 t7 ra  2656.02 0.227534 0 2.99937 34
p3 t1 abr  1343.42 0.323575 0 6.39366 12
p3 t1 ar  1915.69 0.1798 0 8.28588 47
p3 t1 bb  1448.6 0.358693 0 1.98894 10
p3 t1 bola  1853.02 0.25817 0 5.12241 10
p3 t1 dy  1909.01 0.237361 0 11.07 43
p3 t1 elastic  1859.49 0.199037 0 5.49134 49
p3 t1 gd  1919.27 0.24094 0 9.83042 49
p3 t1 kama  1909.83 0.207535 0 8.08335 51
p3 t1 ra  1913.13 0.221142 0 11.1638 45
p3 t2 abr  1699.53 0.220358 0 1.34734 4
p3 t2 ar  2501.58 0.14443 0 2.29422 30
p3 t2 bb  2079.02 0.235659 0 1.19151 13
p3 t2 bola  2129.93 0.231795 0 1.10152 3
p3 t2 dy  2424.64 0.204372 0 4.10801 28
p3 t2 elastic  2219.99 0.157194 0 2.17187 27
p3 t2 gd  2291.75 0.192108 0 2.89751 29
p3 t2 kama  2376.56 0.196718 0 3.46255 30
p3 t2 ra  2402.26 0.19774 0 3.18431 24
p3 t3 abr  1321.73 0.299722 72.661 2.97637 22
p3 t3 ar  2582.11 0.178978 0 1.37276 98
p3 t3 bb  1882.41 0.307053 0 2.55895 5
p3 t3 bola  2154.28 0.219575 0 2.58021 5
p3 t3 dy  2580.84 0.158739 0 0.546191 84
p3 t3 elastic  2305.47 0.143536 0 1.63938 67
p3 t3 gd  2619.72 0.188537 0 15.7878 96
p3 t3 kama  2627.88 0.157717 0 15.9809 88
p3 t3 ra  2497.65 0.154964 0 1.17265 82
p3 t4 abr  1305.21 0.300885 44.78 0.989877 10
p3 t4 ar  2356.22 0.157138 0 0.962965 32
p3 t4 bb  1707.07 0.32614 0 0.641742 3
p3 t4 bola  1745.38 0.249373 0 0.914549 1
p3 t4 dy  2371.12 0.18 0 1.02062 23
p3 t4 elastic  2179.59 0.153003 0 0.98818 21
p3 t4 gd  2264.79 0.236666 0 0.872176 33
p3 t4 kama  2235.93 0.182735 0 1.75683 27
p3 t4 ra  2251.88 0.174002 0 0.804 25
p3 t5 abr  855.364 0.391478 0 7.54583 17
p3 t5 ar  1545.65 0.301664 0 4.966 24
p3 t5 bb  538.535 0.690546 0 0.847429 5
p3 t5 bola  1495.83 0.384744 0 0.907854 13
p3 t5 dy  1606.37 0.325584 0 2.91452 16
p3 t5 elastic  1795.5 0.25832 0 12.0476 24
p3 t5 gd  1658.8 0.365781 0 3.41429 18
p3 t5 kama  1605.68 0.323137 0 3.8514 22
p3 t5 ra  1650.17 0.295426 0 2.32956 12
p3 t6 abr  1043.21 0.38328 0 1.45971 63
p3 t6 ar  1797.76 0.242101 0 6.33367 81
p3 t6 bb  1459.62 0.510776 0 1.33707 16
p3 t6 bola  1518.77 0.286365 0 1.61432 36
p3 t6 dy  1955.05 0.24774 0 13.4956 49
p3 t6 elastic  1856.94 0.220539 0 9.37138 119
p3 t6 gd  1919.26 0.287806 0 8.6385 73
p3 t6 kama  1619.92 0.229921 0 10.4643 36
p3 t6 ra  1896.14 0.252669 0 12.1317 58
p3 t7 abr  957.326 0.464561 19.628 2.87638 47
p3 t7 ar  1840.41 0.297569 0 7.26532 85
p3 t7 bb  1700.7 0.536833 0 1.34556 8
p3 t7 bola  1703.21 0.321373 0 1.5688 16
p3 t7 dy  1835.76 0.265695 0 19.3186 65
p3 t7 elastic  1776.07 0.285606 0 1.48359 111
p3 t7 gd  1849.48 0.277056 0 16.9913 59
p3 t7 kama  1807.72 0.275238 0 11.7389 59
p3 t7 ra  1833.33 0.27841 0 18.6666 73
p4 t1 abr  1200 0.153942 0 20.3572 0
p4 t1 ar  1301.82 0.122483 0 20.9055 18
p4 t1 bb  1200 0.150657 0 14.6498 0
p4 t1 bola  1200 0.15503 0 15.3682 0
p4 t1 dy  1325.05 0.148242 0 14.8728 28
p4 t1 elastic  1279.13 0.125962 0 16.0177 14
p4 t1 gd  1311.24 0.146828 0 14.5893 24
p4 t1 kama  1313.01 0.145597 0 14.3792 26
p4 t1 ra  1336.54 0.150512 0 11.711 24
p4 t2 abr  1622 0.122225 0 8.2787 0
p4 t2 ar  1761.13 0.0422185 0 6.67221 4
p4 t2 bb  1622 0.222229 0 7.37129 0
p4 t2 bola  1622 0.156206 0 7.52328 0
p4 t2 dy  1739.9 0.0672104 0 7.86351 6
p4 t2 elastic  1685.88 0.148269 0 9.67102 8
p4 t2 gd  1751.09 0.0637879 0 8.08338 8
p4 t2 kama  1751.42 0.0759595 0 8.03679 8
p4 t2 ra  1741.17 0.0404379 0 5.65217 6
p4 t3 abr  1198 0.107671 0 3.69599 0
p4 t3 ar  1860.59 0.121012 0 5.62718 60
p4 t3 bb  1548.81 0.110167 0 14.7514 33
p4 t3 bola  1281 0.157801 0 16.8454 1
p4 t3 dy  1863.27 0.130205 0 5.0885 74
p4 t3 elastic  1701.24 0.11789 0 4.08655 59
p4 t3 gd  1853.51 0.121557 0 5.65083 94
p4 t3 kama  1876.25 0.128531 0 5.18754 78
p4 t3 ra  1899.71 0.144429 0 2.87526 80
p4 t4 abr  1143 0.115572 0 0.864396 0
p4 t4 ar  1717.46 0.115454 0 1.07912 26
p4 t4 bb  1428.36 0.114813 0 0.970135 17
p4 t4 bola  1143 0.129197 0 1.00299 0
p4 t4 dy  1591.12 0.124202 0 2.52702 42
p4 t4 elastic  1460.93 0.10852 0 1.02635 21
p4 t4 gd  1463.98 0.12876 0 1.1263 29
p4 t4 kama  1599.95 0.117796 0 1.18017 23
p4 t4 ra  1608.03 0.111239 0 1.14298 25
p4 t5 abr  744.809 0.384774 0 3.69429 16
p4 t5 ar  1019.8 0.32315 0 3.97563 17
p4 t5 bb  492.046 0.531546 0 1.33487 11
p4 t5 bola  814.067 0.295525 0 4.02831 10
p4 t5 dy  1108.46 0.303144 0 4.18621 16
p4 t5 elastic  922.491 0.290822 0 8.15844 32
p4 t5 gd  994.598 0.269807 0 3.99937 13
p4 t5 kama  1036.09 0.272561 0 7.34055 15
p4 t5 ra  1020.62 0.290256 0 4.14888 15
p4 t6 abr  598.847 0.370689 0 3.41328 64
p4 t6 ar  1053.29 0.277234 0 5.47735 75
p4 t6 bb  965.26 0.434046 0 1.91478 13
p4 t6 bola  950.044 0.292626 0 3.15201 42
p4 t6 dy  1089.66 0.28465 0 16.2209 52
p4 t6 elastic  1030.2 0.220278 0 13.2277 124
p4 t6 gd  1019.97 0.280592 0 11.6233 47
p4 t6 kama  1027.33 0.266466 0 9.86412 41
p4 t6 ra  1045.1 0.258408 0 10.263 47
p4 t7 abr  490.915 0.407699 0 2.9275 24
p4 t7 ar  1191.39 0.322278 0 16.0791 84
p4 t7 bb  986.573 0.418465 0 1.62262 4
p4 t7 bola  843.693 0.359406 0 1.63585 10
p4 t7 dy  1148.25 0.341245 0 23.981 77
p4 t7 elastic  1097.53 0.286103 0 3.40251 90
p4 t7 gd  1166.17 0.338154 0 15.2595 95
p4 t7 kama  1110.52 0.326579 0 13.8384 86
p4 t7 ra  1147.16 0.31534 0 17.1016 72
