p1 t1 kama10  3139.33 0.228573 0 4.38359 71
p1 t1 kama15  3090.29 0.232061 0 5.62274 75
p1 t1 kama5  3106.89 0.224041 0 4.07654 81
p1 t1 kama_no_limit  3444.47 0.208627 0 75.886 58
p1 t2 kama10  3215.29 0.185765 0 3.12285 19
p1 t2 kama15  3217.41 0.195394 0 2.98572 15
p1 t2 kama5  3313.67 0.20032 0 2.94066 40
p1 t2 kama_no_limit  3313.45 0.200611 0 2.99524 14
p1 t3 kama10  3360.75 0.235549 0 14.245 78
p1 t3 kama15  3300.88 0.233058 0 14.0731 48
p1 t3 kama5  3375.14 0.238906 0 14.0731 104
p1 t3 kama_no_limit  3558.81 0.264823 0 17.6543 86
p1 t4 kama10  3318.5 0.164933 0 4.51243 21
p1 t4 kama15  3264.55 0.180789 0 4.01959 19
p1 t4 kama5  3402.52 0.16811 0 4.37889 31
p1 t4 kama_no_limit  3280.95 0.211309 0 4.40927 12
p1 t5 kama10  2063.76 0.33793 0 5.49828 6
p1 t5 kama15  2038.82 0.34144 0 3.97555 6
p1 t5 kama5  2113.44 0.37529 0 4.11427 4
p1 t5 kama_no_limit  1963.05 0.361486 0 5.11907 8
p1 t6 kama10  2875.54 0.265047 0 13.0375 50
p1 t6 kama15  2746.2 0.282274 0 7.27197 37
p1 t6 kama5  3194.68 0.281552 0 38.0805 87
p1 t6 kama_no_limit  3939.37 0.651008 21.551 9.16558 144
p1 t7 kama10  2767.07 0.225206 0 10.88 33
p1 t7 kama15  2701.88 0.224041 0 9.2654 31
p1 t7 kama5  2789.38 0.221404 0 36.6374 68
p1 t7 kama_no_limit  2466.79 0.811228 126.129 8.89268 86
p2 t1 kama10  2980.72 0.217555 0 1.44096 56
p2 t1 kama15  2976.12 0.210963 0 1.28818 56
p2 t1 kama5  2994.79 0.229944 0 3.41913 84
p2 t1 kama_no_limit  3399.22 0.248122 0 42.6332 69
p2 t2 kama10  3277.71 0.1521 0 1.08349 16
p2 t2 kama15  3296.08 0.160995 0 0.920629 14
p2 t2 kama5  3308.16 0.158485 0 0.864218 32
p2 t2 kama_no_limit  3156.72 0.188556 0 0.978789 12
p2 t3 kama10  3386.84 0.228702 0 17.5498 50
p2 t3 kama15  3295.46 0.221948 0 3.2629 38
p2 t3 kama5  3343.25 0.234998 0 3.55614 92
p2 t3 kama_no_limit  3598.54 0.243295 0 46.3683 80
p2 t4 kama10  3263.6 0.141838 0 1.68146 16
p2 t4 kama15  3187.49 0.139371 0 1.32082 8
p2 t4 kama5  3301.51 0.157264 0 1.30596 28
p2 t4 kama_no_limit  2930.84 0.182609 0 1.42792 15
p2 t5 kama10  1866.46 0.442947 0 5.28383 4
p2 t5 kama15  1842.92 0.440886 0 1.64927 4
p2 t5 kama5  2000 0.455748 0 7.69166 12
p2 t5 kama_no_limit  1839.21 0.445592 0 1.71852 4
p2 t6 kama10  3103.3 0.265847 0 8.2868 61
p2 t6 kama15  2981.38 0.255597 0 4.62914 37
p2 t6 kama5  3209.17 0.280605 0 20.475 81
p2 t6 kama_no_limit  3365.21 0.605119 4.849 3.90295 150
p2 t7 kama10  2653.36 0.222677 0 4.21098 36
p2 t7 kama15  2624.79 0.228407 0 2.31859 28
p2 t7 kama5  2674.32 0.228068 0 12.2583 64
p2 t7 kama_no_limit  2229.46 0.723052 76.784 23.6504 114
p3 t1 kama10  1884.53 0.207618 0 6.6199 50
p3 t1 kama15  1841.52 0.229302 0 5.51167 40
p3 t1 kama5  1988.49 0.213319 0 17.4554 73
p3 t1 kama_no_limit  2676.21 0.223442 0 68.3115 95
p3 t2 kama10  2361.32 0.205495 0 5.08596 28
p3 t2 kama15  2187.35 0.180218 0 1.14736 19
p3 t2 kama5  2401.75 0.148239 0 6.16343 40
p3 t2 kama_no_limit  2088.15 0.206319 0 1.62349 12
p3 t3 kama10  2513.82 0.162566 0 1.33803 72
p3 t3 kama15  2508.23 0.158871 0 3.47481 64
p3 t3 kama5  2675.91 0.190613 0 19.1506 138
p3 t3 kama_no_limit  3033.23 0.282037 0 49.4301 94
p3 t4 kama10  2311.69 0.195486 0 2.66413 27
p3 t4 kama15  2242.05 0.174663 0 0.697112 17
p3 t4 kama5  2352.17 0.207299 0 1.41567 51
p3 t4 kama_no_limit  2100.89 0.201925 0 0.892914 19
p3 t5 kama10  1576.26 0.312379 0 2.39787 20
p3 t5 kama15  1549.14 0.308086 0 0.88932 12
p3 t5 kama5  1746.74 0.349961 0 3.74347 34
p3 t5 kama_no_limit  1343.18 0.369704 0 0.832441 9
p3 t6 kama10  1822.2 0.248531 0 11.4973 56
p3 t6 kama15  1641.44 0.246295 0 5.21133 36
p3 t6 kama5  2088.19 0.250384 0 26.215 89
p3 t6 kama_no_limit  1707.43 0.326673 0 2.16797 168
p3 t7 kama10  1811.36 0.280071 0 14.2921 59
p3 t7 kama15  1729.49 0.279748 0 8.02451 52
p3 t7 kama5  1955.72 0.26341 0 29.905 106
p3 t7 kama_no_limit  2786.34 0.182696 0 131.771 171
p4 t1 kama10  1350.38 0.151205 0 15.7596 28
p4 t1 kama15  1284.6 0.139757 0 15.1766 16
p4 t1 kama5  1331.67 0.13781 0 30.6874 36
p4 t1 kama_no_limit  1646.39 0.137225 0 66.2898 92
p4 t2 kama10  1754.08 0.197585 0 8.42182 4
p4 t2 kama15  1755.05 0.141295 0 6.99636 5
p4 t2 kama5  1809.78 0.0987103 0 7.93067 20
p4 t2 kama_no_limit  1622 0.117402 0 7.62512 0
p4 t3 kama10  1739.37 0.164718 0 4.3876 72
p4 t3 kama15  1679.65 0.122569 0 5.95683 55
p4 t3 kama5  1847.23 0.168254 0 14.9009 106
p4 t3 kama_no_limit  2163.12 0.175864 0 27.6539 88
p4 t4 kama10  1557.02 0.129857 0 1.14132 29
p4 t4 kama15  1465.45 0.114751 0 0.942283 21
p4 t4 kama5  1646.66 0.14748 0 1.95808 46
p4 t4 kama_no_limit  1388.89 0.131282 0 0.978657 7
p4 t5 kama10  1002.74 0.260152 0 4.95347 9
p4 t5 kama15  953.034 0.295325 0 4.91231 13
p4 t5 kama5  1247.57 0.290699 0 8.03222 28
p4 t5 kama_no_limit  769.631 0.349799 0 3.90549 10
p4 t6 kama10  1034.42 0.258763 0 11.7265 37
p4 t6 kama15  1035.01 0.285642 0 18.2673 42
p4 t6 kama5  1089.64 0.258672 0 27.6027 105
p4 t6 kama_no_limit  1081.21 0.340128 0 21.8165 175
p4 t7 kama10  1116.41 0.325294 0 13.4798 80
p4 t7 kama15  1181.36 0.351545 0 19.45 78
p4 t7 kama5  1203.79 0.327171 0 25.6662 111
p4 t7 kama_no_limit  1382.47 0.282612 0 89.3052 95
