p1 t1 kamaAql  3038.97 0.266181 0 4.17801 71
p1 t2 kamaAql  3311.94 0.209027 0 3.14165 14
p1 t3 kamaAql  3185.46 0.271621 0 7.17409 31
p1 t4 kamaAql  3246.85 0.195712 0 3.32533 10
p1 t5 kamaAql  1905.5 0.411336 0 5.14498 12
p1 t6 kamaAql  2657.02 0.29138 0 8.46743 45
p1 t7 kamaAql  2609.15 0.242125 0 12.943 30
p2 t1 kamaAql  2952.93 0.247573 0 1.32008 62
p2 t2 kamaAql  3147.49 0.185417 0 0.941366 14
p2 t3 kamaAql  3270.57 0.23214 0 4.4543 32
p2 t4 kamaAql  2886.3 0.178445 0 1.50178 9
p2 t5 kamaAql  1835.35 0.432122 0 5.36452 4
p2 t6 kamaAql  2855.68 0.292202 0 4.15901 36
p2 t7 kamaAql  2577.78 0.258158 0 2.20908 24
p3 t1 kamaAql  1820.05 0.262649 0 6.27014 36
p3 t2 kamaAql  2080.2 0.195795 0 1.10499 14
p3 t3 kamaAql  2288.85 0.155052 0 2.5486 33
p3 t4 kamaAql  2209.87 0.222387 0 0.74938 15
p3 t5 kamaAql  1360.62 0.406742 0 0.513342 11
p3 t6 kamaAql  1540.41 0.30776 0 3.08216 53
p3 t7 kamaAql  1651.33 0.304098 0 1.36866 29
p4 t1 kamaAql  1259.56 0.145643 0 20.6163 8
p4 t2 kamaAql  1622 0.112707 0 10.1566 0
p4 t3 kamaAql  1729.94 0.123083 0 2.09102 29
p4 t4 kamaAql  1397.28 0.119627 0 1.0052 9
p4 t5 kamaAql  700.349 0.348853 0 6.15049 13
p4 t6 kamaAql  981.88 0.305076 0 20.4389 61
p4 t7 kamaAql  1056.91 0.346791 0 3.32484 73
