p1 t1 kama5  3106.89 0.224041 0 4.07654 81
p1 t2 kama5  3313.67 0.20032 0 2.94066 40
p1 t3 kama5  3375.14 0.238906 0 14.0731 104
p1 t4 kama5  3402.52 0.16811 0 4.37889 31
p1 t5 kama5  2113.44 0.37529 0 4.11427 4
p1 t6 kama5  3194.68 0.281552 0 38.0805 87
p1 t7 kama5  2789.38 0.221404 0 36.6374 68
p2 t1 kama5  2994.79 0.229944 0 3.41913 84
p2 t2 kama5  3308.16 0.158485 0 0.864218 32
p2 t3 kama5  3343.25 0.234998 0 3.55614 92
p2 t4 kama5  3301.51 0.157264 0 1.30596 28
p2 t5 kama5  2000 0.455748 0 7.69166 12
p2 t6 kama5  3209.17 0.280605 0 20.475 81
p2 t7 kama5  2674.32 0.228068 0 12.2583 64
p3 t1 kama5  1988.49 0.213319 0 17.4554 73
p3 t2 kama5  2401.75 0.148239 0 6.16343 40
p3 t3 kama5  2675.91 0.190613 0 19.1506 138
p3 t4 kama5  2352.17 0.207299 0 1.41567 51
p3 t5 kama5  1746.74 0.349961 0 3.74347 34
p3 t6 kama5  2088.19 0.250384 0 26.215 89
p3 t7 kama5  1955.72 0.26341 0 29.905 106
p4 t1 kama5  1331.67 0.13781 0 30.6874 36
p4 t2 kama5  1809.78 0.0987103 0 7.93067 20
p4 t3 kama5  1847.23 0.168254 0 14.9009 106
p4 t4 kama5  1646.66 0.14748 0 1.95808 46
p4 t5 kama5  1247.57 0.290699 0 8.03222 28
p4 t6 kama5  1089.64 0.258672 0 27.6027 105
p4 t7 kama5  1203.79 0.327171 0 25.6662 111
