p1 t1 abr  2009.71 0.327201 48.186 3.54231 11
p1 t1 ar  3078.19 0.228501 0 4.27856 75
p1 t1 bb  2991.52 0.397339 0 3.91061 4
p1 t1 bola  3020.01 0.335798 0 4.07482 6
p1 t1 dy  3015.27 0.249893 0 3.00212 69
p1 t1 elastic  3035.66 0.201188 0 3.92156 41
p1 t1 gd  3048.74 0.252424 0 5.23998 73
p1 t1 kama  3038.97 0.266181 0 4.17801 71
p1 t1 ra  3013.8 0.239926 0 4.08054 59
p1 t2 abr  2288.35 0.266467 125.076 2.73509 11
p1 t2 ar  3089.6 0.226179 0 2.84874 17
p1 t2 bb  3336.42 0.345286 12.026 3.03015 6
p1 t2 bola  3246.31 0.288348 0 3.11378 6
p1 t2 dy  3298.59 0.227397 0 2.77161 16
p1 t2 elastic  3161.25 0.186465 0 2.90215 23
p1 t2 gd  3285.28 0.20754 0 3.09822 16
p1 t2 kama  3311.94 0.209027 0 3.14165 14
p1 t2 ra  3280.61 0.212264 0 2.96248 14
p1 t3 abr  2015.92 0.339567 141.262 14.0608 11
p1 t3 ar  3144.92 0.276159 0 14.0667 37
p1 t3 bb  3432.96 0.425468 9.365 0.540109 6
p1 t3 bola  3076.22 0.38268 0 4.7729 6
p1 t3 dy  3148.59 0.270087 0 14.0203 29
p1 t3 elastic  3122.31 0.231827 0 0.554053 23
p1 t3 gd  3188.48 0.268002 0 14.0608 25
p1 t3 kama  3185.46 0.271621 0 7.17409 31
p1 t3 ra  3192.96 0.241034 0 13.9573 39
p1 t4 abr  1798.6 0.384585 168.424 4.06337 9
p1 t4 ar  3360.77 0.190758 0 3.85203 31
p1 t4 bb  3411.09 0.402043 0 3.84511 6
p1 t4 bola  2601.9 0.356724 0 3.81429 5
p1 t4 dy  3278.55 0.232882 0 3.70671 16
p1 t4 elastic  3360.63 0.160177 0 4.28563 10
p1 t4 gd  3289.12 0.239864 0 4.39271 16
p1 t4 kama  3246.85 0.195712 0 3.32533 10
p1 t4 ra  3249.75 0.223398 0 4.00433 14
p1 t5 abr  1382.19 0.426599 0 4.99986 6
p1 t5 ar  2077.3 0.355227 0 3.46825 8
p1 t5 bb  2020.42 0.687441 30.845 4.05319 8
p1 t5 bola  1740.93 0.338464 0 3.85978 11
p1 t5 dy  1912.01 0.341958 0 4.55308 8
p1 t5 elastic  2100.35 0.371384 0 3.45618 6
p1 t5 gd  1938.99 0.325013 0 4.39935 8
p1 t5 kama  1905.5 0.411336 0 5.14498 12
p1 t5 ra  2036.43 0.329053 0 4.44016 6
p1 t6 abr  2228.36 0.355483 71.931 7.49219 41
p1 t6 ar  2661.27 0.262882 0 7.59219 46
p1 t6 bb  3698.9 0.45522 6.145 4.86864 35
p1 t6 bola  2586.9 0.289507 0 8.38211 19
p1 t6 dy  2709.45 0.262158 0 8.53932 34
p1 t6 elastic  2759.03 0.249317 0 17.2461 52
p1 t6 gd  2671.9 0.261776 0 8.99298 37
p1 t6 kama  2657.02 0.29138 0 8.46743 45
p1 t6 ra  2636.26 0.284172 0 8.75014 20
p1 t7 abr  2189.86 0.381902 63.014 5.70257 47
p1 t7 ar  2626.92 0.232733 0 9.15798 36
p1 t7 bb  2829.24 0.431487 19.656 5.85357 12
p1 t7 bola  2630.52 0.268223 0 8.82865 14
p1 t7 dy  2639.97 0.229425 0 8.47039 32
p1 t7 elastic  2629.76 0.212398 0 10.4793 45
p1 t7 gd  2628.78 0.224977 0 10.7308 34
p1 t7 kama  2609.15 0.242125 0 12.943 30
p1 t7 ra  2604.44 0.221521 0 14.1248 24
p2 t1 abr  1827.17 0.331089 55.138 1.2745 12
p2 t1 ar  2960.34 0.224302 0 1.27249 70
p2 t1 bb  2821.44 0.377443 0 1.34803 5
p2 t1 bola  2839.57 0.301034 0 1.39523 5
p2 t1 dy  2942.26 0.241703 0 1.34166 68
p2 t1 elastic  2907.87 0.210154 0 1.20978 50
p2 t1 gd  2938.69 0.248175 0 1.30515 58
p2 t1 kama  2952.93 0.247573 0 1.32008 62
p2 t1 ra  2923.27 0.244235 0 1.35266 50
p2 t2 abr  2037.48 0.280432 133.318 0.979557 10
p2 t2 ar  3138.67 0.184969 0 0.939571 14
p2 t2 bb  2935.92 0.283709 0 1.08664 5
p2 t2 bola  2250.66 0.312422 0 0.957914 1
p2 t2 dy  3139.58 0.182428 0 1.0066 16
p2 t2 elastic  3248.14 0.167634 0 0.972166 16
p2 t2 gd  2830.53 0.187885 0 0.942783 13
p2 t2 kama  3147.49 0.185417 0 0.941366 14
p2 t2 ra  3157.11 0.21416 0 1.0069 10
p2 t3 abr  1856.15 0.33342 149.276 13.9058 13
p2 t3 ar  3262.3 0.2057 0 0.360896 42
p2 t3 bb  3259.77 0.303572 0 2.70584 6
p2 t3 bola  1198 0.474161 0 2.84809 0
p2 t3 dy  3304.68 0.244939 0 14.7857 46
p2 t3 elastic  3258.14 0.210184 0 3.56685 52
p2 t3 gd  3260.28 0.222773 0 3.73607 40
p2 t3 kama  3270.57 0.23214 0 4.4543 32
p2 t3 ra  3372.5 0.24178 0 18.6718 34
p2 t4 abr  1591.08 0.379506 179.141 1.39667 8
p2 t4 ar  3334.71 0.17841 0 1.48943 36
p2 t4 bb  3012.64 0.261634 0 1.26185 5
p2 t4 bola  2289.26 0.344636 0 1.3758 3
p2 t4 dy  2886.39 0.167233 0 1.42998 13
p2 t4 elastic  3175.46 0.134848 0 1.29107 14
p2 t4 gd  2892.31 0.17236 0 1.48965 13
p2 t4 kama  2886.3 0.178445 0 1.50178 9
p2 t4 ra  2926.4 0.177961 0 1.39961 13
p2 t5 abr  1840.57 0.437646 0 3.7122 4
p2 t5 ar  1963.58 0.400119 0 7.31237 10
p2 t5 bb  1754.47 0.578587 24.21 1.70934 8
p2 t5 bola  1838.12 0.436527 0 3.61536 4
p2 t5 dy  1862.77 0.449289 0 1.80491 4
p2 t5 elastic  1216.97 0.480441 0 10.7535 8
p2 t5 gd  1856.53 0.441243 0 3.84656 6
p2 t5 kama  1835.35 0.432122 0 5.36452 4
p2 t5 ra  1840.32 0.436895 0 3.45878 4
p2 t6 abr  1752.19 0.350563 51.137 3.96868 42
p2 t6 ar  2780.32 0.259407 0 3.55017 48
p2 t6 bb  2857.17 0.43317 0 2.09676 33
p2 t6 bola  2530.78 0.295404 0 3.62015 17
p2 t6 dy  2817.9 0.267139 0 4.01243 42
p2 t6 elastic  2903.57 0.235904 0 12.9026 53
p2 t6 gd  2872.34 0.280651 0 3.99118 42
p2 t6 kama  2855.68 0.292202 0 4.15901 36
p2 t6 ra  2845.81 0.286488 0 3.81668 30
p2 t7 abr  1920.01 0.353768 38.901 1.85621 36
p2 t7 ar  2584.07 0.229759 0 2.26171 40
p2 t7 bb  2664.61 0.39989 8.979 2.45943 13
p2 t7 bola  2571.95 0.287041 0 2.1199 12
p2 t7 dy  2604.78 0.240079 0 2.29537 36
p2 t7 elastic  2566.87 0.204852 0 15.8186 42
p2 t7 gd  2606.76 0.241933 0 2.37561 30
p2 t7 kama  2577.78 0.258158 0 2.20908 24
p2 t7 ra  2636.03 0.261633 0 3.9859 22
p3 t1 abr  1330.26 0.32994 29.641 5.75022 10
p3 t1 ar  1856.52 0.222479 0 5.35563 56
p3 t1 bb  1865.37 0.290304 0 3.03376 37
p3 t1 bola  1831.28 0.267039 0 5.51471 8
p3 t1 dy  1813.35 0.27164 0 4.02784 36
p3 t1 elastic  1843.17 0.205796 0 6.35068 53
p3 t1 gd  1803.28 0.283141 0 4.6053 44
p3 t1 kama  1820.05 0.262649 0 6.27014 36
p3 t1 ra  1808.54 0.264801 0 4.59052 36
p3 t2 abr  1689.76 0.227745 85.916 2.28136 4
p3 t2 ar  2084.33 0.190991 0 1.66764 22
p3 t2 bb  2122.86 0.212421 0 1.59845 23
p3 t2 bola  2147.87 0.238771 0 2.22292 5
p3 t2 dy  2091.77 0.205731 0 1.69912 10
p3 t2 elastic  2195.61 0.142216 0 1.53555 31
p3 t2 gd  2206.58 0.216716 1.738 1.69874 21
p3 t2 kama  2080.2 0.195795 0 1.10499 14
p3 t2 ra  2107.78 0.203496 0 1.69102 10
p3 t3 abr  1357.23 0.27696 146.391 14.9188 32
p3 t3 ar  2627.7 0.17646 0 0.462538 68
p3 t3 bb  2142.82 0.249773 0 2.60807 7
p3 t3 bola  1923.17 0.220537 0 0.786626 1
p3 t3 dy  2337.45 0.185553 0 2.93701 31
p3 t3 elastic  4032.45 0.927936 0 13.9764 2
p3 t3 gd  2280.28 0.181301 0 2.06497 31
p3 t3 kama  2288.85 0.155052 0 2.5486 33
p3 t3 ra  2493.56 0.171346 0 2.41794 40
p3 t4 abr  1401.75 0.30453 125.968 0.56537 9
p3 t4 ar  2352.58 0.195735 0 0.87063 43
p3 t4 bb  2075.68 0.258959 0 0.921745 5
p3 t4 bola  1744.98 0.251104 0 0.89682 1
p3 t4 dy  2086.16 0.237782 0 1.07164 11
p3 t4 elastic  2178.33 0.152275 0 0.828369 25
p3 t4 gd  2442.29 0.311225 0.021 0.73546 16
p3 t4 kama  2209.87 0.222387 0 0.74938 15
p3 t4 ra  2325.04 0.240215 0 0.890609 15
p3 t5 abr  1004.14 0.382705 0 1.70927 18
p3 t5 ar  1583.59 0.265041 0 9.17933 18
p3 t5 bb  1650.1 0.550449 0 1.34249 8
p3 t5 bola  1489.83 0.388135 0 0.865581 15
p3 t5 dy  1349.21 0.350841 0 0.787425 15
p3 t5 elastic  1794.37 0.272749 0 9.69846 26
p3 t5 gd  1394.65 0.414644 0 0.878079 11
p3 t5 kama  1360.62 0.406742 0 0.513342 11
p3 t5 ra  1401 0.395569 0 0.817162 11
p3 t6 abr  1230.08 0.383925 81.103 15.9146 61
p3 t6 ar  1570.33 0.282039 0 2.77631 97
p3 t6 bb  2442.78 0.407453 0 1.26868 34
p3 t6 bola  1465.86 0.277176 0 1.22126 34
p3 t6 dy  1665.54 0.288643 0 12.5078 68
p3 t6 elastic  1676.16 0.208412 0 10.9848 107
p3 t6 gd  1598.24 0.33092 0 3.22023 39
p3 t6 kama  1540.41 0.30776 0 3.08216 53
p3 t6 ra  1668.53 0.309567 0 7.86671 54
p3 t7 abr  947.017 0.43431 67.611 11.7404 54
p3 t7 ar  1711.27 0.282208 0 1.23267 87
p3 t7 bb  1822.08 0.456624 0 1.40024 19
p3 t7 bola  1671.47 0.324779 0 1.40466 18
p3 t7 dy  1688.35 0.290583 0 2.63149 43
p3 t7 elastic  1719.66 0.271797 0 1.21271 112
p3 t7 gd  1658.75 0.323422 0 3.25061 38
p3 t7 kama  1651.33 0.304098 0 1.36866 29
p3 t7 ra  1679.94 0.286123 0 1.12864 41
p4 t1 abr  1231.02 0.153777 0 23.0233 68
p4 t1 ar  1292.58 0.134361 0 16.3243 12
p4 t1 bb  1226.71 0.14817 0 19.8677 4
p4 t1 bola  1200 0.146151 0 15.9953 0
p4 t1 dy  1259.01 0.151632 0 16.1688 6
p4 t1 elastic  1276.06 0.124738 0 15.8367 14
p4 t1 gd  1200 0.15413 0 18.0124 0
p4 t1 kama  1259.56 0.145643 0 20.6163 8
p4 t1 ra  1299.97 0.145116 0 20.0134 7
p4 t2 abr  1907.87 0.128366 0 7.8827 66
p4 t2 ar  1627.09 0.127166 0 8.61441 2
p4 t2 bb  1677.5 0.0729176 0 8.92912 6
p4 t2 bola  1622 0.155991 0 8.02733 0
p4 t2 dy  1622 0.106816 0 8.89256 0
p4 t2 elastic  1762.94 0.195112 0 9.17831 10
p4 t2 gd  1622 0.118687 0 8.56625 0
p4 t2 kama  1622 0.112707 0 10.1566 0
p4 t2 ra  1622 0.112105 0 7.83223 0
p4 t3 abr  1602.73 0.156008 0 15.6884 154
p4 t3 ar  1870 0.138591 0 14.6503 39
p4 t3 bb  1591.07 0.0976586 0 3.1675 61
p4 t3 bola  1301.59 0.175305 0 3.75214 3
p4 t3 dy  1808.33 0.166996 0 16.4699 27
p4 t3 elastic  1698.96 0.124199 0 4.57151 57
p4 t3 gd  1741.66 0.099313 0 2.0364 41
p4 t3 kama  1729.94 0.123083 0 2.09102 29
p4 t3 ra  1876.26 0.14656 0 15.4656 30
p4 t4 abr  1221.85 0.142689 0 2.23386 112
p4 t4 ar  1608.97 0.126368 0 1.95969 32
p4 t4 bb  1444.01 0.0939306 0 0.998462 27
p4 t4 bola  1143 0.160361 0 2.8189 0
p4 t4 dy  1411.39 0.133301 0 1.05494 5
p4 t4 elastic  1461.76 0.0967904 0 0.857231 21
p4 t4 gd  1439.19 0.124818 0 0.787979 17
p4 t4 kama  1397.28 0.119627 0 1.0052 9
p4 t4 ra  1399.51 0.121847 0 0.871833 5
p4 t5 abr  1020.99 0.338769 0 5.48584 102
p4 t5 ar  1071.41 0.266283 0 4.16102 15
p4 t5 bb  532.979 0.436074 0 0.966928 5
p4 t5 bola  536.216 0.416687 0 11.7234 8
p4 t5 dy  1006.68 0.310069 0 10.4301 11
p4 t5 elastic  908.045 0.271009 0 6.61763 30
p4 t5 gd  759.427 0.331761 0 4.86924 6
p4 t5 kama  700.349 0.348853 0 6.15049 13
p4 t5 ra  784.305 0.302923 0 4.39499 8
p4 t6 abr  808.864 0.355408 0 12.4211 722
p4 t6 ar  959.323 0.300502 0 20.585 113
p4 t6 bb  985.839 0.335271 0 1.77964 19
p4 t6 bola  913.312 0.242033 0 6.60779 22
p4 t6 dy  997.472 0.272058 0 3.5505 53
p4 t6 elastic  1090.9 0.274499 0 18.5783 25
p4 t6 gd  1012.34 0.346916 0 14.284 53
p4 t6 kama  981.88 0.305076 0 20.4389 61
p4 t6 ra  986.483 0.307068 0 14.9466 71
p4 t7 abr  1107.6 0.407686 0 1.80066 526
p4 t7 ar  1073.2 0.338142 0 3.28785 67
p4 t7 bb  969.782 0.384762 0 1.66352 25
p4 t7 bola  769.042 0.36487 0 1.22841 13
p4 t7 dy  1071.99 0.355254 0 3.26892 59
p4 t7 elastic  1127.01 0.293305 0 5.02302 94
p4 t7 gd  1064.06 0.387229 0 15.1056 67
p4 t7 kama  1056.91 0.346791 0 3.32484 73
p4 t7 ra  1068.65 0.355116 0 15.1466 65
