p1 t1 abr  2616.02 0.270815 0 3.64923 95
p1 t1 ar  3068.88 0.235507 0 4.15945 75
p1 t1 bb  3069.24 0.29408 0 4.30513 33
p1 t1 bola  1638.41 0.507835 0 3.80941 4
p1 t1 dy  3088.94 0.229117 0 3.98917 69
p1 t1 elastic  3036.59 0.201258 0 5.93756 37
p1 t1 gd  3078.85 0.229963 0 4.05831 71
p1 t1 kama  3075.83 0.236607 0 4.22685 77
p1 t1 ra  3063.58 0.21881 0 4.13778 55
p1 t2 abr  2923.41 0.222902 0 2.90707 88
p1 t2 ar  3142.2 0.216189 0 3.11645 22
p1 t2 bb  3182.82 0.326533 0 3.19823 9
p1 t2 bola  1938.93 0.384054 0 2.95705 4
p1 t2 dy  3242.46 0.220975 0 3.13447 22
p1 t2 elastic  3165.17 0.176053 0 2.98113 19
p1 t2 gd  3255.48 0.222082 0 2.98914 23
p1 t2 kama  3178.52 0.208206 0 3.11139 20
p1 t2 ra  3241.71 0.202423 0 3.12548 23
p1 t3 abr  2719.58 0.296171 0 7.21901 146
p1 t3 ar  3171.17 0.261537 0 13.9595 21
p1 t3 bb  3271.61 0.369909 0 7.24857 9
p1 t3 bola  2887.93 0.325825 0 14.1573 7
p1 t3 dy  3192.58 0.262869 0 14.1124 23
p1 t3 elastic  3153.84 0.240502 0 1.44903 37
p1 t3 gd  3166.03 0.275982 0 14.0552 25
p1 t3 kama  3152.88 0.260583 0 14.0499 27
p1 t3 ra  3175.15 0.239121 0 13.9701 25
p1 t4 abr  2506.9 0.332952 0 4.16805 78
p1 t4 ar  3357.97 0.190469 0 4.22563 27
p1 t4 bb  3346 0.228857 0 4.64931 11
p1 t4 bola  2303.02 0.41064 0 4.06373 6
p1 t4 dy  3380.6 0.19548 0 4.28231 27
p1 t4 elastic  3227.89 0.172031 0 3.89945 21
p1 t4 gd  3398.33 0.18215 0 3.89485 25
p1 t4 kama  3353.85 0.166993 0 4.37447 27
p1 t4 ra  3399.38 0.183265 0 6.97309 29
p1 t5 abr  1801.32 0.426284 0 4.38745 26
p1 t5 ar  2071.02 0.364093 0 5.4253 8
p1 t5 bb  1961.47 0.509916 0 5.47973 20
p1 t5 bola  2111.62 0.368147 0 4.51135 6
p1 t5 dy  2084.76 0.370662 0 4.94684 6
p1 t5 elastic  2058.48 0.380584 0 4.97873 10
p1 t5 gd  2084.56 0.369985 0 5.27712 8
p1 t5 kama  2065.92 0.339857 0 5.41508 6
p1 t5 ra  2108.38 0.391273 0 3.95035 6
p1 t6 abr  2597.4 0.299426 0 7.3205 479
p1 t6 ar  2697.98 0.271648 0 6.55255 43
p1 t6 bb  3481.43 0.393433 0 7.1497 53
p1 t6 bola  2208.05 0.319069 0 7.91688 55
p1 t6 dy  2682.89 0.259007 0 8.65404 39
p1 t6 elastic  2784.9 0.244588 0 17.3332 52
p1 t6 gd  2728.97 0.268775 0 8.47749 37
p1 t6 kama  2699.3 0.267421 0 9.02943 31
p1 t6 ra  2743.2 0.279103 0 12.3327 31
p1 t7 abr  2580.9 0.339005 0 5.56326 236
p1 t7 ar  2620.83 0.227197 0 9.08237 38
p1 t7 bb  2612.64 0.37192 0 4.96644 21
p1 t7 bola  2635.24 0.261376 0 8.88021 30
p1 t7 dy  2648.68 0.230766 0 9.28217 34
p1 t7 elastic  2662.98 0.200599 0 8.60396 45
p1 t7 gd  2644.06 0.235006 0 12.4492 36
p1 t7 kama  2629.26 0.22393 0 8.78874 32
p1 t7 ra  2624.08 0.221226 0 16.0488 26
p2 t1 abr  2257.18 0.292286 0 1.44728 108
p2 t1 ar  2952.98 0.222111 0 1.40474 62
p2 t1 bb  2882.38 0.24579 0 1.49752 34
p2 t1 bola  1200 0.496311 0 1.40981 0
p2 t1 dy  2984.22 0.224249 0 1.37971 70
p2 t1 elastic  2937.17 0.215433 0 1.45175 58
p2 t1 gd  2961.48 0.224448 0 1.4262 60
p2 t1 kama  2960.55 0.225792 0 1.3928 50
p2 t1 ra  2933.37 0.233486 0 1.41307 42
p2 t2 abr  2868.67 0.21033 0 1.06333 82
p2 t2 ar  3294.73 0.15789 0 1.06654 14
p2 t2 bb  3195.12 0.221388 0 1.12482 8
p2 t2 bola  1622 0.426935 0 1.02344 0
p2 t2 dy  3304.04 0.166509 0 0.96528 18
p2 t2 elastic  3245.47 0.173949 0 0.972012 14
p2 t2 gd  3242.34 0.172804 0 0.960877 22
p2 t2 kama  3292.3 0.167564 0 0.892236 14
p2 t2 ra  3262.42 0.169767 0 1.03777 16
p2 t3 abr  2624.08 0.290454 0 4.25506 102
p2 t3 ar  3252.08 0.219389 0 3.71943 44
p2 t3 bb  3289.89 0.227514 0 3.74991 6
p2 t3 bola  1198 0.495958 0 2.98588 0
p2 t3 dy  3242.6 0.206426 0 0.849137 38
p2 t3 elastic  3269.5 0.212224 0 5.37311 46
p2 t3 gd  3288.31 0.236709 0 6.50343 46
p2 t3 kama  3299.91 0.237699 0 6.37747 36
p2 t3 ra  3231.32 0.219415 0 3.67753 30
p2 t4 abr  2544.05 0.306716 0 1.48563 74
p2 t4 ar  3282.54 0.167538 0 1.54884 32
p2 t4 bb  3206.67 0.149148 0 1.57794 14
p2 t4 bola  1143 0.503038 0 1.56375 0
p2 t4 dy  3275.93 0.167041 0 1.47702 24
p2 t4 elastic  3163.57 0.157109 0 1.52752 18
p2 t4 gd  3291.97 0.17408 0 1.3655 30
p2 t4 kama  3274.81 0.153863 0 1.45517 28
p2 t4 ra  3217.05 0.150525 0 1.35077 24
p2 t5 abr  1838.48 0.397007 0 3.77816 4
p2 t5 ar  1962.24 0.398621 0 8.58122 10
p2 t5 bb  1908.4 0.488738 0 1.64662 16
p2 t5 bola  1853.61 0.399185 0 1.55724 12
p2 t5 dy  1955.92 0.404313 0 7.38885 8
p2 t5 elastic  1886.82 0.376532 0 8.42319 9
p2 t5 gd  1962.5 0.408534 0 6.14167 10
p2 t5 kama  1964.61 0.418996 0 4.83792 10
p2 t5 ra  1922.32 0.398101 0 3.8426 8
p2 t6 abr  2972.16 0.318529 0 3.89892 359
p2 t6 ar  2821.77 0.260855 0 4.46533 42
p2 t6 bb  3335.82 0.35353 0 2.20388 41
p2 t6 bola  1976.03 0.385742 0 4.00671 47
p2 t6 dy  2882.58 0.265732 0 4.07195 38
p2 t6 elastic  2967.16 0.237553 0 12.371 50
p2 t6 gd  2853.91 0.268869 0 3.94593 36
p2 t6 kama  2870.37 0.262916 0 3.92832 36
p2 t6 ra  2901.01 0.297417 0 6.21913 28
p2 t7 abr  2547.2 0.31586 0 2.43251 124
p2 t7 ar  2612.26 0.231857 0 2.47536 18
p2 t7 bb  2700.97 0.321927 0 2.26431 16
p2 t7 bola  2422.3 0.322091 0 2.36235 28
p2 t7 dy  2588.18 0.236544 0 2.3945 24
p2 t7 elastic  2533.42 0.200165 0 14.2642 40
p2 t7 gd  2603.12 0.232747 0 2.51241 14
p2 t7 kama  2609.21 0.242201 0 2.13448 16
p2 t7 ra  2632.16 0.256027 0 1.9487 16
p3 t1 abr  1551.67 0.319468 0 6.3548 142
p3 t1 ar  1850.81 0.211464 0 2.81802 52
p3 t1 bb  1904.97 0.237765 0 9.66712 57
p3 t1 bola  1200 0.369505 0 8.72397 0
p3 t1 dy  1853.13 0.243891 0 7.74318 36
p3 t1 elastic  1812.58 0.196962 0 3.30801 50
p3 t1 gd  1934.54 0.27295 0 9.07384 47
p3 t1 kama  1851.84 0.241691 0 4.62458 42
p3 t1 ra  1886.59 0.227748 0 4.60647 39
p3 t2 abr  2134.86 0.211896 0 2.39568 152
p3 t2 ar  2428.31 0.171806 0 1.00546 26
p3 t2 bb  2227.49 0.200032 0 1.2183 25
p3 t2 bola  1622 0.245121 0 5.44783 0
p3 t2 dy  2503.1 0.190443 0 1.82433 24
p3 t2 elastic  2224.54 0.150449 0 2.30821 31
p3 t2 gd  2202.26 0.196087 0 1.6373 23
p3 t2 kama  2197.78 0.200238 0 1.08842 19
p3 t2 ra  2364.21 0.195333 0 1.14469 22
p3 t3 abr  1912.59 0.290966 0 4.90627 162
p3 t3 ar  2544.73 0.161808 0 1.37476 52
p3 t3 bb  2350.35 0.177786 0 1.77226 21
p3 t3 bola  1198 0.364252 0 4.78244 0
p3 t3 dy  2362.65 0.171915 0 0.869118 33
p3 t3 elastic  2263.28 0.141561 0 2.16782 65
p3 t3 gd  2266.69 0.214381 0 1.74516 31
p3 t3 kama  2628.13 0.175998 0 15.4095 40
p3 t3 ra  2547.81 0.182033 0 0.514343 38
p3 t4 abr  1515.65 0.283976 0 0.840129 126
p3 t4 ar  2351.86 0.212795 0 0.659401 47
p3 t4 bb  2233.77 0.176677 0 2.07803 31
p3 t4 bola  1143 0.35928 0 0.786114 0
p3 t4 dy  2331.39 0.180591 0 0.83832 39
p3 t4 elastic  1908.44 0.186055 0 0.923953 20
p3 t4 gd  2466.77 0.178529 0 8.67308 25
p3 t4 kama  2299.38 0.154393 0 1.75634 41
p3 t4 ra  2278.15 0.156007 0 0.657504 43
p3 t5 abr  1427.97 0.330184 0 6.98174 34
p3 t5 ar  1585.77 0.264122 0 9.92011 18
p3 t5 bb  1548.13 0.352986 0 0.875716 14
p3 t5 bola  1505.92 0.36506 0 0.89752 20
p3 t5 dy  1587.98 0.288148 0 1.6933 22
p3 t5 elastic  1798.51 0.242123 0 11.7916 24
p3 t5 gd  1639.38 0.352878 0 2.42788 20
p3 t5 kama  1598.96 0.335137 0 2.21368 22
p3 t5 ra  1613.17 0.351822 0 1.53056 20
p3 t6 abr  1621.05 0.359381 0 40.8995 676
p3 t6 ar  1608.45 0.238885 0 1.2027 52
p3 t6 bb  1899.9 0.34252 0 2.10532 51
p3 t6 bola  1268.86 0.385496 0 1.46619 93
p3 t6 dy  1615.52 0.299845 0 1.22749 35
p3 t6 elastic  1651.61 0.208492 0 5.53112 113
p3 t6 gd  1646.11 0.326815 0 2.67367 71
p3 t6 kama  1689.64 0.288861 0 5.09265 26
p3 t6 ra  1658.65 0.264349 0 7.22071 28
p3 t7 abr  1553.58 0.445035 0 2.48689 340
p3 t7 ar  1701.03 0.283857 0 1.19192 81
p3 t7 bb  1801.03 0.410874 0 1.64557 29
p3 t7 bola  1190.14 0.361322 0 2.97155 23
p3 t7 dy  1677.1 0.270182 0 2.66775 27
p3 t7 elastic  1745.04 0.262959 0 2.89126 102
p3 t7 gd  1756.55 0.351976 0 8.83126 32
p3 t7 kama  1702.28 0.268983 0 3.04442 29
p3 t7 ra  1676 0.277175 0 1.22541 29
p4 t1 abr  1240.56 0.144655 0 14.8535 64
p4 t1 ar  1288.4 0.136019 0 18.2376 16
p4 t1 bb  1328.44 0.149038 0 17.0304 28
p4 t1 bola  1200 0.138525 0 15.3121 0
p4 t1 dy  1286.96 0.141316 0 23.9296 12
p4 t1 elastic  1249.98 0.120413 0 15.4898 14
p4 t1 gd  1284.76 0.151266 0 18.5764 12
p4 t1 kama  1308.21 0.14402 0 16.2973 14
p4 t1 ra  1294.91 0.146305 0 17.8925 18
p4 t2 abr  1864.33 0.164735 0 6.92905 74
p4 t2 ar  1851.21 0.148536 0 9.37054 6
p4 t2 bb  1734.14 0.180725 0 9.49536 18
p4 t2 bola  1622 0.0924658 0 9.7085 0
p4 t2 dy  1749.92 0.101377 0 7.1857 6
p4 t2 elastic  1693.5 0.0483547 0 7.94271 8
p4 t2 gd  1725.64 0.233377 0 7.69469 8
p4 t2 kama  1780.95 0.0788778 0 6.00685 9
p4 t2 ra  1718.54 0.164884 0 8.05623 5
p4 t3 abr  1372.08 0.141252 0 3.30967 148
p4 t3 ar  1860.8 0.13151 0 14.6777 39
p4 t3 bb  1619.39 0.0935233 0 1.98025 73
p4 t3 bola  1300.22 0.181517 0 10.8559 3
p4 t3 dy  1690.56 0.152757 0 4.35974 19
p4 t3 elastic  1639.01 0.0682816 0 0.380781 51
p4 t3 gd  1664.94 0.101703 0 3.78442 59
p4 t3 kama  1605.17 0.118916 0 3.81402 24
p4 t3 ra  1740.16 0.116466 0 4.49309 27
p4 t4 abr  1209.95 0.14664 0 1.08587 120
p4 t4 ar  1664.33 0.109617 0 1.1532 32
p4 t4 bb  1565.68 0.194364 0 3.24253 47
p4 t4 bola  1143 0.162612 0 2.22128 0
p4 t4 dy  1696.42 0.100572 0 2.17011 31
p4 t4 elastic  1397.47 0.115911 0 1.09719 29
p4 t4 gd  1600.41 0.133009 0 0.988663 38
p4 t4 kama  1660.66 0.134147 0 1.2149 44
p4 t4 ra  1532.13 0.142752 0 0.940564 39
p4 t5 abr  932.158 0.394937 0 2.87388 80
p4 t5 ar  1067.41 0.286921 0 4.17555 15
p4 t5 bb  1046.72 0.350815 0 2.52769 18
p4 t5 bola  575.438 0.381472 0 4.74113 7
p4 t5 dy  1078.41 0.328583 0 1.3666 22
p4 t5 elastic  898.773 0.273871 0 5.01511 24
p4 t5 gd  1015.99 0.244929 0 5.24863 13
p4 t5 kama  1053.8 0.250323 0 6.62604 17
p4 t5 ra  1023.35 0.256531 0 6.22665 13
p4 t6 abr  1499.85 0.302826 0 3.38262 739
p4 t6 ar  969.671 0.264379 0 3.51273 65
p4 t6 bb  1212.41 0.33999 0 1.67011 48
p4 t6 bola  797.827 0.399686 0 4.70941 86
p4 t6 dy  993.356 0.261905 0 3.0549 37
p4 t6 elastic  1323.74 0.230054 0 28.592 136
p4 t6 gd  989.698 0.257864 0 6.0471 25
p4 t6 kama  966.864 0.26213 0 3.74864 23
p4 t6 ra  987.408 0.251993 0 16.8124 29
p4 t7 abr  838.339 0.447946 0 2.96034 476
p4 t7 ar  1059.06 0.3306 0 3.09902 59
p4 t7 bb  1187.05 0.396118 0 1.15563 27
p4 t7 bola  622.693 0.488139 0 5.41557 17
p4 t7 dy  1096.45 0.335756 0 3.36517 57
p4 t7 elastic  1099.35 0.310977 0 3.07337 94
p4 t7 gd  1072.56 0.328453 0 3.45977 58
p4 t7 kama  1114.15 0.35023 0 3.64332 58
p4 t7 ra  1099.98 0.346877 0 12.3357 62
