p1 t1 kama_no_limit  3444.47 0.208627 0 75.886 58
p1 t2 kama_no_limit  3313.45 0.200611 0 2.99524 14
p1 t3 kama_no_limit  3558.81 0.264823 0 17.6543 86
p1 t4 kama_no_limit  3280.95 0.211309 0 4.40927 12
p1 t5 kama_no_limit  1963.05 0.361486 0 5.11907 8
p1 t6 kama_no_limit  3939.37 0.651008 21.551 9.16558 144
p1 t7 kama_no_limit  2466.79 0.811228 126.129 8.89268 86
p2 t1 kama_no_limit  3399.22 0.248122 0 42.6332 69
p2 t2 kama_no_limit  3156.72 0.188556 0 0.978789 12
p2 t3 kama_no_limit  3598.54 0.243295 0 46.3683 80
p2 t4 kama_no_limit  2930.84 0.182609 0 1.42792 15
p2 t5 kama_no_limit  1839.21 0.445592 0 1.71852 4
p2 t6 kama_no_limit  3365.21 0.605119 4.849 3.90295 150
p2 t7 kama_no_limit  2229.46 0.723052 76.784 23.6504 114
p3 t1 kama_no_limit  2676.21 0.223442 0 68.3115 95
p3 t2 kama_no_limit  2088.15 0.206319 0 1.62349 12
p3 t3 kama_no_limit  3033.23 0.282037 0 49.4301 94
p3 t4 kama_no_limit  2100.89 0.201925 0 0.892914 19
p3 t5 kama_no_limit  1343.18 0.369704 0 0.832441 9
p3 t6 kama_no_limit  1707.43 0.326673 0 2.16797 168
p3 t7 kama_no_limit  2786.34 0.182696 0 131.771 171
p4 t1 kama_no_limit  1646.39 0.137225 0 66.2898 92
p4 t2 kama_no_limit  1622 0.117402 0 7.62512 0
p4 t3 kama_no_limit  2163.12 0.175864 0 27.6539 88
p4 t4 kama_no_limit  1388.89 0.131282 0 0.978657 7
p4 t5 kama_no_limit  769.631 0.349799 0 3.90549 10
p4 t6 kama_no_limit  1081.21 0.340128 0 21.8165 175
p4 t7 kama_no_limit  1382.47 0.282612 0 89.3052 95
