p1 t1 abr  2616.02 -nan 54.836 3.64923 95 2.88136 0.152051 0.0403398
p1 t1 ar  3138.44 -nan 0 3.93278 99 3.72881 0.140457 0.0470139
p1 t1 bb  3069.24 -nan 2.804 4.30513 33 3.8983 0.179381 0.0403344
p1 t1 bola  1638.41 -nan 0 3.80941 4 4.91525 0.152376 0.0420236
p1 t1 dy  3119.39 -nan 0 3.88809 97 4.57627 0.162004 0.0402827
p1 t1 elastic  3036.59 -nan 4.77 5.93756 37 3.72881 0.129077 0.0773035
p1 t1 gd  3141.74 -nan 0 3.84088 89 4.74576 0.160037 0.0402912
p1 t1 kama  3129.91 -nan 0 3.56166 87 4.40678 0.148403 0.0402998
p1 t1 ra  3153.91 -nan 0 5.69367 69 3.72881 0.135564 0.07054
p1 t2 abr  2923.41 -nan 90.962 2.90707 88 6.64379 0.121128 0.0366285
p1 t2 ar  3218.46 -nan 0 3.04637 20 4.58192 0.152318 0.0305146
p1 t2 bb  3182.82 -nan 21.175 3.19823 9 4.58192 0.13326 0.0366337
p1 t2 bola  1938.93 -nan 0 2.95705 4 6.64379 0.118282 0.0381563
p1 t2 dy  3229.47 -nan 0 2.99631 20 5.26921 0.124846 0.0366172
p1 t2 elastic  3165.17 -nan 0 2.98113 19 5.7274 0.124214 0.0366303
p1 t2 gd  3245.29 -nan 0 2.93327 26 5.49831 0.12222 0.0366177
p1 t2 kama  3238.17 -nan 0 3.00437 16 5.26921 0.150219 0.0305127
p1 t2 ra  3239.13 -nan 0 4.77506 20 3.89463 0.088427 0.0819145
p1 t3 abr  2719.58 -nan 120.319 7.21901 146 3.56144 0.343763 0.0320908
p1 t3 ar  3187.96 -nan 0 14.0731 25 5.08777 0.670145 0.0320774
p1 t3 bb  3271.61 -nan 9.81 7.24857 9 3.22225 0.34517 0.0321044
p1 t3 bola  2887.93 -nan 0 14.1573 7 3.56144 0.643513 0.0336337
p1 t3 dy  3174.95 -nan 0 14.1222 23 4.07022 0.564887 0.0381805
p1 t3 elastic  3153.84 -nan 0 1.44903 37 3.39185 0.0322008 0.0687775
p1 t3 gd  3223.03 -nan 0 14.1713 25 3.39185 0.383009 0.0565149
p1 t3 kama  3209.69 -nan 0 14.1713 27 3.39185 0.674825 0.0320759
p1 t3 ra  3216.58 -nan 0 14.9179 25 2.88307 0.355188 0.0640758
p1 t4 abr  2506.9 -nan 151.068 4.16805 78 4.04516 0.173669 0.0403431
p1 t4 ar  3417.98 -nan 0 3.84055 25 4.04516 0.160023 0.0403256
p1 t4 bb  3346 -nan 9.513 4.64931 11 2.4271 0.193721 0.0403481
p1 t4 bola  2303.02 -nan 2.204 4.06373 6 4.53058 0.162549 0.0420215
p1 t4 dy  3422.35 -nan 0 4.2167 25 3.55974 0.210835 0.0336073
p1 t4 elastic  3227.89 -nan 21.229 3.89945 21 3.55974 0.162477 0.0403383
p1 t4 gd  3439.73 -nan 0 3.73534 24 4.04516 0.186767 0.0336022
p1 t4 kama  3382.88 -nan 0 3.42875 13 3.55974 0.142865 0.0403109
p1 t4 ra  3471.06 -nan 0 4.86027 27 3.07432 0.0725413 0.111907
p1 t5 abr  1801.32 -nan 36.623 4.38745 26 3.08478 0.18281 0.0981559
p1 t5 ar  2098.91 -nan 16.783 5.43342 6 3.59891 0.226393 0.0981158
p1 t5 bb  1961.47 -nan 33.216 5.47973 20 3.08478 0.228322 0.0981868
p1 t5 bola  2111.62 -nan 17.838 4.51135 6 3.72745 0.180454 0.102253
p1 t5 dy  2106.49 -nan 18.625 3.86626 6 3.47038 0.193313 0.0817271
p1 t5 elastic  2058.48 -nan 20.375 4.97873 10 2.82772 0.207447 0.0981736
p1 t5 gd  2091.64 -nan 18.52 4.09382 6 3.72745 0.170576 0.0980761
p1 t5 kama  2114.07 -nan 17.047 5.36765 4 2.95625 0.268382 0.0817661
p1 t5 ra  2113.89 -nan 17.116 4.86274 4 2.44212 0.202614 0.0981005
p1 t6 abr  2597.4 -nan 8.514 7.3205 479 1.52155 0.159141 0.0719697
p1 t6 ar  2832.89 -nan 0 8.90296 65 1.66646 0.193543 0.0720117
p1 t6 bb  3481.43 -nan 0 7.1497 53 1.66646 0.297904 0.03778
p1 t6 bola  2208.05 -nan 0 7.91688 55 2.02874 0.168444 0.0738607
p1 t6 dy  2851.18 -nan 0 7.69181 65 1.30419 0.167213 0.0719779
p1 t6 elastic  2784.9 -nan 0 17.3332 52 1.66646 0.0984842 0.26873
p1 t6 gd  2866.85 -nan 0 9.83555 55 1.15928 0.163926 0.0934354
p1 t6 kama  2840.04 -nan 0 11.3938 48 1.52155 0.135641 0.130772
p1 t6 ra  3039.57 -nan 0 22.189 47 2.10119 0.0680644 0.464588
p1 t7 abr  2580.9 -nan 44.247 5.56326 236 1.75162 0.132459 0.0641574
p1 t7 ar  2715.41 -nan 0 8.01859 39 1.83503 0.174317 0.0701572
p1 t7 bb  2612.64 -nan 28.006 4.96644 21 2.08526 0.177373 0.0427745
p1 t7 bola  2635.24 -nan 0 8.88021 30 2.75254 0.174122 0.0778753
p1 t7 dy  2658.29 -nan 0 13.2257 26 1.75162 0.12717 0.158118
p1 t7 elastic  2662.98 -nan 0 8.60396 45 2.08526 0.172079 0.0763296
p1 t7 gd  2742.77 -nan 0 13.8959 28 2.00185 0.124071 0.169689
p1 t7 kama  2716.72 -nan 0 12.5807 39 2.91936 0.139786 0.136947
p1 t7 ra  2730.93 -nan 0 22.5427 23 1.33457 0.102467 0.32893
p2 t1 abr  2257.18 -nan 72.772 1.44728 108 4.0678 0.0603035 0.0402326
p2 t1 ar  3006.43 -nan 0 1.49906 82 3.05085 0.0535378 0.0468912
p2 t1 bb  2882.38 -nan 1.958 1.49752 34 3.38983 0.0534829 0.0469369
p2 t1 bola  1200 -nan 0 1.40981 0 3.8983 0.0563925 0.0418966
p2 t1 dy  3015.31 -nan 0 1.51896 80 3.22034 0.0632898 0.0402192
p2 t1 elastic  2937.17 -nan 1.385 1.45175 58 3.38983 0.0518482 0.0469156
p2 t1 gd  3005.72 -nan 0 1.50451 74 3.38983 0.0537325 0.0469095
p2 t1 kama  2809.28 -nan 0 1.40006 54 3.8983 0.0583359 0.0303533
p2 t1 ra  3001.56 -nan 0 1.41206 62 3.55932 0.0588359 0.0401999
p2 t2 abr  2868.67 -nan 96.779 1.06333 82 5.26921 0.0443055 0.0364913
p2 t2 ar  3264.64 -nan 0 0.969953 22 5.26921 0.0404147 0.0364504
p2 t2 bb  3195.12 -nan 1.013 1.12482 8 4.35282 0.0562409 0.0304131
p2 t2 bola  1622 -nan 0 1.02344 0 6.18559 0.0409377 0.0380077
p2 t2 dy  3284.01 -nan 0 1.06287 26 4.81102 0.0442862 0.036473
p2 t2 elastic  3245.47 -nan 0 0.972012 14 5.04011 0.0405005 0.0364692
p2 t2 gd  3272.49 -nan 0 1.06722 20 4.35282 0.0444675 0.0364621
p2 t2 kama  3327.93 -nan 0 1.04021 16 5.04011 0.0520103 0.0303892
p2 t2 ra  3295.89 -nan 0 1.63854 16 5.04011 0.0431194 0.0575923
p2 t3 abr  2624.08 -nan 123.216 4.25506 102 3.05266 0.128941 0.050349
p2 t3 ar  3273.03 -nan 0 7.0965 30 3.90062 0.0876111 0.12316
p2 t3 bb  3289.89 -nan 4.805 3.74991 6 3.56144 0.187495 0.0305422
p2 t3 bola  1198 -nan 0 2.98588 0 4.74858 0.135722 0.0336069
p2 t3 dy  3270.93 -nan 0.747 4.01938 22 3.73103 0.083737 0.0729756
p2 t3 elastic  3269.5 -nan 0 5.37311 46 3.90062 0.0942652 0.0867927
p2 t3 gd  3278.11 -nan 0.462 6.29573 38 4.07022 0.0850774 0.112459
p2 t3 kama  3273.71 -nan 0 5.23448 36 3.73103 0.084427 0.0942085
p2 t3 ra  3304.52 -nan 0.109 7.30563 42 8.31002 0.0753158 0.147269
p2 t4 abr  2544.05 -nan 134.632 1.48563 74 3.39793 0.0742813 0.0335031
p2 t4 ar  3291.67 -nan 0 1.42311 24 3.39793 0.0592961 0.0401784
p2 t4 bb  3206.67 -nan 4.271 1.57794 14 3.23613 0.0657475 0.0402188
p2 t4 bola  1143 -nan 0 1.56375 0 3.39793 0.0625499 0.0419038
p2 t4 dy  3298.51 -nan 0 1.93368 28 3.72155 0.0508863 0.0633527
p2 t4 elastic  3163.57 -nan 16.79 1.52752 18 3.23613 0.0636467 0.0402073
p2 t4 gd  3285.4 -nan 0 1.95613 20 3.39793 0.0477106 0.0685746
p2 t4 kama  3277.3 -nan 0 1.63808 20 4.04516 0.081904 0.0334999
p2 t4 ra  3350.87 -nan 0 5.93321 24 3.72155 0.0507112 0.192041
p2 t5 abr  1838.48 -nan 64.22 3.77816 4 2.82772 0.0994253 0.154167
p2 t5 ar  1973.07 -nan 51.464 9.12702 6 3.21332 0.0903665 0.372633
p2 t5 bb  1908.4 -nan 66.492 1.64662 16 9.38288 0.068609 0.0978681
p2 t5 bola  1853.61 -nan 56.631 1.55724 12 6.16957 0.0622894 0.101914
p2 t5 dy  1972.8 -nan 49.535 11.1911 6 2.95625 0.09484 0.433855
p2 t5 elastic  1886.82 -nan 42.427 8.42319 9 3.08478 0.0957181 0.318545
p2 t5 gd  1967.22 -nan 46.541 8.72074 6 3.08478 0.0958323 0.337329
p2 t5 kama  1974.53 -nan 48.765 7.86813 6 2.95625 0.0983516 0.296941
p2 t5 ra  1940.42 -nan 59.884 5.23807 10 2.31359 0.100732 0.207243
p2 t6 abr  2972.16 -nan 24.557 3.89892 359 1.88383 0.0928315 0.0657044
p2 t6 ar  3003.32 -nan 0 3.80991 64 2.02874 0.090712 0.0656613
p2 t6 bb  3335.82 -nan 6.393 2.20388 41 1.81137 0.0787099 0.0439834
p2 t6 bola  1976.03 -nan 0 4.00671 47 2.10119 0.0852491 0.0735306
p2 t6 dy  3077.77 -nan 0 4.30604 61 1.30419 0.0861208 0.0781703
p2 t6 elastic  2967.16 -nan 0 12.371 50 1.73892 0.0824735 0.228897
p2 t6 gd  3034.57 -nan 0 4.9977 58 1.88383 0.0892447 0.0873015
p2 t6 kama  2996.3 -nan 0 3.94944 40 2.10119 0.0858574 0.0719007
p2 t6 ra  3066.56 -nan 0 9.88297 32 2.17365 0.060262 0.250136
p2 t7 abr  2547.2 -nan 38.646 2.43251 124 1.75162 0.0868754 0.0427021
p2 t7 ar  2620.39 -nan 0 2.51316 34 1.5848 0.104715 0.0365793
p2 t7 bb  2700.97 -nan 16.168 2.26431 16 1.66821 0.0943461 0.0365956
p2 t7 bola  2422.3 -nan 0 2.36235 28 2.00185 0.0944939 0.0381277
p2 t7 dy  2638.71 -nan 0 2.45306 30 1.75162 0.102211 0.0365746
p2 t7 elastic  2533.42 -nan 0 14.2642 40 2.16867 0.101887 0.21232
p2 t7 gd  2648.59 -nan 0 2.45796 28 1.75162 0.102415 0.0365734
p2 t7 kama  2653.82 -nan 0 2.29429 26 2.00185 0.0955953 0.0365724
p2 t7 ra  2678.99 -nan 0 2.49573 20 1.91844 0.103989 0.036579
p3 t1 abr  1551.67 -nan 60.945 6.3548 142 2.88136 0.0599509 0.175553
p3 t1 ar  1974.22 -nan 0 11.7099 61 2.20339 0.0588438 0.326407
p3 t1 bb  1904.97 -nan 0 9.66712 57 2.20339 0.0582356 0.273302
p3 t1 bola  1200 -nan 0 8.72397 0 5.25424 0.0601653 0.238439
p3 t1 dy  1943.69 -nan 0 6.15713 39 3.38983 0.0575433 0.177093
p3 t1 elastic  1812.58 -nan 3.053 3.30801 50 3.05085 0.0533549 0.102615
p3 t1 gd  1934.1 -nan 0 8.79299 43 3.55932 0.0637173 0.228041
p3 t1 kama  1930.02 -nan 0 5.6721 55 3.55932 0.0590843 0.159071
p3 t1 ra  1922.83 -nan 0 5.77952 55 3.05085 0.0628209 0.152308
p3 t2 abr  2134.86 -nan 98.122 2.39568 152 4.12373 0.0362981 0.0992478
p3 t2 ar  2534.64 -nan 0 2.06557 42 4.12373 0.0322745 0.0943982
p3 t2 bb  2227.49 -nan 0 1.2183 25 4.35282 0.0358324 0.0511109
p3 t2 bola  1622 -nan 0 5.44783 0 4.81102 0.0403543 0.200291
p3 t2 dy  2470.82 -nan 0 1.75359 22 4.35282 0.0357875 0.0736326
p3 t2 elastic  2224.54 -nan 0 2.30821 31 4.81102 0.0372292 0.0932355
p3 t2 gd  2303.8 -nan 0 2.34009 29 12.3712 0.043335 0.081173
p3 t2 kama  2262.97 -nan 0 5.5115 19 4.12373 0.0408259 0.200243
p3 t2 ra  2405.79 -nan 0 4.96206 20 3.89463 0.0387661 0.190471
p3 t3 abr  1912.59 -nan 145.744 4.90627 162 3.56144 0.233632 0.032014
p3 t3 ar  2565.24 -nan 0 2.09351 58 12.7194 0.0675327 0.0472313
p3 t3 bb  2350.35 -nan 2.604 1.77226 21 3.56144 0.034082 0.0792274
p3 t3 bola  1198 -nan 0 4.78244 0 19.5031 0.0976008 0.0745009
p3 t3 dy  2604.41 -nan 5.669 1.50719 42 4.07022 0.0717708 0.0320092
p3 t3 elastic  2263.28 -nan 1.792 2.16782 65 3.05266 0.0699296 0.0471733
p3 t3 gd  2532.41 -nan 6.302 1.87695 60 3.05266 0.0312824 0.0896162
p3 t3 kama  2676.39 -nan 6.887 16.8401 62 17.1288 0.207902 0.118742
p3 t3 ra  2565.72 -nan 0 6.28708 52 3.56144 0.0748462 0.126908
p3 t4 abr  1515.65 -nan 155.055 0.840129 126 3.55974 0.0336052 0.041654
p3 t4 ar  2309.76 -nan 0 2.05053 33 3.72155 0.0372823 0.0913615
p3 t4 bb  2233.77 -nan 0 2.07803 31 4.36877 0.0472279 0.0732028
p3 t4 bola  1143 -nan 0 0.786114 0 3.39793 0.0314446 0.0416282
p3 t4 dy  2382.19 -nan 0 3.98642 33 3.55974 0.0383309 0.171067
p3 t4 elastic  1908.44 -nan 57.55 0.923953 20 3.23613 0.038498 0.0400356
p3 t4 gd  2538.19 -nan 0 12.6748 29 35.7592 0.04011 0.479959
p3 t4 kama  2365.13 -nan 0 4.47572 31 2.4271 0.038254 0.187847
p3 t4 ra  2347.02 -nan 0 2.3411 33 3.55974 0.0325152 0.117772
p3 t5 abr  1427.97 -nan 33.48 6.98174 34 2.18505 0.225217 0.126186
p3 t5 ar  1922.44 -nan 10.383 9.41171 16 2.69918 0.072959 0.399002
p3 t5 bb  1548.13 -nan 30.792 0.875716 14 2.69918 0.0364882 0.097129
p3 t5 bola  1505.92 -nan 8.728 0.89752 20 2.95625 0.0359008 0.101316
p3 t5 dy  1871.46 -nan 2.847 10.0165 24 24.8068 0.0801322 0.407797
p3 t5 elastic  1798.51 -nan 14.679 11.7916 24 1.92799 0.0786109 0.465831
p3 t5 gd  1661.81 -nan 0 4.62036 18 2.95625 0.074522 0.233326
p3 t5 kama  1681.52 -nan 0 8.54115 28 3.34185 0.0854115 0.385822
p3 t5 ra  1712.31 -nan 0 5.57573 22 3.59891 0.074343 0.29468
p3 t6 abr  1621.05 -nan 55.399 40.8995 676 10.1437 1.16856 0.0549899
p3 t6 ar  1666.36 -nan 0 1.61773 70 1.4491 0.0674055 0.0375993
p3 t6 bb  1899.9 -nan 0 2.10532 51 1.30419 0.07519 0.0439667
p3 t6 bola  1268.86 -nan 0 1.46619 93 2.10119 0.0505584 0.0454809
p3 t6 dy  1614.7 -nan 0 3.26536 39 1.73892 0.0759386 0.0664721
p3 t6 elastic  1651.61 -nan 0 5.53112 113 1.66646 0.0558699 0.152163
p3 t6 gd  1678.95 -nan 0 10.1076 16 1.81137 0.0656337 0.232353
p3 t6 kama  1624.68 -nan 0 5.82997 24 1.52155 0.0694044 0.129347
p3 t6 ra  1726.93 -nan 0 12.7514 32 1.81137 0.0674678 0.282409
p3 t7 abr  1553.58 -nan 112.787 2.48689 340 2.00185 0.0637664 0.0594627
p3 t7 ar  1729.74 -nan 0 3.2428 73 1.33457 0.0853368 0.0578207
p3 t7 bb  1801.03 -nan 0 1.64557 29 1.33457 0.0587705 0.0426076
p3 t7 bola  1190.14 -nan 0 2.97155 23 2.00185 0.0691058 0.0654754
p3 t7 dy  1641.76 -nan 0 3.25421 34 1.33457 0.095712 0.0517367
p3 t7 elastic  1745.04 -nan 0 2.89126 102 2.08526 0.085037 0.0517598
p3 t7 gd  1620.68 -nan 0 7.76105 32 2.08526 0.0783944 0.149247
p3 t7 kama  1706.99 -nan 0 2.40195 51 18.6839 0.0615885 0.0593129
p3 t7 ra  1707.13 -nan 0 8.13633 49 1.41798 0.0856456 0.143698
p4 t1 abr  1240.56 -nan 5.491 14.8535 64 3.38983 0.0411454 0.546678
p4 t1 ar  2194.08 -nan 0 15.6933 42 2.20339 0.0302959 0.591312
p4 t1 bb  1328.44 -nan 0 17.0304 28 3.8983 0.0432243 0.596812
p4 t1 bola  1200 -nan 0 15.3121 0 18.1356 0.0412724 0.562267
p4 t1 dy  2004.41 -nan 0 18.221 20 3.8983 0.0356575 0.583319
p4 t1 elastic  1249.98 -nan 3.698 15.4898 14 20 0.0466561 0.503352
p4 t1 gd  1490.27 -nan 0 18.5108 26 3.8983 0.0283908 0.733825
p4 t1 kama  1315.8 -nan 0 18.5028 18 3.38983 0.041673 0.670809
p4 t1 ra  1311.27 -nan 0 17.227 18 4.23729 0.0410166 0.636873
p4 t2 abr  1864.33 -nan 16.153 6.92905 74 4.12373 0.0333128 0.291836
p4 t2 ar  2324.03 -nan 0 6.47397 18 4.12373 0.0234564 0.367577
p4 t2 bb  1734.14 -nan 0 9.49536 18 5.26921 0.0303366 0.359643
p4 t2 bola  1622 -nan 0 9.7085 0 4.35282 0.0268933 0.411229
p4 t2 dy  2350.4 -nan 0 4.9419 12 4.58192 0.0248337 0.24552
p4 t2 elastic  1693.5 -nan 0 7.94271 8 5.04011 0.0298598 0.343831
p4 t2 gd  2063 -nan 0 8.64144 12 3.89463 0.027786 0.357223
p4 t2 kama  1724.27 -nan 0 7.24575 8 2.97825 0.0292167 0.33252
p4 t2 ra  2110.51 -nan 0 11.4142 12 5.9565 0.0297244 0.432395
p4 t3 abr  1372.08 -nan 67.403 3.30967 148 3.39185 0.0398756 0.126413
p4 t3 ar  2268.57 -nan 0 1.47554 62 13.0586 0.0139202 0.149024
p4 t3 bb  1619.39 -nan 0 1.98025 73 4.07022 0.0942975 0.0320145
p4 t3 bola  1300.22 -nan 0 10.8559 3 22.2166 0.0687085 0.234255
p4 t3 dy  1916.88 -nan 0 9.80375 38 3.56144 0.0497652 0.27304
p4 t3 elastic  1639.01 -nan 1.504 0.380781 51 2.88307 0.0158659 0.0365744
p4 t3 gd  1810.71 -nan 3.409 4.79261 51 3.56144 0.0639015 0.1133
p4 t3 kama  1720.04 -nan 5.026 5.03478 41 4.07022 0.0553272 0.137462
p4 t3 ra  1719.91 -nan 3.304 7.74671 49 2.54388 0.0496584 0.232961
p4 t4 abr  1209.95 -nan 114.813 1.08587 120 3.55974 0.0452447 0.0401348
p4 t4 ar  1992.46 -nan 0 4.43248 42 2.75071 0.0186239 0.31711
p4 t4 bb  1565.68 -nan 0 3.24253 47 3.07432 0.0272481 0.187187
p4 t4 bola  1143 -nan 0 2.22128 0 3.39793 0.0312857 0.116783
p4 t4 dy  1868.63 -nan 0 3.01303 41 6.47225 0.0223187 0.201027
p4 t4 elastic  1397.47 -nan 34.005 1.09719 29 2.75071 0.0457163 0.0401094
p4 t4 gd  1889.79 -nan 0 1.22449 33 3.23613 0.0322234 0.0599874
p4 t4 kama  1534.52 -nan 0 2.33445 31 3.55974 0.0333494 0.115063
p4 t4 ra  1829.84 -nan 0 1.92505 31 2.26529 0.0291675 0.103949
p4 t5 abr  932.158 -nan 31.969 2.87388 80 2.44212 0.063864 0.178875
p4 t5 ar  1202.59 -nan 0 5.75942 26 3.34185 0.058176 0.331119
p4 t5 bb  1046.72 -nan 0 2.52769 18 2.82772 0.061651 0.165932
p4 t5 bola  575.438 -nan 0 4.74113 7 3.47038 0.0967579 0.196536
p4 t5 dy  1223.69 -nan 0 6.71171 17 2.31359 0.0621455 0.3785
p4 t5 elastic  898.773 -nan 0.939 5.01511 24 2.57065 0.0726828 0.2551
p4 t5 gd  1257 -nan 2.592 4.1518 24 2.95625 0.0441681 0.326362
p4 t5 kama  1297.15 -nan 0 7.80238 12 2.69918 0.0470023 0.480683
p4 t5 ra  1109.18 -nan 0 8.84202 15 2.82772 0.0542455 0.549556
p4 t6 abr  1499.85 -nan 28.46 3.38262 739 2.02874 0.0805385 0.0657787
p4 t6 ar  1009.75 -nan 0 7.65116 89 1.59401 0.0944588 0.124716
p4 t6 bb  1212.41 -nan 0 1.67011 48 1.81137 0.0695878 0.0376588
p4 t6 bola  797.827 -nan 0 4.70941 86 9.05686 0.0672772 0.108805
p4 t6 dy  1020.19 -nan 0 7.40251 35 1.73892 0.0841194 0.133044
p4 t6 elastic  1323.74 -nan 0 28.592 136 1.95628 0.107489 0.354052
p4 t6 gd  1016.57 -nan 0 14.9651 17 1.23173 0.0840735 0.266134
p4 t6 kama  1013.95 -nan 0 10.8787 23 2.2461 0.0740051 0.222506
p4 t6 ra  1015.68 -nan 0 11.4936 29 2.10119 0.0957796 0.181683
p4 t7 abr  838.339 -nan 97.545 2.96034 476 9.09173 0.0870688 0.0518034
p4 t7 ar  1116.92 -nan 0 1.97987 72 1.41798 0.0824946 0.0365425
p4 t7 bb  1187.05 -nan 2.755 1.15563 27 9.09173 0.0481512 0.036543
p4 t7 bola  622.693 -nan 0 5.41557 17 6.00555 0.062248 0.131791
p4 t7 dy  1092.11 -nan 0 5.51684 57 1.83503 0.0835885 0.100283
p4 t7 elastic  1099.35 -nan 0 3.07337 94 5.58849 0.0808781 0.0579066
p4 t7 gd  1081.19 -nan 0 4.66969 56 2.08526 0.0972851 0.0730079
p4 t7 kama  1129.83 -nan 0 10.5777 56 1.83503 0.0911871 0.174504
p4 t7 ra  1096.4 -nan 0 11.742 47 1.66821 0.0850867 0.207606
