p1-t1-abr.log+buff  ro 1.29924 Full Time 0 Empty Time 3.64923 Inefficiency 0.270815 Total Time 594.946 x=ro/(ro+1) 0.565074 x*TT 336.189 quality factor 2616.02  Total Playback Bitrate  95
p1-t1-bb.log+buff  ro 1.15979 Full Time 0 Empty Time 4.30513 Inefficiency 0.29408 Total Time 595.026 x=ro/(ro+1) 0.536992 x*TT 319.524 quality factor 3069.24  Total Playback Bitrate  33
p1-t1-bola.log+buff  ro 2.08915 Full Time 0 Empty Time 3.80941 Inefficiency 0.507835 Total Time 594.904 x=ro/(ro+1) 0.676286 x*TT 402.325 quality factor 1638.41  Total Playback Bitrate  4
p1-t1-elastic.log+buff  ro 1.06715 Full Time 0 Empty Time 5.93756 Inefficiency 0.201258 Total Time 595.057 x=ro/(ro+1) 0.516241 x*TT 307.193 quality factor 3036.59  Total Playback Bitrate  37
p1-t2-abr.log+buff  ro 1.1606 Full Time 0 Empty Time 2.90707 Inefficiency 0.222902 Total Time 655.227 x=ro/(ro+1) 0.537165 x*TT 351.965 quality factor 2923.41  Total Playback Bitrate  88
p1-t2-bb.log+buff  ro 1.16211 Full Time 0 Empty Time 3.19823 Inefficiency 0.326533 Total Time 655.134 x=ro/(ro+1) 0.53749 x*TT 352.128 quality factor 3182.82  Total Playback Bitrate  9
p1-t2-bola.log+buff  ro 1.54691 Full Time 0 Empty Time 2.95705 Inefficiency 0.384054 Total Time 655.199 x=ro/(ro+1) 0.607367 x*TT 397.946 quality factor 1938.93  Total Playback Bitrate  4
p1-t2-elastic.log+buff  ro 0.941925 Full Time 0 Empty Time 2.98113 Inefficiency 0.176053 Total Time 655.196 x=ro/(ro+1) 0.485047 x*TT 317.801 quality factor 3165.17  Total Playback Bitrate  19
p1-t3-abr.log+buff  ro 1.35104 Full Time 0 Empty Time 7.21901 Inefficiency 0.296171 Total Time 654.394 x=ro/(ro+1) 0.574656 x*TT 376.051 quality factor 2719.58  Total Playback Bitrate  146
p1-t3-bb.log+buff  ro 1.19156 Full Time 0 Empty Time 7.24857 Inefficiency 0.369909 Total Time 654.116 x=ro/(ro+1) 0.543703 x*TT 355.645 quality factor 3271.61  Total Playback Bitrate  9
p1-t3-bola.log+buff  ro 1.15901 Full Time 0 Empty Time 14.1573 Inefficiency 0.325825 Total Time 654.105 x=ro/(ro+1) 0.536824 x*TT 351.139 quality factor 2887.93  Total Playback Bitrate  7
p1-t3-elastic.log+buff  ro 0.977302 Full Time 0 Empty Time 1.44903 Inefficiency 0.240502 Total Time 654.284 x=ro/(ro+1) 0.49426 x*TT 323.387 quality factor 3153.84  Total Playback Bitrate  37
p1-t4-abr.log+buff  ro 1.39935 Full Time 0 Empty Time 4.16805 Inefficiency 0.332952 Total Time 594.898 x=ro/(ro+1) 0.58322 x*TT 346.956 quality factor 2506.9  Total Playback Bitrate  78
p1-t4-bb.log+buff  ro 1.10998 Full Time 0 Empty Time 4.64931 Inefficiency 0.228857 Total Time 594.824 x=ro/(ro+1) 0.526061 x*TT 312.914 quality factor 3346  Total Playback Bitrate  11
p1-t4-bola.log+buff  ro 1.69578 Full Time 0 Empty Time 4.06373 Inefficiency 0.41064 Total Time 594.933 x=ro/(ro+1) 0.62905 x*TT 374.242 quality factor 2303.02  Total Playback Bitrate  6
p1-t4-elastic.log+buff  ro 1.03443 Full Time 0 Empty Time 3.89945 Inefficiency 0.172031 Total Time 594.968 x=ro/(ro+1) 0.508462 x*TT 302.519 quality factor 3227.89  Total Playback Bitrate  21
p1-t5-abr.log+buff  ro 1.85038 Full Time 0 Empty Time 4.38745 Inefficiency 0.426284 Total Time 244.509 x=ro/(ro+1) 0.649169 x*TT 158.728 quality factor 1801.32  Total Playback Bitrate  26
p1-t5-bb.log+buff  ro 2.60933 Full Time 0 Empty Time 5.47973 Inefficiency 0.509916 Total Time 244.432 x=ro/(ro+1) 0.72294 x*TT 176.71 quality factor 1961.47  Total Playback Bitrate  20
p1-t5-bola.log+buff  ro 1.42766 Full Time 0 Empty Time 4.51135 Inefficiency 0.368147 Total Time 244.492 x=ro/(ro+1) 0.588081 x*TT 143.781 quality factor 2111.62  Total Playback Bitrate  6
p1-t5-elastic.log+buff  ro 1.46672 Full Time 0 Empty Time 4.97873 Inefficiency 0.380584 Total Time 244.465 x=ro/(ro+1) 0.594604 x*TT 145.36 quality factor 2058.48  Total Playback Bitrate  10
p1-t6-abr.log+buff  ro 1.61239 Full Time 0 Empty Time 7.3205 Inefficiency 0.299426 Total Time 639.158 x=ro/(ro+1) 0.617209 x*TT 394.494 quality factor 2597.4  Total Playback Bitrate  479
p1-t6-bb.log+buff  ro 1.99844 Full Time 0 Empty Time 7.1497 Inefficiency 0.393433 Total Time 635.256 x=ro/(ro+1) 0.666494 x*TT 423.394 quality factor 3481.43  Total Playback Bitrate  53
p1-t6-bola.log+buff  ro 1.47659 Full Time 0 Empty Time 7.91688 Inefficiency 0.319069 Total Time 636.333 x=ro/(ro+1) 0.596218 x*TT 379.393 quality factor 2208.05  Total Playback Bitrate  55
p1-t6-elastic.log+buff  ro 1.14605 Full Time 0 Empty Time 17.3332 Inefficiency 0.244588 Total Time 654.932 x=ro/(ro+1) 0.534027 x*TT 349.751 quality factor 2784.9  Total Playback Bitrate  52
p1-t7-abr.log+buff  ro 1.73393 Full Time 0 Empty Time 5.56326 Inefficiency 0.339005 Total Time 654.64 x=ro/(ro+1) 0.634227 x*TT 415.19 quality factor 2580.9  Total Playback Bitrate  236
p1-t7-bb.log+buff  ro 1.99028 Full Time 0 Empty Time 4.96644 Inefficiency 0.37192 Total Time 654.596 x=ro/(ro+1) 0.665583 x*TT 435.688 quality factor 2612.64  Total Playback Bitrate  21
p1-t7-bola.log+buff  ro 1.27212 Full Time 0 Empty Time 8.88021 Inefficiency 0.261376 Total Time 654.893 x=ro/(ro+1) 0.559883 x*TT 366.663 quality factor 2635.24  Total Playback Bitrate  30
p1-t7-elastic.log+buff  ro 1.13483 Full Time 0 Empty Time 8.60396 Inefficiency 0.200599 Total Time 655.054 x=ro/(ro+1) 0.53158 x*TT 348.213 quality factor 2662.98  Total Playback Bitrate  45
p2-t1-abr.log+buff  ro 1.37039 Full Time 0 Empty Time 1.44728 Inefficiency 0.292286 Total Time 596.531 x=ro/(ro+1) 0.578128 x*TT 344.871 quality factor 2257.18  Total Playback Bitrate  108
p2-t1-bb.log+buff  ro 1.09258 Full Time 0 Empty Time 1.49752 Inefficiency 0.24579 Total Time 596.545 x=ro/(ro+1) 0.522122 x*TT 311.469 quality factor 2882.38  Total Playback Bitrate  34
p2-t1-bola.log+buff  ro 2.30223 Full Time 0 Empty Time 1.40981 Inefficiency 0.496311 Total Time 596.707 x=ro/(ro+1) 0.697174 x*TT 416.009 quality factor 1200  Total Playback Bitrate  0
p2-t1-elastic.log+buff  ro 1.06927 Full Time 0 Empty Time 1.45175 Inefficiency 0.215433 Total Time 596.816 x=ro/(ro+1) 0.516738 x*TT 308.398 quality factor 2937.17  Total Playback Bitrate  58
p2-t2-abr.log+buff  ro 1.11014 Full Time 0 Empty Time 1.06333 Inefficiency 0.21033 Total Time 657.691 x=ro/(ro+1) 0.526097 x*TT 346.009 quality factor 2868.67  Total Playback Bitrate  82
p2-t2-bb.log+buff  ro 1.03932 Full Time 0 Empty Time 1.12482 Inefficiency 0.221388 Total Time 657.612 x=ro/(ro+1) 0.50964 x*TT 335.145 quality factor 3195.12  Total Playback Bitrate  8
p2-t2-bola.log+buff  ro 1.77201 Full Time 0 Empty Time 1.02344 Inefficiency 0.426935 Total Time 657.762 x=ro/(ro+1) 0.63925 x*TT 420.475 quality factor 1622  Total Playback Bitrate  0
p2-t2-elastic.log+buff  ro 0.935215 Full Time 0 Empty Time 0.972012 Inefficiency 0.173949 Total Time 658.089 x=ro/(ro+1) 0.483262 x*TT 318.029 quality factor 3245.47  Total Playback Bitrate  14
p2-t3-abr.log+buff  ro 1.31985 Full Time 0 Empty Time 4.25506 Inefficiency 0.290454 Total Time 655.425 x=ro/(ro+1) 0.568937 x*TT 372.896 quality factor 2624.08  Total Playback Bitrate  102
p2-t3-bb.log+buff  ro 0.994532 Full Time 0 Empty Time 3.74991 Inefficiency 0.227514 Total Time 654.832 x=ro/(ro+1) 0.498629 x*TT 326.518 quality factor 3289.89  Total Playback Bitrate  6
p2-t3-bola.log+buff  ro 2.26433 Full Time 0 Empty Time 2.98588 Inefficiency 0.495958 Total Time 654.628 x=ro/(ro+1) 0.693658 x*TT 454.088 quality factor 1198  Total Playback Bitrate  0
p2-t3-elastic.log+buff  ro 0.96938 Full Time 0 Empty Time 5.37311 Inefficiency 0.212224 Total Time 656.737 x=ro/(ro+1) 0.492226 x*TT 323.263 quality factor 3269.5  Total Playback Bitrate  46
p2-t4-abr.log+buff  ro 1.31362 Full Time 0 Empty Time 1.48563 Inefficiency 0.306716 Total Time 596.959 x=ro/(ro+1) 0.567777 x*TT 338.94 quality factor 2544.05  Total Playback Bitrate  74
p2-t4-bb.log+buff  ro 1.00781 Full Time 0 Empty Time 1.57794 Inefficiency 0.149148 Total Time 596.736 x=ro/(ro+1) 0.501946 x*TT 299.529 quality factor 3206.67  Total Playback Bitrate  14
p2-t4-bola.log+buff  ro 2.30181 Full Time 0 Empty Time 1.56375 Inefficiency 0.503038 Total Time 596.604 x=ro/(ro+1) 0.697136 x*TT 415.914 quality factor 1143  Total Playback Bitrate  0
p2-t4-elastic.log+buff  ro 1.01545 Full Time 0 Empty Time 1.52752 Inefficiency 0.157109 Total Time 596.907 x=ro/(ro+1) 0.503833 x*TT 300.741 quality factor 3163.57  Total Playback Bitrate  18
p2-t5-abr.log+buff  ro 1.65334 Full Time 0 Empty Time 3.77816 Inefficiency 0.397007 Total Time 246.486 x=ro/(ro+1) 0.623116 x*TT 153.589 quality factor 1838.48  Total Playback Bitrate  4
p2-t5-bb.log+buff  ro 2.20577 Full Time 0 Empty Time 1.64662 Inefficiency 0.488738 Total Time 245.228 x=ro/(ro+1) 0.688063 x*TT 168.732 quality factor 1908.4  Total Playback Bitrate  16
p2-t5-bola.log+buff  ro 1.80701 Full Time 0 Empty Time 1.55724 Inefficiency 0.399185 Total Time 245.304 x=ro/(ro+1) 0.643749 x*TT 157.914 quality factor 1853.61  Total Playback Bitrate  12
p2-t5-elastic.log+buff  ro 1.50522 Full Time 0 Empty Time 8.42319 Inefficiency 0.376532 Total Time 276.256 x=ro/(ro+1) 0.600834 x*TT 165.984 quality factor 1886.82  Total Playback Bitrate  9
p2-t6-abr.log+buff  ro 1.43289 Full Time 0 Empty Time 3.89892 Inefficiency 0.318529 Total Time 639.227 x=ro/(ro+1) 0.588965 x*TT 376.483 quality factor 2972.16  Total Playback Bitrate  359
p2-t6-bb.log+buff  ro 1.4459 Full Time 0 Empty Time 2.20388 Inefficiency 0.35353 Total Time 636.604 x=ro/(ro+1) 0.591153 x*TT 376.331 quality factor 3335.82  Total Playback Bitrate  41
p2-t6-bola.log+buff  ro 1.69978 Full Time 0 Empty Time 4.00671 Inefficiency 0.385742 Total Time 639.19 x=ro/(ro+1) 0.6296 x*TT 402.434 quality factor 1976.03  Total Playback Bitrate  47
p2-t6-elastic.log+buff  ro 1.09717 Full Time 0 Empty Time 12.371 Inefficiency 0.237553 Total Time 655.318 x=ro/(ro+1) 0.523167 x*TT 342.84 quality factor 2967.16  Total Playback Bitrate  50
p2-t7-abr.log+buff  ro 1.45101 Full Time 0 Empty Time 2.43251 Inefficiency 0.31586 Total Time 655.705 x=ro/(ro+1) 0.592005 x*TT 388.181 quality factor 2547.2  Total Playback Bitrate  124
p2-t7-bb.log+buff  ro 1.49297 Full Time 0 Empty Time 2.26431 Inefficiency 0.321927 Total Time 655.817 x=ro/(ro+1) 0.598871 x*TT 392.75 quality factor 2700.97  Total Playback Bitrate  16
p2-t7-bola.log+buff  ro 1.49337 Full Time 0 Empty Time 2.36235 Inefficiency 0.322091 Total Time 655.691 x=ro/(ro+1) 0.598937 x*TT 392.718 quality factor 2422.3  Total Playback Bitrate  28
p2-t7-elastic.log+buff  ro 1.20744 Full Time 0 Empty Time 14.2642 Inefficiency 0.200165 Total Time 659.382 x=ro/(ro+1) 0.546987 x*TT 360.674 quality factor 2533.42  Total Playback Bitrate  40
p3-t1-abr.log+buff  ro 1.25164 Full Time 0 Empty Time 6.3548 Inefficiency 0.319468 Total Time 603.806 x=ro/(ro+1) 0.555879 x*TT 335.643 quality factor 1551.67  Total Playback Bitrate  142
p3-t1-bb.log+buff  ro 0.998856 Full Time 0 Empty Time 9.66712 Inefficiency 0.237765 Total Time 607.386 x=ro/(ro+1) 0.499714 x*TT 303.519 quality factor 1904.97  Total Playback Bitrate  57
p3-t1-bola.log+buff  ro 1.39701 Full Time 0 Empty Time 8.72397 Inefficiency 0.369505 Total Time 608.121 x=ro/(ro+1) 0.582813 x*TT 354.421 quality factor 1200  Total Playback Bitrate  0
p3-t1-elastic.log+buff  ro 0.985031 Full Time 0 Empty Time 3.30801 Inefficiency 0.196962 Total Time 604.201 x=ro/(ro+1) 0.49623 x*TT 299.822 quality factor 1812.58  Total Playback Bitrate  50
p3-t2-abr.log+buff  ro 0.963256 Full Time 0 Empty Time 2.39568 Inefficiency 0.211896 Total Time 665.002 x=ro/(ro+1) 0.490642 x*TT 326.278 quality factor 2134.86  Total Playback Bitrate  152
p3-t2-bb.log+buff  ro 0.859984 Full Time 0 Empty Time 1.2183 Inefficiency 0.200032 Total Time 665.22 x=ro/(ro+1) 0.462361 x*TT 307.572 quality factor 2227.49  Total Playback Bitrate  25
p3-t2-bola.log+buff  ro 1.02242 Full Time 0 Empty Time 5.44783 Inefficiency 0.245121 Total Time 674.02 x=ro/(ro+1) 0.505544 x*TT 340.747 quality factor 1622  Total Playback Bitrate  0
p3-t2-elastic.log+buff  ro 0.782069 Full Time 0 Empty Time 2.30821 Inefficiency 0.150449 Total Time 664.983 x=ro/(ro+1) 0.438855 x*TT 291.831 quality factor 2224.54  Total Playback Bitrate  31
p3-t3-abr.log+buff  ro 1.16417 Full Time 0 Empty Time 4.90627 Inefficiency 0.290966 Total Time 655.962 x=ro/(ro+1) 0.53793 x*TT 352.862 quality factor 1912.59  Total Playback Bitrate  162
p3-t3-bb.log+buff  ro 0.892029 Full Time 0 Empty Time 1.77226 Inefficiency 0.177786 Total Time 656.339 x=ro/(ro+1) 0.471467 x*TT 309.442 quality factor 2350.35  Total Playback Bitrate  21
p3-t3-bola.log+buff  ro 1.39187 Full Time 0 Empty Time 4.78244 Inefficiency 0.364252 Total Time 657.71 x=ro/(ro+1) 0.581917 x*TT 382.732 quality factor 1198  Total Playback Bitrate  0
p3-t3-elastic.log+buff  ro 0.814404 Full Time 0 Empty Time 2.16782 Inefficiency 0.141561 Total Time 657.152 x=ro/(ro+1) 0.448855 x*TT 294.966 quality factor 2263.28  Total Playback Bitrate  65
p3-t4-abr.log+buff  ro 1.1595 Full Time 0 Empty Time 0.840129 Inefficiency 0.283976 Total Time 600.182 x=ro/(ro+1) 0.53693 x*TT 322.256 quality factor 1515.65  Total Playback Bitrate  126
p3-t4-bb.log+buff  ro 0.887551 Full Time 0 Empty Time 2.07803 Inefficiency 0.176677 Total Time 601.07 x=ro/(ro+1) 0.470213 x*TT 282.631 quality factor 2233.77  Total Playback Bitrate  31
p3-t4-bola.log+buff  ro 1.40133 Full Time 0 Empty Time 0.786114 Inefficiency 0.35928 Total Time 600.554 x=ro/(ro+1) 0.583564 x*TT 350.462 quality factor 1143  Total Playback Bitrate  0
p3-t4-elastic.log+buff  ro 0.952624 Full Time 0 Empty Time 0.923953 Inefficiency 0.186055 Total Time 599.466 x=ro/(ro+1) 0.487869 x*TT 292.461 quality factor 1908.44  Total Playback Bitrate  20
p3-t5-abr.log+buff  ro 1.48192 Full Time 0 Empty Time 6.98174 Inefficiency 0.330184 Total Time 245.669 x=ro/(ro+1) 0.597087 x*TT 146.686 quality factor 1427.97  Total Playback Bitrate  34
p3-t5-bb.log+buff  ro 1.52841 Full Time 0 Empty Time 0.875716 Inefficiency 0.352986 Total Time 247.094 x=ro/(ro+1) 0.604495 x*TT 149.367 quality factor 1548.13  Total Playback Bitrate  14
p3-t5-bola.log+buff  ro 1.52192 Full Time 0 Empty Time 0.89752 Inefficiency 0.36506 Total Time 246.752 x=ro/(ro+1) 0.603476 x*TT 148.909 quality factor 1505.92  Total Playback Bitrate  20
p3-t5-elastic.log+buff  ro 1.1507 Full Time 0 Empty Time 11.7916 Inefficiency 0.242123 Total Time 322.005 x=ro/(ro+1) 0.535034 x*TT 172.284 quality factor 1798.51  Total Playback Bitrate  24
p3-t6-abr.log+buff  ro 1.90163 Full Time 0 Empty Time 40.8995 Inefficiency 0.359381 Total Time 636.481 x=ro/(ro+1) 0.655366 x*TT 417.128 quality factor 1621.05  Total Playback Bitrate  676
p3-t6-bb.log+buff  ro 1.49544 Full Time 0 Empty Time 2.10532 Inefficiency 0.34252 Total Time 636.845 x=ro/(ro+1) 0.599269 x*TT 381.641 quality factor 1899.9  Total Playback Bitrate  51
p3-t6-bola.log+buff  ro 1.65732 Full Time 0 Empty Time 1.46619 Inefficiency 0.385496 Total Time 637.63 x=ro/(ro+1) 0.623682 x*TT 397.678 quality factor 1268.86  Total Playback Bitrate  93
p3-t6-elastic.log+buff  ro 1.16084 Full Time 0 Empty Time 5.53112 Inefficiency 0.208492 Total Time 650.618 x=ro/(ro+1) 0.537217 x*TT 349.523 quality factor 1651.61  Total Playback Bitrate  113
p3-t7-abr.log+buff  ro 1.88293 Full Time 0 Empty Time 2.48689 Inefficiency 0.445035 Total Time 655.873 x=ro/(ro+1) 0.653131 x*TT 428.371 quality factor 1553.58  Total Playback Bitrate  340
p3-t7-bb.log+buff  ro 1.58661 Full Time 0 Empty Time 1.64557 Inefficiency 0.410874 Total Time 657.159 x=ro/(ro+1) 0.613393 x*TT 403.097 quality factor 1801.03  Total Playback Bitrate  29
p3-t7-bola.log+buff  ro 1.60548 Full Time 0 Empty Time 2.97155 Inefficiency 0.361322 Total Time 656.735 x=ro/(ro+1) 0.616194 x*TT 404.676 quality factor 1190.14  Total Playback Bitrate  23
p3-t7-elastic.log+buff  ro 1.158 Full Time 0 Empty Time 2.89126 Inefficiency 0.262959 Total Time 656.881 x=ro/(ro+1) 0.536608 x*TT 352.488 quality factor 1745.04  Total Playback Bitrate  102
p4-t1-abr.log+buff  ro 0.930532 Full Time 0 Empty Time 14.8535 Inefficiency 0.144655 Total Time 660.352 x=ro/(ro+1) 0.482008 x*TT 318.295 quality factor 1240.56  Total Playback Bitrate  64
p4-t1-bb.log+buff  ro 0.904398 Full Time 0 Empty Time 17.0304 Inefficiency 0.149038 Total Time 660.174 x=ro/(ro+1) 0.4749 x*TT 313.516 quality factor 1328.44  Total Playback Bitrate  28
p4-t1-bola.log+buff  ro 0.921088 Full Time 0 Empty Time 15.3121 Inefficiency 0.138525 Total Time 659.829 x=ro/(ro+1) 0.479462 x*TT 316.363 quality factor 1200  Total Playback Bitrate  0
p4-t1-elastic.log+buff  ro 0.900491 Full Time 0 Empty Time 15.4898 Inefficiency 0.120413 Total Time 659.578 x=ro/(ro+1) 0.47382 x*TT 312.521 quality factor 1249.98  Total Playback Bitrate  14
p4-t2-abr.log+buff  ro 0.689483 Full Time 0 Empty Time 6.92905 Inefficiency 0.164735 Total Time 712.728 x=ro/(ro+1) 0.408103 x*TT 290.867 quality factor 1864.33  Total Playback Bitrate  74
p4-t2-bb.log+buff  ro 0.655522 Full Time 0 Empty Time 9.49536 Inefficiency 0.180725 Total Time 870.308 x=ro/(ro+1) 0.395961 x*TT 344.608 quality factor 1734.14  Total Playback Bitrate  18
p4-t2-bola.log+buff  ro 0.648581 Full Time 0 Empty Time 9.7085 Inefficiency 0.0924658 Total Time 877.857 x=ro/(ro+1) 0.393418 x*TT 345.364 quality factor 1622  Total Playback Bitrate  0
p4-t2-elastic.log+buff  ro 0.641033 Full Time 0 Empty Time 7.94271 Inefficiency 0.0483547 Total Time 773.635 x=ro/(ro+1) 0.390628 x*TT 302.203 quality factor 1693.5  Total Playback Bitrate  8
p4-t3-abr.log+buff  ro 0.876145 Full Time 0 Empty Time 3.30967 Inefficiency 0.141252 Total Time 656.579 x=ro/(ro+1) 0.466992 x*TT 306.617 quality factor 1372.08  Total Playback Bitrate  148
p4-t3-bb.log+buff  ro 0.731793 Full Time 0 Empty Time 1.98025 Inefficiency 0.0935233 Total Time 655.952 x=ro/(ro+1) 0.422564 x*TT 277.182 quality factor 1619.39  Total Playback Bitrate  73
p4-t3-bola.log+buff  ro 0.906443 Full Time 0 Empty Time 10.8559 Inefficiency 0.181517 Total Time 674.479 x=ro/(ro+1) 0.475463 x*TT 320.69 quality factor 1300.22  Total Playback Bitrate  3
p4-t3-elastic.log+buff  ro 0.715394 Full Time 0 Empty Time 0.380781 Inefficiency 0.0682816 Total Time 656.197 x=ro/(ro+1) 0.417043 x*TT 273.663 quality factor 1639.01  Total Playback Bitrate  51
p4-t4-abr.log+buff  ro 0.902406 Full Time 0 Empty Time 1.08587 Inefficiency 0.14664 Total Time 597.985 x=ro/(ro+1) 0.47435 x*TT 283.654 quality factor 1209.95  Total Playback Bitrate  120
p4-t4-bb.log+buff  ro 0.786467 Full Time 0 Empty Time 3.24253 Inefficiency 0.194364 Total Time 635.727 x=ro/(ro+1) 0.440236 x*TT 279.87 quality factor 1565.68  Total Playback Bitrate  47
p4-t4-bola.log+buff  ro 0.905286 Full Time 0 Empty Time 2.22128 Inefficiency 0.162612 Total Time 607.965 x=ro/(ro+1) 0.475144 x*TT 288.871 quality factor 1143  Total Playback Bitrate  0
p4-t4-elastic.log+buff  ro 0.791647 Full Time 0 Empty Time 1.09719 Inefficiency 0.115911 Total Time 598.364 x=ro/(ro+1) 0.441854 x*TT 264.39 quality factor 1397.47  Total Playback Bitrate  29
p4-t5-abr.log+buff  ro 1.58273 Full Time 0 Empty Time 2.87388 Inefficiency 0.394937 Total Time 251.573 x=ro/(ro+1) 0.612813 x*TT 154.167 quality factor 932.158  Total Playback Bitrate  80
p4-t5-bb.log+buff  ro 1.47167 Full Time 0 Empty Time 2.52769 Inefficiency 0.350815 Total Time 247.089 x=ro/(ro+1) 0.595415 x*TT 147.12 quality factor 1046.72  Total Playback Bitrate  18
p4-t5-bola.log+buff  ro 1.57782 Full Time 0 Empty Time 4.74113 Inefficiency 0.381472 Total Time 249.318 x=ro/(ro+1) 0.612076 x*TT 152.601 quality factor 575.438  Total Playback Bitrate  7
p4-t5-elastic.log+buff  ro 1.33436 Full Time 0 Empty Time 5.01511 Inefficiency 0.273871 Total Time 270.482 x=ro/(ro+1) 0.571617 x*TT 154.612 quality factor 898.773  Total Playback Bitrate  24
p4-t6-abr.log+buff  ro 1.58814 Full Time 0 Empty Time 3.38262 Inefficiency 0.302826 Total Time 638.505 x=ro/(ro+1) 0.613622 x*TT 391.8 quality factor 1499.85  Total Playback Bitrate  739
p4-t6-bb.log+buff  ro 1.47115 Full Time 0 Empty Time 1.67011 Inefficiency 0.33999 Total Time 637.302 x=ro/(ro+1) 0.595331 x*TT 379.405 quality factor 1212.41  Total Playback Bitrate  48
p4-t6-bola.log+buff  ro 1.77309 Full Time 0 Empty Time 4.70941 Inefficiency 0.399686 Total Time 643.351 x=ro/(ro+1) 0.639391 x*TT 411.353 quality factor 797.827  Total Playback Bitrate  86
p4-t6-elastic.log+buff  ro 1.25084 Full Time 0 Empty Time 28.592 Inefficiency 0.230054 Total Time 751.303 x=ro/(ro+1) 0.555721 x*TT 417.515 quality factor 1323.74  Total Playback Bitrate  136
p4-t7-abr.log+buff  ro 2.0761 Full Time 0 Empty Time 2.96034 Inefficiency 0.447946 Total Time 656.327 x=ro/(ro+1) 0.674913 x*TT 442.963 quality factor 838.339  Total Playback Bitrate  476
p4-t7-bb.log+buff  ro 1.46747 Full Time 0 Empty Time 1.15563 Inefficiency 0.396118 Total Time 656.761 x=ro/(ro+1) 0.594726 x*TT 390.593 quality factor 1187.05  Total Playback Bitrate  27
p4-t7-bola.log+buff  ro 2.20835 Full Time 0 Empty Time 5.41557 Inefficiency 0.488139 Total Time 660.135 x=ro/(ro+1) 0.688313 x*TT 454.38 quality factor 622.693  Total Playback Bitrate  17
p4-t7-elastic.log+buff  ro 1.22526 Full Time 0 Empty Time 3.07337 Inefficiency 0.310977 Total Time 656.229 x=ro/(ro+1) 0.550615 x*TT 361.329 quality factor 1099.35  Total Playback Bitrate  94
p1-t1-ar.log+buff  ro 1.06513 Full Time 0 Empty Time 3.93278 Inefficiency 0.234974 Total Time 595.568 x=ro/(ro+1) 0.515768 x*TT 307.175 quality factor 3138.44  Total Playback Bitrate  99
p1-t1-dy.log+buff  ro 1.0613 Full Time 0 Empty Time 3.88809 Inefficiency 0.241154 Total Time 595.789 x=ro/(ro+1) 0.514869 x*TT 306.753 quality factor 3119.39  Total Playback Bitrate  97
p1-t1-gd.log+buff  ro 1.06822 Full Time 0 Empty Time 3.84088 Inefficiency 0.240268 Total Time 595.663 x=ro/(ro+1) 0.516493 x*TT 307.656 quality factor 3141.74  Total Playback Bitrate  89
p1-t1-kama.log+buff  ro 1.07214 Full Time 0 Empty Time 3.56166 Inefficiency 0.243833 Total Time 595.537 x=ro/(ro+1) 0.517408 x*TT 308.135 quality factor 3129.91  Total Playback Bitrate  87
p1-t1-ra.log+buff  ro 1.0439 Full Time 0 Empty Time 5.69367 Inefficiency 0.215212 Total Time 595.407 x=ro/(ro+1) 0.51074 x*TT 304.098 quality factor 3153.91  Total Playback Bitrate  69
p1-t2-ar.log+buff  ro 0.942449 Full Time 0 Empty Time 3.04637 Inefficiency 0.194624 Total Time 655.424 x=ro/(ro+1) 0.485186 x*TT 318.002 quality factor 3218.46  Total Playback Bitrate  20
p1-t2-dy.log+buff  ro 0.950385 Full Time 0 Empty Time 2.99631 Inefficiency 0.196934 Total Time 655.429 x=ro/(ro+1) 0.487281 x*TT 319.378 quality factor 3229.47  Total Playback Bitrate  20
p1-t2-gd.log+buff  ro 0.967744 Full Time 0 Empty Time 2.93327 Inefficiency 0.19907 Total Time 655.421 x=ro/(ro+1) 0.491804 x*TT 322.338 quality factor 3245.29  Total Playback Bitrate  26
p1-t2-kama.log+buff  ro 0.941798 Full Time 0 Empty Time 3.00437 Inefficiency 0.165697 Total Time 655.465 x=ro/(ro+1) 0.485013 x*TT 317.909 quality factor 3238.17  Total Playback Bitrate  16
p1-t2-ra.log+buff  ro 0.953815 Full Time 0 Empty Time 4.77506 Inefficiency 0.178917 Total Time 659.224 x=ro/(ro+1) 0.488181 x*TT 321.821 quality factor 3239.13  Total Playback Bitrate  20
p1-t3-ar.log+buff  ro 1.01589 Full Time 0 Empty Time 14.0731 Inefficiency 0.259648 Total Time 654.667 x=ro/(ro+1) 0.503942 x*TT 329.914 quality factor 3187.96  Total Playback Bitrate  25
p1-t3-dy.log+buff  ro 1.02256 Full Time 0 Empty Time 14.1222 Inefficiency 0.270479 Total Time 654.784 x=ro/(ro+1) 0.505577 x*TT 331.044 quality factor 3174.95  Total Playback Bitrate  23
p1-t3-gd.log+buff  ro 1.01545 Full Time 0 Empty Time 14.1713 Inefficiency 0.261979 Total Time 654.695 x=ro/(ro+1) 0.503834 x*TT 329.858 quality factor 3223.03  Total Playback Bitrate  25
p1-t3-kama.log+buff  ro 1.01273 Full Time 0 Empty Time 14.1713 Inefficiency 0.249713 Total Time 654.698 x=ro/(ro+1) 0.503162 x*TT 329.419 quality factor 3209.69  Total Playback Bitrate  27
p1-t3-ra.log+buff  ro 0.986096 Full Time 0 Empty Time 14.9179 Inefficiency 0.220439 Total Time 655.474 x=ro/(ro+1) 0.4965 x*TT 325.443 quality factor 3216.58  Total Playback Bitrate  25
p1-t4-ar.log+buff  ro 1.00352 Full Time 0 Empty Time 3.84055 Inefficiency 0.196896 Total Time 595.155 x=ro/(ro+1) 0.500879 x*TT 298.1 quality factor 3417.98  Total Playback Bitrate  25
p1-t4-dy.log+buff  ro 1.00766 Full Time 0 Empty Time 4.2167 Inefficiency 0.177648 Total Time 595.108 x=ro/(ro+1) 0.501908 x*TT 298.69 quality factor 3422.35  Total Playback Bitrate  25
p1-t4-gd.log+buff  ro 1.00519 Full Time 0 Empty Time 3.73534 Inefficiency 0.174074 Total Time 595.199 x=ro/(ro+1) 0.501294 x*TT 298.37 quality factor 3439.73  Total Playback Bitrate  24
p1-t4-kama.log+buff  ro 0.98442 Full Time 0 Empty Time 3.42875 Inefficiency 0.150211 Total Time 595.372 x=ro/(ro+1) 0.496074 x*TT 295.349 quality factor 3382.88  Total Playback Bitrate  13
p1-t4-ra.log+buff  ro 1.00215 Full Time 0 Empty Time 4.86027 Inefficiency 0.183135 Total Time 598.711 x=ro/(ro+1) 0.500538 x*TT 299.677 quality factor 3471.06  Total Playback Bitrate  27
p1-t5-ar.log+buff  ro 1.42308 Full Time 0 Empty Time 5.43342 Inefficiency 0.359583 Total Time 244.609 x=ro/(ro+1) 0.587302 x*TT 143.659 quality factor 2098.91  Total Playback Bitrate  6
p1-t5-dy.log+buff  ro 1.40529 Full Time 0 Empty Time 3.86626 Inefficiency 0.360354 Total Time 244.717 x=ro/(ro+1) 0.58425 x*TT 142.976 quality factor 2106.49  Total Playback Bitrate  6
p1-t5-gd.log+buff  ro 1.40751 Full Time 0 Empty Time 4.09382 Inefficiency 0.361425 Total Time 244.708 x=ro/(ro+1) 0.584633 x*TT 143.064 quality factor 2091.64  Total Playback Bitrate  6
p1-t5-kama.log+buff  ro 1.44523 Full Time 0 Empty Time 5.36765 Inefficiency 0.380872 Total Time 244.6 x=ro/(ro+1) 0.59104 x*TT 144.568 quality factor 2114.07  Total Playback Bitrate  4
p1-t5-ra.log+buff  ro 1.4209 Full Time 0 Empty Time 4.86274 Inefficiency 0.385732 Total Time 244.647 x=ro/(ro+1) 0.586931 x*TT 143.591 quality factor 2113.89  Total Playback Bitrate  4
p1-t6-ar.log+buff  ro 1.19707 Full Time 0 Empty Time 8.90296 Inefficiency 0.288105 Total Time 638.785 x=ro/(ro+1) 0.544849 x*TT 348.041 quality factor 2832.89  Total Playback Bitrate  65
p1-t6-dy.log+buff  ro 1.18683 Full Time 0 Empty Time 7.69181 Inefficiency 0.288748 Total Time 639.085 x=ro/(ro+1) 0.542718 x*TT 346.843 quality factor 2851.18  Total Playback Bitrate  65
p1-t6-gd.log+buff  ro 1.21167 Full Time 0 Empty Time 9.83555 Inefficiency 0.287755 Total Time 642.155 x=ro/(ro+1) 0.547853 x*TT 351.807 quality factor 2866.85  Total Playback Bitrate  55
p1-t6-kama.log+buff  ro 1.18929 Full Time 0 Empty Time 11.3938 Inefficiency 0.277533 Total Time 642.339 x=ro/(ro+1) 0.543231 x*TT 348.939 quality factor 2840.04  Total Playback Bitrate  48
p1-t6-ra.log+buff  ro 1.15466 Full Time 0 Empty Time 22.189 Inefficiency 0.2946 Total Time 701.697 x=ro/(ro+1) 0.53589 x*TT 376.033 quality factor 3039.57  Total Playback Bitrate  47
p1-t7-ar.log+buff  ro 1.18858 Full Time 0 Empty Time 8.01859 Inefficiency 0.232266 Total Time 655.67 x=ro/(ro+1) 0.543083 x*TT 356.083 quality factor 2715.41  Total Playback Bitrate  39
p1-t7-dy.log+buff  ro 1.18417 Full Time 0 Empty Time 13.2257 Inefficiency 0.232489 Total Time 657.735 x=ro/(ro+1) 0.54216 x*TT 356.597 quality factor 2658.29  Total Playback Bitrate  26
p1-t7-gd.log+buff  ro 1.19434 Full Time 0 Empty Time 13.8959 Inefficiency 0.241581 Total Time 660.032 x=ro/(ro+1) 0.544283 x*TT 359.244 quality factor 2742.77  Total Playback Bitrate  28
p1-t7-kama.log+buff  ro 1.21847 Full Time 0 Empty Time 12.5807 Inefficiency 0.248893 Total Time 657.187 x=ro/(ro+1) 0.549239 x*TT 360.953 quality factor 2716.72  Total Playback Bitrate  39
p1-t7-ra.log+buff  ro 1.14791 Full Time 0 Empty Time 22.5427 Inefficiency 0.216906 Total Time 668.836 x=ro/(ro+1) 0.534431 x*TT 357.446 quality factor 2730.93  Total Playback Bitrate  23
p2-t1-ar.log+buff  ro 1.06335 Full Time 0 Empty Time 1.49906 Inefficiency 0.236678 Total Time 597.127 x=ro/(ro+1) 0.51535 x*TT 307.73 quality factor 3006.43  Total Playback Bitrate  82
p2-t1-dy.log+buff  ro 1.06407 Full Time 0 Empty Time 1.51896 Inefficiency 0.23831 Total Time 596.73 x=ro/(ro+1) 0.515519 x*TT 307.626 quality factor 3015.31  Total Playback Bitrate  80
p2-t1-gd.log+buff  ro 1.06507 Full Time 0 Empty Time 1.50451 Inefficiency 0.23601 Total Time 596.894 x=ro/(ro+1) 0.515755 x*TT 307.851 quality factor 3005.72  Total Playback Bitrate  74
p2-t1-kama.log+buff  ro 1.04146 Full Time 0 Empty Time 1.40006 Inefficiency 0.217549 Total Time 790.688 x=ro/(ro+1) 0.510154 x*TT 403.372 quality factor 2809.28  Total Playback Bitrate  54
p2-t1-ra.log+buff  ro 1.05331 Full Time 0 Empty Time 1.41206 Inefficiency 0.225071 Total Time 597.016 x=ro/(ro+1) 0.512982 x*TT 306.259 quality factor 3001.56  Total Playback Bitrate  62
p2-t2-ar.log+buff  ro 0.942163 Full Time 0 Empty Time 0.969953 Inefficiency 0.168462 Total Time 658.429 x=ro/(ro+1) 0.48511 x*TT 319.411 quality factor 3264.64  Total Playback Bitrate  22
p2-t2-dy.log+buff  ro 0.960661 Full Time 0 Empty Time 1.06287 Inefficiency 0.176483 Total Time 658.021 x=ro/(ro+1) 0.489968 x*TT 322.409 quality factor 3284.01  Total Playback Bitrate  26
p2-t2-gd.log+buff  ro 0.941017 Full Time 0 Empty Time 1.06722 Inefficiency 0.157248 Total Time 658.217 x=ro/(ro+1) 0.484806 x*TT 319.108 quality factor 3272.49  Total Playback Bitrate  20
p2-t2-kama.log+buff  ro 0.948069 Full Time 0 Empty Time 1.04021 Inefficiency 0.159381 Total Time 658.129 x=ro/(ro+1) 0.486671 x*TT 320.292 quality factor 3327.93  Total Playback Bitrate  16
p2-t2-ra.log+buff  ro 0.972943 Full Time 0 Empty Time 1.63854 Inefficiency 0.181527 Total Time 659.81 x=ro/(ro+1) 0.493143 x*TT 325.381 quality factor 3295.89  Total Playback Bitrate  16
p2-t3-ar.log+buff  ro 0.980897 Full Time 0 Empty Time 7.0965 Inefficiency 0.22377 Total Time 657.681 x=ro/(ro+1) 0.495178 x*TT 325.669 quality factor 3273.03  Total Playback Bitrate  30
p2-t3-dy.log+buff  ro 1.31817 Full Time 0 Empty Time 4.01938 Inefficiency 0.220642 Total Time 657.754 x=ro/(ro+1) 0.568624 x*TT 374.015 quality factor 3270.93  Total Playback Bitrate  22
p2-t3-gd.log+buff  ro 0.988377 Full Time 0 Empty Time 6.29573 Inefficiency 0.221026 Total Time 658.017 x=ro/(ro+1) 0.497077 x*TT 327.085 quality factor 3278.11  Total Playback Bitrate  38
p2-t3-kama.log+buff  ro 0.981141 Full Time 0 Empty Time 5.23448 Inefficiency 0.221722 Total Time 658.115 x=ro/(ro+1) 0.49524 x*TT 325.925 quality factor 3273.71  Total Playback Bitrate  36
p2-t3-ra.log+buff  ro 0.978587 Full Time 0 Empty Time 7.30563 Inefficiency 0.226034 Total Time 658.659 x=ro/(ro+1) 0.494589 x*TT 325.765 quality factor 3304.52  Total Playback Bitrate  42
p2-t4-ar.log+buff  ro 0.976531 Full Time 0 Empty Time 1.42311 Inefficiency 0.160974 Total Time 597.336 x=ro/(ro+1) 0.494063 x*TT 295.122 quality factor 3291.67  Total Playback Bitrate  24
p2-t4-dy.log+buff  ro 0.968297 Full Time 0 Empty Time 1.93368 Inefficiency 0.149435 Total Time 599.817 x=ro/(ro+1) 0.491947 x*TT 295.078 quality factor 3298.51  Total Playback Bitrate  28
p2-t4-gd.log+buff  ro 0.977156 Full Time 0 Empty Time 1.95613 Inefficiency 0.150899 Total Time 597.889 x=ro/(ro+1) 0.494223 x*TT 295.491 quality factor 3285.4  Total Playback Bitrate  20
p2-t4-kama.log+buff  ro 0.954469 Full Time 0 Empty Time 1.63808 Inefficiency 0.125456 Total Time 597.017 x=ro/(ro+1) 0.488352 x*TT 291.554 quality factor 3277.3  Total Playback Bitrate  20
p2-t4-ra.log+buff  ro 0.964144 Full Time 0 Empty Time 5.93321 Inefficiency 0.148025 Total Time 609.244 x=ro/(ro+1) 0.490872 x*TT 299.061 quality factor 3350.87  Total Playback Bitrate  24
p2-t5-ar.log+buff  ro 1.47485 Full Time 0 Empty Time 9.12702 Inefficiency 0.384143 Total Time 271.044 x=ro/(ro+1) 0.595936 x*TT 161.525 quality factor 1973.07  Total Playback Bitrate  6
p2-t5-dy.log+buff  ro 1.48623 Full Time 0 Empty Time 11.1911 Inefficiency 0.383685 Total Time 271.98 x=ro/(ro+1) 0.597785 x*TT 162.586 quality factor 1972.8  Total Playback Bitrate  6
p2-t5-gd.log+buff  ro 1.48814 Full Time 0 Empty Time 8.72074 Inefficiency 0.38477 Total Time 269.766 x=ro/(ro+1) 0.598093 x*TT 161.345 quality factor 1967.22  Total Playback Bitrate  6
p2-t5-kama.log+buff  ro 1.48006 Full Time 0 Empty Time 7.86813 Inefficiency 0.400102 Total Time 269.414 x=ro/(ro+1) 0.596784 x*TT 160.782 quality factor 1974.53  Total Playback Bitrate  6
p2-t5-ra.log+buff  ro 1.5754 Full Time 0 Empty Time 5.23807 Inefficiency 0.395797 Total Time 250.913 x=ro/(ro+1) 0.611711 x*TT 153.486 quality factor 1940.42  Total Playback Bitrate  10
p2-t6-ar.log+buff  ro 1.14198 Full Time 0 Empty Time 3.80991 Inefficiency 0.26355 Total Time 639.646 x=ro/(ro+1) 0.533141 x*TT 341.022 quality factor 3003.32  Total Playback Bitrate  64
p2-t6-dy.log+buff  ro 1.15775 Full Time 0 Empty Time 4.30604 Inefficiency 0.274915 Total Time 639.629 x=ro/(ro+1) 0.536554 x*TT 343.195 quality factor 3077.77  Total Playback Bitrate  61
p2-t6-gd.log+buff  ro 1.15006 Full Time 0 Empty Time 4.9977 Inefficiency 0.263588 Total Time 641.455 x=ro/(ro+1) 0.534897 x*TT 343.112 quality factor 3034.57  Total Playback Bitrate  58
p2-t6-kama.log+buff  ro 1.12571 Full Time 0 Empty Time 3.94944 Inefficiency 0.256609 Total Time 639.771 x=ro/(ro+1) 0.529569 x*TT 338.803 quality factor 2996.3  Total Playback Bitrate  40
p2-t6-ra.log+buff  ro 1.14706 Full Time 0 Empty Time 9.88297 Inefficiency 0.28512 Total Time 655.644 x=ro/(ro+1) 0.534248 x*TT 350.276 quality factor 3066.56  Total Playback Bitrate  32
p2-t7-ar.log+buff  ro 1.21541 Full Time 0 Empty Time 2.51316 Inefficiency 0.234871 Total Time 656.109 x=ro/(ro+1) 0.548617 x*TT 359.953 quality factor 2620.39  Total Playback Bitrate  34
p2-t7-dy.log+buff  ro 1.22936 Full Time 0 Empty Time 2.45306 Inefficiency 0.243399 Total Time 656.193 x=ro/(ro+1) 0.55144 x*TT 361.851 quality factor 2638.71  Total Playback Bitrate  30
p2-t7-gd.log+buff  ro 1.21993 Full Time 0 Empty Time 2.45796 Inefficiency 0.240965 Total Time 656.214 x=ro/(ro+1) 0.549535 x*TT 360.613 quality factor 2648.59  Total Playback Bitrate  28
p2-t7-kama.log+buff  ro 1.23395 Full Time 0 Empty Time 2.29429 Inefficiency 0.248717 Total Time 656.233 x=ro/(ro+1) 0.552362 x*TT 362.478 quality factor 2653.82  Total Playback Bitrate  26
p2-t7-ra.log+buff  ro 1.23084 Full Time 0 Empty Time 2.49573 Inefficiency 0.256448 Total Time 656.114 x=ro/(ro+1) 0.551739 x*TT 362.004 quality factor 2678.99  Total Playback Bitrate  20
p3-t1-ar.log+buff  ro 0.996324 Full Time 0 Empty Time 11.7099 Inefficiency 0.227538 Total Time 609.669 x=ro/(ro+1) 0.499079 x*TT 304.273 quality factor 1974.22  Total Playback Bitrate  61
p3-t1-dy.log+buff  ro 1.00809 Full Time 0 Empty Time 6.15713 Inefficiency 0.236161 Total Time 604.203 x=ro/(ro+1) 0.502015 x*TT 303.319 quality factor 1943.69  Total Playback Bitrate  39
p3-t1-gd.log+buff  ro 1.00656 Full Time 0 Empty Time 8.79299 Inefficiency 0.250837 Total Time 605.155 x=ro/(ro+1) 0.501635 x*TT 303.567 quality factor 1934.1  Total Playback Bitrate  43
p3-t1-kama.log+buff  ro 0.986004 Full Time 0 Empty Time 5.6721 Inefficiency 0.227958 Total Time 603.505 x=ro/(ro+1) 0.496476 x*TT 299.626 quality factor 1930.02  Total Playback Bitrate  55
p3-t1-ra.log+buff  ro 0.984482 Full Time 0 Empty Time 5.77952 Inefficiency 0.22717 Total Time 604.041 x=ro/(ro+1) 0.49609 x*TT 299.659 quality factor 1922.83  Total Playback Bitrate  55
p3-t2-ar.log+buff  ro 0.834938 Full Time 0 Empty Time 2.06557 Inefficiency 0.176199 Total Time 677.979 x=ro/(ro+1) 0.455022 x*TT 308.496 quality factor 2534.64  Total Playback Bitrate  42
p3-t2-dy.log+buff  ro 0.866203 Full Time 0 Empty Time 1.75359 Inefficiency 0.186411 Total Time 665.466 x=ro/(ro+1) 0.464153 x*TT 308.878 quality factor 2470.82  Total Playback Bitrate  22
p3-t2-gd.log+buff  ro 0.835535 Full Time 0 Empty Time 2.34009 Inefficiency 0.193968 Total Time 665.246 x=ro/(ro+1) 0.4552 x*TT 302.82 quality factor 2303.8  Total Playback Bitrate  29
p3-t2-kama.log+buff  ro 0.801644 Full Time 0 Empty Time 5.5115 Inefficiency 0.162947 Total Time 674.182 x=ro/(ro+1) 0.444951 x*TT 299.978 quality factor 2262.97  Total Playback Bitrate  19
p3-t2-ra.log+buff  ro 0.832169 Full Time 0 Empty Time 4.96206 Inefficiency 0.174819 Total Time 672.017 x=ro/(ro+1) 0.454199 x*TT 305.229 quality factor 2405.79  Total Playback Bitrate  20
p3-t3-ar.log+buff  ro 0.844331 Full Time 0 Empty Time 2.09351 Inefficiency 0.166573 Total Time 656.345 x=ro/(ro+1) 0.457798 x*TT 300.473 quality factor 2565.24  Total Playback Bitrate  58
p3-t3-dy.log+buff  ro 0.855892 Full Time 0 Empty Time 1.50719 Inefficiency 0.180991 Total Time 656.061 x=ro/(ro+1) 0.461175 x*TT 302.559 quality factor 2604.41  Total Playback Bitrate  42
p3-t3-gd.log+buff  ro 0.901114 Full Time 0 Empty Time 1.87695 Inefficiency 0.210096 Total Time 669.522 x=ro/(ro+1) 0.473993 x*TT 317.348 quality factor 2532.41  Total Playback Bitrate  60
p3-t3-kama.log+buff  ro 0.899653 Full Time 0 Empty Time 16.8401 Inefficiency 0.174122 Total Time 682.152 x=ro/(ro+1) 0.473588 x*TT 323.059 quality factor 2676.39  Total Playback Bitrate  62
p3-t3-ra.log+buff  ro 0.873968 Full Time 0 Empty Time 6.28708 Inefficiency 0.203606 Total Time 661.898 x=ro/(ro+1) 0.466373 x*TT 308.691 quality factor 2565.72  Total Playback Bitrate  52
p3-t4-ar.log+buff  ro 0.849761 Full Time 0 Empty Time 2.05053 Inefficiency 0.164009 Total Time 602.004 x=ro/(ro+1) 0.45939 x*TT 276.554 quality factor 2309.76  Total Playback Bitrate  33
p3-t4-dy.log+buff  ro 0.870023 Full Time 0 Empty Time 3.98642 Inefficiency 0.175133 Total Time 607.949 x=ro/(ro+1) 0.465247 x*TT 282.847 quality factor 2382.19  Total Playback Bitrate  33
p3-t4-gd.log+buff  ro 0.885565 Full Time 0 Empty Time 12.6748 Inefficiency 0.21717 Total Time 658.39 x=ro/(ro+1) 0.469655 x*TT 309.216 quality factor 2538.19  Total Playback Bitrate  29
p3-t4-kama.log+buff  ro 0.888128 Full Time 0 Empty Time 4.47572 Inefficiency 0.158999 Total Time 622.847 x=ro/(ro+1) 0.470375 x*TT 292.972 quality factor 2365.13  Total Playback Bitrate  31
p3-t4-ra.log+buff  ro 0.876007 Full Time 0 Empty Time 2.3411 Inefficiency 0.150251 Total Time 611.349 x=ro/(ro+1) 0.466953 x*TT 285.471 quality factor 2347.02  Total Playback Bitrate  33
p3-t5-ar.log+buff  ro 1.13838 Full Time 0 Empty Time 9.41171 Inefficiency 0.254826 Total Time 323.307 x=ro/(ro+1) 0.532357 x*TT 172.115 quality factor 1922.44  Total Playback Bitrate  16
p3-t5-dy.log+buff  ro 1.19156 Full Time 0 Empty Time 10.0165 Inefficiency 0.282389 Total Time 306.525 x=ro/(ro+1) 0.543704 x*TT 166.659 quality factor 1871.46  Total Playback Bitrate  24
p3-t5-gd.log+buff  ro 1.11026 Full Time 0 Empty Time 4.62036 Inefficiency 0.232793 Total Time 265.723 x=ro/(ro+1) 0.526124 x*TT 139.803 quality factor 1661.81  Total Playback Bitrate  18
p3-t5-kama.log+buff  ro 1.23258 Full Time 0 Empty Time 8.54115 Inefficiency 0.323529 Total Time 259.187 x=ro/(ro+1) 0.552088 x*TT 143.094 quality factor 1681.52  Total Playback Bitrate  28
p3-t5-ra.log+buff  ro 1.2093 Full Time 0 Empty Time 5.57573 Inefficiency 0.323221 Total Time 254.513 x=ro/(ro+1) 0.547368 x*TT 139.312 quality factor 1712.31  Total Playback Bitrate  22
p3-t6-ar.log+buff  ro 1.20504 Full Time 0 Empty Time 1.61773 Inefficiency 0.247996 Total Time 638.309 x=ro/(ro+1) 0.546493 x*TT 348.831 quality factor 1666.36  Total Playback Bitrate  70
p3-t6-dy.log+buff  ro 1.26162 Full Time 0 Empty Time 3.26536 Inefficiency 0.279336 Total Time 646.888 x=ro/(ro+1) 0.557839 x*TT 360.859 quality factor 1614.7  Total Playback Bitrate  39
p3-t6-gd.log+buff  ro 1.25196 Full Time 0 Empty Time 10.1076 Inefficiency 0.302555 Total Time 662.785 x=ro/(ro+1) 0.555943 x*TT 368.471 quality factor 1678.95  Total Playback Bitrate  16
p3-t6-kama.log+buff  ro 1.17373 Full Time 0 Empty Time 5.82997 Inefficiency 0.26789 Total Time 649.416 x=ro/(ro+1) 0.539962 x*TT 350.66 quality factor 1624.68  Total Playback Bitrate  24
p3-t6-ra.log+buff  ro 1.17302 Full Time 0 Empty Time 12.7514 Inefficiency 0.267352 Total Time 669.241 x=ro/(ro+1) 0.539812 x*TT 361.264 quality factor 1726.93  Total Playback Bitrate  32
p3-t7-ar.log+buff  ro 1.2022 Full Time 0 Empty Time 3.2428 Inefficiency 0.293321 Total Time 657.204 x=ro/(ro+1) 0.545908 x*TT 358.773 quality factor 1729.74  Total Playback Bitrate  73
p3-t7-dy.log+buff  ro 1.18428 Full Time 0 Empty Time 3.25421 Inefficiency 0.282149 Total Time 657.174 x=ro/(ro+1) 0.542183 x*TT 356.308 quality factor 1641.76  Total Playback Bitrate  34
p3-t7-gd.log+buff  ro 1.23773 Full Time 0 Empty Time 7.76105 Inefficiency 0.309209 Total Time 663.332 x=ro/(ro+1) 0.553118 x*TT 366.901 quality factor 1620.68  Total Playback Bitrate  32
p3-t7-kama.log+buff  ro 1.19697 Full Time 0 Empty Time 2.40195 Inefficiency 0.294693 Total Time 657.53 x=ro/(ro+1) 0.544827 x*TT 358.24 quality factor 1706.99  Total Playback Bitrate  51
p3-t7-ra.log+buff  ro 1.24593 Full Time 0 Empty Time 8.13633 Inefficiency 0.298888 Total Time 661.109 x=ro/(ro+1) 0.55475 x*TT 366.75 quality factor 1707.13  Total Playback Bitrate  49
p4-t1-ar.log+buff  ro 0.89866 Full Time 0 Empty Time 15.6933 Inefficiency 0.14666 Total Time 876.018 x=ro/(ro+1) 0.473313 x*TT 414.63 quality factor 2194.08  Total Playback Bitrate  42
p4-t1-dy.log+buff  ro 0.905805 Full Time 0 Empty Time 18.221 Inefficiency 0.1514 Total Time 876.021 x=ro/(ro+1) 0.475287 x*TT 416.362 quality factor 2004.41  Total Playback Bitrate  20
p4-t1-gd.log+buff  ro 0.860712 Full Time 0 Empty Time 18.5108 Inefficiency 0.143027 Total Time 888.495 x=ro/(ro+1) 0.462571 x*TT 410.992 quality factor 1490.27  Total Playback Bitrate  26
p4-t1-kama.log+buff  ro 0.890047 Full Time 0 Empty Time 18.5028 Inefficiency 0.137097 Total Time 661.887 x=ro/(ro+1) 0.470913 x*TT 311.691 quality factor 1315.8  Total Playback Bitrate  18
p4-t1-ra.log+buff  ro 0.883621 Full Time 0 Empty Time 17.227 Inefficiency 0.137004 Total Time 659.472 x=ro/(ro+1) 0.469108 x*TT 309.363 quality factor 1311.27  Total Playback Bitrate  18
p4-t2-ar.log+buff  ro 0.660381 Full Time 0 Empty Time 6.47397 Inefficiency 0.109771 Total Time 750.864 x=ro/(ro+1) 0.397729 x*TT 298.64 quality factor 2324.03  Total Playback Bitrate  18
p4-t2-dy.log+buff  ro 0.663253 Full Time 0 Empty Time 4.9419 Inefficiency 0.12494 Total Time 810.525 x=ro/(ro+1) 0.398769 x*TT 323.212 quality factor 2350.4  Total Playback Bitrate  12
p4-t2-gd.log+buff  ro 0.653048 Full Time 0 Empty Time 8.64144 Inefficiency 0.160866 Total Time 870.604 x=ro/(ro+1) 0.395057 x*TT 343.938 quality factor 2063  Total Playback Bitrate  12
p4-t2-kama.log+buff  ro 0.650279 Full Time 0 Empty Time 7.24575 Inefficiency 0.0837816 Total Time 745.819 x=ro/(ro+1) 0.394042 x*TT 293.884 quality factor 1724.27  Total Playback Bitrate  8
p4-t2-ra.log+buff  ro 0.640636 Full Time 0 Empty Time 11.4142 Inefficiency 0.109898 Total Time 888.077 x=ro/(ro+1) 0.39048 x*TT 346.777 quality factor 2110.51  Total Playback Bitrate  12
p4-t3-ar.log+buff  ro 0.802757 Full Time 0 Empty Time 1.47554 Inefficiency 0.14335 Total Time 711.293 x=ro/(ro+1) 0.445294 x*TT 316.734 quality factor 2268.57  Total Playback Bitrate  62
p4-t3-dy.log+buff  ro 0.778933 Full Time 0 Empty Time 9.80375 Inefficiency 0.150175 Total Time 721.506 x=ro/(ro+1) 0.437865 x*TT 315.922 quality factor 1916.88  Total Playback Bitrate  38
p4-t3-gd.log+buff  ro 0.755096 Full Time 0 Empty Time 4.79261 Inefficiency 0.112941 Total Time 661.957 x=ro/(ro+1) 0.430231 x*TT 284.794 quality factor 1810.71  Total Playback Bitrate  51
p4-t3-kama.log+buff  ro 0.739953 Full Time 0 Empty Time 5.03478 Inefficiency 0.106622 Total Time 662.002 x=ro/(ro+1) 0.425272 x*TT 281.531 quality factor 1720.04  Total Playback Bitrate  41
p4-t3-ra.log+buff  ro 0.733648 Full Time 0 Empty Time 7.74671 Inefficiency 0.118093 Total Time 669.639 x=ro/(ro+1) 0.423181 x*TT 283.379 quality factor 1719.91  Total Playback Bitrate  49
p4-t4-ar.log+buff  ro 0.754819 Full Time 0 Empty Time 4.43248 Inefficiency 0.141716 Total Time 750.528 x=ro/(ro+1) 0.430141 x*TT 322.833 quality factor 1992.46  Total Playback Bitrate  42
p4-t4-dy.log+buff  ro 0.786156 Full Time 0 Empty Time 3.01303 Inefficiency 0.157637 Total Time 671.551 x=ro/(ro+1) 0.440138 x*TT 295.575 quality factor 1868.63  Total Playback Bitrate  41
p4-t4-gd.log+buff  ro 0.795682 Full Time 0 Empty Time 1.22449 Inefficiency 0.144121 Total Time 633.466 x=ro/(ro+1) 0.443109 x*TT 280.694 quality factor 1889.79  Total Playback Bitrate  33
p4-t4-kama.log+buff  ro 0.771209 Full Time 0 Empty Time 2.33445 Inefficiency 0.145504 Total Time 608.365 x=ro/(ro+1) 0.435414 x*TT 264.891 quality factor 1534.52  Total Playback Bitrate  31
p4-t4-ra.log+buff  ro 0.795742 Full Time 0 Empty Time 1.92505 Inefficiency 0.164491 Total Time 634.925 x=ro/(ro+1) 0.443127 x*TT 281.352 quality factor 1829.84  Total Playback Bitrate  31
p4-t5-ar.log+buff  ro 1.10796 Full Time 0 Empty Time 5.75942 Inefficiency 0.248225 Total Time 298.986 x=ro/(ro+1) 0.525607 x*TT 157.149 quality factor 1202.59  Total Playback Bitrate  26
p4-t5-dy.log+buff  ro 1.07826 Full Time 0 Empty Time 6.71171 Inefficiency 0.266531 Total Time 285.337 x=ro/(ro+1) 0.518829 x*TT 148.041 quality factor 1223.69  Total Playback Bitrate  17
p4-t5-gd.log+buff  ro 1.24139 Full Time 0 Empty Time 4.1518 Inefficiency 0.285943 Total Time 288.024 x=ro/(ro+1) 0.553848 x*TT 159.521 quality factor 1257  Total Playback Bitrate  24
p4-t5-kama.log+buff  ro 1.00116 Full Time 0 Empty Time 7.80238 Inefficiency 0.23578 Total Time 345.342 x=ro/(ro+1) 0.500289 x*TT 172.771 quality factor 1297.15  Total Playback Bitrate  12
p4-t5-ra.log+buff  ro 1.00912 Full Time 0 Empty Time 8.84202 Inefficiency 0.215704 Total Time 296.603 x=ro/(ro+1) 0.50227 x*TT 148.975 quality factor 1109.18  Total Playback Bitrate  15
p4-t6-ar.log+buff  ro 1.36773 Full Time 0 Empty Time 7.65116 Inefficiency 0.274992 Total Time 649.474 x=ro/(ro+1) 0.577654 x*TT 375.171 quality factor 1009.75  Total Playback Bitrate  89
p4-t6-dy.log+buff  ro 1.20409 Full Time 0 Empty Time 7.40251 Inefficiency 0.253107 Total Time 661.434 x=ro/(ro+1) 0.546298 x*TT 361.34 quality factor 1020.19  Total Playback Bitrate  35
p4-t6-gd.log+buff  ro 1.15971 Full Time 0 Empty Time 14.9651 Inefficiency 0.226847 Total Time 668.836 x=ro/(ro+1) 0.536975 x*TT 359.148 quality factor 1016.57  Total Playback Bitrate  17
p4-t6-kama.log+buff  ro 1.18582 Full Time 0 Empty Time 10.8787 Inefficiency 0.23955 Total Time 660.655 x=ro/(ro+1) 0.542507 x*TT 358.41 quality factor 1013.95  Total Playback Bitrate  23
p4-t6-ra.log+buff  ro 1.21633 Full Time 0 Empty Time 11.4936 Inefficiency 0.239409 Total Time 660.492 x=ro/(ro+1) 0.548803 x*TT 362.48 quality factor 1015.68  Total Playback Bitrate  29
p4-t7-ar.log+buff  ro 1.27002 Full Time 0 Empty Time 1.97987 Inefficiency 0.339229 Total Time 656.769 x=ro/(ro+1) 0.559476 x*TT 367.447 quality factor 1116.92  Total Playback Bitrate  72
p4-t7-dy.log+buff  ro 1.35438 Full Time 0 Empty Time 5.51684 Inefficiency 0.36784 Total Time 658.135 x=ro/(ro+1) 0.575259 x*TT 378.598 quality factor 1092.11  Total Playback Bitrate  57
p4-t7-gd.log+buff  ro 1.34943 Full Time 0 Empty Time 4.66969 Inefficiency 0.357012 Total Time 657.463 x=ro/(ro+1) 0.574365 x*TT 377.624 quality factor 1081.19  Total Playback Bitrate  56
p4-t7-kama.log+buff  ro 1.27343 Full Time 0 Empty Time 10.5777 Inefficiency 0.333646 Total Time 664.741 x=ro/(ro+1) 0.560136 x*TT 372.345 quality factor 1129.83  Total Playback Bitrate  56
p4-t7-ra.log+buff  ro 1.26033 Full Time 0 Empty Time 11.742 Inefficiency 0.33988 Total Time 664.72 x=ro/(ro+1) 0.557587 x*TT 370.639 quality factor 1096.4  Total Playback Bitrate  47
