p1-t1-abr.log+buff  ro 1.50968 Full Time 48.186 Empty Time 3.54231 Inefficiency 0.327201 Total Time 594.991 x=ro/(ro+1) 0.601543 x*TT 357.913 quality factor 2009.71  Total Playback Bitrate  11
p1-t1-bb2.log+buff  ro 1.55517 Full Time 0 Empty Time 3.91061 Inefficiency 0.397339 Total Time 594.952 x=ro/(ro+1) 0.608636 x*TT 362.109 quality factor 2991.52  Total Playback Bitrate  4
p1-t1-bola.log+buff  ro 1.29626 Full Time 0 Empty Time 4.07482 Inefficiency 0.335798 Total Time 594.88 x=ro/(ro+1) 0.56451 x*TT 335.816 quality factor 3020.01  Total Playback Bitrate  6
p1-t1-elastic.log+buff  ro 1.06011 Full Time 0 Empty Time 3.92156 Inefficiency 0.201188 Total Time 595.404 x=ro/(ro+1) 0.514589 x*TT 306.388 quality factor 3035.66  Total Playback Bitrate  41
p1-t2-abr.log+buff  ro 1.31371 Full Time 125.076 Empty Time 2.73509 Inefficiency 0.266467 Total Time 655.471 x=ro/(ro+1) 0.567793 x*TT 372.172 quality factor 2288.35  Total Playback Bitrate  11
p1-t2-bb2.log+buff  ro 1.35199 Full Time 12.026 Empty Time 3.03015 Inefficiency 0.345286 Total Time 655.191 x=ro/(ro+1) 0.574828 x*TT 376.622 quality factor 3336.42  Total Playback Bitrate  6
p1-t2-bola.log+buff  ro 1.18539 Full Time 0 Empty Time 3.11378 Inefficiency 0.288348 Total Time 655.173 x=ro/(ro+1) 0.542415 x*TT 355.376 quality factor 3246.31  Total Playback Bitrate  6
p1-t2-elastic.log+buff  ro 0.940537 Full Time 0 Empty Time 2.90215 Inefficiency 0.186465 Total Time 655.758 x=ro/(ro+1) 0.484679 x*TT 317.832 quality factor 3161.25  Total Playback Bitrate  23
p1-t3-abr.log+buff  ro 1.56649 Full Time 141.262 Empty Time 14.0608 Inefficiency 0.339567 Total Time 654.257 x=ro/(ro+1) 0.610362 x*TT 399.334 quality factor 2015.92  Total Playback Bitrate  11
p1-t3-bb2.log+buff  ro 1.44731 Full Time 9.365 Empty Time 0.540109 Inefficiency 0.425468 Total Time 654.116 x=ro/(ro+1) 0.591388 x*TT 386.836 quality factor 3432.96  Total Playback Bitrate  6
p1-t3-bola.log+buff  ro 1.37246 Full Time 0 Empty Time 4.7729 Inefficiency 0.38268 Total Time 654.186 x=ro/(ro+1) 0.578496 x*TT 378.444 quality factor 3076.22  Total Playback Bitrate  6
p1-t3-elastic.log+buff  ro 0.974049 Full Time 0 Empty Time 0.554053 Inefficiency 0.231827 Total Time 654.126 x=ro/(ro+1) 0.493427 x*TT 322.763 quality factor 3122.31  Total Playback Bitrate  23
p1-t4-abr.log+buff  ro 1.68453 Full Time 168.424 Empty Time 4.06337 Inefficiency 0.384585 Total Time 594.962 x=ro/(ro+1) 0.627496 x*TT 373.336 quality factor 1798.6  Total Playback Bitrate  9
p1-t4-bb2.log+buff  ro 1.57144 Full Time 0 Empty Time 3.84511 Inefficiency 0.402043 Total Time 595.016 x=ro/(ro+1) 0.611112 x*TT 363.622 quality factor 3411.09  Total Playback Bitrate  6
p1-t4-bola.log+buff  ro 1.48196 Full Time 0 Empty Time 3.81429 Inefficiency 0.356724 Total Time 595.008 x=ro/(ro+1) 0.597093 x*TT 355.275 quality factor 2601.9  Total Playback Bitrate  5
p1-t4-elastic.log+buff  ro 1.01531 Full Time 0 Empty Time 4.28563 Inefficiency 0.160177 Total Time 594.916 x=ro/(ro+1) 0.503799 x*TT 299.718 quality factor 3360.63  Total Playback Bitrate  10
p1-t5-abr.log+buff  ro 1.78415 Full Time 0 Empty Time 4.99986 Inefficiency 0.426599 Total Time 244.483 x=ro/(ro+1) 0.640823 x*TT 156.67 quality factor 1382.19  Total Playback Bitrate  6
p1-t5-bb2.log+buff  ro 5.53649 Full Time 30.845 Empty Time 4.05319 Inefficiency 0.687441 Total Time 244.538 x=ro/(ro+1) 0.847013 x*TT 207.127 quality factor 2020.42  Total Playback Bitrate  8
p1-t5-bola.log+buff  ro 1.55017 Full Time 0 Empty Time 3.85978 Inefficiency 0.338464 Total Time 244.579 x=ro/(ro+1) 0.607869 x*TT 148.672 quality factor 1740.93  Total Playback Bitrate  11
p1-t5-elastic.log+buff  ro 1.37466 Full Time 0 Empty Time 3.45618 Inefficiency 0.371384 Total Time 244.629 x=ro/(ro+1) 0.578887 x*TT 141.613 quality factor 2100.35  Total Playback Bitrate  6
p1-t6-abr.log+buff  ro 1.72004 Full Time 71.931 Empty Time 7.49219 Inefficiency 0.355483 Total Time 638.832 x=ro/(ro+1) 0.632358 x*TT 403.971 quality factor 2228.36  Total Playback Bitrate  41
p1-t6-bb2.log+buff  ro 2.92601 Full Time 6.145 Empty Time 4.86864 Inefficiency 0.45522 Total Time 635.468 x=ro/(ro+1) 0.745288 x*TT 473.607 quality factor 3698.9  Total Playback Bitrate  35
p1-t6-bola.log+buff  ro 1.28776 Full Time 0 Empty Time 8.38211 Inefficiency 0.289507 Total Time 638.74 x=ro/(ro+1) 0.562891 x*TT 359.541 quality factor 2586.9  Total Playback Bitrate  19
p1-t6-elastic.log+buff  ro 1.10505 Full Time 0 Empty Time 17.2461 Inefficiency 0.249317 Total Time 660.466 x=ro/(ro+1) 0.524952 x*TT 346.713 quality factor 2759.03  Total Playback Bitrate  52
p1-t7-abr.log+buff  ro 2.03284 Full Time 63.014 Empty Time 5.70257 Inefficiency 0.381902 Total Time 654.568 x=ro/(ro+1) 0.670276 x*TT 438.741 quality factor 2189.86  Total Playback Bitrate  47
p1-t7-bb2.log+buff  ro 2.87101 Full Time 19.656 Empty Time 5.85357 Inefficiency 0.431487 Total Time 654.464 x=ro/(ro+1) 0.741669 x*TT 485.396 quality factor 2829.24  Total Playback Bitrate  12
p1-t7-bola.log+buff  ro 1.29616 Full Time 0 Empty Time 8.82865 Inefficiency 0.268223 Total Time 655.022 x=ro/(ro+1) 0.56449 x*TT 369.753 quality factor 2630.52  Total Playback Bitrate  14
p1-t7-elastic.log+buff  ro 1.20328 Full Time 0 Empty Time 10.4793 Inefficiency 0.212398 Total Time 655.903 x=ro/(ro+1) 0.546132 x*TT 358.209 quality factor 2629.76  Total Playback Bitrate  45
p2-t1-abr.log+buff  ro 1.51969 Full Time 55.138 Empty Time 1.2745 Inefficiency 0.331089 Total Time 596.701 x=ro/(ro+1) 0.603126 x*TT 359.886 quality factor 1827.17  Total Playback Bitrate  12
p2-t1-bb2.log+buff  ro 1.34933 Full Time 0 Empty Time 1.34803 Inefficiency 0.377443 Total Time 596.561 x=ro/(ro+1) 0.574346 x*TT 342.633 quality factor 2821.44  Total Playback Bitrate  5
p2-t1-bola.log+buff  ro 1.20093 Full Time 0 Empty Time 1.39523 Inefficiency 0.301034 Total Time 596.753 x=ro/(ro+1) 0.545646 x*TT 325.616 quality factor 2839.57  Total Playback Bitrate  5
p2-t1-elastic.log+buff  ro 1.06852 Full Time 0 Empty Time 1.20978 Inefficiency 0.210154 Total Time 596.788 x=ro/(ro+1) 0.516562 x*TT 308.278 quality factor 2907.87  Total Playback Bitrate  50
p2-t2-abr.log+buff  ro 1.3459 Full Time 133.318 Empty Time 0.979557 Inefficiency 0.280432 Total Time 657.578 x=ro/(ro+1) 0.573725 x*TT 377.269 quality factor 2037.48  Total Playback Bitrate  10
p2-t2-bb2.log+buff  ro 1.15148 Full Time 0 Empty Time 1.08664 Inefficiency 0.283709 Total Time 657.631 x=ro/(ro+1) 0.535205 x*TT 351.967 quality factor 2935.92  Total Playback Bitrate  5
p2-t2-bola.log+buff  ro 1.24853 Full Time 0 Empty Time 0.957914 Inefficiency 0.312422 Total Time 657.665 x=ro/(ro+1) 0.555265 x*TT 365.178 quality factor 2250.66  Total Playback Bitrate  1
p2-t2-elastic.log+buff  ro 0.928343 Full Time 0 Empty Time 0.972166 Inefficiency 0.167634 Total Time 657.708 x=ro/(ro+1) 0.48142 x*TT 316.634 quality factor 3248.14  Total Playback Bitrate  16
p2-t3-abr.log+buff  ro 1.56207 Full Time 149.276 Empty Time 13.9058 Inefficiency 0.33342 Total Time 655.821 x=ro/(ro+1) 0.609691 x*TT 399.848 quality factor 1856.15  Total Playback Bitrate  13
p2-t3-bb2.log+buff  ro 1.15626 Full Time 0 Empty Time 2.70584 Inefficiency 0.303572 Total Time 654.89 x=ro/(ro+1) 0.536234 x*TT 351.175 quality factor 3259.77  Total Playback Bitrate  6
p2-t3-bola.log+buff  ro 2.17651 Full Time 0 Empty Time 2.84809 Inefficiency 0.474161 Total Time 655.047 x=ro/(ro+1) 0.685189 x*TT 448.831 quality factor 1198  Total Playback Bitrate  0
p2-t3-elastic.log+buff  ro 0.979025 Full Time 0 Empty Time 3.56685 Inefficiency 0.210184 Total Time 656.279 x=ro/(ro+1) 0.494701 x*TT 324.662 quality factor 3258.14  Total Playback Bitrate  52
p2-t4-abr.log+buff  ro 1.64521 Full Time 179.141 Empty Time 1.39667 Inefficiency 0.379506 Total Time 596.937 x=ro/(ro+1) 0.621958 x*TT 371.269 quality factor 1591.08  Total Playback Bitrate  8
p2-t4-bb2.log+buff  ro 1.17284 Full Time 0 Empty Time 1.26185 Inefficiency 0.261634 Total Time 596.931 x=ro/(ro+1) 0.539773 x*TT 322.207 quality factor 3012.64  Total Playback Bitrate  5
p2-t4-bola.log+buff  ro 1.45326 Full Time 0 Empty Time 1.3758 Inefficiency 0.344636 Total Time 596.668 x=ro/(ro+1) 0.59238 x*TT 353.454 quality factor 2289.26  Total Playback Bitrate  3
p2-t4-elastic.log+buff  ro 0.986264 Full Time 0 Empty Time 1.29107 Inefficiency 0.134848 Total Time 596.838 x=ro/(ro+1) 0.496542 x*TT 296.355 quality factor 3175.46  Total Playback Bitrate  14
p2-t5-abr.log+buff  ro 1.81118 Full Time 0 Empty Time 3.7122 Inefficiency 0.437646 Total Time 246.212 x=ro/(ro+1) 0.644278 x*TT 158.629 quality factor 1840.57  Total Playback Bitrate  4
p2-t5-bb2.log+buff  ro 2.74271 Full Time 24.21 Empty Time 1.70934 Inefficiency 0.578587 Total Time 245.298 x=ro/(ro+1) 0.732814 x*TT 179.758 quality factor 1754.47  Total Playback Bitrate  8
p2-t5-bola.log+buff  ro 1.80806 Full Time 0 Empty Time 3.61536 Inefficiency 0.436527 Total Time 246.986 x=ro/(ro+1) 0.643882 x*TT 159.03 quality factor 1838.12  Total Playback Bitrate  4
p2-t5-elastic.log+buff  ro 2.76476 Full Time 0 Empty Time 10.7535 Inefficiency 0.480441 Total Time 275.648 x=ro/(ro+1) 0.734379 x*TT 202.43 quality factor 1216.97  Total Playback Bitrate  8
p2-t6-abr.log+buff  ro 1.73468 Full Time 51.137 Empty Time 3.96868 Inefficiency 0.350563 Total Time 639.123 x=ro/(ro+1) 0.634326 x*TT 405.412 quality factor 1752.19  Total Playback Bitrate  42
p2-t6-bb2.log+buff  ro 1.74273 Full Time 0 Empty Time 2.09676 Inefficiency 0.43317 Total Time 636.474 x=ro/(ro+1) 0.6354 x*TT 404.416 quality factor 2857.17  Total Playback Bitrate  33
p2-t6-bola.log+buff  ro 1.2994 Full Time 0 Empty Time 3.62015 Inefficiency 0.295404 Total Time 639.082 x=ro/(ro+1) 0.565104 x*TT 361.148 quality factor 2530.78  Total Playback Bitrate  17
p2-t6-elastic.log+buff  ro 1.10454 Full Time 0 Empty Time 12.9026 Inefficiency 0.235904 Total Time 643.794 x=ro/(ro+1) 0.524837 x*TT 337.887 quality factor 2903.57  Total Playback Bitrate  53
p2-t7-abr.log+buff  ro 1.79118 Full Time 38.901 Empty Time 1.85621 Inefficiency 0.353768 Total Time 655.838 x=ro/(ro+1) 0.641729 x*TT 420.87 quality factor 1920.01  Total Playback Bitrate  36
p2-t7-bb2.log+buff  ro 1.73428 Full Time 8.979 Empty Time 2.45943 Inefficiency 0.39989 Total Time 655.53 x=ro/(ro+1) 0.634273 x*TT 415.785 quality factor 2664.61  Total Playback Bitrate  13
p2-t7-bola.log+buff  ro 1.35754 Full Time 0 Empty Time 2.1199 Inefficiency 0.287041 Total Time 655.58 x=ro/(ro+1) 0.575829 x*TT 377.502 quality factor 2571.95  Total Playback Bitrate  12
p2-t7-elastic.log+buff  ro 1.19189 Full Time 0 Empty Time 15.8186 Inefficiency 0.204852 Total Time 658.342 x=ro/(ro+1) 0.543772 x*TT 357.988 quality factor 2566.87  Total Playback Bitrate  42
p3-t1-abr.log+buff  ro 1.3325 Full Time 29.641 Empty Time 5.75022 Inefficiency 0.32994 Total Time 601.902 x=ro/(ro+1) 0.571276 x*TT 343.852 quality factor 1330.26  Total Playback Bitrate  10
p3-t1-bb2.log+buff  ro 1.12286 Full Time 0 Empty Time 3.03376 Inefficiency 0.290304 Total Time 605.149 x=ro/(ro+1) 0.528937 x*TT 320.086 quality factor 1865.37  Total Playback Bitrate  37
p3-t1-bola.log+buff  ro 1.08322 Full Time 0 Empty Time 5.51471 Inefficiency 0.267039 Total Time 602.074 x=ro/(ro+1) 0.519975 x*TT 313.063 quality factor 1831.28  Total Playback Bitrate  8
p3-t1-elastic.log+buff  ro 0.993862 Full Time 0 Empty Time 6.35068 Inefficiency 0.205796 Total Time 603.904 x=ro/(ro+1) 0.498461 x*TT 301.022 quality factor 1843.17  Total Playback Bitrate  53
p3-t2-abr.log+buff  ro 1.01261 Full Time 85.916 Empty Time 2.28136 Inefficiency 0.227745 Total Time 665.478 x=ro/(ro+1) 0.503134 x*TT 334.824 quality factor 1689.76  Total Playback Bitrate  4
p3-t2-bb2.log+buff  ro 0.911736 Full Time 0 Empty Time 1.59845 Inefficiency 0.212421 Total Time 666.212 x=ro/(ro+1) 0.476915 x*TT 317.727 quality factor 2122.86  Total Playback Bitrate  23
p3-t2-bola.log+buff  ro 0.936136 Full Time 0 Empty Time 2.22292 Inefficiency 0.238771 Total Time 665.837 x=ro/(ro+1) 0.483507 x*TT 321.937 quality factor 2147.87  Total Playback Bitrate  5
p3-t2-elastic.log+buff  ro 0.776559 Full Time 0 Empty Time 1.53555 Inefficiency 0.142216 Total Time 666.177 x=ro/(ro+1) 0.437114 x*TT 291.195 quality factor 2195.61  Total Playback Bitrate  31
p3-t3-abr.log+buff  ro 1.25175 Full Time 146.391 Empty Time 14.9188 Inefficiency 0.27696 Total Time 657.259 x=ro/(ro+1) 0.555901 x*TT 365.371 quality factor 1357.23  Total Playback Bitrate  32
p3-t3-bb2.log+buff  ro 1.00892 Full Time 0 Empty Time 2.60807 Inefficiency 0.249773 Total Time 657.349 x=ro/(ro+1) 0.50222 x*TT 330.134 quality factor 2142.82  Total Playback Bitrate  7
p3-t3-bola.log+buff  ro 0.964654 Full Time 0 Empty Time 0.786626 Inefficiency 0.220537 Total Time 655.976 x=ro/(ro+1) 0.491005 x*TT 322.087 quality factor 1923.17  Total Playback Bitrate  1
p3-t3-elastic.log+buff  ro 3.6109 Full Time 0 Empty Time 13.9764 Inefficiency 0.927936 Total Time 11.859 x=ro/(ro+1) 0.783123 x*TT 9.28705 quality factor 4032.45  Total Playback Bitrate  2
p3-t4-abr.log+buff  ro 1.23521 Full Time 125.968 Empty Time 0.56537 Inefficiency 0.30453 Total Time 600.188 x=ro/(ro+1) 0.552614 x*TT 331.673 quality factor 1401.75  Total Playback Bitrate  9
p3-t4-bb2.log+buff  ro 1.04799 Full Time 0 Empty Time 0.921745 Inefficiency 0.258959 Total Time 600.177 x=ro/(ro+1) 0.511716 x*TT 307.12 quality factor 2075.68  Total Playback Bitrate  5
p3-t4-bola.log+buff  ro 1.05819 Full Time 0 Empty Time 0.89682 Inefficiency 0.251104 Total Time 599.295 x=ro/(ro+1) 0.514136 x*TT 308.119 quality factor 1744.98  Total Playback Bitrate  1
p3-t4-elastic.log+buff  ro 0.878909 Full Time 0 Empty Time 0.828369 Inefficiency 0.152275 Total Time 599.396 x=ro/(ro+1) 0.467776 x*TT 280.383 quality factor 2178.33  Total Playback Bitrate  25
p3-t5-abr.log+buff  ro 1.67535 Full Time 0 Empty Time 1.70927 Inefficiency 0.382705 Total Time 249.265 x=ro/(ro+1) 0.626217 x*TT 156.094 quality factor 1004.14  Total Playback Bitrate  18
p3-t5-bb2.log+buff  ro 2.19418 Full Time 0 Empty Time 1.34249 Inefficiency 0.550449 Total Time 247.179 x=ro/(ro+1) 0.686931 x*TT 169.795 quality factor 1650.1  Total Playback Bitrate  8
p3-t5-bola.log+buff  ro 1.57074 Full Time 0 Empty Time 0.865581 Inefficiency 0.388135 Total Time 246.466 x=ro/(ro+1) 0.611007 x*TT 150.592 quality factor 1489.83  Total Playback Bitrate  15
p3-t5-elastic.log+buff  ro 1.2457 Full Time 0 Empty Time 9.69846 Inefficiency 0.272749 Total Time 321.013 x=ro/(ro+1) 0.554705 x*TT 178.068 quality factor 1794.37  Total Playback Bitrate  26
p3-t6-abr.log+buff  ro 1.83499 Full Time 81.103 Empty Time 15.9146 Inefficiency 0.383925 Total Time 636.963 x=ro/(ro+1) 0.647266 x*TT 412.284 quality factor 1230.08  Total Playback Bitrate  61
p3-t6-bb2.log+buff  ro 1.74424 Full Time 0 Empty Time 1.26868 Inefficiency 0.407453 Total Time 638.903 x=ro/(ro+1) 0.6356 x*TT 406.087 quality factor 2442.78  Total Playback Bitrate  34
p3-t6-bola.log+buff  ro 1.29266 Full Time 0 Empty Time 1.22126 Inefficiency 0.277176 Total Time 638.104 x=ro/(ro+1) 0.563825 x*TT 359.779 quality factor 1465.86  Total Playback Bitrate  34
p3-t6-elastic.log+buff  ro 1.12896 Full Time 0 Empty Time 10.9848 Inefficiency 0.208412 Total Time 663.678 x=ro/(ro+1) 0.530288 x*TT 351.941 quality factor 1676.16  Total Playback Bitrate  107
p3-t7-abr.log+buff  ro 2.1629 Full Time 67.611 Empty Time 11.7404 Inefficiency 0.43431 Total Time 657.07 x=ro/(ro+1) 0.683834 x*TT 449.327 quality factor 947.017  Total Playback Bitrate  54
p3-t7-bb2.log+buff  ro 1.70848 Full Time 0 Empty Time 1.40024 Inefficiency 0.456624 Total Time 657.465 x=ro/(ro+1) 0.630789 x*TT 414.722 quality factor 1822.08  Total Playback Bitrate  19
p3-t7-bola.log+buff  ro 1.36704 Full Time 0 Empty Time 1.40466 Inefficiency 0.324779 Total Time 656.61 x=ro/(ro+1) 0.577532 x*TT 379.213 quality factor 1671.47  Total Playback Bitrate  18
p3-t7-elastic.log+buff  ro 1.19955 Full Time 0 Empty Time 1.21271 Inefficiency 0.271797 Total Time 657.311 x=ro/(ro+1) 0.545362 x*TT 358.473 quality factor 1719.66  Total Playback Bitrate  112
p4-t1-abr.log+buff  ro 0.936464 Full Time 0 Empty Time 23.0233 Inefficiency 0.153777 Total Time 660.478 x=ro/(ro+1) 0.483595 x*TT 319.404 quality factor 1231.02  Total Playback Bitrate  68
p4-t1-bb2.log+buff  ro 0.930585 Full Time 0 Empty Time 19.8677 Inefficiency 0.14817 Total Time 661.776 x=ro/(ro+1) 0.482022 x*TT 318.991 quality factor 1226.71  Total Playback Bitrate  4
p4-t1-bola.log+buff  ro 0.929127 Full Time 0 Empty Time 15.9953 Inefficiency 0.146151 Total Time 661.121 x=ro/(ro+1) 0.481631 x*TT 318.416 quality factor 1200  Total Playback Bitrate  0
p4-t1-elastic.log+buff  ro 0.894189 Full Time 0 Empty Time 15.8367 Inefficiency 0.124738 Total Time 661.54 x=ro/(ro+1) 0.472069 x*TT 312.293 quality factor 1276.06  Total Playback Bitrate  14
p4-t2-abr.log+buff  ro 0.668936 Full Time 0 Empty Time 7.8827 Inefficiency 0.128366 Total Time 712.206 x=ro/(ro+1) 0.400816 x*TT 285.463 quality factor 1907.87  Total Playback Bitrate  66
p4-t2-bb2.log+buff  ro 0.651991 Full Time 0 Empty Time 8.92912 Inefficiency 0.0729176 Total Time 733.858 x=ro/(ro+1) 0.39467 x*TT 289.632 quality factor 1677.5  Total Playback Bitrate  6
p4-t2-bola.log+buff  ro 0.650204 Full Time 0 Empty Time 8.02733 Inefficiency 0.155991 Total Time 890.993 x=ro/(ro+1) 0.394014 x*TT 351.064 quality factor 1622  Total Playback Bitrate  0
p4-t2-elastic.log+buff  ro 0.644367 Full Time 0 Empty Time 9.17831 Inefficiency 0.195112 Total Time 842.626 x=ro/(ro+1) 0.391863 x*TT 330.194 quality factor 1762.94  Total Playback Bitrate  10
p4-t3-abr.log+buff  ro 0.921926 Full Time 0 Empty Time 15.6884 Inefficiency 0.156008 Total Time 658.331 x=ro/(ro+1) 0.479689 x*TT 315.794 quality factor 1602.73  Total Playback Bitrate  154
p4-t3-bb2.log+buff  ro 0.751307 Full Time 0 Empty Time 3.1675 Inefficiency 0.0976586 Total Time 656.403 x=ro/(ro+1) 0.428998 x*TT 281.595 quality factor 1591.07  Total Playback Bitrate  61
p4-t3-bola.log+buff  ro 0.884487 Full Time 0 Empty Time 3.75214 Inefficiency 0.175305 Total Time 673.724 x=ro/(ro+1) 0.469352 x*TT 316.213 quality factor 1301.59  Total Playback Bitrate  3
p4-t3-elastic.log+buff  ro 0.729328 Full Time 0 Empty Time 4.57151 Inefficiency 0.124199 Total Time 661.106 x=ro/(ro+1) 0.421741 x*TT 278.815 quality factor 1698.96  Total Playback Bitrate  57
p4-t4-abr.log+buff  ro 0.899734 Full Time 0 Empty Time 2.23386 Inefficiency 0.142689 Total Time 599.451 x=ro/(ro+1) 0.473611 x*TT 283.906 quality factor 1221.85  Total Playback Bitrate  112
p4-t4-bb2.log+buff  ro 0.782299 Full Time 0 Empty Time 0.998462 Inefficiency 0.0939306 Total Time 597.801 x=ro/(ro+1) 0.438927 x*TT 262.391 quality factor 1444.01  Total Playback Bitrate  27
p4-t4-bola.log+buff  ro 0.903948 Full Time 0 Empty Time 2.8189 Inefficiency 0.160361 Total Time 606.278 x=ro/(ro+1) 0.474775 x*TT 287.846 quality factor 1143  Total Playback Bitrate  0
p4-t4-elastic.log+buff  ro 0.75628 Full Time 0 Empty Time 0.857231 Inefficiency 0.0967904 Total Time 598.225 x=ro/(ro+1) 0.430615 x*TT 257.604 quality factor 1461.76  Total Playback Bitrate  21
p4-t5-abr.log+buff  ro 1.39097 Full Time 0 Empty Time 5.48584 Inefficiency 0.338769 Total Time 248.988 x=ro/(ro+1) 0.581759 x*TT 144.851 quality factor 1020.99  Total Playback Bitrate  102
p4-t5-bb2.log+buff  ro 1.89293 Full Time 0 Empty Time 0.966928 Inefficiency 0.436074 Total Time 245.984 x=ro/(ro+1) 0.65433 x*TT 160.955 quality factor 532.979  Total Playback Bitrate  5
p4-t5-bola.log+buff  ro 1.81938 Full Time 0 Empty Time 11.7234 Inefficiency 0.416687 Total Time 249.269 x=ro/(ro+1) 0.645312 x*TT 160.856 quality factor 536.216  Total Playback Bitrate  8
p4-t5-elastic.log+buff  ro 1.18977 Full Time 0 Empty Time 6.61763 Inefficiency 0.271009 Total Time 277.295 x=ro/(ro+1) 0.543331 x*TT 150.663 quality factor 908.045  Total Playback Bitrate  30
p4-t6-abr.log+buff  ro 1.58329 Full Time 0 Empty Time 12.4211 Inefficiency 0.355408 Total Time 653.348 x=ro/(ro+1) 0.612897 x*TT 400.435 quality factor 808.864  Total Playback Bitrate  722
p4-t6-bb2.log+buff  ro 1.62224 Full Time 0 Empty Time 1.77964 Inefficiency 0.335271 Total Time 636.862 x=ro/(ro+1) 0.618646 x*TT 393.992 quality factor 985.839  Total Playback Bitrate  19
p4-t6-bola.log+buff  ro 1.24593 Full Time 0 Empty Time 6.60779 Inefficiency 0.242033 Total Time 650.367 x=ro/(ro+1) 0.55475 x*TT 360.791 quality factor 913.312  Total Playback Bitrate  22
p4-t6-elastic.log+buff  ro 1.3506 Full Time 0 Empty Time 18.5783 Inefficiency 0.274499 Total Time 240.195 x=ro/(ro+1) 0.574576 x*TT 138.01 quality factor 1090.9  Total Playback Bitrate  25
p4-t7-abr.log+buff  ro 1.71486 Full Time 0 Empty Time 1.80066 Inefficiency 0.407686 Total Time 656.006 x=ro/(ro+1) 0.631657 x*TT 414.371 quality factor 1107.6  Total Playback Bitrate  526
p4-t7-bb2.log+buff  ro 1.58757 Full Time 0 Empty Time 1.66352 Inefficiency 0.384762 Total Time 656.063 x=ro/(ro+1) 0.613538 x*TT 402.519 quality factor 969.782  Total Playback Bitrate  25
p4-t7-bola.log+buff  ro 1.57545 Full Time 0 Empty Time 1.22841 Inefficiency 0.36487 Total Time 656.691 x=ro/(ro+1) 0.611719 x*TT 401.71 quality factor 769.042  Total Playback Bitrate  13
p4-t7-elastic.log+buff  ro 1.29881 Full Time 0 Empty Time 5.02302 Inefficiency 0.293305 Total Time 657.471 x=ro/(ro+1) 0.564992 x*TT 371.466 quality factor 1127.01  Total Playback Bitrate  94
p1-t1-ar.log+buff  ro 1.16533 Full Time 0 Empty Time 5.62384 Inefficiency 0.259368 Total Time 596.82 x=ro/(ro+1) 0.538177 x*TT 321.195 quality factor 3093.07  Total Playback Bitrate  48
p1-t1-dy.log+buff  ro 1.16626 Full Time 0 Empty Time 5.63865 Inefficiency 0.262952 Total Time 596.567 x=ro/(ro+1) 0.538375 x*TT 321.177 quality factor 3096.86  Total Playback Bitrate  54
p1-t1-gd.log+buff  ro 1.16325 Full Time 0 Empty Time 4.29305 Inefficiency 0.258684 Total Time 596.636 x=ro/(ro+1) 0.537734 x*TT 320.831 quality factor 3107.62  Total Playback Bitrate  54
p1-t1-kama.log+buff  ro 1.16063 Full Time 0 Empty Time 4.38397 Inefficiency 0.25649 Total Time 596.831 x=ro/(ro+1) 0.537173 x*TT 320.601 quality factor 3057.95  Total Playback Bitrate  42
p1-t1-ra.log+buff  ro 1.1498 Full Time 0 Empty Time 5.68848 Inefficiency 0.245802 Total Time 596.705 x=ro/(ro+1) 0.534841 x*TT 319.142 quality factor 3081.59  Total Playback Bitrate  32
p1-t2-ar.log+buff  ro 0.989453 Full Time 0 Empty Time 2.98113 Inefficiency 0.199259 Total Time 655.597 x=ro/(ro+1) 0.497349 x*TT 326.061 quality factor 3192.38  Total Playback Bitrate  15
p1-t2-dy.log+buff  ro 1.00028 Full Time 0 Empty Time 2.9865 Inefficiency 0.213205 Total Time 655.6 x=ro/(ro+1) 0.50007 x*TT 327.846 quality factor 3160.56  Total Playback Bitrate  19
p1-t2-gd.log+buff  ro 0.996667 Full Time 0 Empty Time 3.05978 Inefficiency 0.191776 Total Time 655.825 x=ro/(ro+1) 0.499165 x*TT 327.365 quality factor 3167.73  Total Playback Bitrate  17
p1-t2-kama.log+buff  ro 0.981554 Full Time 0 Empty Time 2.97242 Inefficiency 0.163693 Total Time 655.614 x=ro/(ro+1) 0.495345 x*TT 324.755 quality factor 3384.52  Total Playback Bitrate  10
p1-t2-ra.log+buff  ro 1.00063 Full Time 0 Empty Time 2.44115 Inefficiency 0.191987 Total Time 656.101 x=ro/(ro+1) 0.500157 x*TT 328.154 quality factor 3351.78  Total Playback Bitrate  16
p1-t3-ar.log+buff  ro 1.08785 Full Time 0 Empty Time 14.2041 Inefficiency 0.292425 Total Time 655.32 x=ro/(ro+1) 0.521038 x*TT 341.447 quality factor 3127.05  Total Playback Bitrate  23
p1-t3-dy.log+buff  ro 1.08574 Full Time 0 Empty Time 14.1868 Inefficiency 0.27286 Total Time 655.302 x=ro/(ro+1) 0.520555 x*TT 341.121 quality factor 3117.44  Total Playback Bitrate  11
p1-t3-gd.log+buff  ro 1.09933 Full Time 0 Empty Time 14.1573 Inefficiency 0.290598 Total Time 655.286 x=ro/(ro+1) 0.523658 x*TT 343.146 quality factor 3123.27  Total Playback Bitrate  21
p1-t3-kama.log+buff  ro 1.0886 Full Time 0 Empty Time 14.245 Inefficiency 0.277324 Total Time 655.235 x=ro/(ro+1) 0.521211 x*TT 341.516 quality factor 3381.63  Total Playback Bitrate  36
p1-t3-ra.log+buff  ro 1.02953 Full Time 0 Empty Time 14.9293 Inefficiency 0.214656 Total Time 656.489 x=ro/(ro+1) 0.507276 x*TT 333.021 quality factor 3358.4  Total Playback Bitrate  26
p1-t4-ar.log+buff  ro 1.12833 Full Time 0 Empty Time 4.12779 Inefficiency 0.239726 Total Time 595.344 x=ro/(ro+1) 0.530148 x*TT 315.621 quality factor 3352.52  Total Playback Bitrate  26
p1-t4-dy.log+buff  ro 1.10851 Full Time 0 Empty Time 3.93602 Inefficiency 0.215363 Total Time 595.413 x=ro/(ro+1) 0.525732 x*TT 313.028 quality factor 3359.41  Total Playback Bitrate  16
p1-t4-gd.log+buff  ro 1.13101 Full Time 0 Empty Time 3.14629 Inefficiency 0.227564 Total Time 595.586 x=ro/(ro+1) 0.530739 x*TT 316.101 quality factor 3357.75  Total Playback Bitrate  22
p1-t4-kama.log+buff  ro 1.09093 Full Time 0 Empty Time 4.54615 Inefficiency 0.191192 Total Time 595.259 x=ro/(ro+1) 0.521745 x*TT 310.573 quality factor 3331.71  Total Playback Bitrate  12
p1-t4-ra.log+buff  ro 1.07368 Full Time 0 Empty Time 4.00968 Inefficiency 0.195245 Total Time 595.429 x=ro/(ro+1) 0.517767 x*TT 308.293 quality factor 3284.2  Total Playback Bitrate  14
p1-t5-ar.log+buff  ro 1.50126 Full Time 0 Empty Time 4.13956 Inefficiency 0.327568 Total Time 245.009 x=ro/(ro+1) 0.600201 x*TT 147.055 quality factor 1893.83  Total Playback Bitrate  10
p1-t5-dy.log+buff  ro 1.54232 Full Time 0 Empty Time 5.2643 Inefficiency 0.328246 Total Time 245.069 x=ro/(ro+1) 0.606658 x*TT 148.673 quality factor 1895.02  Total Playback Bitrate  8
p1-t5-gd.log+buff  ro 1.5346 Full Time 0 Empty Time 4.57914 Inefficiency 0.353147 Total Time 244.949 x=ro/(ro+1) 0.605461 x*TT 148.307 quality factor 1939.16  Total Playback Bitrate  8
p1-t5-kama.log+buff  ro 1.52037 Full Time 0 Empty Time 5.06792 Inefficiency 0.381736 Total Time 244.915 x=ro/(ro+1) 0.603233 x*TT 147.741 quality factor 1898.85  Total Playback Bitrate  8
p1-t5-ra.log+buff  ro 1.44014 Full Time 0 Empty Time 5.36765 Inefficiency 0.343875 Total Time 244.917 x=ro/(ro+1) 0.590187 x*TT 144.547 quality factor 2044.66  Total Playback Bitrate  6
p1-t6-ar.log+buff  ro 1.23248 Full Time 0 Empty Time 7.91977 Inefficiency 0.271023 Total Time 639.608 x=ro/(ro+1) 0.552068 x*TT 353.107 quality factor 2730.48  Total Playback Bitrate  48
p1-t6-dy.log+buff  ro 1.22927 Full Time 0 Empty Time 9.16545 Inefficiency 0.274615 Total Time 639.321 x=ro/(ro+1) 0.551422 x*TT 352.536 quality factor 2738.9  Total Playback Bitrate  44
p1-t6-gd.log+buff  ro 1.2346 Full Time 0 Empty Time 5.80284 Inefficiency 0.281072 Total Time 637.502 x=ro/(ro+1) 0.552493 x*TT 352.215 quality factor 2836  Total Playback Bitrate  41
p1-t6-kama.log+buff  ro 1.25763 Full Time 0 Empty Time 5.89179 Inefficiency 0.296998 Total Time 639.548 x=ro/(ro+1) 0.557058 x*TT 356.265 quality factor 2682.99  Total Playback Bitrate  38
p1-t6-ra.log+buff  ro 1.25353 Full Time 0 Empty Time 7.98089 Inefficiency 0.288287 Total Time 639.869 x=ro/(ro+1) 0.556251 x*TT 355.928 quality factor 2692.12  Total Playback Bitrate  19
p1-t7-ar.log+buff  ro 1.28507 Full Time 0 Empty Time 8.56542 Inefficiency 0.238628 Total Time 656.673 x=ro/(ro+1) 0.562376 x*TT 369.297 quality factor 2626.17  Total Playback Bitrate  33
p1-t7-dy.log+buff  ro 1.285 Full Time 0 Empty Time 4.38978 Inefficiency 0.250297 Total Time 656.258 x=ro/(ro+1) 0.562363 x*TT 369.055 quality factor 2756.89  Total Playback Bitrate  30
p1-t7-gd.log+buff  ro 1.28677 Full Time 0 Empty Time 11.5464 Inefficiency 0.246784 Total Time 658.782 x=ro/(ro+1) 0.562701 x*TT 370.698 quality factor 2773.11  Total Playback Bitrate  28
p1-t7-kama.log+buff  ro 1.26636 Full Time 0 Empty Time 7.81235 Inefficiency 0.233047 Total Time 658.415 x=ro/(ro+1) 0.558765 x*TT 367.899 quality factor 2605.14  Total Playback Bitrate  25
p1-t7-ra.log+buff  ro 1.19942 Full Time 0 Empty Time 20.0797 Inefficiency 0.227063 Total Time 673.512 x=ro/(ro+1) 0.545335 x*TT 367.289 quality factor 2578.33  Total Playback Bitrate  14
p2-t1-ar.log+buff  ro 1.14874 Full Time 0 Empty Time 1.40267 Inefficiency 0.259549 Total Time 597.99 x=ro/(ro+1) 0.53461 x*TT 319.692 quality factor 2886.56  Total Playback Bitrate  44
p2-t1-dy.log+buff  ro 1.16233 Full Time 0 Empty Time 1.39666 Inefficiency 0.267738 Total Time 598.073 x=ro/(ro+1) 0.537535 x*TT 321.485 quality factor 2717.11  Total Playback Bitrate  51
p2-t1-gd.log+buff  ro 1.15686 Full Time 0 Empty Time 1.45794 Inefficiency 0.261784 Total Time 598.094 x=ro/(ro+1) 0.536364 x*TT 320.796 quality factor 2703.61  Total Playback Bitrate  57
p2-t1-kama.log+buff  ro 1.15823 Full Time 0 Empty Time 1.44145 Inefficiency 0.268503 Total Time 597.708 x=ro/(ro+1) 0.536657 x*TT 320.764 quality factor 2717.47  Total Playback Bitrate  57
p2-t1-ra.log+buff  ro 1.15397 Full Time 0 Empty Time 1.41395 Inefficiency 0.256264 Total Time 598.023 x=ro/(ro+1) 0.535741 x*TT 320.386 quality factor 2723.74  Total Playback Bitrate  39
p2-t2-ar.log+buff  ro 0.968085 Full Time 0 Empty Time 1.10316 Inefficiency 0.182027 Total Time 658.302 x=ro/(ro+1) 0.491892 x*TT 323.813 quality factor 3230.23  Total Playback Bitrate  22
p2-t2-dy.log+buff  ro 0.973178 Full Time 0 Empty Time 0.871817 Inefficiency 0.186102 Total Time 658.36 x=ro/(ro+1) 0.493203 x*TT 324.705 quality factor 3237.84  Total Playback Bitrate  20
p2-t2-gd.log+buff  ro 0.970879 Full Time 0 Empty Time 0.960071 Inefficiency 0.16998 Total Time 657.94 x=ro/(ro+1) 0.492612 x*TT 324.109 quality factor 3210.78  Total Playback Bitrate  18
p2-t2-kama.log+buff  ro 0.987258 Full Time 0 Empty Time 1.04582 Inefficiency 0.171667 Total Time 658.261 x=ro/(ro+1) 0.496794 x*TT 327.02 quality factor 3216.93  Total Playback Bitrate  14
p2-t2-ra.log+buff  ro 0.992155 Full Time 0 Empty Time 1.06373 Inefficiency 0.19958 Total Time 658.131 x=ro/(ro+1) 0.498031 x*TT 327.77 quality factor 3225.8  Total Playback Bitrate  14
p2-t3-ar.log+buff  ro 1.02834 Full Time 0 Empty Time 5.98632 Inefficiency 0.26684 Total Time 658.24 x=ro/(ro+1) 0.506987 x*TT 333.719 quality factor 3235.68  Total Playback Bitrate  38
p2-t3-dy.log+buff  ro 1.03827 Full Time 0 Empty Time 6.82477 Inefficiency 0.276434 Total Time 664.521 x=ro/(ro+1) 0.509389 x*TT 338.499 quality factor 3270.46  Total Playback Bitrate  36
p2-t3-gd.log+buff  ro 1.04527 Full Time 0 Empty Time 6.86683 Inefficiency 0.275482 Total Time 663.767 x=ro/(ro+1) 0.511067 x*TT 339.229 quality factor 3268.34  Total Playback Bitrate  42
p2-t3-kama.log+buff  ro 1.04301 Full Time 0 Empty Time 6.94818 Inefficiency 0.25637 Total Time 658.373 x=ro/(ro+1) 0.510526 x*TT 336.117 quality factor 3227.54  Total Playback Bitrate  50
p2-t3-ra.log+buff  ro 1.05617 Full Time 0 Empty Time 8.91816 Inefficiency 0.281364 Total Time 664.455 x=ro/(ro+1) 0.513659 x*TT 341.303 quality factor 3237.79  Total Playback Bitrate  40
p2-t4-ar.log+buff  ro 1.02796 Full Time 0 Empty Time 1.49023 Inefficiency 0.159734 Total Time 597.343 x=ro/(ro+1) 0.506893 x*TT 302.789 quality factor 2969.65  Total Playback Bitrate  21
p2-t4-dy.log+buff  ro 1.0175 Full Time 0 Empty Time 1.5134 Inefficiency 0.158261 Total Time 597.405 x=ro/(ro+1) 0.504337 x*TT 301.293 quality factor 2945.28  Total Playback Bitrate  15
p2-t4-gd.log+buff  ro 1.02539 Full Time 0 Empty Time 1.4763 Inefficiency 0.1651 Total Time 597.354 x=ro/(ro+1) 0.506267 x*TT 302.421 quality factor 2977.82  Total Playback Bitrate  17
p2-t4-kama.log+buff  ro 1.01267 Full Time 0 Empty Time 1.38897 Inefficiency 0.149073 Total Time 597.685 x=ro/(ro+1) 0.503147 x*TT 300.723 quality factor 3187.5  Total Playback Bitrate  12
p2-t4-ra.log+buff  ro 1.04059 Full Time 0 Empty Time 1.4358 Inefficiency 0.177916 Total Time 597.356 x=ro/(ro+1) 0.509946 x*TT 304.619 quality factor 3257.04  Total Playback Bitrate  16
p2-t5-ar.log+buff  ro 1.8114 Full Time 0 Empty Time 5.96291 Inefficiency 0.44114 Total Time 268.181 x=ro/(ro+1) 0.644306 x*TT 172.791 quality factor 1918.51  Total Playback Bitrate  4
p2-t5-dy.log+buff  ro 1.82285 Full Time 0 Empty Time 8.51141 Inefficiency 0.43817 Total Time 271.01 x=ro/(ro+1) 0.645749 x*TT 175.004 quality factor 1924.47  Total Playback Bitrate  4
p2-t5-gd.log+buff  ro 1.78396 Full Time 0 Empty Time 9.16234 Inefficiency 0.44505 Total Time 270.316 x=ro/(ro+1) 0.640799 x*TT 173.218 quality factor 1917.84  Total Playback Bitrate  4
p2-t5-kama.log+buff  ro 1.79822 Full Time 0 Empty Time 4.96405 Inefficiency 0.42828 Total Time 257.06 x=ro/(ro+1) 0.642631 x*TT 165.195 quality factor 1889.35  Total Playback Bitrate  4
p2-t5-ra.log+buff  ro 1.80129 Full Time 0 Empty Time 1.70298 Inefficiency 0.436094 Total Time 246.336 x=ro/(ro+1) 0.643022 x*TT 158.4 quality factor 1836.95  Total Playback Bitrate  4
p2-t6-ar.log+buff  ro 1.21653 Full Time 0 Empty Time 4.08509 Inefficiency 0.272457 Total Time 639.798 x=ro/(ro+1) 0.548845 x*TT 351.15 quality factor 2859.4  Total Playback Bitrate  40
p2-t6-dy.log+buff  ro 1.22296 Full Time 0 Empty Time 4.21296 Inefficiency 0.271308 Total Time 640.046 x=ro/(ro+1) 0.550149 x*TT 352.12 quality factor 2851.55  Total Playback Bitrate  38
p2-t6-gd.log+buff  ro 1.20002 Full Time 0 Empty Time 4.09316 Inefficiency 0.286576 Total Time 640.033 x=ro/(ro+1) 0.545458 x*TT 349.111 quality factor 2889.67  Total Playback Bitrate  42
p2-t6-kama.log+buff  ro 1.20845 Full Time 0 Empty Time 3.92563 Inefficiency 0.278049 Total Time 639.957 x=ro/(ro+1) 0.547195 x*TT 350.181 quality factor 2883.53  Total Playback Bitrate  46
p2-t6-ra.log+buff  ro 1.20896 Full Time 0 Empty Time 3.95621 Inefficiency 0.289142 Total Time 639.97 x=ro/(ro+1) 0.547298 x*TT 350.254 quality factor 2835  Total Playback Bitrate  24
p2-t7-ar.log+buff  ro 1.26237 Full Time 0 Empty Time 2.44826 Inefficiency 0.249843 Total Time 656.908 x=ro/(ro+1) 0.557987 x*TT 366.546 quality factor 2581.72  Total Playback Bitrate  26
p2-t7-dy.log+buff  ro 1.27043 Full Time 0 Empty Time 2.49639 Inefficiency 0.25311 Total Time 656.714 x=ro/(ro+1) 0.559555 x*TT 367.468 quality factor 2602.6  Total Playback Bitrate  24
p2-t7-gd.log+buff  ro 1.27511 Full Time 0 Empty Time 2.54537 Inefficiency 0.258337 Total Time 656.786 x=ro/(ro+1) 0.560462 x*TT 368.103 quality factor 2591.76  Total Playback Bitrate  26
p2-t7-kama.log+buff  ro 1.25457 Full Time 0 Empty Time 2.56657 Inefficiency 0.256564 Total Time 656.671 x=ro/(ro+1) 0.556456 x*TT 365.408 quality factor 2567.95  Total Playback Bitrate  20
p2-t7-ra.log+buff  ro 1.25401 Full Time 0 Empty Time 2.32481 Inefficiency 0.245819 Total Time 656.776 x=ro/(ro+1) 0.556347 x*TT 365.395 quality factor 2558.94  Total Playback Bitrate  20
p3-t1-ar.log+buff  ro 1.07459 Full Time 0 Empty Time 3.06416 Inefficiency 0.260052 Total Time 603.71 x=ro/(ro+1) 0.517976 x*TT 312.707 quality factor 1760.74  Total Playback Bitrate  40
p3-t1-dy.log+buff  ro 1.07363 Full Time 0 Empty Time 3.22802 Inefficiency 0.274761 Total Time 602.94 x=ro/(ro+1) 0.517754 x*TT 312.175 quality factor 1763.4  Total Playback Bitrate  36
p3-t1-gd.log+buff  ro 1.144 Full Time 0 Empty Time 3.07258 Inefficiency 0.295233 Total Time 602.619 x=ro/(ro+1) 0.533582 x*TT 321.547 quality factor 1757.16  Total Playback Bitrate  26
p3-t1-kama.log+buff  ro 1.11273 Full Time 0 Empty Time 5.86702 Inefficiency 0.296102 Total Time 603.081 x=ro/(ro+1) 0.526678 x*TT 317.63 quality factor 1748.51  Total Playback Bitrate  36
p3-t1-ra.log+buff  ro 1.09171 Full Time 0 Empty Time 2.35191 Inefficiency 0.283943 Total Time 603.585 x=ro/(ro+1) 0.521923 x*TT 315.025 quality factor 1771.39  Total Playback Bitrate  50
p3-t2-ar.log+buff  ro 0.864982 Full Time 0 Empty Time 2.38471 Inefficiency 0.201346 Total Time 664.724 x=ro/(ro+1) 0.463802 x*TT 308.3 quality factor 2201.76  Total Playback Bitrate  28
p3-t2-dy.log+buff  ro 0.865371 Full Time 0 Empty Time 1.84231 Inefficiency 0.195224 Total Time 663.976 x=ro/(ro+1) 0.463914 x*TT 308.028 quality factor 2088.43  Total Playback Bitrate  8
p3-t2-gd.log+buff  ro 0.865352 Full Time 0 Empty Time 4.96031 Inefficiency 0.212693 Total Time 676.654 x=ro/(ro+1) 0.463908 x*TT 313.905 quality factor 2415.16  Total Playback Bitrate  7
p3-t2-kama.log+buff  ro 0.861263 Full Time 0 Empty Time 1.89905 Inefficiency 0.212049 Total Time 664.781 x=ro/(ro+1) 0.46273 x*TT 307.614 quality factor 2072.35  Total Playback Bitrate  12
p3-t2-ra.log+buff  ro 0.872939 Full Time 0 Empty Time 1.2651 Inefficiency 0.199655 Total Time 664.361 x=ro/(ro+1) 0.46608 x*TT 309.645 quality factor 2082.33  Total Playback Bitrate  14
p3-t3-ar.log+buff  ro 0.865924 Full Time 0 Empty Time 1.8281 Inefficiency 0.17829 Total Time 669.796 x=ro/(ro+1) 0.464073 x*TT 310.834 quality factor 2340.18  Total Playback Bitrate  43
p3-t3-dy.log+buff  ro 0.943104 Full Time 0 Empty Time 2.45944 Inefficiency 0.23242 Total Time 656.872 x=ro/(ro+1) 0.485359 x*TT 318.819 quality factor 2298.49  Total Playback Bitrate  25
p3-t3-gd.log+buff  ro 0.996608 Full Time 0 Empty Time 2.20962 Inefficiency 0.241723 Total Time 657.009 x=ro/(ro+1) 0.499151 x*TT 327.946 quality factor 2430.36  Total Playback Bitrate  33
p3-t3-kama.log+buff  ro 0.928339 Full Time 0 Empty Time 2.51073 Inefficiency 0.204873 Total Time 659.675 x=ro/(ro+1) 0.481419 x*TT 317.58 quality factor 2235.67  Total Playback Bitrate  23
p3-t3-ra.log+buff  ro 0.899272 Full Time 0 Empty Time 1.99541 Inefficiency 0.214462 Total Time 657.764 x=ro/(ro+1) 0.473483 x*TT 311.44 quality factor 2123.16  Total Playback Bitrate  28
p3-t4-ar.log+buff  ro 0.937513 Full Time 0 Empty Time 0.902051 Inefficiency 0.193159 Total Time 600.044 x=ro/(ro+1) 0.483874 x*TT 290.346 quality factor 2312.67  Total Playback Bitrate  19
p3-t4-dy.log+buff  ro 1.01134 Full Time 0 Empty Time 1.0076 Inefficiency 0.215635 Total Time 598.812 x=ro/(ro+1) 0.502818 x*TT 301.094 quality factor 2558.65  Total Playback Bitrate  24
p3-t4-gd.log+buff  ro 1.09431 Full Time 0 Empty Time 1.01666 Inefficiency 0.271772 Total Time 598.831 x=ro/(ro+1) 0.522517 x*TT 312.899 quality factor 1960.77  Total Playback Bitrate  17
p3-t4-kama.log+buff  ro 0.955747 Full Time 0 Empty Time 0.879867 Inefficiency 0.228991 Total Time 599.956 x=ro/(ro+1) 0.488686 x*TT 293.19 quality factor 2187.86  Total Playback Bitrate  27
p3-t4-ra.log+buff  ro 0.955245 Full Time 0 Empty Time 1.12911 Inefficiency 0.230348 Total Time 598.407 x=ro/(ro+1) 0.488555 x*TT 292.355 quality factor 2236.37  Total Playback Bitrate  27
p3-t5-ar.log+buff  ro 1.35018 Full Time 0 Empty Time 6.74796 Inefficiency 0.309428 Total Time 263.975 x=ro/(ro+1) 0.574501 x*TT 151.654 quality factor 1428.04  Total Playback Bitrate  18
p3-t5-dy.log+buff  ro 1.56892 Full Time 0 Empty Time 6.59797 Inefficiency 0.339226 Total Time 262.893 x=ro/(ro+1) 0.610731 x*TT 160.557 quality factor 1424.94  Total Playback Bitrate  12
p3-t5-gd.log+buff  ro 1.54861 Full Time 0 Empty Time 4.62782 Inefficiency 0.372637 Total Time 257.14 x=ro/(ro+1) 0.60763 x*TT 156.246 quality factor 1346.23  Total Playback Bitrate  9
p3-t5-kama.log+buff  ro 1.4509 Full Time 0 Empty Time 4.88879 Inefficiency 0.332997 Total Time 257.655 x=ro/(ro+1) 0.591986 x*TT 152.528 quality factor 1426.79  Total Playback Bitrate  10
p3-t5-ra.log+buff  ro 1.63418 Full Time 0 Empty Time 1.00833 Inefficiency 0.380592 Total Time 247.916 x=ro/(ro+1) 0.620375 x*TT 153.801 quality factor 1499.63  Total Playback Bitrate  14
p3-t6-ar.log+buff  ro 1.27544 Full Time 0 Empty Time 1.29855 Inefficiency 0.266645 Total Time 638.531 x=ro/(ro+1) 0.560525 x*TT 357.913 quality factor 1536.48  Total Playback Bitrate  55
p3-t6-dy.log+buff  ro 1.30543 Full Time 0 Empty Time 3.27883 Inefficiency 0.299274 Total Time 639.569 x=ro/(ro+1) 0.566242 x*TT 362.151 quality factor 1613.72  Total Playback Bitrate  27
p3-t6-gd.log+buff  ro 1.297 Full Time 0 Empty Time 3.58859 Inefficiency 0.311397 Total Time 643.429 x=ro/(ro+1) 0.56465 x*TT 363.312 quality factor 1599.88  Total Playback Bitrate  13
p3-t6-kama.log+buff  ro 1.22953 Full Time 0 Empty Time 5.91963 Inefficiency 0.304861 Total Time 648.682 x=ro/(ro+1) 0.551475 x*TT 357.732 quality factor 1550.71  Total Playback Bitrate  17
p3-t6-ra.log+buff  ro 1.2228 Full Time 0 Empty Time 3.18572 Inefficiency 0.281545 Total Time 639.872 x=ro/(ro+1) 0.550116 x*TT 352.004 quality factor 1584.38  Total Playback Bitrate  23
p3-t7-ar.log+buff  ro 1.27726 Full Time 0 Empty Time 3.22691 Inefficiency 0.296606 Total Time 657.538 x=ro/(ro+1) 0.560877 x*TT 368.798 quality factor 1687.26  Total Playback Bitrate  65
p3-t7-dy.log+buff  ro 1.317 Full Time 0 Empty Time 2.47124 Inefficiency 0.329433 Total Time 658.399 x=ro/(ro+1) 0.568408 x*TT 374.239 quality factor 1658.43  Total Playback Bitrate  28
p3-t7-gd.log+buff  ro 1.46277 Full Time 0 Empty Time 2.96559 Inefficiency 0.366261 Total Time 657.861 x=ro/(ro+1) 0.593953 x*TT 390.739 quality factor 1558.06  Total Playback Bitrate  8
p3-t7-kama.log+buff  ro 1.27358 Full Time 0 Empty Time 2.59813 Inefficiency 0.304727 Total Time 658.722 x=ro/(ro+1) 0.560165 x*TT 368.993 quality factor 1696.75  Total Playback Bitrate  27
p3-t7-ra.log+buff  ro 1.32691 Full Time 0 Empty Time 1.41911 Inefficiency 0.320341 Total Time 658.225 x=ro/(ro+1) 0.570246 x*TT 375.35 quality factor 1710.39  Total Playback Bitrate  27
p4-t1-ar.log+buff  ro 0.954146 Full Time 0 Empty Time 17.288 Inefficiency 0.162699 Total Time 878.022 x=ro/(ro+1) 0.488268 x*TT 428.71 quality factor 2089.66  Total Playback Bitrate  22
p4-t1-dy.log+buff  ro 0.953465 Full Time 0 Empty Time 16.4087 Inefficiency 0.152114 Total Time 692.677 x=ro/(ro+1) 0.488089 x*TT 338.088 quality factor 1480.35  Total Playback Bitrate  8
p4-t1-gd.log+buff  ro 0.940115 Full Time 0 Empty Time 14.0927 Inefficiency 0.143777 Total Time 694.092 x=ro/(ro+1) 0.484567 x*TT 336.334 quality factor 1445.11  Total Playback Bitrate  4
p4-t1-kama.log+buff  ro 0.952101 Full Time 0 Empty Time 10.8273 Inefficiency 0.157946 Total Time 676.041 x=ro/(ro+1) 0.487732 x*TT 329.726 quality factor 1301.79  Total Playback Bitrate  4
p4-t1-ra.log+buff  ro 0.947598 Full Time 0 Empty Time 18.5739 Inefficiency 0.150726 Total Time 660.457 x=ro/(ro+1) 0.486547 x*TT 321.343 quality factor 1200  Total Playback Bitrate  0
p4-t2-ar.log+buff  ro 0.65887 Full Time 0 Empty Time 9.8853 Inefficiency 0.124118 Total Time 840.799 x=ro/(ro+1) 0.39718 x*TT 333.949 quality factor 2456.64  Total Playback Bitrate  18
p4-t2-dy.log+buff  ro 0.681968 Full Time 0 Empty Time 5.23346 Inefficiency 0.102637 Total Time 840.606 x=ro/(ro+1) 0.405458 x*TT 340.831 quality factor 2393.48  Total Playback Bitrate  6
p4-t2-gd.log+buff  ro 0.662042 Full Time 0 Empty Time 7.52582 Inefficiency 0.129174 Total Time 840.719 x=ro/(ro+1) 0.398331 x*TT 334.884 quality factor 2007.37  Total Playback Bitrate  6
p4-t2-kama.log+buff  ro 0.658847 Full Time 0 Empty Time 8.73806 Inefficiency 0.182296 Total Time 835.975 x=ro/(ro+1) 0.397172 x*TT 332.026 quality factor 1770.56  Total Playback Bitrate  4
p4-t2-ra.log+buff  ro 0.667186 Full Time 0 Empty Time 8.02027 Inefficiency 0.176171 Total Time 854.821 x=ro/(ro+1) 0.400187 x*TT 342.088 quality factor 1830.85  Total Playback Bitrate  6
p4-t3-ar.log+buff  ro 0.808638 Full Time 0 Empty Time 6.65641 Inefficiency 0.129911 Total Time 730.885 x=ro/(ro+1) 0.447098 x*TT 326.777 quality factor 2023.44  Total Playback Bitrate  66
p4-t3-dy.log+buff  ro 0.830084 Full Time 2.358 Empty Time 5.73788 Inefficiency 0.137413 Total Time 710.256 x=ro/(ro+1) 0.453577 x*TT 322.156 quality factor 1971.48  Total Playback Bitrate  43
p4-t3-gd.log+buff  ro 0.825755 Full Time 4.586 Empty Time 5.65482 Inefficiency 0.130796 Total Time 662.86 x=ro/(ro+1) 0.452281 x*TT 299.799 quality factor 2226  Total Playback Bitrate  52
p4-t3-kama.log+buff  ro 0.794626 Full Time 0 Empty Time 5.37201 Inefficiency 0.125648 Total Time 662.5 x=ro/(ro+1) 0.442781 x*TT 293.342 quality factor 1992.61  Total Playback Bitrate  24
p4-t3-ra.log+buff  ro 0.784183 Full Time 0 Empty Time 6.90081 Inefficiency 0.11334 Total Time 663.087 x=ro/(ro+1) 0.439519 x*TT 291.44 quality factor 1606.41  Total Playback Bitrate  11
p4-t4-ar.log+buff  ro 0.821533 Full Time 0 Empty Time 1.78622 Inefficiency 0.134442 Total Time 654.537 x=ro/(ro+1) 0.451012 x*TT 295.204 quality factor 1815.1  Total Playback Bitrate  26
p4-t4-dy.log+buff  ro 0.816687 Full Time 0 Empty Time 1.41122 Inefficiency 0.130156 Total Time 627.924 x=ro/(ro+1) 0.449548 x*TT 282.282 quality factor 1951.33  Total Playback Bitrate  8
p4-t4-gd.log+buff  ro 0.800184 Full Time 0 Empty Time 1.20471 Inefficiency 0.103505 Total Time 598.565 x=ro/(ro+1) 0.444501 x*TT 266.063 quality factor 1339.9  Total Playback Bitrate  2
p4-t4-kama.log+buff  ro 0.831231 Full Time 0 Empty Time 1.24061 Inefficiency 0.117519 Total Time 597.68 x=ro/(ro+1) 0.453919 x*TT 271.299 quality factor 1397.33  Total Playback Bitrate  13
p4-t4-ra.log+buff  ro 0.814016 Full Time 0 Empty Time 1.01841 Inefficiency 0.123128 Total Time 598.773 x=ro/(ro+1) 0.448737 x*TT 268.692 quality factor 1414.57  Total Playback Bitrate  7
p4-t5-ar.log+buff  ro 1.34892 Full Time 0 Empty Time 3.36447 Inefficiency 0.300281 Total Time 261.982 x=ro/(ro+1) 0.574272 x*TT 150.449 quality factor 744.301  Total Playback Bitrate  16
p4-t5-dy.log+buff  ro 1.42334 Full Time 0 Empty Time 4.41577 Inefficiency 0.337586 Total Time 269.454 x=ro/(ro+1) 0.587346 x*TT 158.263 quality factor 788.137  Total Playback Bitrate  8
p4-t5-gd.log+buff  ro 1.37756 Full Time 0 Empty Time 4.37742 Inefficiency 0.35742 Total Time 269.292 x=ro/(ro+1) 0.579401 x*TT 156.028 quality factor 777.745  Total Playback Bitrate  10
p4-t5-kama.log+buff  ro 1.29284 Full Time 0 Empty Time 4.72289 Inefficiency 0.29531 Total Time 300.607 x=ro/(ro+1) 0.56386 x*TT 169.5 quality factor 885.709  Total Playback Bitrate  6
p4-t5-ra.log+buff  ro 1.3109 Full Time 0 Empty Time 6.50013 Inefficiency 0.311137 Total Time 292.37 x=ro/(ro+1) 0.567269 x*TT 165.852 quality factor 1025.68  Total Playback Bitrate  11
p4-t6-ar.log+buff  ro 1.35598 Full Time 0 Empty Time 7.84729 Inefficiency 0.257797 Total Time 650.068 x=ro/(ro+1) 0.575548 x*TT 374.145 quality factor 972.396  Total Playback Bitrate  59
p4-t6-dy.log+buff  ro 1.26651 Full Time 0 Empty Time 8.65133 Inefficiency 0.276788 Total Time 651.057 x=ro/(ro+1) 0.558794 x*TT 363.806 quality factor 970.848  Total Playback Bitrate  27
p4-t6-gd.log+buff  ro 1.32657 Full Time 0 Empty Time 11.5001 Inefficiency 0.280182 Total Time 654.363 x=ro/(ro+1) 0.570182 x*TT 373.106 quality factor 984.098  Total Playback Bitrate  13
p4-t6-kama.log+buff  ro 1.27433 Full Time 0 Empty Time 7.22769 Inefficiency 0.269793 Total Time 651.182 x=ro/(ro+1) 0.56031 x*TT 364.864 quality factor 977.139  Total Playback Bitrate  27
p4-t6-ra.log+buff  ro 1.25219 Full Time 0 Empty Time 10.7829 Inefficiency 0.234503 Total Time 654.032 x=ro/(ro+1) 0.555987 x*TT 363.633 quality factor 936.75  Total Playback Bitrate  14
p4-t7-ar.log+buff  ro 1.3389 Full Time 0 Empty Time 2.10862 Inefficiency 0.336332 Total Time 656.889 x=ro/(ro+1) 0.572449 x*TT 376.036 quality factor 1028.02  Total Playback Bitrate  79
p4-t7-dy.log+buff  ro 1.38813 Full Time 0 Empty Time 2.17474 Inefficiency 0.350469 Total Time 656.834 x=ro/(ro+1) 0.581263 x*TT 381.793 quality factor 1065.31  Total Playback Bitrate  64
p4-t7-gd.log+buff  ro 1.32662 Full Time 0 Empty Time 3.58941 Inefficiency 0.322846 Total Time 661.937 x=ro/(ro+1) 0.570192 x*TT 377.431 quality factor 1027.92  Total Playback Bitrate  62
p4-t7-kama.log+buff  ro 1.34631 Full Time 0 Empty Time 10.2266 Inefficiency 0.333122 Total Time 665.487 x=ro/(ro+1) 0.573799 x*TT 381.856 quality factor 1053.48  Total Playback Bitrate  63
p4-t7-ra.log+buff  ro 1.32092 Full Time 0 Empty Time 8.88106 Inefficiency 0.31218 Total Time 665.349 x=ro/(ro+1) 0.569137 x*TT 378.674 quality factor 1073.66  Total Playback Bitrate  60
