p1-t1-abr.log+buff  ro 1.47769 Full Time 241.729 Empty Time 4.33756 Inefficiency 0.312697 Total Time 595.183 x=ro/(ro+1) 0.596398 x*TT 354.966 quality factor 1784.4  Total Playback Bitrate  8
p1-t1-bb.log+buff  ro 1.91533 Full Time 255.314 Empty Time 4.26633 Inefficiency 0.474962 Total Time 595.086 x=ro/(ro+1) 0.656985 x*TT 390.963 quality factor 2147.9  Total Playback Bitrate  1
p1-t1-bola.log+buff  ro 1.25458 Full Time 0 Empty Time 4.26948 Inefficiency 0.317486 Total Time 594.82 x=ro/(ro+1) 0.556458 x*TT 330.993 quality factor 3007.47  Total Playback Bitrate  6
p1-t1-elastic.log+buff  ro 1.06313 Full Time 0 Empty Time 4.33153 Inefficiency 0.201053 Total Time 595.196 x=ro/(ro+1) 0.515299 x*TT 306.704 quality factor 3068.84  Total Playback Bitrate  45
p1-t2-abr.log+buff  ro 1.33806 Full Time 335.505 Empty Time 3.19086 Inefficiency 0.261874 Total Time 655.299 x=ro/(ro+1) 0.572295 x*TT 375.024 quality factor 2023.57  Total Playback Bitrate  10
p1-t2-bb.log+buff  ro 1.4389 Full Time 325.625 Empty Time 3.29824 Inefficiency 0.393772 Total Time 655.301 x=ro/(ro+1) 0.58998 x*TT 386.614 quality factor 2903.29  Total Playback Bitrate  4
p1-t2-bola.log+buff  ro 1.18583 Full Time 0 Empty Time 3.14165 Inefficiency 0.281371 Total Time 655.126 x=ro/(ro+1) 0.542509 x*TT 355.412 quality factor 3245.98  Total Playback Bitrate  6
p1-t2-elastic.log+buff  ro 0.929111 Full Time 0 Empty Time 3.14232 Inefficiency 0.161451 Total Time 655.159 x=ro/(ro+1) 0.481627 x*TT 315.542 quality factor 3161.85  Total Playback Bitrate  17
p1-t3-abr.log+buff  ro 1.56737 Full Time 414.77 Empty Time 15.3441 Inefficiency 0.338159 Total Time 654.351 x=ro/(ro+1) 0.610497 x*TT 399.479 quality factor 1659.68  Total Playback Bitrate  8
p1-t3-bb.log+buff  ro 1.69224 Full Time 495.102 Empty Time 7.18392 Inefficiency 0.479113 Total Time 654.115 x=ro/(ro+1) 0.628562 x*TT 411.152 quality factor 3385.77  Total Playback Bitrate  2
p1-t3-bola.log+buff  ro 1.39106 Full Time 0 Empty Time 14.1222 Inefficiency 0.384275 Total Time 654.124 x=ro/(ro+1) 0.581776 x*TT 380.553 quality factor 3078.48  Total Playback Bitrate  6
p1-t3-elastic.log+buff  ro 1.00523 Full Time 0 Empty Time 14.1329 Inefficiency 0.22588 Total Time 654.376 x=ro/(ro+1) 0.501303 x*TT 328.041 quality factor 3157.22  Total Playback Bitrate  19
p1-t4-abr.log+buff  ro 1.66793 Full Time 361.813 Empty Time 4.60396 Inefficiency 0.382409 Total Time 594.925 x=ro/(ro+1) 0.625177 x*TT 371.934 quality factor 1576.46  Total Playback Bitrate  8
p1-t4-bb.log+buff  ro 1.81986 Full Time 439.326 Empty Time 4.51181 Inefficiency 0.445321 Total Time 594.833 x=ro/(ro+1) 0.645372 x*TT 383.889 quality factor 2690.17  Total Playback Bitrate  3
p1-t4-bola.log+buff  ro 1.46138 Full Time 0 Empty Time 4.53159 Inefficiency 0.335417 Total Time 594.832 x=ro/(ro+1) 0.593724 x*TT 353.166 quality factor 2897.21  Total Playback Bitrate  6
p1-t4-elastic.log+buff  ro 1.00636 Full Time 0 Empty Time 4.48295 Inefficiency 0.143342 Total Time 594.854 x=ro/(ro+1) 0.501585 x*TT 298.37 quality factor 3365.47  Total Playback Bitrate  8
p1-t5-abr.log+buff  ro 1.74819 Full Time 0 Empty Time 5.01049 Inefficiency 0.409138 Total Time 244.894 x=ro/(ro+1) 0.636124 x*TT 155.783 quality factor 1390.39  Total Playback Bitrate  6
p1-t5-bb.log+buff  ro 9.74499 Full Time 109.872 Empty Time 5.47973 Inefficiency 0.880877 Total Time 244.434 x=ro/(ro+1) 0.906933 x*TT 221.685 quality factor 899.081  Total Playback Bitrate  6
p1-t5-bola.log+buff  ro 1.57079 Full Time 0 Empty Time 5.25503 Inefficiency 0.332722 Total Time 244.438 x=ro/(ro+1) 0.611015 x*TT 149.355 quality factor 1753.6  Total Playback Bitrate  9
p1-t5-elastic.log+buff  ro 1.42678 Full Time 0 Empty Time 5.40066 Inefficiency 0.368412 Total Time 244.436 x=ro/(ro+1) 0.587931 x*TT 143.711 quality factor 2114.1  Total Playback Bitrate  4
p1-t6-abr.log+buff  ro 2.76786 Full Time 278.304 Empty Time 9.10549 Inefficiency 0.464776 Total Time 638.388 x=ro/(ro+1) 0.734598 x*TT 468.958 quality factor 1730.74  Total Playback Bitrate  55
p1-t6-bb.log+buff  ro 5.12823 Full Time 501.01 Empty Time 7.47786 Inefficiency 0.599309 Total Time 635.167 x=ro/(ro+1) 0.836821 x*TT 531.521 quality factor 2581  Total Playback Bitrate  24
p1-t6-bola.log+buff  ro 1.3051 Full Time 0 Empty Time 9.06129 Inefficiency 0.291622 Total Time 638.607 x=ro/(ro+1) 0.566179 x*TT 361.566 quality factor 2591.72  Total Playback Bitrate  21
p1-t6-elastic.log+buff  ro 1.11603 Full Time 0 Empty Time 19.6234 Inefficiency 0.254743 Total Time 661.029 x=ro/(ro+1) 0.527417 x*TT 348.638 quality factor 2786.75  Total Playback Bitrate  46
p1-t7-abr.log+buff  ro 2.17038 Full Time 347.386 Empty Time 5.58704 Inefficiency 0.380451 Total Time 654.663 x=ro/(ro+1) 0.684581 x*TT 448.17 quality factor 2523.29  Total Playback Bitrate  30
p1-t7-bb.log+buff  ro 4.36546 Full Time 512.108 Empty Time 7.22466 Inefficiency 0.581216 Total Time 654.342 x=ro/(ro+1) 0.813623 x*TT 532.387 quality factor 2466.26  Total Playback Bitrate  7
p1-t7-bola.log+buff  ro 1.31714 Full Time 0 Empty Time 9.45148 Inefficiency 0.271449 Total Time 654.672 x=ro/(ro+1) 0.568433 x*TT 372.137 quality factor 2664  Total Playback Bitrate  18
p1-t7-elastic.log+buff  ro 1.14549 Full Time 0 Empty Time 9.64255 Inefficiency 0.203928 Total Time 654.899 x=ro/(ro+1) 0.533906 x*TT 349.654 quality factor 2657.37  Total Playback Bitrate  47
p2-t1-abr.log+buff  ro 1.49825 Full Time 231.399 Empty Time 1.48938 Inefficiency 0.317472 Total Time 596.509 x=ro/(ro+1) 0.59972 x*TT 357.738 quality factor 2136.97  Total Playback Bitrate  11
p2-t1-bb.log+buff  ro 1.76848 Full Time 368.447 Empty Time 1.55676 Inefficiency 0.460288 Total Time 596.168 x=ro/(ro+1) 0.638791 x*TT 380.827 quality factor 2849.57  Total Playback Bitrate  2
p2-t1-bola.log+buff  ro 1.21554 Full Time 0 Empty Time 1.19794 Inefficiency 0.303534 Total Time 596.876 x=ro/(ro+1) 0.548642 x*TT 327.471 quality factor 2879.81  Total Playback Bitrate  5
p2-t1-elastic.log+buff  ro 1.05837 Full Time 0 Empty Time 1.52276 Inefficiency 0.203485 Total Time 596.608 x=ro/(ro+1) 0.514178 x*TT 306.763 quality factor 2936.67  Total Playback Bitrate  36
p2-t2-abr.log+buff  ro 1.33692 Full Time 364.318 Empty Time 1.04961 Inefficiency 0.274942 Total Time 657.516 x=ro/(ro+1) 0.572087 x*TT 376.156 quality factor 2282.76  Total Playback Bitrate  7
p2-t2-bb.log+buff  ro 1.36562 Full Time 417.865 Empty Time 1.06963 Inefficiency 0.325926 Total Time 657.733 x=ro/(ro+1) 0.577277 x*TT 379.694 quality factor 3060.23  Total Playback Bitrate  2
p2-t2-bola.log+buff  ro 1.23572 Full Time 0 Empty Time 0.943379 Inefficiency 0.316141 Total Time 657.642 x=ro/(ro+1) 0.552716 x*TT 363.489 quality factor 2248.34  Total Playback Bitrate  1
p2-t2-elastic.log+buff  ro 0.936258 Full Time 0 Empty Time 0.938189 Inefficiency 0.167881 Total Time 657.63 x=ro/(ro+1) 0.48354 x*TT 317.99 quality factor 3245.72  Total Playback Bitrate  18
p2-t3-abr.log+buff  ro 1.64206 Full Time 432.683 Empty Time 14.1573 Inefficiency 0.363256 Total Time 655.557 x=ro/(ro+1) 0.621508 x*TT 407.434 quality factor 1962.55  Total Playback Bitrate  13
p2-t3-bb.log+buff  ro 1.58473 Full Time 442.864 Empty Time 3.02098 Inefficiency 0.406397 Total Time 654.785 x=ro/(ro+1) 0.613112 x*TT 401.456 quality factor 3365.54  Total Playback Bitrate  4
p2-t3-bola.log+buff  ro 2.19159 Full Time 0 Empty Time 14.1329 Inefficiency 0.472123 Total Time 654.868 x=ro/(ro+1) 0.686677 x*TT 449.683 quality factor 1198  Total Playback Bitrate  0
p2-t3-elastic.log+buff  ro 1.00263 Full Time 0 Empty Time 14.2826 Inefficiency 0.212998 Total Time 661.924 x=ro/(ro+1) 0.500657 x*TT 331.397 quality factor 3292.14  Total Playback Bitrate  40
p2-t4-abr.log+buff  ro 1.70248 Full Time 383.922 Empty Time 1.56793 Inefficiency 0.390573 Total Time 596.652 x=ro/(ro+1) 0.629969 x*TT 375.872 quality factor 1763.98  Total Playback Bitrate  5
p2-t4-bb.log+buff  ro 1.69921 Full Time 385.475 Empty Time 1.57846 Inefficiency 0.44983 Total Time 596.647 x=ro/(ro+1) 0.629521 x*TT 375.602 quality factor 3336.85  Total Playback Bitrate  4
p2-t4-bola.log+buff  ro 1.28416 Full Time 0 Empty Time 1.26956 Inefficiency 0.294352 Total Time 596.922 x=ro/(ro+1) 0.562202 x*TT 335.591 quality factor 2872.66  Total Playback Bitrate  5
p2-t4-elastic.log+buff  ro 0.974348 Full Time 0 Empty Time 1.57846 Inefficiency 0.127468 Total Time 596.717 x=ro/(ro+1) 0.493504 x*TT 294.482 quality factor 3184.9  Total Playback Bitrate  10
p2-t5-abr.log+buff  ro 1.81769 Full Time 0 Empty Time 1.84846 Inefficiency 0.434025 Total Time 246.29 x=ro/(ro+1) 0.645099 x*TT 158.882 quality factor 1840.93  Total Playback Bitrate  4
p2-t5-bb.log+buff  ro 4.40204 Full Time 75.488 Empty Time 1.81163 Inefficiency 0.759579 Total Time 245.203 x=ro/(ro+1) 0.814885 x*TT 199.812 quality factor 547.678  Total Playback Bitrate  5
p2-t5-bola.log+buff  ro 1.79236 Full Time 0 Empty Time 1.67089 Inefficiency 0.430616 Total Time 246.143 x=ro/(ro+1) 0.64188 x*TT 157.994 quality factor 1839.93  Total Playback Bitrate  4
p2-t5-elastic.log+buff  ro 2.9415 Full Time 0 Empty Time 9.33864 Inefficiency 0.493184 Total Time 276.062 x=ro/(ro+1) 0.746289 x*TT 206.022 quality factor 1200.02  Total Playback Bitrate  8
p2-t6-abr.log+buff  ro 2.41919 Full Time 223.381 Empty Time 4.08811 Inefficiency 0.388533 Total Time 639.051 x=ro/(ro+1) 0.707533 x*TT 452.15 quality factor 2100.46  Total Playback Bitrate  32
p2-t6-bb.log+buff  ro 2.67579 Full Time 480.383 Empty Time 2.36027 Inefficiency 0.549936 Total Time 636.23 x=ro/(ro+1) 0.72795 x*TT 463.143 quality factor 4091.08  Total Playback Bitrate  23
p2-t6-bola.log+buff  ro 1.29282 Full Time 0 Empty Time 3.75055 Inefficiency 0.300222 Total Time 639.302 x=ro/(ro+1) 0.563856 x*TT 360.475 quality factor 2534.43  Total Playback Bitrate  19
p2-t6-elastic.log+buff  ro 1.09289 Full Time 0 Empty Time 11.093 Inefficiency 0.236415 Total Time 654.64 x=ro/(ro+1) 0.522192 x*TT 341.848 quality factor 2938.71  Total Playback Bitrate  46
p2-t7-abr.log+buff  ro 2.4081 Full Time 322.524 Empty Time 2.58237 Inefficiency 0.405953 Total Time 655.543 x=ro/(ro+1) 0.706582 x*TT 463.195 quality factor 2303.46  Total Playback Bitrate  33
p2-t7-bb.log+buff  ro 2.54398 Full Time 482.746 Empty Time 2.06843 Inefficiency 0.534688 Total Time 655.731 x=ro/(ro+1) 0.717831 x*TT 470.704 quality factor 2804.4  Total Playback Bitrate  8
p2-t7-bola.log+buff  ro 1.34729 Full Time 0 Empty Time 2.25828 Inefficiency 0.282319 Total Time 655.565 x=ro/(ro+1) 0.573977 x*TT 376.279 quality factor 2585.79  Total Playback Bitrate  16
p2-t7-elastic.log+buff  ro 1.1832 Full Time 0 Empty Time 4.7276 Inefficiency 0.200816 Total Time 657.426 x=ro/(ro+1) 0.541956 x*TT 356.296 quality factor 2605.61  Total Playback Bitrate  46
p3-t1-abr.log+buff  ro 1.33169 Full Time 213.172 Empty Time 6.39366 Inefficiency 0.323575 Total Time 602.858 x=ro/(ro+1) 0.571126 x*TT 344.308 quality factor 1343.42  Total Playback Bitrate  12
p3-t1-bb.log+buff  ro 1.35274 Full Time 0 Empty Time 1.98894 Inefficiency 0.358693 Total Time 602.406 x=ro/(ro+1) 0.574964 x*TT 346.362 quality factor 1448.6  Total Playback Bitrate  10
p3-t1-bola.log+buff  ro 1.06072 Full Time 0 Empty Time 5.12241 Inefficiency 0.25817 Total Time 602.965 x=ro/(ro+1) 0.514733 x*TT 310.366 quality factor 1853.02  Total Playback Bitrate  10
p3-t1-elastic.log+buff  ro 0.986722 Full Time 0 Empty Time 5.49134 Inefficiency 0.199037 Total Time 603.903 x=ro/(ro+1) 0.496658 x*TT 299.933 quality factor 1859.49  Total Playback Bitrate  49
p3-t2-abr.log+buff  ro 1.02247 Full Time 315.836 Empty Time 1.34734 Inefficiency 0.220358 Total Time 662.905 x=ro/(ro+1) 0.505556 x*TT 335.135 quality factor 1699.53  Total Playback Bitrate  4
p3-t2-bb.log+buff  ro 0.962289 Full Time 25.273 Empty Time 1.19151 Inefficiency 0.235659 Total Time 663.488 x=ro/(ro+1) 0.490391 x*TT 325.369 quality factor 2079.02  Total Playback Bitrate  13
p3-t2-bola.log+buff  ro 0.932724 Full Time 0 Empty Time 1.10152 Inefficiency 0.231795 Total Time 665.419 x=ro/(ro+1) 0.482596 x*TT 321.128 quality factor 2129.93  Total Playback Bitrate  3
p3-t2-elastic.log+buff  ro 0.785078 Full Time 0 Empty Time 2.17187 Inefficiency 0.157194 Total Time 667.763 x=ro/(ro+1) 0.4398 x*TT 293.682 quality factor 2219.99  Total Playback Bitrate  27
p3-t3-abr.log+buff  ro 1.29747 Full Time 408.5 Empty Time 2.97637 Inefficiency 0.299722 Total Time 656.153 x=ro/(ro+1) 0.564739 x*TT 370.555 quality factor 1321.73  Total Playback Bitrate  22
p3-t3-bb.log+buff  ro 1.14253 Full Time 261.457 Empty Time 2.55895 Inefficiency 0.307053 Total Time 655.931 x=ro/(ro+1) 0.533263 x*TT 349.783 quality factor 1882.41  Total Playback Bitrate  5
p3-t3-bola.log+buff  ro 0.935581 Full Time 0 Empty Time 2.58021 Inefficiency 0.219575 Total Time 657.434 x=ro/(ro+1) 0.483359 x*TT 317.777 quality factor 2154.28  Total Playback Bitrate  5
p3-t3-elastic.log+buff  ro 0.798203 Full Time 0 Empty Time 1.63938 Inefficiency 0.143536 Total Time 656.981 x=ro/(ro+1) 0.443889 x*TT 291.627 quality factor 2305.47  Total Playback Bitrate  67
p3-t4-abr.log+buff  ro 1.32802 Full Time 304.553 Empty Time 0.989877 Inefficiency 0.300885 Total Time 598.231 x=ro/(ro+1) 0.57045 x*TT 341.261 quality factor 1305.21  Total Playback Bitrate  10
p3-t4-bb.log+buff  ro 1.25567 Full Time 208.358 Empty Time 0.641742 Inefficiency 0.32614 Total Time 600.524 x=ro/(ro+1) 0.556672 x*TT 334.295 quality factor 1707.07  Total Playback Bitrate  3
p3-t4-bola.log+buff  ro 1.0527 Full Time 0 Empty Time 0.914549 Inefficiency 0.249373 Total Time 598.873 x=ro/(ro+1) 0.512837 x*TT 307.124 quality factor 1745.38  Total Playback Bitrate  1
p3-t4-elastic.log+buff  ro 0.877665 Full Time 0 Empty Time 0.98818 Inefficiency 0.153003 Total Time 599.54 x=ro/(ro+1) 0.467424 x*TT 280.239 quality factor 2179.59  Total Playback Bitrate  21
p3-t5-abr.log+buff  ro 1.89018 Full Time 0 Empty Time 7.54583 Inefficiency 0.391478 Total Time 245.77 x=ro/(ro+1) 0.654001 x*TT 160.734 quality factor 855.364  Total Playback Bitrate  17
p3-t5-bb.log+buff  ro 3.50026 Full Time 65.252 Empty Time 0.847429 Inefficiency 0.690546 Total Time 247.108 x=ro/(ro+1) 0.777791 x*TT 192.198 quality factor 538.535  Total Playback Bitrate  5
p3-t5-bola.log+buff  ro 1.61778 Full Time 0 Empty Time 0.907854 Inefficiency 0.384744 Total Time 246.454 x=ro/(ro+1) 0.617997 x*TT 152.308 quality factor 1495.83  Total Playback Bitrate  13
p3-t5-elastic.log+buff  ro 1.17241 Full Time 0 Empty Time 12.0476 Inefficiency 0.25832 Total Time 321.355 x=ro/(ro+1) 0.539682 x*TT 173.43 quality factor 1795.5  Total Playback Bitrate  24
p3-t6-abr.log+buff  ro 1.84401 Full Time 264.684 Empty Time 1.45971 Inefficiency 0.38328 Total Time 637.77 x=ro/(ro+1) 0.648384 x*TT 413.52 quality factor 1043.21  Total Playback Bitrate  63
p3-t6-bb.log+buff  ro 2.43126 Full Time 469.591 Empty Time 1.33707 Inefficiency 0.510776 Total Time 638.485 x=ro/(ro+1) 0.708562 x*TT 452.406 quality factor 1459.62  Total Playback Bitrate  16
p3-t6-bola.log+buff  ro 1.29857 Full Time 0 Empty Time 1.61432 Inefficiency 0.286365 Total Time 637.388 x=ro/(ro+1) 0.564946 x*TT 360.09 quality factor 1518.77  Total Playback Bitrate  36
p3-t6-elastic.log+buff  ro 1.15785 Full Time 0 Empty Time 9.37138 Inefficiency 0.220539 Total Time 655.617 x=ro/(ro+1) 0.536575 x*TT 351.788 quality factor 1856.94  Total Playback Bitrate  119
p3-t7-abr.log+buff  ro 2.15423 Full Time 375.969 Empty Time 2.87638 Inefficiency 0.464561 Total Time 656.88 x=ro/(ro+1) 0.682966 x*TT 448.626 quality factor 957.326  Total Playback Bitrate  47
p3-t7-bb.log+buff  ro 2.21145 Full Time 479.114 Empty Time 1.34556 Inefficiency 0.536833 Total Time 657.311 x=ro/(ro+1) 0.688614 x*TT 452.633 quality factor 1700.7  Total Playback Bitrate  8
p3-t7-bola.log+buff  ro 1.30657 Full Time 0 Empty Time 1.5688 Inefficiency 0.321373 Total Time 656.545 x=ro/(ro+1) 0.566457 x*TT 371.904 quality factor 1703.21  Total Playback Bitrate  16
p3-t7-elastic.log+buff  ro 1.21149 Full Time 0 Empty Time 1.48359 Inefficiency 0.285606 Total Time 656.996 x=ro/(ro+1) 0.547816 x*TT 359.913 quality factor 1776.07  Total Playback Bitrate  111
p4-t1-abr.log+buff  ro 0.943947 Full Time 0 Empty Time 20.3572 Inefficiency 0.153942 Total Time 660.392 x=ro/(ro+1) 0.485583 x*TT 320.675 quality factor 1200  Total Playback Bitrate  0
p4-t1-bb.log+buff  ro 0.943012 Full Time 0 Empty Time 14.6498 Inefficiency 0.150657 Total Time 659.87 x=ro/(ro+1) 0.485335 x*TT 320.258 quality factor 1200  Total Playback Bitrate  0
p4-t1-bola.log+buff  ro 0.943718 Full Time 0 Empty Time 15.3682 Inefficiency 0.15503 Total Time 660.145 x=ro/(ro+1) 0.485522 x*TT 320.515 quality factor 1200  Total Playback Bitrate  0
p4-t1-elastic.log+buff  ro 0.903256 Full Time 0 Empty Time 16.0177 Inefficiency 0.125962 Total Time 659.925 x=ro/(ro+1) 0.474585 x*TT 313.19 quality factor 1279.13  Total Playback Bitrate  14
p4-t2-abr.log+buff  ro 0.699134 Full Time 0 Empty Time 8.2787 Inefficiency 0.122225 Total Time 710.096 x=ro/(ro+1) 0.411465 x*TT 292.18 quality factor 1622  Total Playback Bitrate  0
p4-t2-bb.log+buff  ro 0.705285 Full Time 0 Empty Time 7.37129 Inefficiency 0.222229 Total Time 712.237 x=ro/(ro+1) 0.413588 x*TT 294.572 quality factor 1622  Total Playback Bitrate  0
p4-t2-bola.log+buff  ro 0.706483 Full Time 0 Empty Time 7.52328 Inefficiency 0.156206 Total Time 711.228 x=ro/(ro+1) 0.413999 x*TT 294.448 quality factor 1622  Total Playback Bitrate  0
p4-t2-elastic.log+buff  ro 0.653288 Full Time 0 Empty Time 9.67102 Inefficiency 0.148269 Total Time 779.726 x=ro/(ro+1) 0.395145 x*TT 308.105 quality factor 1685.88  Total Playback Bitrate  8
p4-t3-abr.log+buff  ro 0.879131 Full Time 177.678 Empty Time 3.69599 Inefficiency 0.107671 Total Time 656.161 x=ro/(ro+1) 0.467839 x*TT 306.978 quality factor 1198  Total Playback Bitrate  0
p4-t3-bb.log+buff  ro 0.804218 Full Time 0 Empty Time 14.7514 Inefficiency 0.110167 Total Time 655.909 x=ro/(ro+1) 0.445743 x*TT 292.367 quality factor 1548.81  Total Playback Bitrate  33
p4-t3-bola.log+buff  ro 0.920605 Full Time 0 Empty Time 16.8454 Inefficiency 0.157801 Total Time 656.247 x=ro/(ro+1) 0.479331 x*TT 314.559 quality factor 1281  Total Playback Bitrate  1
p4-t3-elastic.log+buff  ro 0.725093 Full Time 0 Empty Time 4.08655 Inefficiency 0.11789 Total Time 661.162 x=ro/(ro+1) 0.420321 x*TT 277.9 quality factor 1701.24  Total Playback Bitrate  59
p4-t4-abr.log+buff  ro 0.903536 Full Time 124.141 Empty Time 0.864396 Inefficiency 0.115572 Total Time 598.391 x=ro/(ro+1) 0.474662 x*TT 284.033 quality factor 1143  Total Playback Bitrate  0
p4-t4-bb.log+buff  ro 0.83538 Full Time 0 Empty Time 0.970135 Inefficiency 0.114813 Total Time 598.574 x=ro/(ro+1) 0.455154 x*TT 272.443 quality factor 1428.36  Total Playback Bitrate  17
p4-t4-bola.log+buff  ro 0.893722 Full Time 0 Empty Time 1.00299 Inefficiency 0.129197 Total Time 597.938 x=ro/(ro+1) 0.471939 x*TT 282.19 quality factor 1143  Total Playback Bitrate  0
p4-t4-elastic.log+buff  ro 0.752177 Full Time 0 Empty Time 1.02635 Inefficiency 0.10852 Total Time 598.018 x=ro/(ro+1) 0.429281 x*TT 256.718 quality factor 1460.93  Total Playback Bitrate  21
p4-t5-abr.log+buff  ro 1.74959 Full Time 0 Empty Time 3.69429 Inefficiency 0.384774 Total Time 265.845 x=ro/(ro+1) 0.636309 x*TT 169.16 quality factor 744.809  Total Playback Bitrate  16
p4-t5-bb.log+buff  ro 2.23941 Full Time 0 Empty Time 1.33487 Inefficiency 0.531546 Total Time 245.848 x=ro/(ro+1) 0.691302 x*TT 169.955 quality factor 492.046  Total Playback Bitrate  11
p4-t5-bola.log+buff  ro 1.36143 Full Time 0 Empty Time 4.02831 Inefficiency 0.295525 Total Time 267.43 x=ro/(ro+1) 0.576529 x*TT 154.181 quality factor 814.067  Total Playback Bitrate  10
p4-t5-elastic.log+buff  ro 1.33851 Full Time 0 Empty Time 8.15844 Inefficiency 0.290822 Total Time 268.046 x=ro/(ro+1) 0.572377 x*TT 153.423 quality factor 922.491  Total Playback Bitrate  32
p4-t6-abr.log+buff  ro 1.7507 Full Time 140.669 Empty Time 3.41328 Inefficiency 0.370689 Total Time 637.88 x=ro/(ro+1) 0.636456 x*TT 405.983 quality factor 598.847  Total Playback Bitrate  64
p4-t6-bb.log+buff  ro 2.1571 Full Time 443.714 Empty Time 1.91478 Inefficiency 0.434046 Total Time 636.794 x=ro/(ro+1) 0.683254 x*TT 435.092 quality factor 965.26  Total Playback Bitrate  13
p4-t6-bola.log+buff  ro 1.38163 Full Time 0 Empty Time 3.15201 Inefficiency 0.292626 Total Time 638.19 x=ro/(ro+1) 0.580119 x*TT 370.226 quality factor 950.044  Total Playback Bitrate  42
p4-t6-elastic.log+buff  ro 1.25062 Full Time 0 Empty Time 13.2277 Inefficiency 0.220278 Total Time 676.208 x=ro/(ro+1) 0.555678 x*TT 375.754 quality factor 1030.2  Total Playback Bitrate  124
p4-t7-abr.log+buff  ro 1.84366 Full Time 310.076 Empty Time 2.9275 Inefficiency 0.407699 Total Time 656.323 x=ro/(ro+1) 0.64834 x*TT 425.52 quality factor 490.915  Total Playback Bitrate  24
p4-t7-bb.log+buff  ro 1.71401 Full Time 358.141 Empty Time 1.62262 Inefficiency 0.418465 Total Time 656.911 x=ro/(ro+1) 0.631542 x*TT 414.867 quality factor 986.573  Total Playback Bitrate  4
p4-t7-bola.log+buff  ro 1.56648 Full Time 0 Empty Time 1.63585 Inefficiency 0.359406 Total Time 656.82 x=ro/(ro+1) 0.610362 x*TT 400.898 quality factor 843.693  Total Playback Bitrate  10
p4-t7-elastic.log+buff  ro 1.24273 Full Time 0 Empty Time 3.40251 Inefficiency 0.286103 Total Time 656.756 x=ro/(ro+1) 0.554116 x*TT 363.919 quality factor 1097.53  Total Playback Bitrate  90
p1-t1-ar.log+buff  ro 1.28635 Full Time 30.006 Empty Time 3.66751 Inefficiency 0.301576 Total Time 598.394 x=ro/(ro+1) 0.562622 x*TT 336.67 quality factor 2906.23  Total Playback Bitrate  34
p1-t1-dy.log+buff  ro 1.28438 Full Time 30.897 Empty Time 3.89348 Inefficiency 0.293433 Total Time 598.836 x=ro/(ro+1) 0.562244 x*TT 336.692 quality factor 2921.37  Total Playback Bitrate  34
p1-t1-gd.log+buff  ro 1.28632 Full Time 24.716 Empty Time 4.21861 Inefficiency 0.293023 Total Time 598.776 x=ro/(ro+1) 0.562615 x*TT 336.881 quality factor 2925.73  Total Playback Bitrate  34
p1-t1-kama.log+buff  ro 1.30568 Full Time 21.461 Empty Time 4.5497 Inefficiency 0.296956 Total Time 598.66 x=ro/(ro+1) 0.566289 x*TT 339.014 quality factor 2905.39  Total Playback Bitrate  34
p1-t1-ra.log+buff  ro 1.27592 Full Time 0 Empty Time 5.20824 Inefficiency 0.290507 Total Time 598.572 x=ro/(ro+1) 0.560618 x*TT 335.57 quality factor 2877.37  Total Playback Bitrate  28
p1-t2-ar.log+buff  ro 1.08089 Full Time 76.856 Empty Time 2.36003 Inefficiency 0.202189 Total Time 656.352 x=ro/(ro+1) 0.519436 x*TT 340.933 quality factor 3256.79  Total Playback Bitrate  16
p1-t2-dy.log+buff  ro 1.10085 Full Time 80.433 Empty Time 3.09753 Inefficiency 0.21033 Total Time 656.424 x=ro/(ro+1) 0.524001 x*TT 343.967 quality factor 3238.4  Total Playback Bitrate  20
p1-t2-gd.log+buff  ro 1.09485 Full Time 70.934 Empty Time 2.91611 Inefficiency 0.213559 Total Time 656.018 x=ro/(ro+1) 0.522638 x*TT 342.86 quality factor 3266.07  Total Playback Bitrate  20
p1-t2-kama.log+buff  ro 1.07421 Full Time 137.327 Empty Time 2.64908 Inefficiency 0.199922 Total Time 656.27 x=ro/(ro+1) 0.517889 x*TT 339.875 quality factor 3211.72  Total Playback Bitrate  14
p1-t2-ra.log+buff  ro 1.16481 Full Time 80.372 Empty Time 5.88903 Inefficiency 0.258486 Total Time 660.717 x=ro/(ro+1) 0.538065 x*TT 355.509 quality factor 3189.71  Total Playback Bitrate  16
p1-t3-ar.log+buff  ro 1.19545 Full Time 187.941 Empty Time 14.2234 Inefficiency 0.310754 Total Time 657.573 x=ro/(ro+1) 0.544512 x*TT 358.056 quality factor 3274.04  Total Playback Bitrate  26
p1-t3-dy.log+buff  ro 1.20306 Full Time 162.248 Empty Time 14.2041 Inefficiency 0.320102 Total Time 657.628 x=ro/(ro+1) 0.546086 x*TT 359.121 quality factor 3277.52  Total Playback Bitrate  22
p1-t3-gd.log+buff  ro 1.19844 Full Time 160.557 Empty Time 14.2234 Inefficiency 0.313876 Total Time 657.592 x=ro/(ro+1) 0.545132 x*TT 358.475 quality factor 3261.85  Total Playback Bitrate  24
p1-t3-kama.log+buff  ro 1.17259 Full Time 139.114 Empty Time 14.2234 Inefficiency 0.274318 Total Time 657.522 x=ro/(ro+1) 0.539719 x*TT 354.877 quality factor 3274.49  Total Playback Bitrate  28
p1-t3-ra.log+buff  ro 1.14631 Full Time 147.457 Empty Time 15.7419 Inefficiency 0.257997 Total Time 659.275 x=ro/(ro+1) 0.534084 x*TT 352.108 quality factor 3311.7  Total Playback Bitrate  20
p1-t4-ar.log+buff  ro 1.20073 Full Time 19.012 Empty Time 3.52109 Inefficiency 0.243776 Total Time 596.377 x=ro/(ro+1) 0.545605 x*TT 325.386 quality factor 3201.75  Total Playback Bitrate  14
p1-t4-dy.log+buff  ro 1.18887 Full Time 8.153 Empty Time 3.87183 Inefficiency 0.240451 Total Time 596.19 x=ro/(ro+1) 0.543144 x*TT 323.817 quality factor 3200.65  Total Playback Bitrate  12
p1-t4-gd.log+buff  ro 1.19391 Full Time 6.904 Empty Time 4.26955 Inefficiency 0.237903 Total Time 596.235 x=ro/(ro+1) 0.544193 x*TT 324.467 quality factor 3197.65  Total Playback Bitrate  18
p1-t4-kama.log+buff  ro 1.14641 Full Time 3.853 Empty Time 4.24444 Inefficiency 0.21733 Total Time 595.941 x=ro/(ro+1) 0.534107 x*TT 318.296 quality factor 3200.67  Total Playback Bitrate  14
p1-t4-ra.log+buff  ro 1.24791 Full Time 0 Empty Time 4.63199 Inefficiency 0.27614 Total Time 596.05 x=ro/(ro+1) 0.555143 x*TT 330.893 quality factor 3144.77  Total Playback Bitrate  12
p1-t5-ar.log+buff  ro 1.54579 Full Time 0 Empty Time 4.56671 Inefficiency 0.331508 Total Time 245.563 x=ro/(ro+1) 0.607195 x*TT 149.105 quality factor 1886.01  Total Playback Bitrate  10
p1-t5-dy.log+buff  ro 1.5089 Full Time 0 Empty Time 3.90864 Inefficiency 0.34366 Total Time 245.611 x=ro/(ro+1) 0.601419 x*TT 147.715 quality factor 1926.03  Total Playback Bitrate  8
p1-t5-gd.log+buff  ro 1.50659 Full Time 0 Empty Time 4.26295 Inefficiency 0.349475 Total Time 246.155 x=ro/(ro+1) 0.601051 x*TT 147.952 quality factor 1907.71  Total Playback Bitrate  8
p1-t5-kama.log+buff  ro 1.57976 Full Time 0 Empty Time 3.97637 Inefficiency 0.345913 Total Time 246.067 x=ro/(ro+1) 0.612367 x*TT 150.683 quality factor 1752.7  Total Playback Bitrate  7
p1-t5-ra.log+buff  ro 1.43495 Full Time 0 Empty Time 5.46132 Inefficiency 0.336544 Total Time 245.481 x=ro/(ro+1) 0.589314 x*TT 144.665 quality factor 2049.47  Total Playback Bitrate  6
p1-t6-ar.log+buff  ro 1.34411 Full Time 19.215 Empty Time 9.33658 Inefficiency 0.277917 Total Time 640.465 x=ro/(ro+1) 0.573399 x*TT 367.242 quality factor 2930.08  Total Playback Bitrate  22
p1-t6-dy.log+buff  ro 1.35096 Full Time 18.409 Empty Time 8.38969 Inefficiency 0.280148 Total Time 640.45 x=ro/(ro+1) 0.574642 x*TT 368.03 quality factor 3116.2  Total Playback Bitrate  23
p1-t6-gd.log+buff  ro 1.35725 Full Time 8.55 Empty Time 7.70198 Inefficiency 0.296311 Total Time 641.176 x=ro/(ro+1) 0.575777 x*TT 369.174 quality factor 2891.98  Total Playback Bitrate  22
p1-t6-kama.log+buff  ro 1.33861 Full Time 0 Empty Time 7.68815 Inefficiency 0.287451 Total Time 640.574 x=ro/(ro+1) 0.572395 x*TT 366.662 quality factor 2876.95  Total Playback Bitrate  18
p1-t6-ra.log+buff  ro 1.28636 Full Time 0 Empty Time 9.99802 Inefficiency 0.291573 Total Time 641.598 x=ro/(ro+1) 0.562623 x*TT 360.978 quality factor 2548.07  Total Playback Bitrate  16
p1-t7-ar.log+buff  ro 1.37387 Full Time 37.673 Empty Time 8.19893 Inefficiency 0.25425 Total Time 658.617 x=ro/(ro+1) 0.578747 x*TT 381.172 quality factor 2657.71  Total Playback Bitrate  18
p1-t7-dy.log+buff  ro 1.3525 Full Time 5.607 Empty Time 12.4109 Inefficiency 0.251984 Total Time 662.246 x=ro/(ro+1) 0.574919 x*TT 380.738 quality factor 2688.19  Total Playback Bitrate  16
p1-t7-gd.log+buff  ro 1.33572 Full Time 0 Empty Time 10.7233 Inefficiency 0.247479 Total Time 661.539 x=ro/(ro+1) 0.571866 x*TT 378.312 quality factor 2710.38  Total Playback Bitrate  16
p1-t7-kama.log+buff  ro 1.31196 Full Time 0 Empty Time 25.4378 Inefficiency 0.233318 Total Time 666.046 x=ro/(ro+1) 0.567466 x*TT 377.958 quality factor 2518.12  Total Playback Bitrate  17
p1-t7-ra.log+buff  ro 1.22279 Full Time 0 Empty Time 26.6292 Inefficiency 0.222334 Total Time 676.255 x=ro/(ro+1) 0.550115 x*TT 372.018 quality factor 2491.67  Total Playback Bitrate  14
p2-t1-ar.log+buff  ro 1.2739 Full Time 12.163 Empty Time 1.525 Inefficiency 0.294115 Total Time 599.963 x=ro/(ro+1) 0.560228 x*TT 336.116 quality factor 2334.02  Total Playback Bitrate  30
p2-t1-dy.log+buff  ro 1.27281 Full Time 8.906 Empty Time 1.44764 Inefficiency 0.291148 Total Time 599.908 x=ro/(ro+1) 0.560016 x*TT 335.958 quality factor 2330.65  Total Playback Bitrate  30
p2-t1-gd.log+buff  ro 1.28881 Full Time 10.797 Empty Time 1.49094 Inefficiency 0.301804 Total Time 599.983 x=ro/(ro+1) 0.563093 x*TT 337.846 quality factor 2342.12  Total Playback Bitrate  38
p2-t1-kama.log+buff  ro 1.27213 Full Time 10.632 Empty Time 1.47764 Inefficiency 0.289394 Total Time 599.86 x=ro/(ro+1) 0.559884 x*TT 335.852 quality factor 2349.32  Total Playback Bitrate  26
p2-t1-ra.log+buff  ro 1.26821 Full Time 25 Empty Time 1.45794 Inefficiency 0.284272 Total Time 599.861 x=ro/(ro+1) 0.559125 x*TT 335.397 quality factor 2353.7  Total Playback Bitrate  22
p2-t2-ar.log+buff  ro 1.08137 Full Time 98.796 Empty Time 1.14018 Inefficiency 0.239531 Total Time 658.566 x=ro/(ro+1) 0.519547 x*TT 342.156 quality factor 2750.91  Total Playback Bitrate  17
p2-t2-dy.log+buff  ro 1.07643 Full Time 49.175 Empty Time 1.08079 Inefficiency 0.258021 Total Time 658.604 x=ro/(ro+1) 0.518405 x*TT 341.423 quality factor 2748.69  Total Playback Bitrate  21
p2-t2-gd.log+buff  ro 1.08545 Full Time 31.354 Empty Time 1.06635 Inefficiency 0.253192 Total Time 658.813 x=ro/(ro+1) 0.520487 x*TT 342.904 quality factor 2761.23  Total Playback Bitrate  23
p2-t2-kama.log+buff  ro 1.07602 Full Time 17.474 Empty Time 1.1063 Inefficiency 0.247884 Total Time 658.52 x=ro/(ro+1) 0.518308 x*TT 341.316 quality factor 3107.94  Total Playback Bitrate  14
p2-t2-ra.log+buff  ro 1.09648 Full Time 0.289 Empty Time 1.12563 Inefficiency 0.246944 Total Time 658.638 x=ro/(ro+1) 0.523009 x*TT 344.474 quality factor 2794.92  Total Playback Bitrate  15
p2-t3-ar.log+buff  ro 1.16937 Full Time 133.003 Empty Time 7.88993 Inefficiency 0.331613 Total Time 666.478 x=ro/(ro+1) 0.539037 x*TT 359.256 quality factor 2760.37  Total Playback Bitrate  33
p2-t3-dy.log+buff  ro 1.15888 Full Time 136.998 Empty Time 4.61037 Inefficiency 0.30183 Total Time 660.209 x=ro/(ro+1) 0.536797 x*TT 354.398 quality factor 2698.51  Total Playback Bitrate  31
p2-t3-gd.log+buff  ro 1.1603 Full Time 119.164 Empty Time 4.57204 Inefficiency 0.299659 Total Time 659.936 x=ro/(ro+1) 0.537102 x*TT 354.453 quality factor 2696.7  Total Playback Bitrate  31
p2-t3-kama.log+buff  ro 1.22808 Full Time 107.478 Empty Time 15.3539 Inefficiency 0.335266 Total Time 671.678 x=ro/(ro+1) 0.551184 x*TT 370.218 quality factor 2767.32  Total Playback Bitrate  43
p2-t3-ra.log+buff  ro 1.15813 Full Time 91.679 Empty Time 7.23415 Inefficiency 0.333871 Total Time 661.928 x=ro/(ro+1) 0.536636 x*TT 355.214 quality factor 2777.9  Total Playback Bitrate  39
p2-t4-ar.log+buff  ro 1.19724 Full Time 4.027 Empty Time 1.52503 Inefficiency 0.248445 Total Time 597.821 x=ro/(ro+1) 0.544883 x*TT 325.742 quality factor 2767.53  Total Playback Bitrate  15
p2-t4-dy.log+buff  ro 1.18163 Full Time 0.515 Empty Time 1.50812 Inefficiency 0.241084 Total Time 597.662 x=ro/(ro+1) 0.541628 x*TT 323.71 quality factor 2767.14  Total Playback Bitrate  11
p2-t4-gd.log+buff  ro 1.18409 Full Time 3.496 Empty Time 1.55999 Inefficiency 0.243018 Total Time 597.749 x=ro/(ro+1) 0.542143 x*TT 324.066 quality factor 2781.69  Total Playback Bitrate  9
p2-t4-kama.log+buff  ro 1.16557 Full Time 22.053 Empty Time 1.50167 Inefficiency 0.250704 Total Time 597.792 x=ro/(ro+1) 0.538229 x*TT 321.749 quality factor 2843.87  Total Playback Bitrate  9
p2-t4-ra.log+buff  ro 1.1517 Full Time 24.743 Empty Time 1.59526 Inefficiency 0.256879 Total Time 597.753 x=ro/(ro+1) 0.535251 x*TT 319.948 quality factor 2839.08  Total Playback Bitrate  11
p2-t5-ar.log+buff  ro 1.82688 Full Time 0 Empty Time 6.50262 Inefficiency 0.450782 Total Time 269.333 x=ro/(ro+1) 0.646254 x*TT 174.057 quality factor 1914.97  Total Playback Bitrate  4
p2-t5-dy.log+buff  ro 1.83143 Full Time 0 Empty Time 6.00507 Inefficiency 0.440638 Total Time 270.748 x=ro/(ro+1) 0.646821 x*TT 175.126 quality factor 1923.41  Total Playback Bitrate  4
p2-t5-gd.log+buff  ro 1.83817 Full Time 0 Empty Time 4.60271 Inefficiency 0.446813 Total Time 267.501 x=ro/(ro+1) 0.64766 x*TT 173.25 quality factor 1910.75  Total Playback Bitrate  4
p2-t5-kama.log+buff  ro 1.83909 Full Time 0 Empty Time 6.35557 Inefficiency 0.444371 Total Time 268.999 x=ro/(ro+1) 0.647774 x*TT 174.251 quality factor 1915.33  Total Playback Bitrate  4
p2-t5-ra.log+buff  ro 1.80028 Full Time 0 Empty Time 4.03925 Inefficiency 0.433613 Total Time 246.344 x=ro/(ro+1) 0.642893 x*TT 158.373 quality factor 1843.58  Total Playback Bitrate  4
p2-t6-ar.log+buff  ro 1.33333 Full Time 15.682 Empty Time 4.29928 Inefficiency 0.279627 Total Time 640.816 x=ro/(ro+1) 0.571428 x*TT 366.18 quality factor 2177.34  Total Playback Bitrate  22
p2-t6-dy.log+buff  ro 1.32383 Full Time 5.678 Empty Time 4.07699 Inefficiency 0.283473 Total Time 641.049 x=ro/(ro+1) 0.569676 x*TT 365.19 quality factor 2181.06  Total Playback Bitrate  20
p2-t6-gd.log+buff  ro 1.34404 Full Time 13.548 Empty Time 4.26754 Inefficiency 0.289313 Total Time 640.83 x=ro/(ro+1) 0.573386 x*TT 367.443 quality factor 2181.52  Total Playback Bitrate  20
p2-t6-kama.log+buff  ro 1.32571 Full Time 0 Empty Time 4.34245 Inefficiency 0.288827 Total Time 640.836 x=ro/(ro+1) 0.570024 x*TT 365.292 quality factor 2183.99  Total Playback Bitrate  14
p2-t6-ra.log+buff  ro 1.29386 Full Time 0 Empty Time 4.41599 Inefficiency 0.293015 Total Time 640.85 x=ro/(ro+1) 0.564054 x*TT 361.474 quality factor 2330.29  Total Playback Bitrate  12
p2-t7-ar.log+buff  ro 1.4045 Full Time 0 Empty Time 2.64998 Inefficiency 0.268943 Total Time 658.795 x=ro/(ro+1) 0.584114 x*TT 384.811 quality factor 2268.83  Total Playback Bitrate  19
p2-t7-dy.log+buff  ro 1.41018 Full Time 0 Empty Time 2.63918 Inefficiency 0.274414 Total Time 658.843 x=ro/(ro+1) 0.585094 x*TT 385.485 quality factor 2293.66  Total Playback Bitrate  15
p2-t7-gd.log+buff  ro 1.424 Full Time 0 Empty Time 2.61593 Inefficiency 0.278934 Total Time 658.884 x=ro/(ro+1) 0.58746 x*TT 387.068 quality factor 2276.85  Total Playback Bitrate  15
p2-t7-kama.log+buff  ro 1.35487 Full Time 0 Empty Time 2.56657 Inefficiency 0.268606 Total Time 658.91 x=ro/(ro+1) 0.575348 x*TT 379.102 quality factor 2260.23  Total Playback Bitrate  17
p2-t7-ra.log+buff  ro 1.30591 Full Time 0 Empty Time 2.56326 Inefficiency 0.261134 Total Time 658.895 x=ro/(ro+1) 0.566331 x*TT 373.153 quality factor 2476.55  Total Playback Bitrate  12
p3-t1-ar.log+buff  ro 1.22796 Full Time 0 Empty Time 5.16402 Inefficiency 0.300738 Total Time 605.046 x=ro/(ro+1) 0.55116 x*TT 333.477 quality factor 1725.21  Total Playback Bitrate  27
p3-t1-dy.log+buff  ro 1.26454 Full Time 0.039 Empty Time 2.63841 Inefficiency 0.342284 Total Time 602.857 x=ro/(ro+1) 0.55841 x*TT 336.641 quality factor 1793.48  Total Playback Bitrate  17
p3-t1-gd.log+buff  ro 1.31039 Full Time 96.215 Empty Time 5.55079 Inefficiency 0.366056 Total Time 603.901 x=ro/(ro+1) 0.567173 x*TT 342.517 quality factor 1814.97  Total Playback Bitrate  13
p3-t1-kama.log+buff  ro 1.24003 Full Time 6.485 Empty Time 6.47397 Inefficiency 0.351501 Total Time 604.74 x=ro/(ro+1) 0.553578 x*TT 334.771 quality factor 1792.36  Total Playback Bitrate  21
p3-t1-ra.log+buff  ro 1.23817 Full Time 3.043 Empty Time 6.61872 Inefficiency 0.345079 Total Time 605.168 x=ro/(ro+1) 0.553206 x*TT 334.783 quality factor 1785.55  Total Playback Bitrate  17
p3-t2-ar.log+buff  ro 0.960016 Full Time 26.977 Empty Time 2.49506 Inefficiency 0.2088 Total Time 664.26 x=ro/(ro+1) 0.4898 x*TT 325.355 quality factor 2200.7  Total Playback Bitrate  32
p3-t2-dy.log+buff  ro 1.01359 Full Time 80.949 Empty Time 1.92759 Inefficiency 0.236742 Total Time 663.115 x=ro/(ro+1) 0.503374 x*TT 333.795 quality factor 1942.12  Total Playback Bitrate  14
p3-t2-gd.log+buff  ro 1.15204 Full Time 334.936 Empty Time 1.91971 Inefficiency 0.275025 Total Time 663.143 x=ro/(ro+1) 0.535325 x*TT 354.997 quality factor 1893.64  Total Playback Bitrate  6
p3-t2-kama.log+buff  ro 0.943154 Full Time 45.025 Empty Time 1.30003 Inefficiency 0.210754 Total Time 663.759 x=ro/(ro+1) 0.485373 x*TT 322.17 quality factor 2177.31  Total Playback Bitrate  13
p3-t2-ra.log+buff  ro 0.934012 Full Time 83.131 Empty Time 2.52275 Inefficiency 0.200494 Total Time 664.856 x=ro/(ro+1) 0.48294 x*TT 321.086 quality factor 2103.68  Total Playback Bitrate  17
p3-t3-ar.log+buff  ro 0.943678 Full Time 155.558 Empty Time 2.08784 Inefficiency 0.174075 Total Time 658.642 x=ro/(ro+1) 0.485512 x*TT 319.778 quality factor 2682.42  Total Playback Bitrate  36
p3-t3-dy.log+buff  ro 0.980368 Full Time 222.092 Empty Time 2.18845 Inefficiency 0.201996 Total Time 672.007 x=ro/(ro+1) 0.495043 x*TT 332.673 quality factor 2076.5  Total Playback Bitrate  25
p3-t3-gd.log+buff  ro 1.13792 Full Time 354 Empty Time 1.29363 Inefficiency 0.256907 Total Time 658.488 x=ro/(ro+1) 0.532256 x*TT 350.484 quality factor 1880.3  Total Playback Bitrate  9
p3-t3-kama.log+buff  ro 1.00634 Full Time 233.286 Empty Time 7.76567 Inefficiency 0.211022 Total Time 673.615 x=ro/(ro+1) 0.501581 x*TT 337.872 quality factor 2112.54  Total Playback Bitrate  27
p3-t3-ra.log+buff  ro 0.994808 Full Time 199.62 Empty Time 2.3449 Inefficiency 0.201501 Total Time 658.536 x=ro/(ro+1) 0.498699 x*TT 328.411 quality factor 2644.5  Total Playback Bitrate  28
p3-t4-ar.log+buff  ro 0.997767 Full Time 53.329 Empty Time 0.659811 Inefficiency 0.19545 Total Time 599.978 x=ro/(ro+1) 0.499441 x*TT 299.654 quality factor 1782.86  Total Playback Bitrate  14
p3-t4-dy.log+buff  ro 1.04126 Full Time 28.933 Empty Time 1.0271 Inefficiency 0.234266 Total Time 599.867 x=ro/(ro+1) 0.510106 x*TT 305.996 quality factor 1789.44  Total Playback Bitrate  16
p3-t4-gd.log+buff  ro 1.15877 Full Time 26.934 Empty Time 1.04896 Inefficiency 0.315578 Total Time 599.644 x=ro/(ro+1) 0.536773 x*TT 321.873 quality factor 1719.49  Total Playback Bitrate  10
p3-t4-kama.log+buff  ro 1.06335 Full Time 0.83 Empty Time 1.09293 Inefficiency 0.270945 Total Time 599.631 x=ro/(ro+1) 0.515351 x*TT 309.021 quality factor 2059.05  Total Playback Bitrate  15
p3-t4-ra.log+buff  ro 1.08574 Full Time 33.55 Empty Time 0.786261 Inefficiency 0.237874 Total Time 599.23 x=ro/(ro+1) 0.520554 x*TT 311.931 quality factor 1982.45  Total Playback Bitrate  17
p3-t5-ar.log+buff  ro 1.53497 Full Time 0 Empty Time 6.58247 Inefficiency 0.326664 Total Time 263.845 x=ro/(ro+1) 0.605518 x*TT 159.763 quality factor 1448.91  Total Playback Bitrate  22
p3-t5-dy.log+buff  ro 1.36409 Full Time 0 Empty Time 8.625 Inefficiency 0.299553 Total Time 272.708 x=ro/(ro+1) 0.577004 x*TT 157.354 quality factor 1377.14  Total Playback Bitrate  11
p3-t5-gd.log+buff  ro 1.64857 Full Time 0 Empty Time 7.33781 Inefficiency 0.405594 Total Time 263.344 x=ro/(ro+1) 0.622438 x*TT 163.915 quality factor 1112.56  Total Playback Bitrate  10
p3-t5-kama.log+buff  ro 1.49797 Full Time 0 Empty Time 12.8293 Inefficiency 0.365092 Total Time 270.971 x=ro/(ro+1) 0.599675 x*TT 162.494 quality factor 1129.55  Total Playback Bitrate  6
p3-t5-ra.log+buff  ro 1.80947 Full Time 0 Empty Time 3.61782 Inefficiency 0.416968 Total Time 252.738 x=ro/(ro+1) 0.644061 x*TT 162.779 quality factor 1090.59  Total Playback Bitrate  8
p3-t6-ar.log+buff  ro 1.28098 Full Time 0 Empty Time 1.58172 Inefficiency 0.263813 Total Time 639.45 x=ro/(ro+1) 0.561591 x*TT 359.109 quality factor 1480.24  Total Playback Bitrate  52
p3-t6-dy.log+buff  ro 1.37347 Full Time 0 Empty Time 3.39224 Inefficiency 0.296803 Total Time 641.644 x=ro/(ro+1) 0.578675 x*TT 371.304 quality factor 1389.14  Total Playback Bitrate  26
p3-t6-gd.log+buff  ro 1.57092 Full Time 57.469 Empty Time 3.5576 Inefficiency 0.372215 Total Time 640.666 x=ro/(ro+1) 0.611034 x*TT 391.468 quality factor 1217.87  Total Playback Bitrate  14
p3-t6-kama.log+buff  ro 1.2583 Full Time 0 Empty Time 3.75944 Inefficiency 0.296285 Total Time 641.89 x=ro/(ro+1) 0.557189 x*TT 357.654 quality factor 1507.17  Total Playback Bitrate  17
p3-t6-ra.log+buff  ro 1.25886 Full Time 0 Empty Time 3.50985 Inefficiency 0.289976 Total Time 640.582 x=ro/(ro+1) 0.5573 x*TT 356.996 quality factor 1545.88  Total Playback Bitrate  19
p3-t7-ar.log+buff  ro 1.42579 Full Time 46.359 Empty Time 2.01184 Inefficiency 0.306336 Total Time 659.955 x=ro/(ro+1) 0.587763 x*TT 387.897 quality factor 1529.87  Total Playback Bitrate  50
p3-t7-dy.log+buff  ro 1.42095 Full Time 42.45 Empty Time 2.52132 Inefficiency 0.32658 Total Time 660.277 x=ro/(ro+1) 0.586939 x*TT 387.542 quality factor 1356.61  Total Playback Bitrate  15
p3-t7-gd.log+buff  ro 1.48574 Full Time 67.082 Empty Time 2.09151 Inefficiency 0.366607 Total Time 659.29 x=ro/(ro+1) 0.597706 x*TT 394.061 quality factor 1668.61  Total Playback Bitrate  19
p3-t7-kama.log+buff  ro 1.38698 Full Time 0 Empty Time 3.43743 Inefficiency 0.314168 Total Time 659.426 x=ro/(ro+1) 0.58106 x*TT 383.166 quality factor 1520.92  Total Playback Bitrate  14
p3-t7-ra.log+buff  ro 1.42361 Full Time 14.592 Empty Time 1.60915 Inefficiency 0.314702 Total Time 660.725 x=ro/(ro+1) 0.587392 x*TT 388.104 quality factor 1492.1  Total Playback Bitrate  18
p4-t1-ar.log+buff  ro 0.936201 Full Time 0 Empty Time 14.6801 Inefficiency 0.15326 Total Time 864.551 x=ro/(ro+1) 0.483525 x*TT 418.032 quality factor 2084.03  Total Playback Bitrate  30
p4-t1-dy.log+buff  ro 0.958747 Full Time 0 Empty Time 15.0337 Inefficiency 0.155954 Total Time 698.773 x=ro/(ro+1) 0.48947 x*TT 342.028 quality factor 1501.21  Total Playback Bitrate  12
p4-t1-gd.log+buff  ro 0.95318 Full Time 0 Empty Time 15.962 Inefficiency 0.165498 Total Time 703.013 x=ro/(ro+1) 0.488014 x*TT 343.08 quality factor 1470.97  Total Playback Bitrate  4
p4-t1-kama.log+buff  ro 0.940266 Full Time 0 Empty Time 21.052 Inefficiency 0.156511 Total Time 661.609 x=ro/(ro+1) 0.484607 x*TT 320.62 quality factor 1200  Total Playback Bitrate  0
p4-t1-ra.log+buff  ro 0.939184 Full Time 0 Empty Time 21.7402 Inefficiency 0.14765 Total Time 661.815 x=ro/(ro+1) 0.484319 x*TT 320.53 quality factor 1200  Total Playback Bitrate  0
p4-t2-ar.log+buff  ro 0.657495 Full Time 0 Empty Time 8.30892 Inefficiency 0.10689 Total Time 880.716 x=ro/(ro+1) 0.39668 x*TT 349.362 quality factor 2647.99  Total Playback Bitrate  18
p4-t2-dy.log+buff  ro 0.645375 Full Time 0 Empty Time 4.68872 Inefficiency 0.109027 Total Time 850.506 x=ro/(ro+1) 0.392236 x*TT 333.599 quality factor 2400.91  Total Playback Bitrate  6
p4-t2-gd.log+buff  ro 0.612399 Full Time 0 Empty Time 8.49829 Inefficiency 0.122097 Total Time 765.296 x=ro/(ro+1) 0.379806 x*TT 290.664 quality factor 2874.4  Total Playback Bitrate  6
p4-t2-kama.log+buff  ro 0.576591 Full Time 0 Empty Time 6.34405 Inefficiency 0.152072 Total Time 852.886 x=ro/(ro+1) 0.36572 x*TT 311.917 quality factor 2845.44  Total Playback Bitrate  4
p4-t2-ra.log+buff  ro 0.678217 Full Time 0 Empty Time 9.81263 Inefficiency 0.181239 Total Time 846.15 x=ro/(ro+1) 0.404129 x*TT 341.954 quality factor 1808.05  Total Playback Bitrate  4
p4-t3-ar.log+buff  ro 0.860829 Full Time 129.392 Empty Time 5.95082 Inefficiency 0.127544 Total Time 730.092 x=ro/(ro+1) 0.462605 x*TT 337.744 quality factor 2067.53  Total Playback Bitrate  45
p4-t3-dy.log+buff  ro 0.893565 Full Time 155.844 Empty Time 7.96781 Inefficiency 0.153815 Total Time 705.219 x=ro/(ro+1) 0.471896 x*TT 332.79 quality factor 1571.1  Total Playback Bitrate  24
p4-t3-gd.log+buff  ro 0.899229 Full Time 195.282 Empty Time 5.96035 Inefficiency 0.130954 Total Time 665.99 x=ro/(ro+1) 0.473471 x*TT 315.327 quality factor 1209.81  Total Playback Bitrate  2
p4-t3-kama.log+buff  ro 0.881002 Full Time 155.352 Empty Time 5.2414 Inefficiency 0.125977 Total Time 666.13 x=ro/(ro+1) 0.468368 x*TT 311.994 quality factor 1314.95  Total Playback Bitrate  10
p4-t3-ra.log+buff  ro 0.838002 Full Time 159.798 Empty Time 7.98496 Inefficiency 0.131868 Total Time 665.985 x=ro/(ro+1) 0.455931 x*TT 303.643 quality factor 1506.18  Total Playback Bitrate  13
p4-t4-ar.log+buff  ro 0.895653 Full Time 3.574 Empty Time 3.30841 Inefficiency 0.132162 Total Time 671.309 x=ro/(ro+1) 0.472477 x*TT 317.178 quality factor 1972.17  Total Playback Bitrate  23
p4-t4-dy.log+buff  ro 0.882805 Full Time 56.396 Empty Time 1.98357 Inefficiency 0.137248 Total Time 628.292 x=ro/(ro+1) 0.468877 x*TT 294.592 quality factor 1613.02  Total Playback Bitrate  11
p4-t4-gd.log+buff  ro 0.90761 Full Time 130.434 Empty Time 1.23406 Inefficiency 0.121348 Total Time 599.52 x=ro/(ro+1) 0.475784 x*TT 285.242 quality factor 1143  Total Playback Bitrate  0
p4-t4-kama.log+buff  ro 0.847579 Full Time 33.895 Empty Time 2.20982 Inefficiency 0.132624 Total Time 601.291 x=ro/(ro+1) 0.458751 x*TT 275.843 quality factor 1383.69  Total Playback Bitrate  11
p4-t4-ra.log+buff  ro 0.863158 Full Time 91.503 Empty Time 1.26188 Inefficiency 0.137005 Total Time 598.424 x=ro/(ro+1) 0.463277 x*TT 277.236 quality factor 1366.63  Total Playback Bitrate  7
p4-t5-ar.log+buff  ro 1.36704 Full Time 0 Empty Time 2.78677 Inefficiency 0.300487 Total Time 261.206 x=ro/(ro+1) 0.577532 x*TT 150.855 quality factor 675.225  Total Playback Bitrate  19
p4-t5-dy.log+buff  ro 1.61206 Full Time 0 Empty Time 10.9538 Inefficiency 0.360197 Total Time 257.378 x=ro/(ro+1) 0.617161 x*TT 158.844 quality factor 718.274  Total Playback Bitrate  10
p4-t5-gd.log+buff  ro 1.261 Full Time 0 Empty Time 2.8392 Inefficiency 0.281529 Total Time 270.53 x=ro/(ro+1) 0.557718 x*TT 150.879 quality factor 808.889  Total Playback Bitrate  6
p4-t5-kama.log+buff  ro 1.78876 Full Time 0 Empty Time 3.66962 Inefficiency 0.443671 Total Time 261.583 x=ro/(ro+1) 0.641417 x*TT 167.784 quality factor 574.435  Total Playback Bitrate  7
p4-t5-ra.log+buff  ro 1.36665 Full Time 0 Empty Time 4.40555 Inefficiency 0.300753 Total Time 281.119 x=ro/(ro+1) 0.577462 x*TT 162.336 quality factor 822.79  Total Playback Bitrate  6
p4-t6-ar.log+buff  ro 1.32265 Full Time 0 Empty Time 8.94126 Inefficiency 0.255142 Total Time 647.868 x=ro/(ro+1) 0.569456 x*TT 368.933 quality factor 957.485  Total Playback Bitrate  63
p4-t6-dy.log+buff  ro 1.41244 Full Time 0 Empty Time 10.2993 Inefficiency 0.283664 Total Time 646.798 x=ro/(ro+1) 0.585482 x*TT 378.688 quality factor 886.98  Total Playback Bitrate  20
p4-t6-gd.log+buff  ro 1.37624 Full Time 0 Empty Time 9.01832 Inefficiency 0.295032 Total Time 653.733 x=ro/(ro+1) 0.579167 x*TT 378.621 quality factor 909.431  Total Playback Bitrate  8
p4-t6-kama.log+buff  ro 1.39401 Full Time 0 Empty Time 11.8218 Inefficiency 0.294432 Total Time 657.052 x=ro/(ro+1) 0.58229 x*TT 382.595 quality factor 946.922  Total Playback Bitrate  17
p4-t6-ra.log+buff  ro 1.31848 Full Time 0 Empty Time 14.0416 Inefficiency 0.255753 Total Time 654.834 x=ro/(ro+1) 0.568683 x*TT 372.393 quality factor 926.062  Total Playback Bitrate  14
p4-t7-ar.log+buff  ro 1.45949 Full Time 60.483 Empty Time 2.15937 Inefficiency 0.345847 Total Time 659.071 x=ro/(ro+1) 0.593411 x*TT 391.1 quality factor 998.286  Total Playback Bitrate  64
p4-t7-dy.log+buff  ro 1.49405 Full Time 64.84 Empty Time 2.81339 Inefficiency 0.359791 Total Time 659.307 x=ro/(ro+1) 0.599046 x*TT 394.955 quality factor 866.865  Total Playback Bitrate  35
p4-t7-gd.log+buff  ro 1.43611 Full Time 58.386 Empty Time 4.69282 Inefficiency 0.359171 Total Time 663.194 x=ro/(ro+1) 0.58951 x*TT 390.96 quality factor 984.898  Total Playback Bitrate  26
p4-t7-kama.log+buff  ro 1.43493 Full Time 62.156 Empty Time 8.38942 Inefficiency 0.367263 Total Time 668.842 x=ro/(ro+1) 0.589311 x*TT 394.156 quality factor 1175.03  Total Playback Bitrate  29
p4-t7-ra.log+buff  ro 1.40395 Full Time 63.448 Empty Time 9.98943 Inefficiency 0.33643 Total Time 668.189 x=ro/(ro+1) 0.584019 x*TT 390.235 quality factor 1004.05  Total Playback Bitrate  32
