p1-t1-abr.log+buff  ro 1.50968 Full Time 48.186 Empty Time 3.54231 Inefficiency 0.327201 Total Time 594.991 x=ro/(ro+1) 0.601543 x*TT 357.913 quality factor 2009.71  Total Playback Bitrate  11
p1-t2-abr.log+buff  ro 1.31371 Full Time 125.076 Empty Time 2.73509 Inefficiency 0.266467 Total Time 655.471 x=ro/(ro+1) 0.567793 x*TT 372.172 quality factor 2288.35  Total Playback Bitrate  11
p1-t3-abr.log+buff  ro 1.56649 Full Time 141.262 Empty Time 14.0608 Inefficiency 0.339567 Total Time 654.257 x=ro/(ro+1) 0.610362 x*TT 399.334 quality factor 2015.92  Total Playback Bitrate  11
p1-t4-abr.log+buff  ro 1.68453 Full Time 168.424 Empty Time 4.06337 Inefficiency 0.384585 Total Time 594.962 x=ro/(ro+1) 0.627496 x*TT 373.336 quality factor 1798.6  Total Playback Bitrate  9
p1-t5-abr.log+buff  ro 1.78415 Full Time 0 Empty Time 4.99986 Inefficiency 0.426599 Total Time 244.483 x=ro/(ro+1) 0.640823 x*TT 156.67 quality factor 1382.19  Total Playback Bitrate  6
p1-t6-abr.log+buff  ro 1.72004 Full Time 71.931 Empty Time 7.49219 Inefficiency 0.355483 Total Time 638.832 x=ro/(ro+1) 0.632358 x*TT 403.971 quality factor 2228.36  Total Playback Bitrate  41
p1-t7-abr.log+buff  ro 2.03284 Full Time 63.014 Empty Time 5.70257 Inefficiency 0.381902 Total Time 654.568 x=ro/(ro+1) 0.670276 x*TT 438.741 quality factor 2189.86  Total Playback Bitrate  47
p2-t1-abr.log+buff  ro 1.51969 Full Time 55.138 Empty Time 1.2745 Inefficiency 0.331089 Total Time 596.701 x=ro/(ro+1) 0.603126 x*TT 359.886 quality factor 1827.17  Total Playback Bitrate  12
p2-t2-abr.log+buff  ro 1.3459 Full Time 133.318 Empty Time 0.979557 Inefficiency 0.280432 Total Time 657.578 x=ro/(ro+1) 0.573725 x*TT 377.269 quality factor 2037.48  Total Playback Bitrate  10
p2-t3-abr.log+buff  ro 1.56207 Full Time 149.276 Empty Time 13.9058 Inefficiency 0.33342 Total Time 655.821 x=ro/(ro+1) 0.609691 x*TT 399.848 quality factor 1856.15  Total Playback Bitrate  13
p2-t4-abr.log+buff  ro 1.64521 Full Time 179.141 Empty Time 1.39667 Inefficiency 0.379506 Total Time 596.937 x=ro/(ro+1) 0.621958 x*TT 371.269 quality factor 1591.08  Total Playback Bitrate  8
p2-t5-abr.log+buff  ro 1.81118 Full Time 0 Empty Time 3.7122 Inefficiency 0.437646 Total Time 246.212 x=ro/(ro+1) 0.644278 x*TT 158.629 quality factor 1840.57  Total Playback Bitrate  4
p2-t6-abr.log+buff  ro 1.73468 Full Time 51.137 Empty Time 3.96868 Inefficiency 0.350563 Total Time 639.123 x=ro/(ro+1) 0.634326 x*TT 405.412 quality factor 1752.19  Total Playback Bitrate  42
p2-t7-abr.log+buff  ro 1.79118 Full Time 38.901 Empty Time 1.85621 Inefficiency 0.353768 Total Time 655.838 x=ro/(ro+1) 0.641729 x*TT 420.87 quality factor 1920.01  Total Playback Bitrate  36
p3-t1-abr.log+buff  ro 1.3325 Full Time 29.641 Empty Time 5.75022 Inefficiency 0.32994 Total Time 601.902 x=ro/(ro+1) 0.571276 x*TT 343.852 quality factor 1330.26  Total Playback Bitrate  10
p3-t2-abr.log+buff  ro 1.01261 Full Time 85.916 Empty Time 2.28136 Inefficiency 0.227745 Total Time 665.478 x=ro/(ro+1) 0.503134 x*TT 334.824 quality factor 1689.76  Total Playback Bitrate  4
p3-t3-abr.log+buff  ro 1.25175 Full Time 146.391 Empty Time 14.9188 Inefficiency 0.27696 Total Time 657.259 x=ro/(ro+1) 0.555901 x*TT 365.371 quality factor 1357.23  Total Playback Bitrate  32
p3-t4-abr.log+buff  ro 1.23521 Full Time 125.968 Empty Time 0.56537 Inefficiency 0.30453 Total Time 600.188 x=ro/(ro+1) 0.552614 x*TT 331.673 quality factor 1401.75  Total Playback Bitrate  9
p3-t5-abr.log+buff  ro 1.67535 Full Time 0 Empty Time 1.70927 Inefficiency 0.382705 Total Time 249.265 x=ro/(ro+1) 0.626217 x*TT 156.094 quality factor 1004.14  Total Playback Bitrate  18
p3-t6-abr.log+buff  ro 1.83499 Full Time 81.103 Empty Time 15.9146 Inefficiency 0.383925 Total Time 636.963 x=ro/(ro+1) 0.647266 x*TT 412.284 quality factor 1230.08  Total Playback Bitrate  61
p3-t7-abr.log+buff  ro 2.1629 Full Time 67.611 Empty Time 11.7404 Inefficiency 0.43431 Total Time 657.07 x=ro/(ro+1) 0.683834 x*TT 449.327 quality factor 947.017  Total Playback Bitrate  54
p4-t1-abr.log+buff  ro 0.936464 Full Time 0 Empty Time 23.0233 Inefficiency 0.153777 Total Time 660.478 x=ro/(ro+1) 0.483595 x*TT 319.404 quality factor 1231.02  Total Playback Bitrate  68
p4-t2-abr.log+buff  ro 0.668936 Full Time 0 Empty Time 7.8827 Inefficiency 0.128366 Total Time 712.206 x=ro/(ro+1) 0.400816 x*TT 285.463 quality factor 1907.87  Total Playback Bitrate  66
p4-t3-abr.log+buff  ro 0.921926 Full Time 0 Empty Time 15.6884 Inefficiency 0.156008 Total Time 658.331 x=ro/(ro+1) 0.479689 x*TT 315.794 quality factor 1602.73  Total Playback Bitrate  154
p4-t4-abr.log+buff  ro 0.899734 Full Time 0 Empty Time 2.23386 Inefficiency 0.142689 Total Time 599.451 x=ro/(ro+1) 0.473611 x*TT 283.906 quality factor 1221.85  Total Playback Bitrate  112
p4-t5-abr.log+buff  ro 1.39097 Full Time 0 Empty Time 5.48584 Inefficiency 0.338769 Total Time 248.988 x=ro/(ro+1) 0.581759 x*TT 144.851 quality factor 1020.99  Total Playback Bitrate  102
p4-t6-abr.log+buff  ro 1.58329 Full Time 0 Empty Time 12.4211 Inefficiency 0.355408 Total Time 653.348 x=ro/(ro+1) 0.612897 x*TT 400.435 quality factor 808.864  Total Playback Bitrate  722
p4-t7-abr.log+buff  ro 1.71486 Full Time 0 Empty Time 1.80066 Inefficiency 0.407686 Total Time 656.006 x=ro/(ro+1) 0.631657 x*TT 414.371 quality factor 1107.6  Total Playback Bitrate  526
p1-t1-bb2.log+buff  ro 1.55517 Full Time 0 Empty Time 3.91061 Inefficiency 0.397339 Total Time 594.952 x=ro/(ro+1) 0.608636 x*TT 362.109 quality factor 2991.52  Total Playback Bitrate  4
p1-t2-bb2.log+buff  ro 1.35199 Full Time 12.026 Empty Time 3.03015 Inefficiency 0.345286 Total Time 655.191 x=ro/(ro+1) 0.574828 x*TT 376.622 quality factor 3336.42  Total Playback Bitrate  6
p1-t3-bb2.log+buff  ro 1.44731 Full Time 9.365 Empty Time 0.540109 Inefficiency 0.425468 Total Time 654.116 x=ro/(ro+1) 0.591388 x*TT 386.836 quality factor 3432.96  Total Playback Bitrate  6
p1-t4-bb2.log+buff  ro 1.57144 Full Time 0 Empty Time 3.84511 Inefficiency 0.402043 Total Time 595.016 x=ro/(ro+1) 0.611112 x*TT 363.622 quality factor 3411.09  Total Playback Bitrate  6
p1-t5-bb2.log+buff  ro 5.53649 Full Time 30.845 Empty Time 4.05319 Inefficiency 0.687441 Total Time 244.538 x=ro/(ro+1) 0.847013 x*TT 207.127 quality factor 2020.42  Total Playback Bitrate  8
p1-t6-bb2.log+buff  ro 2.92601 Full Time 6.145 Empty Time 4.86864 Inefficiency 0.45522 Total Time 635.468 x=ro/(ro+1) 0.745288 x*TT 473.607 quality factor 3698.9  Total Playback Bitrate  35
p1-t7-bb2.log+buff  ro 2.87101 Full Time 19.656 Empty Time 5.85357 Inefficiency 0.431487 Total Time 654.464 x=ro/(ro+1) 0.741669 x*TT 485.396 quality factor 2829.24  Total Playback Bitrate  12
p2-t1-bb2.log+buff  ro 1.34933 Full Time 0 Empty Time 1.34803 Inefficiency 0.377443 Total Time 596.561 x=ro/(ro+1) 0.574346 x*TT 342.633 quality factor 2821.44  Total Playback Bitrate  5
p2-t2-bb2.log+buff  ro 1.15148 Full Time 0 Empty Time 1.08664 Inefficiency 0.283709 Total Time 657.631 x=ro/(ro+1) 0.535205 x*TT 351.967 quality factor 2935.92  Total Playback Bitrate  5
p2-t3-bb2.log+buff  ro 1.15626 Full Time 0 Empty Time 2.70584 Inefficiency 0.303572 Total Time 654.89 x=ro/(ro+1) 0.536234 x*TT 351.175 quality factor 3259.77  Total Playback Bitrate  6
p2-t4-bb2.log+buff  ro 1.17284 Full Time 0 Empty Time 1.26185 Inefficiency 0.261634 Total Time 596.931 x=ro/(ro+1) 0.539773 x*TT 322.207 quality factor 3012.64  Total Playback Bitrate  5
p2-t5-bb2.log+buff  ro 2.74271 Full Time 24.21 Empty Time 1.70934 Inefficiency 0.578587 Total Time 245.298 x=ro/(ro+1) 0.732814 x*TT 179.758 quality factor 1754.47  Total Playback Bitrate  8
p2-t6-bb2.log+buff  ro 1.74273 Full Time 0 Empty Time 2.09676 Inefficiency 0.43317 Total Time 636.474 x=ro/(ro+1) 0.6354 x*TT 404.416 quality factor 2857.17  Total Playback Bitrate  33
p2-t7-bb2.log+buff  ro 1.73428 Full Time 8.979 Empty Time 2.45943 Inefficiency 0.39989 Total Time 655.53 x=ro/(ro+1) 0.634273 x*TT 415.785 quality factor 2664.61  Total Playback Bitrate  13
p3-t1-bb2.log+buff  ro 1.12286 Full Time 0 Empty Time 3.03376 Inefficiency 0.290304 Total Time 605.149 x=ro/(ro+1) 0.528937 x*TT 320.086 quality factor 1865.37  Total Playback Bitrate  37
p3-t2-bb2.log+buff  ro 0.911736 Full Time 0 Empty Time 1.59845 Inefficiency 0.212421 Total Time 666.212 x=ro/(ro+1) 0.476915 x*TT 317.727 quality factor 2122.86  Total Playback Bitrate  23
p3-t3-bb2.log+buff  ro 1.00892 Full Time 0 Empty Time 2.60807 Inefficiency 0.249773 Total Time 657.349 x=ro/(ro+1) 0.50222 x*TT 330.134 quality factor 2142.82  Total Playback Bitrate  7
p3-t4-bb2.log+buff  ro 1.04799 Full Time 0 Empty Time 0.921745 Inefficiency 0.258959 Total Time 600.177 x=ro/(ro+1) 0.511716 x*TT 307.12 quality factor 2075.68  Total Playback Bitrate  5
p3-t5-bb2.log+buff  ro 2.19418 Full Time 0 Empty Time 1.34249 Inefficiency 0.550449 Total Time 247.179 x=ro/(ro+1) 0.686931 x*TT 169.795 quality factor 1650.1  Total Playback Bitrate  8
p3-t6-bb2.log+buff  ro 1.74424 Full Time 0 Empty Time 1.26868 Inefficiency 0.407453 Total Time 638.903 x=ro/(ro+1) 0.6356 x*TT 406.087 quality factor 2442.78  Total Playback Bitrate  34
p3-t7-bb2.log+buff  ro 1.70848 Full Time 0 Empty Time 1.40024 Inefficiency 0.456624 Total Time 657.465 x=ro/(ro+1) 0.630789 x*TT 414.722 quality factor 1822.08  Total Playback Bitrate  19
p4-t1-bb2.log+buff  ro 0.930585 Full Time 0 Empty Time 19.8677 Inefficiency 0.14817 Total Time 661.776 x=ro/(ro+1) 0.482022 x*TT 318.991 quality factor 1226.71  Total Playback Bitrate  4
p4-t2-bb2.log+buff  ro 0.651991 Full Time 0 Empty Time 8.92912 Inefficiency 0.0729176 Total Time 733.858 x=ro/(ro+1) 0.39467 x*TT 289.632 quality factor 1677.5  Total Playback Bitrate  6
p4-t3-bb2.log+buff  ro 0.751307 Full Time 0 Empty Time 3.1675 Inefficiency 0.0976586 Total Time 656.403 x=ro/(ro+1) 0.428998 x*TT 281.595 quality factor 1591.07  Total Playback Bitrate  61
p4-t4-bb2.log+buff  ro 0.782299 Full Time 0 Empty Time 0.998462 Inefficiency 0.0939306 Total Time 597.801 x=ro/(ro+1) 0.438927 x*TT 262.391 quality factor 1444.01  Total Playback Bitrate  27
p4-t5-bb2.log+buff  ro 1.89293 Full Time 0 Empty Time 0.966928 Inefficiency 0.436074 Total Time 245.984 x=ro/(ro+1) 0.65433 x*TT 160.955 quality factor 532.979  Total Playback Bitrate  5
p4-t6-bb2.log+buff  ro 1.62224 Full Time 0 Empty Time 1.77964 Inefficiency 0.335271 Total Time 636.862 x=ro/(ro+1) 0.618646 x*TT 393.992 quality factor 985.839  Total Playback Bitrate  19
p4-t7-bb2.log+buff  ro 1.58757 Full Time 0 Empty Time 1.66352 Inefficiency 0.384762 Total Time 656.063 x=ro/(ro+1) 0.613538 x*TT 402.519 quality factor 969.782  Total Playback Bitrate  25
p1-t1-bola.log+buff  ro 1.29626 Full Time 0 Empty Time 4.07482 Inefficiency 0.335798 Total Time 594.88 x=ro/(ro+1) 0.56451 x*TT 335.816 quality factor 3020.01  Total Playback Bitrate  6
p1-t2-bola.log+buff  ro 1.18539 Full Time 0 Empty Time 3.11378 Inefficiency 0.288348 Total Time 655.173 x=ro/(ro+1) 0.542415 x*TT 355.376 quality factor 3246.31  Total Playback Bitrate  6
p1-t3-bola.log+buff  ro 1.37246 Full Time 0 Empty Time 4.7729 Inefficiency 0.38268 Total Time 654.186 x=ro/(ro+1) 0.578496 x*TT 378.444 quality factor 3076.22  Total Playback Bitrate  6
p1-t4-bola.log+buff  ro 1.48196 Full Time 0 Empty Time 3.81429 Inefficiency 0.356724 Total Time 595.008 x=ro/(ro+1) 0.597093 x*TT 355.275 quality factor 2601.9  Total Playback Bitrate  5
p1-t5-bola.log+buff  ro 1.55017 Full Time 0 Empty Time 3.85978 Inefficiency 0.338464 Total Time 244.579 x=ro/(ro+1) 0.607869 x*TT 148.672 quality factor 1740.93  Total Playback Bitrate  11
p1-t6-bola.log+buff  ro 1.28776 Full Time 0 Empty Time 8.38211 Inefficiency 0.289507 Total Time 638.74 x=ro/(ro+1) 0.562891 x*TT 359.541 quality factor 2586.9  Total Playback Bitrate  19
p1-t7-bola.log+buff  ro 1.29616 Full Time 0 Empty Time 8.82865 Inefficiency 0.268223 Total Time 655.022 x=ro/(ro+1) 0.56449 x*TT 369.753 quality factor 2630.52  Total Playback Bitrate  14
p2-t1-bola.log+buff  ro 1.20093 Full Time 0 Empty Time 1.39523 Inefficiency 0.301034 Total Time 596.753 x=ro/(ro+1) 0.545646 x*TT 325.616 quality factor 2839.57  Total Playback Bitrate  5
p2-t2-bola.log+buff  ro 1.24853 Full Time 0 Empty Time 0.957914 Inefficiency 0.312422 Total Time 657.665 x=ro/(ro+1) 0.555265 x*TT 365.178 quality factor 2250.66  Total Playback Bitrate  1
p2-t3-bola.log+buff  ro 2.17651 Full Time 0 Empty Time 2.84809 Inefficiency 0.474161 Total Time 655.047 x=ro/(ro+1) 0.685189 x*TT 448.831 quality factor 1198  Total Playback Bitrate  0
p2-t4-bola.log+buff  ro 1.45326 Full Time 0 Empty Time 1.3758 Inefficiency 0.344636 Total Time 596.668 x=ro/(ro+1) 0.59238 x*TT 353.454 quality factor 2289.26  Total Playback Bitrate  3
p2-t5-bola.log+buff  ro 1.80806 Full Time 0 Empty Time 3.61536 Inefficiency 0.436527 Total Time 246.986 x=ro/(ro+1) 0.643882 x*TT 159.03 quality factor 1838.12  Total Playback Bitrate  4
p2-t6-bola.log+buff  ro 1.2994 Full Time 0 Empty Time 3.62015 Inefficiency 0.295404 Total Time 639.082 x=ro/(ro+1) 0.565104 x*TT 361.148 quality factor 2530.78  Total Playback Bitrate  17
p2-t7-bola.log+buff  ro 1.35754 Full Time 0 Empty Time 2.1199 Inefficiency 0.287041 Total Time 655.58 x=ro/(ro+1) 0.575829 x*TT 377.502 quality factor 2571.95  Total Playback Bitrate  12
p3-t1-bola.log+buff  ro 1.08322 Full Time 0 Empty Time 5.51471 Inefficiency 0.267039 Total Time 602.074 x=ro/(ro+1) 0.519975 x*TT 313.063 quality factor 1831.28  Total Playback Bitrate  8
p3-t2-bola.log+buff  ro 0.936136 Full Time 0 Empty Time 2.22292 Inefficiency 0.238771 Total Time 665.837 x=ro/(ro+1) 0.483507 x*TT 321.937 quality factor 2147.87  Total Playback Bitrate  5
p3-t3-bola.log+buff  ro 0.964654 Full Time 0 Empty Time 0.786626 Inefficiency 0.220537 Total Time 655.976 x=ro/(ro+1) 0.491005 x*TT 322.087 quality factor 1923.17  Total Playback Bitrate  1
p3-t4-bola.log+buff  ro 1.05819 Full Time 0 Empty Time 0.89682 Inefficiency 0.251104 Total Time 599.295 x=ro/(ro+1) 0.514136 x*TT 308.119 quality factor 1744.98  Total Playback Bitrate  1
p3-t5-bola.log+buff  ro 1.57074 Full Time 0 Empty Time 0.865581 Inefficiency 0.388135 Total Time 246.466 x=ro/(ro+1) 0.611007 x*TT 150.592 quality factor 1489.83  Total Playback Bitrate  15
p3-t6-bola.log+buff  ro 1.29266 Full Time 0 Empty Time 1.22126 Inefficiency 0.277176 Total Time 638.104 x=ro/(ro+1) 0.563825 x*TT 359.779 quality factor 1465.86  Total Playback Bitrate  34
p3-t7-bola.log+buff  ro 1.36704 Full Time 0 Empty Time 1.40466 Inefficiency 0.324779 Total Time 656.61 x=ro/(ro+1) 0.577532 x*TT 379.213 quality factor 1671.47  Total Playback Bitrate  18
p4-t1-bola.log+buff  ro 0.929127 Full Time 0 Empty Time 15.9953 Inefficiency 0.146151 Total Time 661.121 x=ro/(ro+1) 0.481631 x*TT 318.416 quality factor 1200  Total Playback Bitrate  0
p4-t2-bola.log+buff  ro 0.650204 Full Time 0 Empty Time 8.02733 Inefficiency 0.155991 Total Time 890.993 x=ro/(ro+1) 0.394014 x*TT 351.064 quality factor 1622  Total Playback Bitrate  0
p4-t3-bola.log+buff  ro 0.884487 Full Time 0 Empty Time 3.75214 Inefficiency 0.175305 Total Time 673.724 x=ro/(ro+1) 0.469352 x*TT 316.213 quality factor 1301.59  Total Playback Bitrate  3
p4-t4-bola.log+buff  ro 0.903948 Full Time 0 Empty Time 2.8189 Inefficiency 0.160361 Total Time 606.278 x=ro/(ro+1) 0.474775 x*TT 287.846 quality factor 1143  Total Playback Bitrate  0
p4-t5-bola.log+buff  ro 1.81938 Full Time 0 Empty Time 11.7234 Inefficiency 0.416687 Total Time 249.269 x=ro/(ro+1) 0.645312 x*TT 160.856 quality factor 536.216  Total Playback Bitrate  8
p4-t6-bola.log+buff  ro 1.24593 Full Time 0 Empty Time 6.60779 Inefficiency 0.242033 Total Time 650.367 x=ro/(ro+1) 0.55475 x*TT 360.791 quality factor 913.312  Total Playback Bitrate  22
p4-t7-bola.log+buff  ro 1.57545 Full Time 0 Empty Time 1.22841 Inefficiency 0.36487 Total Time 656.691 x=ro/(ro+1) 0.611719 x*TT 401.71 quality factor 769.042  Total Playback Bitrate  13
p1-t1-elastic.log+buff  ro 1.06011 Full Time 0 Empty Time 3.92156 Inefficiency 0.201188 Total Time 595.404 x=ro/(ro+1) 0.514589 x*TT 306.388 quality factor 3035.66  Total Playback Bitrate  41
p1-t2-elastic.log+buff  ro 0.940537 Full Time 0 Empty Time 2.90215 Inefficiency 0.186465 Total Time 655.758 x=ro/(ro+1) 0.484679 x*TT 317.832 quality factor 3161.25  Total Playback Bitrate  23
p1-t3-elastic.log+buff  ro 0.974049 Full Time 0 Empty Time 0.554053 Inefficiency 0.231827 Total Time 654.126 x=ro/(ro+1) 0.493427 x*TT 322.763 quality factor 3122.31  Total Playback Bitrate  23
p1-t4-elastic.log+buff  ro 1.01531 Full Time 0 Empty Time 4.28563 Inefficiency 0.160177 Total Time 594.916 x=ro/(ro+1) 0.503799 x*TT 299.718 quality factor 3360.63  Total Playback Bitrate  10
p1-t5-elastic.log+buff  ro 1.37466 Full Time 0 Empty Time 3.45618 Inefficiency 0.371384 Total Time 244.629 x=ro/(ro+1) 0.578887 x*TT 141.613 quality factor 2100.35  Total Playback Bitrate  6
p1-t6-elastic.log+buff  ro 1.10505 Full Time 0 Empty Time 17.2461 Inefficiency 0.249317 Total Time 660.466 x=ro/(ro+1) 0.524952 x*TT 346.713 quality factor 2759.03  Total Playback Bitrate  52
p1-t7-elastic.log+buff  ro 1.20328 Full Time 0 Empty Time 10.4793 Inefficiency 0.212398 Total Time 655.903 x=ro/(ro+1) 0.546132 x*TT 358.209 quality factor 2629.76  Total Playback Bitrate  45
p2-t1-elastic.log+buff  ro 1.06852 Full Time 0 Empty Time 1.20978 Inefficiency 0.210154 Total Time 596.788 x=ro/(ro+1) 0.516562 x*TT 308.278 quality factor 2907.87  Total Playback Bitrate  50
p2-t2-elastic.log+buff  ro 0.928343 Full Time 0 Empty Time 0.972166 Inefficiency 0.167634 Total Time 657.708 x=ro/(ro+1) 0.48142 x*TT 316.634 quality factor 3248.14  Total Playback Bitrate  16
p2-t3-elastic.log+buff  ro 0.979025 Full Time 0 Empty Time 3.56685 Inefficiency 0.210184 Total Time 656.279 x=ro/(ro+1) 0.494701 x*TT 324.662 quality factor 3258.14  Total Playback Bitrate  52
p2-t4-elastic.log+buff  ro 0.986264 Full Time 0 Empty Time 1.29107 Inefficiency 0.134848 Total Time 596.838 x=ro/(ro+1) 0.496542 x*TT 296.355 quality factor 3175.46  Total Playback Bitrate  14
p2-t5-elastic.log+buff  ro 2.76476 Full Time 0 Empty Time 10.7535 Inefficiency 0.480441 Total Time 275.648 x=ro/(ro+1) 0.734379 x*TT 202.43 quality factor 1216.97  Total Playback Bitrate  8
p2-t6-elastic.log+buff  ro 1.10454 Full Time 0 Empty Time 12.9026 Inefficiency 0.235904 Total Time 643.794 x=ro/(ro+1) 0.524837 x*TT 337.887 quality factor 2903.57  Total Playback Bitrate  53
p2-t7-elastic.log+buff  ro 1.19189 Full Time 0 Empty Time 15.8186 Inefficiency 0.204852 Total Time 658.342 x=ro/(ro+1) 0.543772 x*TT 357.988 quality factor 2566.87  Total Playback Bitrate  42
p3-t1-elastic.log+buff  ro 0.993862 Full Time 0 Empty Time 6.35068 Inefficiency 0.205796 Total Time 603.904 x=ro/(ro+1) 0.498461 x*TT 301.022 quality factor 1843.17  Total Playback Bitrate  53
p3-t2-elastic.log+buff  ro 0.776559 Full Time 0 Empty Time 1.53555 Inefficiency 0.142216 Total Time 666.177 x=ro/(ro+1) 0.437114 x*TT 291.195 quality factor 2195.61  Total Playback Bitrate  31
p3-t3-elastic.log+buff  ro 3.6109 Full Time 0 Empty Time 13.9764 Inefficiency 0.927936 Total Time 11.859 x=ro/(ro+1) 0.783123 x*TT 9.28705 quality factor 4032.45  Total Playback Bitrate  2
p3-t4-elastic.log+buff  ro 0.878909 Full Time 0 Empty Time 0.828369 Inefficiency 0.152275 Total Time 599.396 x=ro/(ro+1) 0.467776 x*TT 280.383 quality factor 2178.33  Total Playback Bitrate  25
p3-t5-elastic.log+buff  ro 1.2457 Full Time 0 Empty Time 9.69846 Inefficiency 0.272749 Total Time 321.013 x=ro/(ro+1) 0.554705 x*TT 178.068 quality factor 1794.37  Total Playback Bitrate  26
p3-t6-elastic.log+buff  ro 1.12896 Full Time 0 Empty Time 10.9848 Inefficiency 0.208412 Total Time 663.678 x=ro/(ro+1) 0.530288 x*TT 351.941 quality factor 1676.16  Total Playback Bitrate  107
p3-t7-elastic.log+buff  ro 1.19955 Full Time 0 Empty Time 1.21271 Inefficiency 0.271797 Total Time 657.311 x=ro/(ro+1) 0.545362 x*TT 358.473 quality factor 1719.66  Total Playback Bitrate  112
p4-t1-elastic.log+buff  ro 0.894189 Full Time 0 Empty Time 15.8367 Inefficiency 0.124738 Total Time 661.54 x=ro/(ro+1) 0.472069 x*TT 312.293 quality factor 1276.06  Total Playback Bitrate  14
p4-t2-elastic.log+buff  ro 0.644367 Full Time 0 Empty Time 9.17831 Inefficiency 0.195112 Total Time 842.626 x=ro/(ro+1) 0.391863 x*TT 330.194 quality factor 1762.94  Total Playback Bitrate  10
p4-t3-elastic.log+buff  ro 0.729328 Full Time 0 Empty Time 4.57151 Inefficiency 0.124199 Total Time 661.106 x=ro/(ro+1) 0.421741 x*TT 278.815 quality factor 1698.96  Total Playback Bitrate  57
p4-t4-elastic.log+buff  ro 0.75628 Full Time 0 Empty Time 0.857231 Inefficiency 0.0967904 Total Time 598.225 x=ro/(ro+1) 0.430615 x*TT 257.604 quality factor 1461.76  Total Playback Bitrate  21
p4-t5-elastic.log+buff  ro 1.18977 Full Time 0 Empty Time 6.61763 Inefficiency 0.271009 Total Time 277.295 x=ro/(ro+1) 0.543331 x*TT 150.663 quality factor 908.045  Total Playback Bitrate  30
p4-t6-elastic.log+buff  ro 1.3506 Full Time 0 Empty Time 18.5783 Inefficiency 0.274499 Total Time 240.195 x=ro/(ro+1) 0.574576 x*TT 138.01 quality factor 1090.9  Total Playback Bitrate  25
p4-t7-elastic.log+buff  ro 1.29881 Full Time 0 Empty Time 5.02302 Inefficiency 0.293305 Total Time 657.471 x=ro/(ro+1) 0.564992 x*TT 371.466 quality factor 1127.01  Total Playback Bitrate  94
p1-t1-ar.log+buff  ro 1.16844 Full Time 0 Empty Time 5.38012 Inefficiency 0.270608 Total Time 596.65 x=ro/(ro+1) 0.538838 x*TT 321.498 quality factor 3045.68  Total Playback Bitrate  50
p1-t2-ar.log+buff  ro 0.998865 Full Time 0 Empty Time 3.08669 Inefficiency 0.204796 Total Time 655.86 x=ro/(ro+1) 0.499716 x*TT 327.744 quality factor 3160.22  Total Playback Bitrate  19
p1-t3-ar.log+buff  ro 1.09124 Full Time 0 Empty Time 13.9701 Inefficiency 0.298832 Total Time 656.067 x=ro/(ro+1) 0.521815 x*TT 342.346 quality factor 3127.95  Total Playback Bitrate  25
p1-t4-ar.log+buff  ro 1.11167 Full Time 0 Empty Time 3.85965 Inefficiency 0.233122 Total Time 595.772 x=ro/(ro+1) 0.526441 x*TT 313.639 quality factor 3336.69  Total Playback Bitrate  20
p1-t5-ar.log+buff  ro 1.51447 Full Time 0 Empty Time 3.69841 Inefficiency 0.347515 Total Time 245.407 x=ro/(ro+1) 0.602302 x*TT 147.809 quality factor 1875.51  Total Playback Bitrate  10
p1-t6-ar.log+buff  ro 1.22895 Full Time 0 Empty Time 7.48914 Inefficiency 0.269788 Total Time 640.367 x=ro/(ro+1) 0.551357 x*TT 353.071 quality factor 2686.91  Total Playback Bitrate  42
p1-t7-ar.log+buff  ro 1.28965 Full Time 0 Empty Time 8.59463 Inefficiency 0.244066 Total Time 657.323 x=ro/(ro+1) 0.563251 x*TT 370.238 quality factor 2608.42  Total Playback Bitrate  31
p2-t1-ar.log+buff  ro 1.16627 Full Time 0 Empty Time 1.45455 Inefficiency 0.265484 Total Time 598.203 x=ro/(ro+1) 0.538377 x*TT 322.059 quality factor 2897.32  Total Playback Bitrate  62
p2-t2-ar.log+buff  ro 0.963921 Full Time 0 Empty Time 1.05972 Inefficiency 0.174492 Total Time 658.186 x=ro/(ro+1) 0.490814 x*TT 323.047 quality factor 3222.43  Total Playback Bitrate  18
p2-t3-ar.log+buff  ro 1.03324 Full Time 0 Empty Time 5.19562 Inefficiency 0.280381 Total Time 659.05 x=ro/(ro+1) 0.508175 x*TT 334.913 quality factor 3236.68  Total Playback Bitrate  46
p2-t4-ar.log+buff  ro 1.02454 Full Time 0 Empty Time 1.51976 Inefficiency 0.171182 Total Time 597.32 x=ro/(ro+1) 0.506062 x*TT 302.281 quality factor 3172.04  Total Playback Bitrate  18
p2-t5-ar.log+buff  ro 1.81762 Full Time 0 Empty Time 4.78627 Inefficiency 0.435822 Total Time 268.328 x=ro/(ro+1) 0.64509 x*TT 173.096 quality factor 1916.79  Total Playback Bitrate  4
p2-t6-ar.log+buff  ro 1.22517 Full Time 0 Empty Time 3.98937 Inefficiency 0.274187 Total Time 641.092 x=ro/(ro+1) 0.550596 x*TT 352.983 quality factor 2880.14  Total Playback Bitrate  36
p2-t7-ar.log+buff  ro 1.26126 Full Time 0 Empty Time 2.34194 Inefficiency 0.248911 Total Time 657.431 x=ro/(ro+1) 0.557769 x*TT 366.694 quality factor 2568.41  Total Playback Bitrate  30
p3-t1-ar.log+buff  ro 1.09248 Full Time 0 Empty Time 4.93517 Inefficiency 0.267109 Total Time 603.169 x=ro/(ro+1) 0.522098 x*TT 314.913 quality factor 1852.41  Total Playback Bitrate  41
p3-t2-ar.log+buff  ro 0.877725 Full Time 0 Empty Time 2.5824 Inefficiency 0.176477 Total Time 663.894 x=ro/(ro+1) 0.467441 x*TT 310.331 quality factor 2247.02  Total Playback Bitrate  24
p3-t3-ar.log+buff  ro 0.860505 Full Time 0 Empty Time 0.53545 Inefficiency 0.18275 Total Time 667.932 x=ro/(ro+1) 0.462512 x*TT 308.926 quality factor 2336.19  Total Playback Bitrate  47
p3-t4-ar.log+buff  ro 0.929098 Full Time 0 Empty Time 1.04847 Inefficiency 0.192306 Total Time 599.131 x=ro/(ro+1) 0.481623 x*TT 288.555 quality factor 2281.08  Total Playback Bitrate  23
p3-t5-ar.log+buff  ro 1.36127 Full Time 0 Empty Time 8.49247 Inefficiency 0.311383 Total Time 262.703 x=ro/(ro+1) 0.5765 x*TT 151.448 quality factor 1448.51  Total Playback Bitrate  18
p3-t6-ar.log+buff  ro 1.24741 Full Time 0 Empty Time 3.06249 Inefficiency 0.257874 Total Time 640.931 x=ro/(ro+1) 0.555043 x*TT 355.744 quality factor 1526.97  Total Playback Bitrate  59
p3-t7-ar.log+buff  ro 1.29191 Full Time 0 Empty Time 3.31707 Inefficiency 0.300098 Total Time 658.214 x=ro/(ro+1) 0.563683 x*TT 371.024 quality factor 1684.81  Total Playback Bitrate  67
p4-t1-ar.log+buff  ro 0.931342 Full Time 0 Empty Time 11.795 Inefficiency 0.151035 Total Time 863.218 x=ro/(ro+1) 0.482225 x*TT 416.266 quality factor 2116.67  Total Playback Bitrate  30
p4-t2-ar.log+buff  ro 0.661409 Full Time 0 Empty Time 4.67108 Inefficiency 0.0982557 Total Time 886.133 x=ro/(ro+1) 0.398101 x*TT 352.771 quality factor 2683.12  Total Playback Bitrate  14
p4-t3-ar.log+buff  ro 0.834368 Full Time 0 Empty Time 6.38469 Inefficiency 0.141586 Total Time 709.705 x=ro/(ro+1) 0.454853 x*TT 322.811 quality factor 2100.46  Total Playback Bitrate  61
p4-t4-ar.log+buff  ro 0.825856 Full Time 0 Empty Time 2.14695 Inefficiency 0.143953 Total Time 671.021 x=ro/(ro+1) 0.452312 x*TT 303.511 quality factor 1910.61  Total Playback Bitrate  27
p4-t5-ar.log+buff  ro 1.40428 Full Time 0 Empty Time 5.53364 Inefficiency 0.279672 Total Time 262.688 x=ro/(ro+1) 0.584076 x*TT 153.43 quality factor 743.328  Total Playback Bitrate  12
p4-t6-ar.log+buff  ro 1.33969 Full Time 0 Empty Time 15.08 Inefficiency 0.261352 Total Time 653.302 x=ro/(ro+1) 0.572594 x*TT 374.077 quality factor 945.762  Total Playback Bitrate  58
p4-t7-ar.log+buff  ro 1.38522 Full Time 0 Empty Time 3.84654 Inefficiency 0.332288 Total Time 658.408 x=ro/(ro+1) 0.580752 x*TT 382.372 quality factor 1021.81  Total Playback Bitrate  75
p1-t1-dy.log+buff  ro 1.15963 Full Time 0 Empty Time 3.66651 Inefficiency 0.26041 Total Time 597.335 x=ro/(ro+1) 0.536959 x*TT 320.744 quality factor 3065.96  Total Playback Bitrate  50
p1-t2-dy.log+buff  ro 1.00482 Full Time 0 Empty Time 2.9546 Inefficiency 0.205603 Total Time 656.074 x=ro/(ro+1) 0.501202 x*TT 328.826 quality factor 3146.98  Total Playback Bitrate  15
p1-t3-dy.log+buff  ro 1.09271 Full Time 0 Empty Time 14.0949 Inefficiency 0.288737 Total Time 655.848 x=ro/(ro+1) 0.52215 x*TT 342.451 quality factor 3326.5  Total Playback Bitrate  20
p1-t4-dy.log+buff  ro 1.13506 Full Time 0 Empty Time 4.38759 Inefficiency 0.221017 Total Time 595.578 x=ro/(ro+1) 0.531629 x*TT 316.627 quality factor 3366.66  Total Playback Bitrate  22
p1-t5-dy.log+buff  ro 1.51078 Full Time 0 Empty Time 3.83751 Inefficiency 0.329925 Total Time 245.329 x=ro/(ro+1) 0.601718 x*TT 147.619 quality factor 1900.68  Total Playback Bitrate  8
p1-t6-dy.log+buff  ro 1.24696 Full Time 0 Empty Time 7.22874 Inefficiency 0.275902 Total Time 640.213 x=ro/(ro+1) 0.554955 x*TT 355.289 quality factor 2667.41  Total Playback Bitrate  50
p1-t7-dy.log+buff  ro 1.285 Full Time 0 Empty Time 6.93984 Inefficiency 0.250377 Total Time 657.163 x=ro/(ro+1) 0.562364 x*TT 369.565 quality factor 2637.95  Total Playback Bitrate  27
p2-t1-dy.log+buff  ro 1.17586 Full Time 0 Empty Time 1.44877 Inefficiency 0.270306 Total Time 598.243 x=ro/(ro+1) 0.540412 x*TT 323.298 quality factor 2909.51  Total Playback Bitrate  62
p2-t2-dy.log+buff  ro 0.976768 Full Time 0 Empty Time 1.0229 Inefficiency 0.187618 Total Time 658.349 x=ro/(ro+1) 0.494124 x*TT 325.306 quality factor 3225.93  Total Playback Bitrate  22
p2-t3-dy.log+buff  ro 1.0521 Full Time 0 Empty Time 6.41364 Inefficiency 0.292925 Total Time 664.889 x=ro/(ro+1) 0.512694 x*TT 340.885 quality factor 3260.37  Total Playback Bitrate  42
p2-t4-dy.log+buff  ro 1.02821 Full Time 0 Empty Time 1.52038 Inefficiency 0.158292 Total Time 597.415 x=ro/(ro+1) 0.506954 x*TT 302.862 quality factor 3183.94  Total Playback Bitrate  16
p2-t5-dy.log+buff  ro 1.80202 Full Time 0 Empty Time 6.84076 Inefficiency 0.430147 Total Time 270.88 x=ro/(ro+1) 0.643115 x*TT 174.207 quality factor 1924.29  Total Playback Bitrate  4
p2-t6-dy.log+buff  ro 1.21785 Full Time 0 Empty Time 4.58904 Inefficiency 0.279804 Total Time 645.911 x=ro/(ro+1) 0.549112 x*TT 354.678 quality factor 2870.94  Total Playback Bitrate  36
p2-t7-dy.log+buff  ro 1.26847 Full Time 0 Empty Time 2.17727 Inefficiency 0.252371 Total Time 657.831 x=ro/(ro+1) 0.559174 x*TT 367.842 quality factor 2579.11  Total Playback Bitrate  28
p3-t1-dy.log+buff  ro 1.09633 Full Time 0 Empty Time 2.93329 Inefficiency 0.289833 Total Time 603.654 x=ro/(ro+1) 0.522975 x*TT 315.696 quality factor 1873.62  Total Playback Bitrate  47
p3-t2-dy.log+buff  ro 0.911849 Full Time 0 Empty Time 3.2731 Inefficiency 0.213688 Total Time 661.511 x=ro/(ro+1) 0.476946 x*TT 315.505 quality factor 2178.58  Total Playback Bitrate  14
p3-t3-dy.log+buff  ro 0.934181 Full Time 0 Empty Time 1.7982 Inefficiency 0.216073 Total Time 657.298 x=ro/(ro+1) 0.482985 x*TT 317.465 quality factor 2599.05  Total Playback Bitrate  34
p3-t4-dy.log+buff  ro 0.973992 Full Time 0 Empty Time 1.88624 Inefficiency 0.223444 Total Time 596.801 x=ro/(ro+1) 0.493412 x*TT 294.469 quality factor 2262.34  Total Playback Bitrate  21
p3-t5-dy.log+buff  ro 1.50793 Full Time 0 Empty Time 7.01022 Inefficiency 0.322592 Total Time 271.482 x=ro/(ro+1) 0.601265 x*TT 163.233 quality factor 1448.29  Total Playback Bitrate  12
p3-t6-dy.log+buff  ro 1.24672 Full Time 0 Empty Time 3.14532 Inefficiency 0.264029 Total Time 640.676 x=ro/(ro+1) 0.554906 x*TT 355.515 quality factor 1532.76  Total Playback Bitrate  27
p3-t7-dy.log+buff  ro 1.28606 Full Time 0 Empty Time 2.82462 Inefficiency 0.31979 Total Time 658.889 x=ro/(ro+1) 0.562566 x*TT 370.669 quality factor 1631.44  Total Playback Bitrate  36
p4-t1-dy.log+buff  ro 0.949603 Full Time 0 Empty Time 14.5814 Inefficiency 0.152167 Total Time 696.393 x=ro/(ro+1) 0.487075 x*TT 339.196 quality factor 1462.31  Total Playback Bitrate  12
p4-t2-dy.log+buff  ro 0.647412 Full Time 0 Empty Time 4.6905 Inefficiency 0.180467 Total Time 864.229 x=ro/(ro+1) 0.392987 x*TT 339.631 quality factor 2406.16  Total Playback Bitrate  6
p4-t3-dy.log+buff  ro 0.825852 Full Time 0 Empty Time 3.69898 Inefficiency 0.152474 Total Time 712.412 x=ro/(ro+1) 0.452311 x*TT 322.231 quality factor 1925.91  Total Playback Bitrate  35
p4-t4-dy.log+buff  ro 0.797936 Full Time 0 Empty Time 3.34986 Inefficiency 0.139783 Total Time 647.989 x=ro/(ro+1) 0.443807 x*TT 287.582 quality factor 1699.77  Total Playback Bitrate  9
p4-t5-dy.log+buff  ro 1.40354 Full Time 0 Empty Time 6.13127 Inefficiency 0.330172 Total Time 256.859 x=ro/(ro+1) 0.583946 x*TT 149.992 quality factor 729.732  Total Playback Bitrate  11
p4-t6-dy.log+buff  ro 1.30663 Full Time 0 Empty Time 9.81135 Inefficiency 0.286149 Total Time 653.553 x=ro/(ro+1) 0.566467 x*TT 370.216 quality factor 964.795  Total Playback Bitrate  27
p4-t7-dy.log+buff  ro 1.44142 Full Time 0 Empty Time 3.80928 Inefficiency 0.340105 Total Time 659.669 x=ro/(ro+1) 0.590403 x*TT 389.471 quality factor 1058.16  Total Playback Bitrate  68
p1-t1-gd.log+buff  ro 1.15646 Full Time 0 Empty Time 5.785 Inefficiency 0.2574 Total Time 597.056 x=ro/(ro+1) 0.536277 x*TT 320.187 quality factor 3086.84  Total Playback Bitrate  48
p1-t2-gd.log+buff  ro 1.01612 Full Time 0 Empty Time 2.86751 Inefficiency 0.205418 Total Time 656.148 x=ro/(ro+1) 0.503999 x*TT 330.698 quality factor 3295.02  Total Playback Bitrate  20
p1-t3-gd.log+buff  ro 1.09522 Full Time 0 Empty Time 14.1124 Inefficiency 0.29422 Total Time 656.327 x=ro/(ro+1) 0.522723 x*TT 343.077 quality factor 3119.71  Total Playback Bitrate  21
p1-t4-gd.log+buff  ro 1.11831 Full Time 0 Empty Time 3.03567 Inefficiency 0.224488 Total Time 596.123 x=ro/(ro+1) 0.527926 x*TT 314.709 quality factor 3338.22  Total Playback Bitrate  20
p1-t5-gd.log+buff  ro 1.49318 Full Time 0 Empty Time 3.98508 Inefficiency 0.335258 Total Time 245.64 x=ro/(ro+1) 0.598905 x*TT 147.115 quality factor 1914  Total Playback Bitrate  8
p1-t6-gd.log+buff  ro 1.2481 Full Time 0 Empty Time 8.51312 Inefficiency 0.286153 Total Time 640.389 x=ro/(ro+1) 0.55518 x*TT 355.531 quality factor 2716  Total Playback Bitrate  52
p1-t7-gd.log+buff  ro 1.29709 Full Time 0 Empty Time 5.96153 Inefficiency 0.24818 Total Time 657.842 x=ro/(ro+1) 0.564667 x*TT 371.462 quality factor 2642.57  Total Playback Bitrate  29
p2-t1-gd.log+buff  ro 1.16208 Full Time 0 Empty Time 1.43589 Inefficiency 0.266722 Total Time 598.072 x=ro/(ro+1) 0.537483 x*TT 321.454 quality factor 2912.29  Total Playback Bitrate  58
p2-t2-gd.log+buff  ro 0.969708 Full Time 0 Empty Time 0.949055 Inefficiency 0.178177 Total Time 658.15 x=ro/(ro+1) 0.492311 x*TT 324.014 quality factor 3219.85  Total Playback Bitrate  20
p2-t3-gd.log+buff  ro 1.03584 Full Time 0 Empty Time 1.47713 Inefficiency 0.275163 Total Time 663.334 x=ro/(ro+1) 0.508802 x*TT 337.505 quality factor 3267.48  Total Playback Bitrate  44
p2-t4-gd.log+buff  ro 1.03526 Full Time 0 Empty Time 1.5085 Inefficiency 0.173629 Total Time 597.417 x=ro/(ro+1) 0.508662 x*TT 303.883 quality factor 2972.9  Total Playback Bitrate  17
p2-t5-gd.log+buff  ro 1.82537 Full Time 0 Empty Time 5.64861 Inefficiency 0.440716 Total Time 267.109 x=ro/(ro+1) 0.646064 x*TT 172.57 quality factor 1911.43  Total Playback Bitrate  4
p2-t6-gd.log+buff  ro 1.21565 Full Time 0 Empty Time 3.96052 Inefficiency 0.279895 Total Time 640.885 x=ro/(ro+1) 0.548665 x*TT 351.631 quality factor 2901.36  Total Playback Bitrate  32
p2-t7-gd.log+buff  ro 1.28477 Full Time 0 Empty Time 2.25483 Inefficiency 0.262888 Total Time 657.48 x=ro/(ro+1) 0.56232 x*TT 369.714 quality factor 2595.73  Total Playback Bitrate  28
p3-t1-gd.log+buff  ro 1.1353 Full Time 0 Empty Time 4.68317 Inefficiency 0.294323 Total Time 604.138 x=ro/(ro+1) 0.531682 x*TT 321.209 quality factor 1742.41  Total Playback Bitrate  28
p3-t2-gd.log+buff  ro 0.917598 Full Time 0 Empty Time 1.62523 Inefficiency 0.221554 Total Time 664.524 x=ro/(ro+1) 0.478514 x*TT 317.984 quality factor 2125.19  Total Playback Bitrate  23
p3-t3-gd.log+buff  ro 1.06357 Full Time 0 Empty Time 7.44452 Inefficiency 0.289363 Total Time 675.071 x=ro/(ro+1) 0.515402 x*TT 347.933 quality factor 2184.85  Total Playback Bitrate  29
p3-t4-gd.log+buff  ro 1.0175 Full Time 0 Empty Time 0.977145 Inefficiency 0.273617 Total Time 599.789 x=ro/(ro+1) 0.504336 x*TT 302.495 quality factor 2243.68  Total Playback Bitrate  21
p3-t5-gd.log+buff  ro 1.22037 Full Time 0 Empty Time 5.4868 Inefficiency 0.295366 Total Time 260.844 x=ro/(ro+1) 0.549624 x*TT 143.366 quality factor 1574.14  Total Playback Bitrate  5
p3-t6-gd.log+buff  ro 1.3032 Full Time 0 Empty Time 3.18398 Inefficiency 0.32311 Total Time 640.594 x=ro/(ro+1) 0.565821 x*TT 362.462 quality factor 1483.95  Total Playback Bitrate  12
p3-t7-gd.log+buff  ro 1.52194 Full Time 0 Empty Time 3.3512 Inefficiency 0.37657 Total Time 658.15 x=ro/(ro+1) 0.603479 x*TT 397.18 quality factor 1469.53  Total Playback Bitrate  6
p4-t1-gd.log+buff  ro 0.957663 Full Time 0 Empty Time 18.2796 Inefficiency 0.153013 Total Time 671.512 x=ro/(ro+1) 0.489187 x*TT 328.495 quality factor 1297.97  Total Playback Bitrate  4
p4-t2-gd.log+buff  ro 0.534418 Full Time 0 Empty Time 7.34585 Inefficiency 0.13629 Total Time 840.823 x=ro/(ro+1) 0.348287 x*TT 292.848 quality factor 3084.27  Total Playback Bitrate  6
p4-t3-gd.log+buff  ro 0.799276 Full Time 1.217 Empty Time 5.54246 Inefficiency 0.135235 Total Time 665.861 x=ro/(ro+1) 0.444221 x*TT 295.789 quality factor 1648.79  Total Playback Bitrate  13
p4-t4-gd.log+buff  ro 0.812674 Full Time 0 Empty Time 1.07198 Inefficiency 0.103944 Total Time 600.642 x=ro/(ro+1) 0.448329 x*TT 269.285 quality factor 1391.66  Total Playback Bitrate  11
p4-t5-gd.log+buff  ro 1.45796 Full Time 0 Empty Time 9.99698 Inefficiency 0.341427 Total Time 271.25 x=ro/(ro+1) 0.593159 x*TT 160.894 quality factor 760.379  Total Playback Bitrate  5
p4-t6-gd.log+buff  ro 1.28334 Full Time 0 Empty Time 16.9493 Inefficiency 0.241792 Total Time 658.153 x=ro/(ro+1) 0.562045 x*TT 369.912 quality factor 938.949  Total Playback Bitrate  10
p4-t7-gd.log+buff  ro 1.33382 Full Time 0 Empty Time 4.55199 Inefficiency 0.318528 Total Time 663.821 x=ro/(ro+1) 0.571519 x*TT 379.386 quality factor 1039.54  Total Playback Bitrate  60
p1-t1-kama.log+buff  ro 1.16321 Full Time 0 Empty Time 3.57489 Inefficiency 0.263448 Total Time 596.732 x=ro/(ro+1) 0.537725 x*TT 320.878 quality factor 3064.46  Total Playback Bitrate  36
p1-t2-kama.log+buff  ro 0.973134 Full Time 0 Empty Time 3.16773 Inefficiency 0.187061 Total Time 655.819 x=ro/(ro+1) 0.493192 x*TT 323.445 quality factor 3221.65  Total Playback Bitrate  13
p1-t3-kama.log+buff  ro 1.07361 Full Time 0 Empty Time 7.17409 Inefficiency 0.288773 Total Time 655.978 x=ro/(ro+1) 0.51775 x*TT 339.633 quality factor 3320.25  Total Playback Bitrate  22
p1-t4-kama.log+buff  ro 1.05087 Full Time 0 Empty Time 4.15166 Inefficiency 0.166636 Total Time 595.816 x=ro/(ro+1) 0.512401 x*TT 305.297 quality factor 3312.84  Total Playback Bitrate  12
p1-t5-kama.log+buff  ro 1.4979 Full Time 0 Empty Time 3.92209 Inefficiency 0.357857 Total Time 245.256 x=ro/(ro+1) 0.599664 x*TT 147.071 quality factor 1877.75  Total Playback Bitrate  8
p1-t6-kama.log+buff  ro 1.26144 Full Time 0 Empty Time 7.33718 Inefficiency 0.298817 Total Time 640.332 x=ro/(ro+1) 0.557805 x*TT 357.18 quality factor 2625.09  Total Playback Bitrate  30
p1-t7-kama.log+buff  ro 1.30319 Full Time 0 Empty Time 18.5876 Inefficiency 0.247964 Total Time 663.824 x=ro/(ro+1) 0.56582 x*TT 375.605 quality factor 2587.55  Total Playback Bitrate  23
p2-t1-kama.log+buff  ro 1.18096 Full Time 0 Empty Time 1.4548 Inefficiency 0.272808 Total Time 598.235 x=ro/(ro+1) 0.541486 x*TT 323.936 quality factor 2897.93  Total Playback Bitrate  60
p2-t2-kama.log+buff  ro 0.977889 Full Time 0 Empty Time 1.03891 Inefficiency 0.168136 Total Time 658.239 x=ro/(ro+1) 0.49441 x*TT 325.44 quality factor 3198.79  Total Playback Bitrate  12
p2-t3-kama.log+buff  ro 1.02923 Full Time 0 Empty Time 5.08732 Inefficiency 0.25479 Total Time 658.738 x=ro/(ro+1) 0.507202 x*TT 334.113 quality factor 3234.58  Total Playback Bitrate  30
p2-t4-kama.log+buff  ro 1.02375 Full Time 0 Empty Time 0.97776 Inefficiency 0.167417 Total Time 600.461 x=ro/(ro+1) 0.505869 x*TT 303.755 quality factor 3194.3  Total Playback Bitrate  14
p2-t5-kama.log+buff  ro 1.80378 Full Time 0 Empty Time 3.26831 Inefficiency 0.444257 Total Time 268.859 x=ro/(ro+1) 0.643339 x*TT 172.967 quality factor 1924.33  Total Playback Bitrate  6
p2-t6-kama.log+buff  ro 1.20292 Full Time 0 Empty Time 4.05764 Inefficiency 0.275854 Total Time 641.078 x=ro/(ro+1) 0.546057 x*TT 350.065 quality factor 2882.97  Total Playback Bitrate  28
p2-t7-kama.log+buff  ro 1.2726 Full Time 0 Empty Time 2.52014 Inefficiency 0.264567 Total Time 657.187 x=ro/(ro+1) 0.559976 x*TT 368.009 quality factor 2594.33  Total Playback Bitrate  30
p3-t1-kama.log+buff  ro 1.11771 Full Time 0 Empty Time 5.62189 Inefficiency 0.309454 Total Time 603.241 x=ro/(ro+1) 0.527792 x*TT 318.386 quality factor 1752.04  Total Playback Bitrate  34
p3-t2-kama.log+buff  ro 0.857571 Full Time 0 Empty Time 1.73282 Inefficiency 0.182033 Total Time 664.29 x=ro/(ro+1) 0.461663 x*TT 306.678 quality factor 2078.75  Total Playback Bitrate  14
p3-t3-kama.log+buff  ro 0.920513 Full Time 0 Empty Time 1.97042 Inefficiency 0.204092 Total Time 660.465 x=ro/(ro+1) 0.479306 x*TT 316.565 quality factor 2225.68  Total Playback Bitrate  23
p3-t4-kama.log+buff  ro 0.952291 Full Time 0 Empty Time 0.958637 Inefficiency 0.224514 Total Time 599.711 x=ro/(ro+1) 0.487781 x*TT 292.528 quality factor 2191.93  Total Playback Bitrate  23
p3-t5-kama.log+buff  ro 1.39058 Full Time 0 Empty Time 4.77182 Inefficiency 0.333839 Total Time 258.73 x=ro/(ro+1) 0.581691 x*TT 150.501 quality factor 1498.84  Total Playback Bitrate  10
p3-t6-kama.log+buff  ro 1.21977 Full Time 0 Empty Time 6.85776 Inefficiency 0.294268 Total Time 644.829 x=ro/(ro+1) 0.549504 x*TT 354.336 quality factor 1522.59  Total Playback Bitrate  13
p3-t7-kama.log+buff  ro 1.26328 Full Time 0 Empty Time 3.07314 Inefficiency 0.299792 Total Time 658.405 x=ro/(ro+1) 0.558164 x*TT 367.498 quality factor 1697.66  Total Playback Bitrate  27
p4-t1-kama.log+buff  ro 0.944301 Full Time 0 Empty Time 18.852 Inefficiency 0.154346 Total Time 662.466 x=ro/(ro+1) 0.485676 x*TT 321.744 quality factor 1200  Total Playback Bitrate  0
p4-t2-kama.log+buff  ro 0.562217 Full Time 0 Empty Time 5.23766 Inefficiency 0.121329 Total Time 869.647 x=ro/(ro+1) 0.359884 x*TT 312.972 quality factor 2823.7  Total Playback Bitrate  4
p4-t3-kama.log+buff  ro 0.802302 Full Time 0 Empty Time 7.70045 Inefficiency 0.144107 Total Time 712.574 x=ro/(ro+1) 0.445154 x*TT 317.205 quality factor 1845.14  Total Playback Bitrate  19
p4-t4-kama.log+buff  ro 0.828804 Full Time 0 Empty Time 3.18573 Inefficiency 0.118908 Total Time 644.043 x=ro/(ro+1) 0.453195 x*TT 291.877 quality factor 1717.61  Total Playback Bitrate  19
p4-t5-kama.log+buff  ro 1.34785 Full Time 0 Empty Time 12.3313 Inefficiency 0.313228 Total Time 263.686 x=ro/(ro+1) 0.574079 x*TT 151.377 quality factor 747.008  Total Playback Bitrate  8
p4-t6-kama.log+buff  ro 1.39345 Full Time 0 Empty Time 12.8642 Inefficiency 0.289266 Total Time 649.795 x=ro/(ro+1) 0.582194 x*TT 378.307 quality factor 994.226  Total Playback Bitrate  33
p4-t7-kama.log+buff  ro 1.41266 Full Time 0 Empty Time 1.15581 Inefficiency 0.367554 Total Time 660.314 x=ro/(ro+1) 0.58552 x*TT 386.627 quality factor 1248.32  Total Playback Bitrate  68
p1-t1-ra.log+buff  ro 1.16794 Full Time 0 Empty Time 3.51686 Inefficiency 0.257973 Total Time 597.082 x=ro/(ro+1) 0.538733 x*TT 321.668 quality factor 3067.12  Total Playback Bitrate  42
p1-t2-ra.log+buff  ro 1.00911 Full Time 0 Empty Time 3.65417 Inefficiency 0.19802 Total Time 663.913 x=ro/(ro+1) 0.502268 x*TT 333.462 quality factor 3203.73  Total Playback Bitrate  17
p1-t3-ra.log+buff  ro 1.03965 Full Time 0 Empty Time 16.645 Inefficiency 0.221963 Total Time 658.107 x=ro/(ro+1) 0.50972 x*TT 335.45 quality factor 3350.35  Total Playback Bitrate  38
p1-t4-ra.log+buff  ro 1.07981 Full Time 0 Empty Time 4.33493 Inefficiency 0.193441 Total Time 595.941 x=ro/(ro+1) 0.519186 x*TT 309.404 quality factor 3277.06  Total Playback Bitrate  14
p1-t5-ra.log+buff  ro 1.43231 Full Time 0 Empty Time 3.96693 Inefficiency 0.342425 Total Time 245.724 x=ro/(ro+1) 0.588868 x*TT 144.699 quality factor 2047.02  Total Playback Bitrate  6
p1-t6-ra.log+buff  ro 1.24705 Full Time 0 Empty Time 7.57043 Inefficiency 0.285238 Total Time 642.472 x=ro/(ro+1) 0.554971 x*TT 356.554 quality factor 2662.76  Total Playback Bitrate  21
p1-t7-ra.log+buff  ro 1.18608 Full Time 0 Empty Time 20.7523 Inefficiency 0.235741 Total Time 674.778 x=ro/(ro+1) 0.54256 x*TT 366.108 quality factor 2561.47  Total Playback Bitrate  16
p2-t1-ra.log+buff  ro 1.15767 Full Time 0 Empty Time 1.47607 Inefficiency 0.257425 Total Time 598.477 x=ro/(ro+1) 0.536537 x*TT 321.105 quality factor 2718.38  Total Playback Bitrate  45
p2-t2-ra.log+buff  ro 0.990178 Full Time 0 Empty Time 1.06629 Inefficiency 0.186193 Total Time 658.352 x=ro/(ro+1) 0.497532 x*TT 327.551 quality factor 3202.98  Total Playback Bitrate  12
p2-t3-ra.log+buff  ro 1.05148 Full Time 0 Empty Time 7.40606 Inefficiency 0.292331 Total Time 665.231 x=ro/(ro+1) 0.512547 x*TT 340.962 quality factor 3214.66  Total Playback Bitrate  44
p2-t4-ra.log+buff  ro 1.03167 Full Time 0 Empty Time 1.29294 Inefficiency 0.181037 Total Time 597.813 x=ro/(ro+1) 0.507794 x*TT 303.566 quality factor 3016.7  Total Playback Bitrate  17
p2-t5-ra.log+buff  ro 1.83809 Full Time 0 Empty Time 3.66618 Inefficiency 0.437347 Total Time 246.357 x=ro/(ro+1) 0.647651 x*TT 159.553 quality factor 1837.36  Total Playback Bitrate  4
p2-t6-ra.log+buff  ro 1.21471 Full Time 0 Empty Time 4.01895 Inefficiency 0.306594 Total Time 641.155 x=ro/(ro+1) 0.548473 x*TT 351.656 quality factor 2851.89  Total Playback Bitrate  32
p2-t7-ra.log+buff  ro 1.27414 Full Time 0 Empty Time 2.45829 Inefficiency 0.262447 Total Time 657.26 x=ro/(ro+1) 0.560274 x*TT 368.246 quality factor 2552.55  Total Playback Bitrate  16
p3-t1-ra.log+buff  ro 1.10985 Full Time 0 Empty Time 4.63123 Inefficiency 0.297905 Total Time 604.117 x=ro/(ro+1) 0.526033 x*TT 317.786 quality factor 1787.18  Total Playback Bitrate  50
p3-t2-ra.log+buff  ro 0.866434 Full Time 0 Empty Time 1.23289 Inefficiency 0.212722 Total Time 663.326 x=ro/(ro+1) 0.464219 x*TT 307.929 quality factor 2077.36  Total Playback Bitrate  10
p3-t3-ra.log+buff  ro 0.912399 Full Time 0 Empty Time 18.8643 Inefficiency 0.164671 Total Time 703.163 x=ro/(ro+1) 0.477097 x*TT 335.477 quality factor 2703.66  Total Playback Bitrate  28
p3-t4-ra.log+buff  ro 0.965317 Full Time 0 Empty Time 1.02718 Inefficiency 0.246758 Total Time 599.105 x=ro/(ro+1) 0.491176 x*TT 294.266 quality factor 2233.53  Total Playback Bitrate  27
p3-t5-ra.log+buff  ro 1.48039 Full Time 0 Empty Time 5.47215 Inefficiency 0.341433 Total Time 255.39 x=ro/(ro+1) 0.596837 x*TT 152.426 quality factor 1468.04  Total Playback Bitrate  10
p3-t6-ra.log+buff  ro 1.23212 Full Time 0 Empty Time 2.76641 Inefficiency 0.289461 Total Time 643.423 x=ro/(ro+1) 0.551996 x*TT 355.167 quality factor 1681.81  Total Playback Bitrate  29
p3-t7-ra.log+buff  ro 1.25845 Full Time 0 Empty Time 2.79847 Inefficiency 0.3112 Total Time 659.08 x=ro/(ro+1) 0.557219 x*TT 367.252 quality factor 1700.69  Total Playback Bitrate  29
p4-t1-ra.log+buff  ro 0.940226 Full Time 0 Empty Time 19.991 Inefficiency 0.15173 Total Time 661.485 x=ro/(ro+1) 0.484596 x*TT 320.553 quality factor 1200  Total Playback Bitrate  0
p4-t2-ra.log+buff  ro 0.65786 Full Time 0 Empty Time 10.8961 Inefficiency 0.136562 Total Time 877.614 x=ro/(ro+1) 0.396813 x*TT 348.248 quality factor 1816.77  Total Playback Bitrate  6
p4-t3-ra.log+buff  ro 0.772333 Full Time 0 Empty Time 9.7285 Inefficiency 0.126107 Total Time 696.301 x=ro/(ro+1) 0.435772 x*TT 303.429 quality factor 1728.79  Total Playback Bitrate  15
p4-t4-ra.log+buff  ro 0.819376 Full Time 0 Empty Time 1.13296 Inefficiency 0.14326 Total Time 600.938 x=ro/(ro+1) 0.450361 x*TT 270.639 quality factor 1411.04  Total Playback Bitrate  7
p4-t5-ra.log+buff  ro 1.31668 Full Time 0 Empty Time 6.30955 Inefficiency 0.316351 Total Time 258.109 x=ro/(ro+1) 0.568348 x*TT 146.696 quality factor 727.858  Total Playback Bitrate  8
p4-t6-ra.log+buff  ro 1.26355 Full Time 0 Empty Time 9.86757 Inefficiency 0.251458 Total Time 653.561 x=ro/(ro+1) 0.558216 x*TT 364.828 quality factor 965.756  Total Playback Bitrate  15
p4-t7-ra.log+buff  ro 1.31528 Full Time 0 Empty Time 9.08868 Inefficiency 0.331788 Total Time 667.071 x=ro/(ro+1) 0.568086 x*TT 378.954 quality factor 1011.92  Total Playback Bitrate  57
