p1-t1-bb.log+buff  ro 1.91533 Full Time 255.314 Empty Time 4.26633 Inefficiency 0.474962 Total Time 595.086 x=ro/(ro+1) 0.656985 x*TT 390.963 quality factor 2147.9  Total Playback Bitrate  1
p1-t2-bb.log+buff  ro 1.4389 Full Time 325.625 Empty Time 3.29824 Inefficiency 0.393772 Total Time 655.301 x=ro/(ro+1) 0.58998 x*TT 386.614 quality factor 2903.29  Total Playback Bitrate  4
p1-t3-bb.log+buff  ro 1.69224 Full Time 495.102 Empty Time 7.18392 Inefficiency 0.479113 Total Time 654.115 x=ro/(ro+1) 0.628562 x*TT 411.152 quality factor 3385.77  Total Playback Bitrate  2
p1-t4-bb.log+buff  ro 1.81986 Full Time 439.326 Empty Time 4.51181 Inefficiency 0.445321 Total Time 594.833 x=ro/(ro+1) 0.645372 x*TT 383.889 quality factor 2690.17  Total Playback Bitrate  3
p1-t5-bb.log+buff  ro 9.74499 Full Time 109.872 Empty Time 5.47973 Inefficiency 0.880877 Total Time 244.434 x=ro/(ro+1) 0.906933 x*TT 221.685 quality factor 899.081  Total Playback Bitrate  6
p1-t6-bb.log+buff  ro 5.12823 Full Time 501.01 Empty Time 7.47786 Inefficiency 0.599309 Total Time 635.167 x=ro/(ro+1) 0.836821 x*TT 531.521 quality factor 2581  Total Playback Bitrate  24
p1-t7-bb.log+buff  ro 4.36546 Full Time 512.108 Empty Time 7.22466 Inefficiency 0.581216 Total Time 654.342 x=ro/(ro+1) 0.813623 x*TT 532.387 quality factor 2466.26  Total Playback Bitrate  7
p2-t1-bb.log+buff  ro 1.76848 Full Time 368.447 Empty Time 1.55676 Inefficiency 0.460288 Total Time 596.168 x=ro/(ro+1) 0.638791 x*TT 380.827 quality factor 2849.57  Total Playback Bitrate  2
p2-t2-bb.log+buff  ro 1.36562 Full Time 417.865 Empty Time 1.06963 Inefficiency 0.325926 Total Time 657.733 x=ro/(ro+1) 0.577277 x*TT 379.694 quality factor 3060.23  Total Playback Bitrate  2
p2-t3-bb.log+buff  ro 1.58473 Full Time 442.864 Empty Time 3.02098 Inefficiency 0.406397 Total Time 654.785 x=ro/(ro+1) 0.613112 x*TT 401.456 quality factor 3365.54  Total Playback Bitrate  4
p2-t4-bb.log+buff  ro 1.69921 Full Time 385.475 Empty Time 1.57846 Inefficiency 0.44983 Total Time 596.647 x=ro/(ro+1) 0.629521 x*TT 375.602 quality factor 3336.85  Total Playback Bitrate  4
p2-t5-bb.log+buff  ro 4.40204 Full Time 75.488 Empty Time 1.81163 Inefficiency 0.759579 Total Time 245.203 x=ro/(ro+1) 0.814885 x*TT 199.812 quality factor 547.678  Total Playback Bitrate  5
p2-t6-bb.log+buff  ro 2.67579 Full Time 480.383 Empty Time 2.36027 Inefficiency 0.549936 Total Time 636.23 x=ro/(ro+1) 0.72795 x*TT 463.143 quality factor 4091.08  Total Playback Bitrate  23
p2-t7-bb.log+buff  ro 2.54398 Full Time 482.746 Empty Time 2.06843 Inefficiency 0.534688 Total Time 655.731 x=ro/(ro+1) 0.717831 x*TT 470.704 quality factor 2804.4  Total Playback Bitrate  8
p3-t1-bb.log+buff  ro 1.35274 Full Time 0 Empty Time 1.98894 Inefficiency 0.358693 Total Time 602.406 x=ro/(ro+1) 0.574964 x*TT 346.362 quality factor 1448.6  Total Playback Bitrate  10
p3-t2-bb.log+buff  ro 0.962289 Full Time 25.273 Empty Time 1.19151 Inefficiency 0.235659 Total Time 663.488 x=ro/(ro+1) 0.490391 x*TT 325.369 quality factor 2079.02  Total Playback Bitrate  13
p3-t3-bb.log+buff  ro 1.14253 Full Time 261.457 Empty Time 2.55895 Inefficiency 0.307053 Total Time 655.931 x=ro/(ro+1) 0.533263 x*TT 349.783 quality factor 1882.41  Total Playback Bitrate  5
p3-t4-bb.log+buff  ro 1.25567 Full Time 208.358 Empty Time 0.641742 Inefficiency 0.32614 Total Time 600.524 x=ro/(ro+1) 0.556672 x*TT 334.295 quality factor 1707.07  Total Playback Bitrate  3
p3-t5-bb.log+buff  ro 3.50026 Full Time 65.252 Empty Time 0.847429 Inefficiency 0.690546 Total Time 247.108 x=ro/(ro+1) 0.777791 x*TT 192.198 quality factor 538.535  Total Playback Bitrate  5
p3-t6-bb.log+buff  ro 2.43126 Full Time 469.591 Empty Time 1.33707 Inefficiency 0.510776 Total Time 638.485 x=ro/(ro+1) 0.708562 x*TT 452.406 quality factor 1459.62  Total Playback Bitrate  16
p3-t7-bb.log+buff  ro 2.21145 Full Time 479.114 Empty Time 1.34556 Inefficiency 0.536833 Total Time 657.311 x=ro/(ro+1) 0.688614 x*TT 452.633 quality factor 1700.7  Total Playback Bitrate  8
p4-t1-bb.log+buff  ro 0.943012 Full Time 0 Empty Time 14.6498 Inefficiency 0.150657 Total Time 659.87 x=ro/(ro+1) 0.485335 x*TT 320.258 quality factor 1200  Total Playback Bitrate  0
p4-t2-bb.log+buff  ro 0.705285 Full Time 0 Empty Time 7.37129 Inefficiency 0.222229 Total Time 712.237 x=ro/(ro+1) 0.413588 x*TT 294.572 quality factor 1622  Total Playback Bitrate  0
p4-t3-bb.log+buff  ro 0.804218 Full Time 0 Empty Time 14.7514 Inefficiency 0.110167 Total Time 655.909 x=ro/(ro+1) 0.445743 x*TT 292.367 quality factor 1548.81  Total Playback Bitrate  33
p4-t4-bb.log+buff  ro 0.83538 Full Time 0 Empty Time 0.970135 Inefficiency 0.114813 Total Time 598.574 x=ro/(ro+1) 0.455154 x*TT 272.443 quality factor 1428.36  Total Playback Bitrate  17
p4-t5-bb.log+buff  ro 2.23941 Full Time 0 Empty Time 1.33487 Inefficiency 0.531546 Total Time 245.848 x=ro/(ro+1) 0.691302 x*TT 169.955 quality factor 492.046  Total Playback Bitrate  11
p4-t6-bb.log+buff  ro 2.1571 Full Time 443.714 Empty Time 1.91478 Inefficiency 0.434046 Total Time 636.794 x=ro/(ro+1) 0.683254 x*TT 435.092 quality factor 965.26  Total Playback Bitrate  13
p4-t7-bb.log+buff  ro 1.71401 Full Time 358.141 Empty Time 1.62262 Inefficiency 0.418465 Total Time 656.911 x=ro/(ro+1) 0.631542 x*TT 414.867 quality factor 986.573  Total Playback Bitrate  4
p1-t1-abr.log+buff  ro 1.47769 Full Time 241.729 Empty Time 4.33756 Inefficiency 0.312697 Total Time 595.183 x=ro/(ro+1) 0.596398 x*TT 354.966 quality factor 1784.4  Total Playback Bitrate  8
p1-t2-abr.log+buff  ro 1.33806 Full Time 335.505 Empty Time 3.19086 Inefficiency 0.261874 Total Time 655.299 x=ro/(ro+1) 0.572295 x*TT 375.024 quality factor 2023.57  Total Playback Bitrate  10
p1-t3-abr.log+buff  ro 1.56737 Full Time 414.77 Empty Time 15.3441 Inefficiency 0.338159 Total Time 654.351 x=ro/(ro+1) 0.610497 x*TT 399.479 quality factor 1659.68  Total Playback Bitrate  8
p1-t4-abr.log+buff  ro 1.66793 Full Time 361.813 Empty Time 4.60396 Inefficiency 0.382409 Total Time 594.925 x=ro/(ro+1) 0.625177 x*TT 371.934 quality factor 1576.46  Total Playback Bitrate  8
p1-t5-abr.log+buff  ro 1.74819 Full Time 0 Empty Time 5.01049 Inefficiency 0.409138 Total Time 244.894 x=ro/(ro+1) 0.636124 x*TT 155.783 quality factor 1390.39  Total Playback Bitrate  6
p1-t6-abr.log+buff  ro 2.76786 Full Time 278.304 Empty Time 9.10549 Inefficiency 0.464776 Total Time 638.388 x=ro/(ro+1) 0.734598 x*TT 468.958 quality factor 1730.74  Total Playback Bitrate  55
p1-t7-abr.log+buff  ro 2.17038 Full Time 347.386 Empty Time 5.58704 Inefficiency 0.380451 Total Time 654.663 x=ro/(ro+1) 0.684581 x*TT 448.17 quality factor 2523.29  Total Playback Bitrate  30
p2-t1-abr.log+buff  ro 1.49825 Full Time 231.399 Empty Time 1.48938 Inefficiency 0.317472 Total Time 596.509 x=ro/(ro+1) 0.59972 x*TT 357.738 quality factor 2136.97  Total Playback Bitrate  11
p2-t2-abr.log+buff  ro 1.33692 Full Time 364.318 Empty Time 1.04961 Inefficiency 0.274942 Total Time 657.516 x=ro/(ro+1) 0.572087 x*TT 376.156 quality factor 2282.76  Total Playback Bitrate  7
p2-t3-abr.log+buff  ro 1.64206 Full Time 432.683 Empty Time 14.1573 Inefficiency 0.363256 Total Time 655.557 x=ro/(ro+1) 0.621508 x*TT 407.434 quality factor 1962.55  Total Playback Bitrate  13
p2-t4-abr.log+buff  ro 1.70248 Full Time 383.922 Empty Time 1.56793 Inefficiency 0.390573 Total Time 596.652 x=ro/(ro+1) 0.629969 x*TT 375.872 quality factor 1763.98  Total Playback Bitrate  5
p2-t5-abr.log+buff  ro 1.81769 Full Time 0 Empty Time 1.84846 Inefficiency 0.434025 Total Time 246.29 x=ro/(ro+1) 0.645099 x*TT 158.882 quality factor 1840.93  Total Playback Bitrate  4
p2-t6-abr.log+buff  ro 2.41919 Full Time 223.381 Empty Time 4.08811 Inefficiency 0.388533 Total Time 639.051 x=ro/(ro+1) 0.707533 x*TT 452.15 quality factor 2100.46  Total Playback Bitrate  32
p2-t7-abr.log+buff  ro 2.4081 Full Time 322.524 Empty Time 2.58237 Inefficiency 0.405953 Total Time 655.543 x=ro/(ro+1) 0.706582 x*TT 463.195 quality factor 2303.46  Total Playback Bitrate  33
p3-t1-abr.log+buff  ro 1.33169 Full Time 213.172 Empty Time 6.39366 Inefficiency 0.323575 Total Time 602.858 x=ro/(ro+1) 0.571126 x*TT 344.308 quality factor 1343.42  Total Playback Bitrate  12
p3-t2-abr.log+buff  ro 1.02247 Full Time 315.836 Empty Time 1.34734 Inefficiency 0.220358 Total Time 662.905 x=ro/(ro+1) 0.505556 x*TT 335.135 quality factor 1699.53  Total Playback Bitrate  4
p3-t3-abr.log+buff  ro 1.29747 Full Time 408.5 Empty Time 2.97637 Inefficiency 0.299722 Total Time 656.153 x=ro/(ro+1) 0.564739 x*TT 370.555 quality factor 1321.73  Total Playback Bitrate  22
p3-t4-abr.log+buff  ro 1.32802 Full Time 304.553 Empty Time 0.989877 Inefficiency 0.300885 Total Time 598.231 x=ro/(ro+1) 0.57045 x*TT 341.261 quality factor 1305.21  Total Playback Bitrate  10
p3-t5-abr.log+buff  ro 1.89018 Full Time 0 Empty Time 7.54583 Inefficiency 0.391478 Total Time 245.77 x=ro/(ro+1) 0.654001 x*TT 160.734 quality factor 855.364  Total Playback Bitrate  17
p3-t6-abr.log+buff  ro 1.84401 Full Time 264.684 Empty Time 1.45971 Inefficiency 0.38328 Total Time 637.77 x=ro/(ro+1) 0.648384 x*TT 413.52 quality factor 1043.21  Total Playback Bitrate  63
p3-t7-abr.log+buff  ro 2.15423 Full Time 375.969 Empty Time 2.87638 Inefficiency 0.464561 Total Time 656.88 x=ro/(ro+1) 0.682966 x*TT 448.626 quality factor 957.326  Total Playback Bitrate  47
p4-t1-abr.log+buff  ro 0.943947 Full Time 0 Empty Time 20.3572 Inefficiency 0.153942 Total Time 660.392 x=ro/(ro+1) 0.485583 x*TT 320.675 quality factor 1200  Total Playback Bitrate  0
p4-t2-abr.log+buff  ro 0.699134 Full Time 0 Empty Time 8.2787 Inefficiency 0.122225 Total Time 710.096 x=ro/(ro+1) 0.411465 x*TT 292.18 quality factor 1622  Total Playback Bitrate  0
p4-t3-abr.log+buff  ro 0.879131 Full Time 177.678 Empty Time 3.69599 Inefficiency 0.107671 Total Time 656.161 x=ro/(ro+1) 0.467839 x*TT 306.978 quality factor 1198  Total Playback Bitrate  0
p4-t4-abr.log+buff  ro 0.903536 Full Time 124.141 Empty Time 0.864396 Inefficiency 0.115572 Total Time 598.391 x=ro/(ro+1) 0.474662 x*TT 284.033 quality factor 1143  Total Playback Bitrate  0
p4-t5-abr.log+buff  ro 1.74959 Full Time 0 Empty Time 3.69429 Inefficiency 0.384774 Total Time 265.845 x=ro/(ro+1) 0.636309 x*TT 169.16 quality factor 744.809  Total Playback Bitrate  16
p4-t6-abr.log+buff  ro 1.7507 Full Time 140.669 Empty Time 3.41328 Inefficiency 0.370689 Total Time 637.88 x=ro/(ro+1) 0.636456 x*TT 405.983 quality factor 598.847  Total Playback Bitrate  64
p4-t7-abr.log+buff  ro 1.84366 Full Time 310.076 Empty Time 2.9275 Inefficiency 0.407699 Total Time 656.323 x=ro/(ro+1) 0.64834 x*TT 425.52 quality factor 490.915  Total Playback Bitrate  24
p1-t1-bola.log+buff  ro 1.25458 Full Time 0 Empty Time 4.26948 Inefficiency 0.317486 Total Time 594.82 x=ro/(ro+1) 0.556458 x*TT 330.993 quality factor 3007.47  Total Playback Bitrate  6
p1-t2-bola.log+buff  ro 1.18583 Full Time 0 Empty Time 3.14165 Inefficiency 0.281371 Total Time 655.126 x=ro/(ro+1) 0.542509 x*TT 355.412 quality factor 3245.98  Total Playback Bitrate  6
p1-t3-bola.log+buff  ro 1.39106 Full Time 0 Empty Time 14.1222 Inefficiency 0.384275 Total Time 654.124 x=ro/(ro+1) 0.581776 x*TT 380.553 quality factor 3078.48  Total Playback Bitrate  6
p1-t4-bola.log+buff  ro 1.46138 Full Time 0 Empty Time 4.53159 Inefficiency 0.335417 Total Time 594.832 x=ro/(ro+1) 0.593724 x*TT 353.166 quality factor 2897.21  Total Playback Bitrate  6
p1-t5-bola.log+buff  ro 1.57079 Full Time 0 Empty Time 5.25503 Inefficiency 0.332722 Total Time 244.438 x=ro/(ro+1) 0.611015 x*TT 149.355 quality factor 1753.6  Total Playback Bitrate  9
p1-t6-bola.log+buff  ro 1.3051 Full Time 0 Empty Time 9.06129 Inefficiency 0.291622 Total Time 638.607 x=ro/(ro+1) 0.566179 x*TT 361.566 quality factor 2591.72  Total Playback Bitrate  21
p1-t7-bola.log+buff  ro 1.31714 Full Time 0 Empty Time 9.45148 Inefficiency 0.271449 Total Time 654.672 x=ro/(ro+1) 0.568433 x*TT 372.137 quality factor 2664  Total Playback Bitrate  18
p2-t1-bola.log+buff  ro 1.21554 Full Time 0 Empty Time 1.19794 Inefficiency 0.303534 Total Time 596.876 x=ro/(ro+1) 0.548642 x*TT 327.471 quality factor 2879.81  Total Playback Bitrate  5
p2-t2-bola.log+buff  ro 1.23572 Full Time 0 Empty Time 0.943379 Inefficiency 0.316141 Total Time 657.642 x=ro/(ro+1) 0.552716 x*TT 363.489 quality factor 2248.34  Total Playback Bitrate  1
p2-t3-bola.log+buff  ro 2.19159 Full Time 0 Empty Time 14.1329 Inefficiency 0.472123 Total Time 654.868 x=ro/(ro+1) 0.686677 x*TT 449.683 quality factor 1198  Total Playback Bitrate  0
p2-t4-bola.log+buff  ro 1.28416 Full Time 0 Empty Time 1.26956 Inefficiency 0.294352 Total Time 596.922 x=ro/(ro+1) 0.562202 x*TT 335.591 quality factor 2872.66  Total Playback Bitrate  5
p2-t5-bola.log+buff  ro 1.79236 Full Time 0 Empty Time 1.67089 Inefficiency 0.430616 Total Time 246.143 x=ro/(ro+1) 0.64188 x*TT 157.994 quality factor 1839.93  Total Playback Bitrate  4
p2-t6-bola.log+buff  ro 1.29282 Full Time 0 Empty Time 3.75055 Inefficiency 0.300222 Total Time 639.302 x=ro/(ro+1) 0.563856 x*TT 360.475 quality factor 2534.43  Total Playback Bitrate  19
p2-t7-bola.log+buff  ro 1.34729 Full Time 0 Empty Time 2.25828 Inefficiency 0.282319 Total Time 655.565 x=ro/(ro+1) 0.573977 x*TT 376.279 quality factor 2585.79  Total Playback Bitrate  16
p3-t1-bola.log+buff  ro 1.06072 Full Time 0 Empty Time 5.12241 Inefficiency 0.25817 Total Time 602.965 x=ro/(ro+1) 0.514733 x*TT 310.366 quality factor 1853.02  Total Playback Bitrate  10
p3-t2-bola.log+buff  ro 0.932724 Full Time 0 Empty Time 1.10152 Inefficiency 0.231795 Total Time 665.419 x=ro/(ro+1) 0.482596 x*TT 321.128 quality factor 2129.93  Total Playback Bitrate  3
p3-t3-bola.log+buff  ro 0.935581 Full Time 0 Empty Time 2.58021 Inefficiency 0.219575 Total Time 657.434 x=ro/(ro+1) 0.483359 x*TT 317.777 quality factor 2154.28  Total Playback Bitrate  5
p3-t4-bola.log+buff  ro 1.0527 Full Time 0 Empty Time 0.914549 Inefficiency 0.249373 Total Time 598.873 x=ro/(ro+1) 0.512837 x*TT 307.124 quality factor 1745.38  Total Playback Bitrate  1
p3-t5-bola.log+buff  ro 1.61778 Full Time 0 Empty Time 0.907854 Inefficiency 0.384744 Total Time 246.454 x=ro/(ro+1) 0.617997 x*TT 152.308 quality factor 1495.83  Total Playback Bitrate  13
p3-t6-bola.log+buff  ro 1.29857 Full Time 0 Empty Time 1.61432 Inefficiency 0.286365 Total Time 637.388 x=ro/(ro+1) 0.564946 x*TT 360.09 quality factor 1518.77  Total Playback Bitrate  36
p3-t7-bola.log+buff  ro 1.30657 Full Time 0 Empty Time 1.5688 Inefficiency 0.321373 Total Time 656.545 x=ro/(ro+1) 0.566457 x*TT 371.904 quality factor 1703.21  Total Playback Bitrate  16
p4-t1-bola.log+buff  ro 0.943718 Full Time 0 Empty Time 15.3682 Inefficiency 0.15503 Total Time 660.145 x=ro/(ro+1) 0.485522 x*TT 320.515 quality factor 1200  Total Playback Bitrate  0
p4-t2-bola.log+buff  ro 0.706483 Full Time 0 Empty Time 7.52328 Inefficiency 0.156206 Total Time 711.228 x=ro/(ro+1) 0.413999 x*TT 294.448 quality factor 1622  Total Playback Bitrate  0
p4-t3-bola.log+buff  ro 0.920605 Full Time 0 Empty Time 16.8454 Inefficiency 0.157801 Total Time 656.247 x=ro/(ro+1) 0.479331 x*TT 314.559 quality factor 1281  Total Playback Bitrate  1
p4-t4-bola.log+buff  ro 0.893722 Full Time 0 Empty Time 1.00299 Inefficiency 0.129197 Total Time 597.938 x=ro/(ro+1) 0.471939 x*TT 282.19 quality factor 1143  Total Playback Bitrate  0
p4-t5-bola.log+buff  ro 1.36143 Full Time 0 Empty Time 4.02831 Inefficiency 0.295525 Total Time 267.43 x=ro/(ro+1) 0.576529 x*TT 154.181 quality factor 814.067  Total Playback Bitrate  10
p4-t6-bola.log+buff  ro 1.38163 Full Time 0 Empty Time 3.15201 Inefficiency 0.292626 Total Time 638.19 x=ro/(ro+1) 0.580119 x*TT 370.226 quality factor 950.044  Total Playback Bitrate  42
p4-t7-bola.log+buff  ro 1.56648 Full Time 0 Empty Time 1.63585 Inefficiency 0.359406 Total Time 656.82 x=ro/(ro+1) 0.610362 x*TT 400.898 quality factor 843.693  Total Playback Bitrate  10
p1-t1-elastic.log+buff  ro 1.06313 Full Time 0 Empty Time 4.33153 Inefficiency 0.201053 Total Time 595.196 x=ro/(ro+1) 0.515299 x*TT 306.704 quality factor 3068.84  Total Playback Bitrate  45
p1-t2-elastic.log+buff  ro 0.929111 Full Time 0 Empty Time 3.14232 Inefficiency 0.161451 Total Time 655.159 x=ro/(ro+1) 0.481627 x*TT 315.542 quality factor 3161.85  Total Playback Bitrate  17
p1-t3-elastic.log+buff  ro 1.00523 Full Time 0 Empty Time 14.1329 Inefficiency 0.22588 Total Time 654.376 x=ro/(ro+1) 0.501303 x*TT 328.041 quality factor 3157.22  Total Playback Bitrate  19
p1-t4-elastic.log+buff  ro 1.00636 Full Time 0 Empty Time 4.48295 Inefficiency 0.143342 Total Time 594.854 x=ro/(ro+1) 0.501585 x*TT 298.37 quality factor 3365.47  Total Playback Bitrate  8
p1-t5-elastic.log+buff  ro 1.42678 Full Time 0 Empty Time 5.40066 Inefficiency 0.368412 Total Time 244.436 x=ro/(ro+1) 0.587931 x*TT 143.711 quality factor 2114.1  Total Playback Bitrate  4
p1-t6-elastic.log+buff  ro 1.11603 Full Time 0 Empty Time 19.6234 Inefficiency 0.254743 Total Time 661.029 x=ro/(ro+1) 0.527417 x*TT 348.638 quality factor 2786.75  Total Playback Bitrate  46
p1-t7-elastic.log+buff  ro 1.14549 Full Time 0 Empty Time 9.64255 Inefficiency 0.203928 Total Time 654.899 x=ro/(ro+1) 0.533906 x*TT 349.654 quality factor 2657.37  Total Playback Bitrate  47
p2-t1-elastic.log+buff  ro 1.05837 Full Time 0 Empty Time 1.52276 Inefficiency 0.203485 Total Time 596.608 x=ro/(ro+1) 0.514178 x*TT 306.763 quality factor 2936.67  Total Playback Bitrate  36
p2-t2-elastic.log+buff  ro 0.936258 Full Time 0 Empty Time 0.938189 Inefficiency 0.167881 Total Time 657.63 x=ro/(ro+1) 0.48354 x*TT 317.99 quality factor 3245.72  Total Playback Bitrate  18
p2-t3-elastic.log+buff  ro 1.00263 Full Time 0 Empty Time 14.2826 Inefficiency 0.212998 Total Time 661.924 x=ro/(ro+1) 0.500657 x*TT 331.397 quality factor 3292.14  Total Playback Bitrate  40
p2-t4-elastic.log+buff  ro 0.974348 Full Time 0 Empty Time 1.57846 Inefficiency 0.127468 Total Time 596.717 x=ro/(ro+1) 0.493504 x*TT 294.482 quality factor 3184.9  Total Playback Bitrate  10
p2-t5-elastic.log+buff  ro 2.9415 Full Time 0 Empty Time 9.33864 Inefficiency 0.493184 Total Time 276.062 x=ro/(ro+1) 0.746289 x*TT 206.022 quality factor 1200.02  Total Playback Bitrate  8
p2-t6-elastic.log+buff  ro 1.09289 Full Time 0 Empty Time 11.093 Inefficiency 0.236415 Total Time 654.64 x=ro/(ro+1) 0.522192 x*TT 341.848 quality factor 2938.71  Total Playback Bitrate  46
p2-t7-elastic.log+buff  ro 1.1832 Full Time 0 Empty Time 4.7276 Inefficiency 0.200816 Total Time 657.426 x=ro/(ro+1) 0.541956 x*TT 356.296 quality factor 2605.61  Total Playback Bitrate  46
p3-t1-elastic.log+buff  ro 0.986722 Full Time 0 Empty Time 5.49134 Inefficiency 0.199037 Total Time 603.903 x=ro/(ro+1) 0.496658 x*TT 299.933 quality factor 1859.49  Total Playback Bitrate  49
p3-t2-elastic.log+buff  ro 0.785078 Full Time 0 Empty Time 2.17187 Inefficiency 0.157194 Total Time 667.763 x=ro/(ro+1) 0.4398 x*TT 293.682 quality factor 2219.99  Total Playback Bitrate  27
p3-t3-elastic.log+buff  ro 0.798203 Full Time 0 Empty Time 1.63938 Inefficiency 0.143536 Total Time 656.981 x=ro/(ro+1) 0.443889 x*TT 291.627 quality factor 2305.47  Total Playback Bitrate  67
p3-t4-elastic.log+buff  ro 0.877665 Full Time 0 Empty Time 0.98818 Inefficiency 0.153003 Total Time 599.54 x=ro/(ro+1) 0.467424 x*TT 280.239 quality factor 2179.59  Total Playback Bitrate  21
p3-t5-elastic.log+buff  ro 1.17241 Full Time 0 Empty Time 12.0476 Inefficiency 0.25832 Total Time 321.355 x=ro/(ro+1) 0.539682 x*TT 173.43 quality factor 1795.5  Total Playback Bitrate  24
p3-t6-elastic.log+buff  ro 1.15785 Full Time 0 Empty Time 9.37138 Inefficiency 0.220539 Total Time 655.617 x=ro/(ro+1) 0.536575 x*TT 351.788 quality factor 1856.94  Total Playback Bitrate  119
p3-t7-elastic.log+buff  ro 1.21149 Full Time 0 Empty Time 1.48359 Inefficiency 0.285606 Total Time 656.996 x=ro/(ro+1) 0.547816 x*TT 359.913 quality factor 1776.07  Total Playback Bitrate  111
p4-t1-elastic.log+buff  ro 0.903256 Full Time 0 Empty Time 16.0177 Inefficiency 0.125962 Total Time 659.925 x=ro/(ro+1) 0.474585 x*TT 313.19 quality factor 1279.13  Total Playback Bitrate  14
p4-t2-elastic.log+buff  ro 0.653288 Full Time 0 Empty Time 9.67102 Inefficiency 0.148269 Total Time 779.726 x=ro/(ro+1) 0.395145 x*TT 308.105 quality factor 1685.88  Total Playback Bitrate  8
p4-t3-elastic.log+buff  ro 0.725093 Full Time 0 Empty Time 4.08655 Inefficiency 0.11789 Total Time 661.162 x=ro/(ro+1) 0.420321 x*TT 277.9 quality factor 1701.24  Total Playback Bitrate  59
p4-t4-elastic.log+buff  ro 0.752177 Full Time 0 Empty Time 1.02635 Inefficiency 0.10852 Total Time 598.018 x=ro/(ro+1) 0.429281 x*TT 256.718 quality factor 1460.93  Total Playback Bitrate  21
p4-t5-elastic.log+buff  ro 1.33851 Full Time 0 Empty Time 8.15844 Inefficiency 0.290822 Total Time 268.046 x=ro/(ro+1) 0.572377 x*TT 153.423 quality factor 922.491  Total Playback Bitrate  32
p4-t6-elastic.log+buff  ro 1.25062 Full Time 0 Empty Time 13.2277 Inefficiency 0.220278 Total Time 676.208 x=ro/(ro+1) 0.555678 x*TT 375.754 quality factor 1030.2  Total Playback Bitrate  124
p4-t7-elastic.log+buff  ro 1.24273 Full Time 0 Empty Time 3.40251 Inefficiency 0.286103 Total Time 656.756 x=ro/(ro+1) 0.554116 x*TT 363.919 quality factor 1097.53  Total Playback Bitrate  90
p1-t1-ar.log+buff  ro 1.32792 Full Time 0 Empty Time 3.41051 Inefficiency 0.305189 Total Time 599.428 x=ro/(ro+1) 0.570431 x*TT 341.932 quality factor 2861.94  Total Playback Bitrate  46
p1-t2-ar.log+buff  ro 1.07925 Full Time 80.405 Empty Time 2.97587 Inefficiency 0.207205 Total Time 656.393 x=ro/(ro+1) 0.519058 x*TT 340.706 quality factor 3237.29  Total Playback Bitrate  16
p1-t3-ar.log+buff  ro 1.16877 Full Time 148.611 Empty Time 4.91044 Inefficiency 0.323488 Total Time 658.523 x=ro/(ro+1) 0.53891 x*TT 354.884 quality factor 3279.47  Total Playback Bitrate  26
p1-t4-ar.log+buff  ro 1.18528 Full Time 7.216 Empty Time 4.44335 Inefficiency 0.226334 Total Time 596.759 x=ro/(ro+1) 0.542393 x*TT 323.678 quality factor 3184.21  Total Playback Bitrate  16
p1-t5-ar.log+buff  ro 1.54305 Full Time 0 Empty Time 4.86155 Inefficiency 0.332949 Total Time 246.044 x=ro/(ro+1) 0.606771 x*TT 149.292 quality factor 1915.66  Total Playback Bitrate  8
p1-t6-ar.log+buff  ro 1.34807 Full Time 19.333 Empty Time 8.78348 Inefficiency 0.27923 Total Time 641.257 x=ro/(ro+1) 0.574118 x*TT 368.157 quality factor 2932.51  Total Playback Bitrate  22
p1-t7-ar.log+buff  ro 1.38441 Full Time 27.577 Empty Time 10.2474 Inefficiency 0.255817 Total Time 659.949 x=ro/(ro+1) 0.580608 x*TT 383.172 quality factor 2650.9  Total Playback Bitrate  18
p2-t1-ar.log+buff  ro 1.2893 Full Time 11.588 Empty Time 1.36239 Inefficiency 0.297852 Total Time 601.452 x=ro/(ro+1) 0.563186 x*TT 338.729 quality factor 2514.91  Total Playback Bitrate  33
p2-t2-ar.log+buff  ro 1.08543 Full Time 56.959 Empty Time 1.04893 Inefficiency 0.228792 Total Time 658.827 x=ro/(ro+1) 0.520484 x*TT 342.909 quality factor 2707.06  Total Playback Bitrate  21
p2-t3-ar.log+buff  ro 1.15737 Full Time 136.828 Empty Time 7.09264 Inefficiency 0.316686 Total Time 661.701 x=ro/(ro+1) 0.536473 x*TT 354.984 quality factor 2699.95  Total Playback Bitrate  37
p2-t4-ar.log+buff  ro 1.17973 Full Time 10.399 Empty Time 1.50402 Inefficiency 0.259435 Total Time 597.937 x=ro/(ro+1) 0.541227 x*TT 323.619 quality factor 2801.88  Total Playback Bitrate  17
p2-t5-ar.log+buff  ro 1.83522 Full Time 0 Empty Time 7.56543 Inefficiency 0.443244 Total Time 271.314 x=ro/(ro+1) 0.647294 x*TT 175.62 quality factor 1912.44  Total Playback Bitrate  4
p2-t6-ar.log+buff  ro 1.31876 Full Time 8.652 Empty Time 3.93659 Inefficiency 0.27569 Total Time 641.817 x=ro/(ro+1) 0.568735 x*TT 365.024 quality factor 2175.24  Total Playback Bitrate  22
p2-t7-ar.log+buff  ro 1.40616 Full Time 0 Empty Time 2.49861 Inefficiency 0.270796 Total Time 660.221 x=ro/(ro+1) 0.584401 x*TT 385.834 quality factor 2262.66  Total Playback Bitrate  19
p3-t1-ar.log+buff  ro 1.21813 Full Time 1.775 Empty Time 5.52173 Inefficiency 0.295966 Total Time 606.813 x=ro/(ro+1) 0.549169 x*TT 333.243 quality factor 1678.03  Total Playback Bitrate  23
p3-t2-ar.log+buff  ro 0.927895 Full Time 37.501 Empty Time 0.803222 Inefficiency 0.202887 Total Time 669.918 x=ro/(ro+1) 0.481299 x*TT 322.431 quality factor 2179.37  Total Playback Bitrate  28
p3-t3-ar.log+buff  ro 0.969287 Full Time 169.802 Empty Time 14.7792 Inefficiency 0.177866 Total Time 685.044 x=ro/(ro+1) 0.492202 x*TT 337.18 quality factor 2393.71  Total Playback Bitrate  47
p3-t4-ar.log+buff  ro 1.00327 Full Time 56.088 Empty Time 0.65613 Inefficiency 0.221356 Total Time 604.808 x=ro/(ro+1) 0.500817 x*TT 302.898 quality factor 1968.93  Total Playback Bitrate  17
p3-t5-ar.log+buff  ro 1.4026 Full Time 0 Empty Time 8.98486 Inefficiency 0.35181 Total Time 307.285 x=ro/(ro+1) 0.583784 x*TT 179.388 quality factor 1391.66  Total Playback Bitrate  22
p3-t6-ar.log+buff  ro 1.25075 Full Time 0 Empty Time 3.43733 Inefficiency 0.259001 Total Time 641.396 x=ro/(ro+1) 0.555704 x*TT 356.426 quality factor 1466.13  Total Playback Bitrate  56
p3-t7-ar.log+buff  ro 1.39379 Full Time 54.277 Empty Time 1.35453 Inefficiency 0.315951 Total Time 661.61 x=ro/(ro+1) 0.582252 x*TT 385.224 quality factor 1512.34  Total Playback Bitrate  48
p4-t1-ar.log+buff  ro 0.933691 Full Time 0 Empty Time 14.8506 Inefficiency 0.152922 Total Time 868.224 x=ro/(ro+1) 0.482854 x*TT 419.226 quality factor 2083.81  Total Playback Bitrate  30
p4-t2-ar.log+buff  ro 0.651758 Full Time 0 Empty Time 8.40617 Inefficiency 0.103105 Total Time 894.816 x=ro/(ro+1) 0.394585 x*TT 353.081 quality factor 2629.73  Total Playback Bitrate  18
p4-t3-ar.log+buff  ro 0.921525 Full Time 123.545 Empty Time 15.1496 Inefficiency 0.128202 Total Time 716.281 x=ro/(ro+1) 0.47958 x*TT 343.514 quality factor 2034.12  Total Playback Bitrate  41
p4-t4-ar.log+buff  ro 0.85922 Full Time 17.925 Empty Time 2.64312 Inefficiency 0.132667 Total Time 672.153 x=ro/(ro+1) 0.46214 x*TT 310.629 quality factor 1875.89  Total Playback Bitrate  15
p4-t5-ar.log+buff  ro 1.44411 Full Time 0 Empty Time 4.28176 Inefficiency 0.317665 Total Time 270.075 x=ro/(ro+1) 0.590854 x*TT 159.575 quality factor 776.977  Total Playback Bitrate  14
p4-t6-ar.log+buff  ro 1.48989 Full Time 0 Empty Time 8.82901 Inefficiency 0.256836 Total Time 646.208 x=ro/(ro+1) 0.598377 x*TT 386.676 quality factor 864.458  Total Playback Bitrate  55
p4-t7-ar.log+buff  ro 1.44202 Full Time 60.492 Empty Time 2.34682 Inefficiency 0.353433 Total Time 664.373 x=ro/(ro+1) 0.590503 x*TT 392.314 quality factor 1233.15  Total Playback Bitrate  53
p1-t1-dy.log+buff  ro 1.30006 Full Time 0 Empty Time 4.22685 Inefficiency 0.298408 Total Time 600.662 x=ro/(ro+1) 0.565229 x*TT 339.511 quality factor 2881.48  Total Playback Bitrate  32
p1-t2-dy.log+buff  ro 1.07933 Full Time 135.401 Empty Time 2.92374 Inefficiency 0.206072 Total Time 656.356 x=ro/(ro+1) 0.519075 x*TT 340.698 quality factor 3247.89  Total Playback Bitrate  18
p1-t3-dy.log+buff  ro 1.1971 Full Time 183.214 Empty Time 14.1713 Inefficiency 0.312296 Total Time 658.469 x=ro/(ro+1) 0.544855 x*TT 358.77 quality factor 3288.13  Total Playback Bitrate  18
p1-t4-dy.log+buff  ro 1.19938 Full Time 16.341 Empty Time 4.14725 Inefficiency 0.248285 Total Time 595.976 x=ro/(ro+1) 0.545327 x*TT 325.002 quality factor 3210.41  Total Playback Bitrate  14
p1-t5-dy.log+buff  ro 1.53433 Full Time 0 Empty Time 4.09691 Inefficiency 0.329571 Total Time 246.032 x=ro/(ro+1) 0.605419 x*TT 148.952 quality factor 1911.66  Total Playback Bitrate  8
p1-t6-dy.log+buff  ro 1.34585 Full Time 20.599 Empty Time 7.79033 Inefficiency 0.283612 Total Time 641.092 x=ro/(ro+1) 0.573715 x*TT 367.804 quality factor 3110.99  Total Playback Bitrate  21
p1-t7-dy.log+buff  ro 1.37169 Full Time 32.497 Empty Time 7.59186 Inefficiency 0.255707 Total Time 659.751 x=ro/(ro+1) 0.57836 x*TT 381.573 quality factor 2677.93  Total Playback Bitrate  16
p2-t1-dy.log+buff  ro 1.28751 Full Time 8.846 Empty Time 1.35647 Inefficiency 0.3007 Total Time 601.079 x=ro/(ro+1) 0.562843 x*TT 338.313 quality factor 2323.47  Total Playback Bitrate  26
p2-t2-dy.log+buff  ro 1.09772 Full Time 80.247 Empty Time 0.916943 Inefficiency 0.251581 Total Time 659.668 x=ro/(ro+1) 0.523292 x*TT 345.199 quality factor 2762.51  Total Playback Bitrate  19
p2-t3-dy.log+buff  ro 1.1709 Full Time 126.656 Empty Time 6.41263 Inefficiency 0.315379 Total Time 666.889 x=ro/(ro+1) 0.539362 x*TT 359.694 quality factor 2729.54  Total Playback Bitrate  33
p2-t4-dy.log+buff  ro 1.18069 Full Time 0.763 Empty Time 0.95308 Inefficiency 0.238396 Total Time 601.131 x=ro/(ro+1) 0.54143 x*TT 325.47 quality factor 2739.22  Total Playback Bitrate  11
p2-t5-dy.log+buff  ro 1.81205 Full Time 0 Empty Time 8.02292 Inefficiency 0.431596 Total Time 271.807 x=ro/(ro+1) 0.644387 x*TT 175.149 quality factor 1921.24  Total Playback Bitrate  4
p2-t6-dy.log+buff  ro 1.33221 Full Time 8.918 Empty Time 4.25814 Inefficiency 0.284622 Total Time 641.46 x=ro/(ro+1) 0.571222 x*TT 366.416 quality factor 2164.2  Total Playback Bitrate  20
p2-t7-dy.log+buff  ro 1.39342 Full Time 0 Empty Time 2.39586 Inefficiency 0.26786 Total Time 660.241 x=ro/(ro+1) 0.582189 x*TT 384.385 quality factor 2293.79  Total Playback Bitrate  15
p3-t1-dy.log+buff  ro 1.2378 Full Time 3.222 Empty Time 5.8428 Inefficiency 0.335061 Total Time 605.865 x=ro/(ro+1) 0.553132 x*TT 335.123 quality factor 1771.7  Total Playback Bitrate  13
p3-t2-dy.log+buff  ro 0.959069 Full Time 80.573 Empty Time 1.77296 Inefficiency 0.206399 Total Time 665.2 x=ro/(ro+1) 0.489553 x*TT 325.651 quality factor 2114.67  Total Playback Bitrate  19
p3-t3-dy.log+buff  ro 1.00262 Full Time 180.365 Empty Time 10.1435 Inefficiency 0.198823 Total Time 677.189 x=ro/(ro+1) 0.500653 x*TT 339.037 quality factor 2106.85  Total Playback Bitrate  27
p3-t4-dy.log+buff  ro 1.07583 Full Time 32.444 Empty Time 1.08254 Inefficiency 0.236861 Total Time 599.085 x=ro/(ro+1) 0.518265 x*TT 310.485 quality factor 1844.8  Total Playback Bitrate  14
p3-t5-dy.log+buff  ro 1.43873 Full Time 0 Empty Time 7.67903 Inefficiency 0.316536 Total Time 269.588 x=ro/(ro+1) 0.58995 x*TT 159.043 quality factor 1355.14  Total Playback Bitrate  11
p3-t6-dy.log+buff  ro 1.29995 Full Time 0 Empty Time 3.22562 Inefficiency 0.301644 Total Time 641.803 x=ro/(ro+1) 0.565209 x*TT 362.753 quality factor 1471.27  Total Playback Bitrate  26
p3-t7-dy.log+buff  ro 1.40485 Full Time 68.884 Empty Time 3.21061 Inefficiency 0.326462 Total Time 661.072 x=ro/(ro+1) 0.584174 x*TT 386.181 quality factor 1675.53  Total Playback Bitrate  15
p4-t1-dy.log+buff  ro 0.964531 Full Time 0 Empty Time 10.8536 Inefficiency 0.1572 Total Time 686.822 x=ro/(ro+1) 0.490973 x*TT 337.211 quality factor 1411.96  Total Playback Bitrate  8
p4-t2-dy.log+buff  ro 0.650693 Full Time 0 Empty Time 4.69162 Inefficiency 0.096203 Total Time 754.327 x=ro/(ro+1) 0.394194 x*TT 297.351 quality factor 2446.76  Total Playback Bitrate  14
p4-t3-dy.log+buff  ro 0.86515 Full Time 199.395 Empty Time 2.14191 Inefficiency 0.11992 Total Time 729.597 x=ro/(ro+1) 0.46385 x*TT 338.424 quality factor 1978.01  Total Playback Bitrate  19
p4-t4-dy.log+buff  ro 0.856833 Full Time 98.832 Empty Time 3.0414 Inefficiency 0.129997 Total Time 671.424 x=ro/(ro+1) 0.461449 x*TT 309.828 quality factor 1789.03  Total Playback Bitrate  13
p4-t5-dy.log+buff  ro 1.3893 Full Time 0 Empty Time 4.22629 Inefficiency 0.311773 Total Time 270.141 x=ro/(ro+1) 0.581467 x*TT 157.078 quality factor 801.273  Total Playback Bitrate  8
p4-t6-dy.log+buff  ro 1.33843 Full Time 0 Empty Time 14.1901 Inefficiency 0.264535 Total Time 651.9 x=ro/(ro+1) 0.572362 x*TT 373.123 quality factor 902.982  Total Playback Bitrate  12
p4-t7-dy.log+buff  ro 1.51715 Full Time 60.902 Empty Time 3.72964 Inefficiency 0.373146 Total Time 662.69 x=ro/(ro+1) 0.602726 x*TT 399.42 quality factor 1010.37  Total Playback Bitrate  46
p1-t1-gd.log+buff  ro 1.30411 Full Time 16.074 Empty Time 2.69875 Inefficiency 0.306563 Total Time 599.863 x=ro/(ro+1) 0.565992 x*TT 339.518 quality factor 2865.61  Total Playback Bitrate  40
p1-t2-gd.log+buff  ro 1.07658 Full Time 73.216 Empty Time 2.76274 Inefficiency 0.210617 Total Time 656.428 x=ro/(ro+1) 0.518438 x*TT 340.317 quality factor 3218.1  Total Playback Bitrate  12
p1-t3-gd.log+buff  ro 1.15709 Full Time 137.514 Empty Time 0.346853 Inefficiency 0.311979 Total Time 658.774 x=ro/(ro+1) 0.536412 x*TT 353.374 quality factor 3285.15  Total Playback Bitrate  26
p1-t4-gd.log+buff  ro 1.22251 Full Time 7.706 Empty Time 3.73932 Inefficiency 0.262476 Total Time 596.498 x=ro/(ro+1) 0.550058 x*TT 328.109 quality factor 3150.85  Total Playback Bitrate  10
p1-t5-gd.log+buff  ro 1.48943 Full Time 0 Empty Time 3.46382 Inefficiency 0.336285 Total Time 246.229 x=ro/(ro+1) 0.598302 x*TT 147.319 quality factor 1927.63  Total Playback Bitrate  8
p1-t6-gd.log+buff  ro 1.34542 Full Time 0.582 Empty Time 4.39366 Inefficiency 0.288691 Total Time 642.386 x=ro/(ro+1) 0.573637 x*TT 368.496 quality factor 2894.18  Total Playback Bitrate  22
p1-t7-gd.log+buff  ro 1.3651 Full Time 8.987 Empty Time 12.6728 Inefficiency 0.259836 Total Time 663.543 x=ro/(ro+1) 0.577185 x*TT 382.987 quality factor 2705.64  Total Playback Bitrate  16
p2-t1-gd.log+buff  ro 1.29435 Full Time 10.329 Empty Time 1.52276 Inefficiency 0.298069 Total Time 601.221 x=ro/(ro+1) 0.564146 x*TT 339.177 quality factor 2318.1  Total Playback Bitrate  32
p2-t2-gd.log+buff  ro 1.08104 Full Time 35.375 Empty Time 1.1093 Inefficiency 0.245956 Total Time 658.873 x=ro/(ro+1) 0.51947 x*TT 342.265 quality factor 2777.1  Total Playback Bitrate  25
p2-t3-gd.log+buff  ro 1.17269 Full Time 94.248 Empty Time 0.695478 Inefficiency 0.307602 Total Time 666.719 x=ro/(ro+1) 0.539741 x*TT 359.855 quality factor 2735.87  Total Playback Bitrate  49
p2-t4-gd.log+buff  ro 1.19477 Full Time 12.215 Empty Time 1.52325 Inefficiency 0.245711 Total Time 570.055 x=ro/(ro+1) 0.544372 x*TT 310.322 quality factor 2833.72  Total Playback Bitrate  13
p2-t5-gd.log+buff  ro 1.80504 Full Time 0 Empty Time 8.12651 Inefficiency 0.44011 Total Time 271.034 x=ro/(ro+1) 0.643499 x*TT 174.41 quality factor 1916.21  Total Playback Bitrate  4
p2-t6-gd.log+buff  ro 1.33179 Full Time 0 Empty Time 4.05556 Inefficiency 0.286325 Total Time 641.881 x=ro/(ro+1) 0.571146 x*TT 366.608 quality factor 2204.5  Total Playback Bitrate  18
p2-t7-gd.log+buff  ro 1.40453 Full Time 0 Empty Time 2.36474 Inefficiency 0.27589 Total Time 660.328 x=ro/(ro+1) 0.584119 x*TT 385.71 quality factor 2292.64  Total Playback Bitrate  15
p3-t1-gd.log+buff  ro 1.30962 Full Time 140.303 Empty Time 3.14629 Inefficiency 0.341357 Total Time 604.786 x=ro/(ro+1) 0.567028 x*TT 342.931 quality factor 1748.67  Total Playback Bitrate  11
p3-t2-gd.log+buff  ro 1.08591 Full Time 305.221 Empty Time 0.996724 Inefficiency 0.271758 Total Time 665.11 x=ro/(ro+1) 0.520593 x*TT 346.252 quality factor 1789.65  Total Playback Bitrate  4
p3-t3-gd.log+buff  ro 1.15827 Full Time 265.688 Empty Time 0.557596 Inefficiency 0.277406 Total Time 672.588 x=ro/(ro+1) 0.536667 x*TT 360.956 quality factor 1967.73  Total Playback Bitrate  14
p3-t4-gd.log+buff  ro 1.09356 Full Time 19.087 Empty Time 0.965545 Inefficiency 0.258604 Total Time 599.667 x=ro/(ro+1) 0.522345 x*TT 313.233 quality factor 1939.92  Total Playback Bitrate  9
p3-t5-gd.log+buff  ro 1.63708 Full Time 0 Empty Time 2.41933 Inefficiency 0.438014 Total Time 257.948 x=ro/(ro+1) 0.620793 x*TT 160.132 quality factor 1286.44  Total Playback Bitrate  10
p3-t6-gd.log+buff  ro 1.35749 Full Time 0 Empty Time 2.48858 Inefficiency 0.360751 Total Time 642.581 x=ro/(ro+1) 0.575821 x*TT 370.011 quality factor 1476.28  Total Playback Bitrate  9
p3-t7-gd.log+buff  ro 1.58891 Full Time 32.774 Empty Time 1.51051 Inefficiency 0.405936 Total Time 661.455 x=ro/(ro+1) 0.613738 x*TT 405.96 quality factor 1572.51  Total Playback Bitrate  19
p4-t1-gd.log+buff  ro 0.938606 Full Time 0 Empty Time 18.0602 Inefficiency 0.148231 Total Time 664.803 x=ro/(ro+1) 0.484165 x*TT 321.875 quality factor 1200  Total Playback Bitrate  0
p4-t2-gd.log+buff  ro 0.324297 Full Time 0 Empty Time 12.0359 Inefficiency -nan Total Time 770.496 x=ro/(ro+1) 0.244883 x*TT 188.681 quality factor 3763.14  Total Playback Bitrate  2
p4-t3-gd.log+buff  ro 0.953836 Full Time 179.652 Empty Time 15.3839 Inefficiency 0.161329 Total Time 733.118 x=ro/(ro+1) 0.488186 x*TT 357.898 quality factor 1649.38  Total Playback Bitrate  20
p4-t4-gd.log+buff  ro 0.905698 Full Time 132.096 Empty Time 1.32281 Inefficiency 0.124582 Total Time 601.625 x=ro/(ro+1) 0.475258 x*TT 285.927 quality factor 1143  Total Playback Bitrate  0
p4-t5-gd.log+buff  ro 1.47884 Full Time 0 Empty Time 3.79924 Inefficiency 0.3489 Total Time 289.427 x=ro/(ro+1) 0.596585 x*TT 172.668 quality factor 674.724  Total Playback Bitrate  3
p4-t6-gd.log+buff  ro 1.50989 Full Time 24.709 Empty Time 8.35903 Inefficiency 0.361777 Total Time 652.16 x=ro/(ro+1) 0.601577 x*TT 392.324 quality factor 913.018  Total Playback Bitrate  15
p4-t7-gd.log+buff  ro 1.52291 Full Time 58.593 Empty Time 4.39953 Inefficiency 0.379368 Total Time 671.742 x=ro/(ro+1) 0.603632 x*TT 405.485 quality factor 1062.57  Total Playback Bitrate  48
p1-t1-kama.log+buff  ro 1.32622 Full Time 0.997 Empty Time 3.11631 Inefficiency 0.312054 Total Time 600.178 x=ro/(ro+1) 0.570118 x*TT 342.173 quality factor 2835.56  Total Playback Bitrate  36
p1-t2-kama.log+buff  ro 1.0821 Full Time 80.18 Empty Time 2.96552 Inefficiency 0.20545 Total Time 656.519 x=ro/(ro+1) 0.519715 x*TT 341.203 quality factor 3256.87  Total Playback Bitrate  18
p1-t3-kama.log+buff  ro 1.17704 Full Time 200.929 Empty Time 14.0871 Inefficiency 0.277535 Total Time 658.869 x=ro/(ro+1) 0.540661 x*TT 356.225 quality factor 3275.19  Total Playback Bitrate  18
p1-t4-kama.log+buff  ro 1.16008 Full Time 87.008 Empty Time 4.2031 Inefficiency 0.244367 Total Time 596.137 x=ro/(ro+1) 0.537054 x*TT 320.158 quality factor 3229.52  Total Playback Bitrate  14
p1-t5-kama.log+buff  ro 1.691 Full Time 0 Empty Time 4.5048 Inefficiency 0.440397 Total Time 246.111 x=ro/(ro+1) 0.628391 x*TT 154.654 quality factor 1779.03  Total Playback Bitrate  7
p1-t6-kama.log+buff  ro 1.3594 Full Time 0 Empty Time 8.76287 Inefficiency 0.303727 Total Time 641.659 x=ro/(ro+1) 0.576163 x*TT 369.7 quality factor 2448.6  Total Playback Bitrate  19
p1-t7-kama.log+buff  ro 1.33155 Full Time 0 Empty Time 12.5112 Inefficiency 0.243307 Total Time 664.846 x=ro/(ro+1) 0.571101 x*TT 379.694 quality factor 2464.62  Total Playback Bitrate  19
p2-t1-kama.log+buff  ro 1.28591 Full Time 53.339 Empty Time 1.47599 Inefficiency 0.301553 Total Time 601.333 x=ro/(ro+1) 0.562538 x*TT 338.273 quality factor 2508.41  Total Playback Bitrate  19
p2-t2-kama.log+buff  ro 1.08832 Full Time 12.147 Empty Time 1.04517 Inefficiency 0.254503 Total Time 658.967 x=ro/(ro+1) 0.521146 x*TT 343.418 quality factor 3122.96  Total Playback Bitrate  20
p2-t3-kama.log+buff  ro 1.14916 Full Time 100.13 Empty Time 0.37917 Inefficiency 0.312278 Total Time 659.321 x=ro/(ro+1) 0.534702 x*TT 352.54 quality factor 2749.08  Total Playback Bitrate  37
p2-t4-kama.log+buff  ro 1.16384 Full Time 17.533 Empty Time 1.54985 Inefficiency 0.230954 Total Time 597.86 x=ro/(ro+1) 0.53786 x*TT 321.565 quality factor 2784.2  Total Playback Bitrate  11
p2-t5-kama.log+buff  ro 1.82297 Full Time 0 Empty Time 5.77273 Inefficiency 0.435347 Total Time 267.409 x=ro/(ro+1) 0.645763 x*TT 172.683 quality factor 1918.4  Total Playback Bitrate  4
p2-t6-kama.log+buff  ro 1.3024 Full Time 0 Empty Time 4.10887 Inefficiency 0.273372 Total Time 641.597 x=ro/(ro+1) 0.565671 x*TT 362.933 quality factor 2213.96  Total Playback Bitrate  14
p2-t7-kama.log+buff  ro 1.41399 Full Time 0 Empty Time 3.89785 Inefficiency 0.285345 Total Time 660.583 x=ro/(ro+1) 0.585748 x*TT 386.935 quality factor 2397.75  Total Playback Bitrate  20
p3-t1-kama.log+buff  ro 1.27945 Full Time 4.72 Empty Time 2.35523 Inefficiency 0.327212 Total Time 605.074 x=ro/(ro+1) 0.561298 x*TT 339.627 quality factor 1827.13  Total Playback Bitrate  23
p3-t2-kama.log+buff  ro 0.940145 Full Time 81.137 Empty Time 2.29816 Inefficiency 0.215216 Total Time 658.553 x=ro/(ro+1) 0.484575 x*TT 319.118 quality factor 1987.26  Total Playback Bitrate  14
p3-t3-kama.log+buff  ro 0.982367 Full Time 175.073 Empty Time 15.5504 Inefficiency 0.194654 Total Time 682.161 x=ro/(ro+1) 0.495552 x*TT 338.047 quality factor 2371.95  Total Playback Bitrate  31
p3-t4-kama.log+buff  ro 1.04695 Full Time 2.416 Empty Time 1.05954 Inefficiency 0.221095 Total Time 599.295 x=ro/(ro+1) 0.511469 x*TT 306.521 quality factor 2016.16  Total Playback Bitrate  17
p3-t5-kama.log+buff  ro 1.41395 Full Time 0 Empty Time 6.61874 Inefficiency 0.315965 Total Time 262.066 x=ro/(ro+1) 0.585742 x*TT 153.503 quality factor 1364.77  Total Playback Bitrate  7
p3-t6-kama.log+buff  ro 1.23956 Full Time 0 Empty Time 9.99622 Inefficiency 0.273505 Total Time 643.941 x=ro/(ro+1) 0.553485 x*TT 356.411 quality factor 1535.8  Total Playback Bitrate  17
p3-t7-kama.log+buff  ro 1.37163 Full Time 0 Empty Time 2.43648 Inefficiency 0.317989 Total Time 663.415 x=ro/(ro+1) 0.57835 x*TT 383.686 quality factor 1514.53  Total Playback Bitrate  20
p4-t1-kama.log+buff  ro 0.934697 Full Time 0 Empty Time 14.6935 Inefficiency 0.157951 Total Time 851.115 x=ro/(ro+1) 0.483123 x*TT 411.193 quality factor 1798.33  Total Playback Bitrate  10
p4-t2-kama.log+buff  ro 0.662247 Full Time 0 Empty Time 4.96603 Inefficiency 0.131874 Total Time 848.657 x=ro/(ro+1) 0.398405 x*TT 338.109 quality factor 2108.56  Total Playback Bitrate  4
p4-t3-kama.log+buff  ro 0.84128 Full Time 228.394 Empty Time 6.74962 Inefficiency 0.148387 Total Time 750.343 x=ro/(ro+1) 0.4569 x*TT 342.831 quality factor 1912.71  Total Playback Bitrate  15
p4-t4-kama.log+buff  ro 0.894845 Full Time 124.775 Empty Time 3.42148 Inefficiency 0.128381 Total Time 646.409 x=ro/(ro+1) 0.472252 x*TT 305.268 quality factor 1663.31  Total Playback Bitrate  5
p4-t5-kama.log+buff  ro 1.7039 Full Time 0 Empty Time 3.81109 Inefficiency 0.425015 Total Time 263.418 x=ro/(ro+1) 0.630163 x*TT 165.996 quality factor 581.502  Total Playback Bitrate  7
p4-t6-kama.log+buff  ro 1.49534 Full Time 0 Empty Time 31.4227 Inefficiency 0.305963 Total Time 642.164 x=ro/(ro+1) 0.599253 x*TT 384.819 quality factor 927.762  Total Playback Bitrate  23
p4-t7-kama.log+buff  ro 1.56181 Full Time 62.735 Empty Time 4.81966 Inefficiency 0.369275 Total Time 663.25 x=ro/(ro+1) 0.609651 x*TT 404.351 quality factor 1004.14  Total Playback Bitrate  42
p1-t1-ra.log+buff  ro 1.28933 Full Time 0 Empty Time 3.14074 Inefficiency 0.284599 Total Time 601.151 x=ro/(ro+1) 0.56319 x*TT 338.563 quality factor 2819.7  Total Playback Bitrate  24
p1-t2-ra.log+buff  ro 1.14314 Full Time 78.02 Empty Time 5.02131 Inefficiency 0.252656 Total Time 666.877 x=ro/(ro+1) 0.533396 x*TT 355.709 quality factor 3227.99  Total Playback Bitrate  16
p1-t3-ra.log+buff  ro 1.15012 Full Time 143.577 Empty Time 16.1283 Inefficiency 0.264721 Total Time 662.12 x=ro/(ro+1) 0.534909 x*TT 354.174 quality factor 3310.03  Total Playback Bitrate  30
p1-t4-ra.log+buff  ro 1.2362 Full Time 8.564 Empty Time 2.93878 Inefficiency 0.27445 Total Time 597.051 x=ro/(ro+1) 0.552812 x*TT 330.057 quality factor 3110.95  Total Playback Bitrate  12
p1-t5-ra.log+buff  ro 1.37454 Full Time 0 Empty Time 3.03924 Inefficiency 0.318278 Total Time 246.909 x=ro/(ro+1) 0.578865 x*TT 142.927 quality factor 2051.68  Total Playback Bitrate  6
p1-t6-ra.log+buff  ro 1.27914 Full Time 0 Empty Time 8.98396 Inefficiency 0.291466 Total Time 644.879 x=ro/(ro+1) 0.561238 x*TT 361.931 quality factor 2559.04  Total Playback Bitrate  16
p1-t7-ra.log+buff  ro 1.20984 Full Time 0 Empty Time 24.1686 Inefficiency 0.230891 Total Time 679.392 x=ro/(ro+1) 0.547478 x*TT 371.952 quality factor 2453.15  Total Playback Bitrate  14
p2-t1-ra.log+buff  ro 1.30083 Full Time 1.71 Empty Time 1.38722 Inefficiency 0.295539 Total Time 603.544 x=ro/(ro+1) 0.565374 x*TT 341.228 quality factor 2301.89  Total Playback Bitrate  20
p2-t2-ra.log+buff  ro 1.10546 Full Time 0 Empty Time 1.01994 Inefficiency 0.262071 Total Time 659.573 x=ro/(ro+1) 0.525043 x*TT 346.304 quality factor 2796.35  Total Playback Bitrate  21
p2-t3-ra.log+buff  ro 1.16576 Full Time 89.95 Empty Time 7.22096 Inefficiency 0.337924 Total Time 668.064 x=ro/(ro+1) 0.538269 x*TT 359.598 quality factor 2736.17  Total Playback Bitrate  35
p2-t4-ra.log+buff  ro 1.17532 Full Time 9.918 Empty Time 1.40365 Inefficiency 0.265749 Total Time 598.708 x=ro/(ro+1) 0.540297 x*TT 323.48 quality factor 2842.98  Total Playback Bitrate  19
p2-t5-ra.log+buff  ro 1.80617 Full Time 0 Empty Time 1.56407 Inefficiency 0.44624 Total Time 248.152 x=ro/(ro+1) 0.643642 x*TT 159.721 quality factor 1832.79  Total Playback Bitrate  4
p2-t6-ra.log+buff  ro 1.27637 Full Time 0 Empty Time 3.85688 Inefficiency 0.289978 Total Time 642.803 x=ro/(ro+1) 0.560704 x*TT 360.422 quality factor 2328.48  Total Playback Bitrate  12
p2-t7-ra.log+buff  ro 1.28898 Full Time 0 Empty Time 2.05132 Inefficiency 0.257694 Total Time 661.521 x=ro/(ro+1) 0.563124 x*TT 372.518 quality factor 2496.22  Total Playback Bitrate  12
p3-t1-ra.log+buff  ro 1.25405 Full Time 0.747 Empty Time 3.09805 Inefficiency 0.34165 Total Time 606.144 x=ro/(ro+1) 0.556353 x*TT 337.23 quality factor 1775.09  Total Playback Bitrate  19
p3-t2-ra.log+buff  ro 0.931118 Full Time 85.692 Empty Time 2.42943 Inefficiency 0.196311 Total Time 664.348 x=ro/(ro+1) 0.482165 x*TT 320.326 quality factor 2116.37  Total Playback Bitrate  15
p3-t3-ra.log+buff  ro 0.996639 Full Time 200.125 Empty Time 2.40648 Inefficiency 0.188728 Total Time 664.344 x=ro/(ro+1) 0.499158 x*TT 331.613 quality factor 2016.67  Total Playback Bitrate  17
p3-t4-ra.log+buff  ro 1.05977 Full Time 31.806 Empty Time 1.09194 Inefficiency 0.225854 Total Time 599.352 x=ro/(ro+1) 0.51451 x*TT 308.372 quality factor 1961.84  Total Playback Bitrate  15
p3-t5-ra.log+buff  ro 1.62692 Full Time 0 Empty Time 1.09852 Inefficiency 0.378874 Total Time 247.736 x=ro/(ro+1) 0.619326 x*TT 153.429 quality factor 1327.19  Total Playback Bitrate  9
p3-t6-ra.log+buff  ro 1.27897 Full Time 0 Empty Time 13.7038 Inefficiency 0.296627 Total Time 646.545 x=ro/(ro+1) 0.561206 x*TT 362.845 quality factor 1525.13  Total Playback Bitrate  21
p3-t7-ra.log+buff  ro 1.4168 Full Time 0 Empty Time 0.995486 Inefficiency 0.330579 Total Time 662.295 x=ro/(ro+1) 0.586229 x*TT 388.257 quality factor 1390.08  Total Playback Bitrate  23
p4-t1-ra.log+buff  ro 0.946304 Full Time 0 Empty Time 20.2269 Inefficiency 0.158797 Total Time 669.382 x=ro/(ro+1) 0.486206 x*TT 325.457 quality factor 1200  Total Playback Bitrate  0
p4-t2-ra.log+buff  ro 0.647309 Full Time 0 Empty Time 8.89338 Inefficiency 0.0932969 Total Time 887.733 x=ro/(ro+1) 0.392949 x*TT 348.834 quality factor 1825.56  Total Playback Bitrate  6
p4-t3-ra.log+buff  ro 0.861483 Full Time 246.363 Empty Time 21.6796 Inefficiency 0.127652 Total Time 776.43 x=ro/(ro+1) 0.462794 x*TT 359.327 quality factor 1945.42  Total Playback Bitrate  14
p4-t4-ra.log+buff  ro 0.849688 Full Time 34.51 Empty Time 2.23408 Inefficiency 0.132387 Total Time 602.637 x=ro/(ro+1) 0.459368 x*TT 276.832 quality factor 1380.28  Total Playback Bitrate  9
p4-t5-ra.log+buff  ro 1.31927 Full Time 0 Empty Time 8.46634 Inefficiency 0.284639 Total Time 278.709 x=ro/(ro+1) 0.568831 x*TT 158.538 quality factor 820.216  Total Playback Bitrate  4
p4-t6-ra.log+buff  ro 1.33323 Full Time 0 Empty Time 24.2103 Inefficiency 0.252013 Total Time 641.694 x=ro/(ro+1) 0.571409 x*TT 366.67 quality factor 913.103  Total Playback Bitrate  14
p4-t7-ra.log+buff  ro 1.46675 Full Time 53.145 Empty Time 2.45403 Inefficiency 0.359053 Total Time 666.577 x=ro/(ro+1) 0.594609 x*TT 396.353 quality factor 1004.52  Total Playback Bitrate  26
