p1-t1-abr.log+buff  ro 1.29924 Full Time 0 Empty Time 3.64923 Inefficiency 0.270815 Total Time 594.946 x=ro/(ro+1) 0.565074 x*TT 336.189 quality factor 2616.02  Total Playback Bitrate  95
p1-t2-abr.log+buff  ro 1.1606 Full Time 0 Empty Time 2.90707 Inefficiency 0.222902 Total Time 655.227 x=ro/(ro+1) 0.537165 x*TT 351.965 quality factor 2923.41  Total Playback Bitrate  88
p1-t3-abr.log+buff  ro 1.35104 Full Time 0 Empty Time 7.21901 Inefficiency 0.296171 Total Time 654.394 x=ro/(ro+1) 0.574656 x*TT 376.051 quality factor 2719.58  Total Playback Bitrate  146
p1-t4-abr.log+buff  ro 1.39935 Full Time 0 Empty Time 4.16805 Inefficiency 0.332952 Total Time 594.898 x=ro/(ro+1) 0.58322 x*TT 346.956 quality factor 2506.9  Total Playback Bitrate  78
p1-t5-abr.log+buff  ro 1.85038 Full Time 0 Empty Time 4.38745 Inefficiency 0.426284 Total Time 244.509 x=ro/(ro+1) 0.649169 x*TT 158.728 quality factor 1801.32  Total Playback Bitrate  26
p1-t6-abr.log+buff  ro 1.61239 Full Time 0 Empty Time 7.3205 Inefficiency 0.299426 Total Time 639.158 x=ro/(ro+1) 0.617209 x*TT 394.494 quality factor 2597.4  Total Playback Bitrate  479
p1-t7-abr.log+buff  ro 1.73393 Full Time 0 Empty Time 5.56326 Inefficiency 0.339005 Total Time 654.64 x=ro/(ro+1) 0.634227 x*TT 415.19 quality factor 2580.9  Total Playback Bitrate  236
p2-t1-abr.log+buff  ro 1.37039 Full Time 0 Empty Time 1.44728 Inefficiency 0.292286 Total Time 596.531 x=ro/(ro+1) 0.578128 x*TT 344.871 quality factor 2257.18  Total Playback Bitrate  108
p2-t2-abr.log+buff  ro 1.11014 Full Time 0 Empty Time 1.06333 Inefficiency 0.21033 Total Time 657.691 x=ro/(ro+1) 0.526097 x*TT 346.009 quality factor 2868.67  Total Playback Bitrate  82
p2-t3-abr.log+buff  ro 1.31985 Full Time 0 Empty Time 4.25506 Inefficiency 0.290454 Total Time 655.425 x=ro/(ro+1) 0.568937 x*TT 372.896 quality factor 2624.08  Total Playback Bitrate  102
p2-t4-abr.log+buff  ro 1.31362 Full Time 0 Empty Time 1.48563 Inefficiency 0.306716 Total Time 596.959 x=ro/(ro+1) 0.567777 x*TT 338.94 quality factor 2544.05  Total Playback Bitrate  74
p2-t5-abr.log+buff  ro 1.65334 Full Time 0 Empty Time 3.77816 Inefficiency 0.397007 Total Time 246.486 x=ro/(ro+1) 0.623116 x*TT 153.589 quality factor 1838.48  Total Playback Bitrate  4
p2-t6-abr.log+buff  ro 1.43289 Full Time 0 Empty Time 3.89892 Inefficiency 0.318529 Total Time 639.227 x=ro/(ro+1) 0.588965 x*TT 376.483 quality factor 2972.16  Total Playback Bitrate  359
p2-t7-abr.log+buff  ro 1.45101 Full Time 0 Empty Time 2.43251 Inefficiency 0.31586 Total Time 655.705 x=ro/(ro+1) 0.592005 x*TT 388.181 quality factor 2547.2  Total Playback Bitrate  124
p3-t1-abr.log+buff  ro 1.25164 Full Time 0 Empty Time 6.3548 Inefficiency 0.319468 Total Time 603.806 x=ro/(ro+1) 0.555879 x*TT 335.643 quality factor 1551.67  Total Playback Bitrate  142
p3-t2-abr.log+buff  ro 0.963256 Full Time 0 Empty Time 2.39568 Inefficiency 0.211896 Total Time 665.002 x=ro/(ro+1) 0.490642 x*TT 326.278 quality factor 2134.86  Total Playback Bitrate  152
p3-t3-abr.log+buff  ro 1.16417 Full Time 0 Empty Time 4.90627 Inefficiency 0.290966 Total Time 655.962 x=ro/(ro+1) 0.53793 x*TT 352.862 quality factor 1912.59  Total Playback Bitrate  162
p3-t4-abr.log+buff  ro 1.1595 Full Time 0 Empty Time 0.840129 Inefficiency 0.283976 Total Time 600.182 x=ro/(ro+1) 0.53693 x*TT 322.256 quality factor 1515.65  Total Playback Bitrate  126
p3-t5-abr.log+buff  ro 1.48192 Full Time 0 Empty Time 6.98174 Inefficiency 0.330184 Total Time 245.669 x=ro/(ro+1) 0.597087 x*TT 146.686 quality factor 1427.97  Total Playback Bitrate  34
p3-t6-abr.log+buff  ro 1.90163 Full Time 0 Empty Time 40.8995 Inefficiency 0.359381 Total Time 636.481 x=ro/(ro+1) 0.655366 x*TT 417.128 quality factor 1621.05  Total Playback Bitrate  676
p3-t7-abr.log+buff  ro 1.88293 Full Time 0 Empty Time 2.48689 Inefficiency 0.445035 Total Time 655.873 x=ro/(ro+1) 0.653131 x*TT 428.371 quality factor 1553.58  Total Playback Bitrate  340
p4-t1-abr.log+buff  ro 0.930532 Full Time 0 Empty Time 14.8535 Inefficiency 0.144655 Total Time 660.352 x=ro/(ro+1) 0.482008 x*TT 318.295 quality factor 1240.56  Total Playback Bitrate  64
p4-t2-abr.log+buff  ro 0.689483 Full Time 0 Empty Time 6.92905 Inefficiency 0.164735 Total Time 712.728 x=ro/(ro+1) 0.408103 x*TT 290.867 quality factor 1864.33  Total Playback Bitrate  74
p4-t3-abr.log+buff  ro 0.876145 Full Time 0 Empty Time 3.30967 Inefficiency 0.141252 Total Time 656.579 x=ro/(ro+1) 0.466992 x*TT 306.617 quality factor 1372.08  Total Playback Bitrate  148
p4-t4-abr.log+buff  ro 0.902406 Full Time 0 Empty Time 1.08587 Inefficiency 0.14664 Total Time 597.985 x=ro/(ro+1) 0.47435 x*TT 283.654 quality factor 1209.95  Total Playback Bitrate  120
p4-t5-abr.log+buff  ro 1.58273 Full Time 0 Empty Time 2.87388 Inefficiency 0.394937 Total Time 251.573 x=ro/(ro+1) 0.612813 x*TT 154.167 quality factor 932.158  Total Playback Bitrate  80
p4-t6-abr.log+buff  ro 1.58814 Full Time 0 Empty Time 3.38262 Inefficiency 0.302826 Total Time 638.505 x=ro/(ro+1) 0.613622 x*TT 391.8 quality factor 1499.85  Total Playback Bitrate  739
p4-t7-abr.log+buff  ro 2.0761 Full Time 0 Empty Time 2.96034 Inefficiency 0.447946 Total Time 656.327 x=ro/(ro+1) 0.674913 x*TT 442.963 quality factor 838.339  Total Playback Bitrate  476
p1-t1-bb.log+buff  ro 1.15979 Full Time 0 Empty Time 4.30513 Inefficiency 0.29408 Total Time 595.026 x=ro/(ro+1) 0.536992 x*TT 319.524 quality factor 3069.24  Total Playback Bitrate  33
p1-t2-bb.log+buff  ro 1.16211 Full Time 0 Empty Time 3.19823 Inefficiency 0.326533 Total Time 655.134 x=ro/(ro+1) 0.53749 x*TT 352.128 quality factor 3182.82  Total Playback Bitrate  9
p1-t3-bb.log+buff  ro 1.19156 Full Time 0 Empty Time 7.24857 Inefficiency 0.369909 Total Time 654.116 x=ro/(ro+1) 0.543703 x*TT 355.645 quality factor 3271.61  Total Playback Bitrate  9
p1-t4-bb.log+buff  ro 1.10998 Full Time 0 Empty Time 4.64931 Inefficiency 0.228857 Total Time 594.824 x=ro/(ro+1) 0.526061 x*TT 312.914 quality factor 3346  Total Playback Bitrate  11
p1-t5-bb.log+buff  ro 2.60933 Full Time 0 Empty Time 5.47973 Inefficiency 0.509916 Total Time 244.432 x=ro/(ro+1) 0.72294 x*TT 176.71 quality factor 1961.47  Total Playback Bitrate  20
p1-t6-bb.log+buff  ro 1.99844 Full Time 0 Empty Time 7.1497 Inefficiency 0.393433 Total Time 635.256 x=ro/(ro+1) 0.666494 x*TT 423.394 quality factor 3481.43  Total Playback Bitrate  53
p1-t7-bb.log+buff  ro 1.99028 Full Time 0 Empty Time 4.96644 Inefficiency 0.37192 Total Time 654.596 x=ro/(ro+1) 0.665583 x*TT 435.688 quality factor 2612.64  Total Playback Bitrate  21
p2-t1-bb.log+buff  ro 1.09258 Full Time 0 Empty Time 1.49752 Inefficiency 0.24579 Total Time 596.545 x=ro/(ro+1) 0.522122 x*TT 311.469 quality factor 2882.38  Total Playback Bitrate  34
p2-t2-bb.log+buff  ro 1.03932 Full Time 0 Empty Time 1.12482 Inefficiency 0.221388 Total Time 657.612 x=ro/(ro+1) 0.50964 x*TT 335.145 quality factor 3195.12  Total Playback Bitrate  8
p2-t3-bb.log+buff  ro 0.994532 Full Time 0 Empty Time 3.74991 Inefficiency 0.227514 Total Time 654.832 x=ro/(ro+1) 0.498629 x*TT 326.518 quality factor 3289.89  Total Playback Bitrate  6
p2-t4-bb.log+buff  ro 1.00781 Full Time 0 Empty Time 1.57794 Inefficiency 0.149148 Total Time 596.736 x=ro/(ro+1) 0.501946 x*TT 299.529 quality factor 3206.67  Total Playback Bitrate  14
p2-t5-bb.log+buff  ro 2.20577 Full Time 0 Empty Time 1.64662 Inefficiency 0.488738 Total Time 245.228 x=ro/(ro+1) 0.688063 x*TT 168.732 quality factor 1908.4  Total Playback Bitrate  16
p2-t6-bb.log+buff  ro 1.4459 Full Time 0 Empty Time 2.20388 Inefficiency 0.35353 Total Time 636.604 x=ro/(ro+1) 0.591153 x*TT 376.331 quality factor 3335.82  Total Playback Bitrate  41
p2-t7-bb.log+buff  ro 1.49297 Full Time 0 Empty Time 2.26431 Inefficiency 0.321927 Total Time 655.817 x=ro/(ro+1) 0.598871 x*TT 392.75 quality factor 2700.97  Total Playback Bitrate  16
p3-t1-bb.log+buff  ro 0.998856 Full Time 0 Empty Time 9.66712 Inefficiency 0.237765 Total Time 607.386 x=ro/(ro+1) 0.499714 x*TT 303.519 quality factor 1904.97  Total Playback Bitrate  57
p3-t2-bb.log+buff  ro 0.859984 Full Time 0 Empty Time 1.2183 Inefficiency 0.200032 Total Time 665.22 x=ro/(ro+1) 0.462361 x*TT 307.572 quality factor 2227.49  Total Playback Bitrate  25
p3-t3-bb.log+buff  ro 0.892029 Full Time 0 Empty Time 1.77226 Inefficiency 0.177786 Total Time 656.339 x=ro/(ro+1) 0.471467 x*TT 309.442 quality factor 2350.35  Total Playback Bitrate  21
p3-t4-bb.log+buff  ro 0.887551 Full Time 0 Empty Time 2.07803 Inefficiency 0.176677 Total Time 601.07 x=ro/(ro+1) 0.470213 x*TT 282.631 quality factor 2233.77  Total Playback Bitrate  31
p3-t5-bb.log+buff  ro 1.52841 Full Time 0 Empty Time 0.875716 Inefficiency 0.352986 Total Time 247.094 x=ro/(ro+1) 0.604495 x*TT 149.367 quality factor 1548.13  Total Playback Bitrate  14
p3-t6-bb.log+buff  ro 1.49544 Full Time 0 Empty Time 2.10532 Inefficiency 0.34252 Total Time 636.845 x=ro/(ro+1) 0.599269 x*TT 381.641 quality factor 1899.9  Total Playback Bitrate  51
p3-t7-bb.log+buff  ro 1.58661 Full Time 0 Empty Time 1.64557 Inefficiency 0.410874 Total Time 657.159 x=ro/(ro+1) 0.613393 x*TT 403.097 quality factor 1801.03  Total Playback Bitrate  29
p4-t1-bb.log+buff  ro 0.904398 Full Time 0 Empty Time 17.0304 Inefficiency 0.149038 Total Time 660.174 x=ro/(ro+1) 0.4749 x*TT 313.516 quality factor 1328.44  Total Playback Bitrate  28
p4-t2-bb.log+buff  ro 0.655522 Full Time 0 Empty Time 9.49536 Inefficiency 0.180725 Total Time 870.308 x=ro/(ro+1) 0.395961 x*TT 344.608 quality factor 1734.14  Total Playback Bitrate  18
p4-t3-bb.log+buff  ro 0.731793 Full Time 0 Empty Time 1.98025 Inefficiency 0.0935233 Total Time 655.952 x=ro/(ro+1) 0.422564 x*TT 277.182 quality factor 1619.39  Total Playback Bitrate  73
p4-t4-bb.log+buff  ro 0.786467 Full Time 0 Empty Time 3.24253 Inefficiency 0.194364 Total Time 635.727 x=ro/(ro+1) 0.440236 x*TT 279.87 quality factor 1565.68  Total Playback Bitrate  47
p4-t5-bb.log+buff  ro 1.47167 Full Time 0 Empty Time 2.52769 Inefficiency 0.350815 Total Time 247.089 x=ro/(ro+1) 0.595415 x*TT 147.12 quality factor 1046.72  Total Playback Bitrate  18
p4-t6-bb.log+buff  ro 1.47115 Full Time 0 Empty Time 1.67011 Inefficiency 0.33999 Total Time 637.302 x=ro/(ro+1) 0.595331 x*TT 379.405 quality factor 1212.41  Total Playback Bitrate  48
p4-t7-bb.log+buff  ro 1.46747 Full Time 0 Empty Time 1.15563 Inefficiency 0.396118 Total Time 656.761 x=ro/(ro+1) 0.594726 x*TT 390.593 quality factor 1187.05  Total Playback Bitrate  27
p1-t1-bola.log+buff  ro 2.08915 Full Time 0 Empty Time 3.80941 Inefficiency 0.507835 Total Time 594.904 x=ro/(ro+1) 0.676286 x*TT 402.325 quality factor 1638.41  Total Playback Bitrate  4
p1-t2-bola.log+buff  ro 1.54691 Full Time 0 Empty Time 2.95705 Inefficiency 0.384054 Total Time 655.199 x=ro/(ro+1) 0.607367 x*TT 397.946 quality factor 1938.93  Total Playback Bitrate  4
p1-t3-bola.log+buff  ro 1.15901 Full Time 0 Empty Time 14.1573 Inefficiency 0.325825 Total Time 654.105 x=ro/(ro+1) 0.536824 x*TT 351.139 quality factor 2887.93  Total Playback Bitrate  7
p1-t4-bola.log+buff  ro 1.69578 Full Time 0 Empty Time 4.06373 Inefficiency 0.41064 Total Time 594.933 x=ro/(ro+1) 0.62905 x*TT 374.242 quality factor 2303.02  Total Playback Bitrate  6
p1-t5-bola.log+buff  ro 1.42766 Full Time 0 Empty Time 4.51135 Inefficiency 0.368147 Total Time 244.492 x=ro/(ro+1) 0.588081 x*TT 143.781 quality factor 2111.62  Total Playback Bitrate  6
p1-t6-bola.log+buff  ro 1.47659 Full Time 0 Empty Time 7.91688 Inefficiency 0.319069 Total Time 636.333 x=ro/(ro+1) 0.596218 x*TT 379.393 quality factor 2208.05  Total Playback Bitrate  55
p1-t7-bola.log+buff  ro 1.27212 Full Time 0 Empty Time 8.88021 Inefficiency 0.261376 Total Time 654.893 x=ro/(ro+1) 0.559883 x*TT 366.663 quality factor 2635.24  Total Playback Bitrate  30
p2-t1-bola.log+buff  ro 2.30223 Full Time 0 Empty Time 1.40981 Inefficiency 0.496311 Total Time 596.707 x=ro/(ro+1) 0.697174 x*TT 416.009 quality factor 1200  Total Playback Bitrate  0
p2-t2-bola.log+buff  ro 1.77201 Full Time 0 Empty Time 1.02344 Inefficiency 0.426935 Total Time 657.762 x=ro/(ro+1) 0.63925 x*TT 420.475 quality factor 1622  Total Playback Bitrate  0
p2-t3-bola.log+buff  ro 2.26433 Full Time 0 Empty Time 2.98588 Inefficiency 0.495958 Total Time 654.628 x=ro/(ro+1) 0.693658 x*TT 454.088 quality factor 1198  Total Playback Bitrate  0
p2-t4-bola.log+buff  ro 2.30181 Full Time 0 Empty Time 1.56375 Inefficiency 0.503038 Total Time 596.604 x=ro/(ro+1) 0.697136 x*TT 415.914 quality factor 1143  Total Playback Bitrate  0
p2-t5-bola.log+buff  ro 1.80701 Full Time 0 Empty Time 1.55724 Inefficiency 0.399185 Total Time 245.304 x=ro/(ro+1) 0.643749 x*TT 157.914 quality factor 1853.61  Total Playback Bitrate  12
p2-t6-bola.log+buff  ro 1.69978 Full Time 0 Empty Time 4.00671 Inefficiency 0.385742 Total Time 639.19 x=ro/(ro+1) 0.6296 x*TT 402.434 quality factor 1976.03  Total Playback Bitrate  47
p2-t7-bola.log+buff  ro 1.49337 Full Time 0 Empty Time 2.36235 Inefficiency 0.322091 Total Time 655.691 x=ro/(ro+1) 0.598937 x*TT 392.718 quality factor 2422.3  Total Playback Bitrate  28
p3-t1-bola.log+buff  ro 1.39701 Full Time 0 Empty Time 8.72397 Inefficiency 0.369505 Total Time 608.121 x=ro/(ro+1) 0.582813 x*TT 354.421 quality factor 1200  Total Playback Bitrate  0
p3-t2-bola.log+buff  ro 1.02242 Full Time 0 Empty Time 5.44783 Inefficiency 0.245121 Total Time 674.02 x=ro/(ro+1) 0.505544 x*TT 340.747 quality factor 1622  Total Playback Bitrate  0
p3-t3-bola.log+buff  ro 1.39187 Full Time 0 Empty Time 4.78244 Inefficiency 0.364252 Total Time 657.71 x=ro/(ro+1) 0.581917 x*TT 382.732 quality factor 1198  Total Playback Bitrate  0
p3-t4-bola.log+buff  ro 1.40133 Full Time 0 Empty Time 0.786114 Inefficiency 0.35928 Total Time 600.554 x=ro/(ro+1) 0.583564 x*TT 350.462 quality factor 1143  Total Playback Bitrate  0
p3-t5-bola.log+buff  ro 1.52192 Full Time 0 Empty Time 0.89752 Inefficiency 0.36506 Total Time 246.752 x=ro/(ro+1) 0.603476 x*TT 148.909 quality factor 1505.92  Total Playback Bitrate  20
p3-t6-bola.log+buff  ro 1.65732 Full Time 0 Empty Time 1.46619 Inefficiency 0.385496 Total Time 637.63 x=ro/(ro+1) 0.623682 x*TT 397.678 quality factor 1268.86  Total Playback Bitrate  93
p3-t7-bola.log+buff  ro 1.60548 Full Time 0 Empty Time 2.97155 Inefficiency 0.361322 Total Time 656.735 x=ro/(ro+1) 0.616194 x*TT 404.676 quality factor 1190.14  Total Playback Bitrate  23
p4-t1-bola.log+buff  ro 0.921088 Full Time 0 Empty Time 15.3121 Inefficiency 0.138525 Total Time 659.829 x=ro/(ro+1) 0.479462 x*TT 316.363 quality factor 1200  Total Playback Bitrate  0
p4-t2-bola.log+buff  ro 0.648581 Full Time 0 Empty Time 9.7085 Inefficiency 0.0924658 Total Time 877.857 x=ro/(ro+1) 0.393418 x*TT 345.364 quality factor 1622  Total Playback Bitrate  0
p4-t3-bola.log+buff  ro 0.906443 Full Time 0 Empty Time 10.8559 Inefficiency 0.181517 Total Time 674.479 x=ro/(ro+1) 0.475463 x*TT 320.69 quality factor 1300.22  Total Playback Bitrate  3
p4-t4-bola.log+buff  ro 0.905286 Full Time 0 Empty Time 2.22128 Inefficiency 0.162612 Total Time 607.965 x=ro/(ro+1) 0.475144 x*TT 288.871 quality factor 1143  Total Playback Bitrate  0
p4-t5-bola.log+buff  ro 1.57782 Full Time 0 Empty Time 4.74113 Inefficiency 0.381472 Total Time 249.318 x=ro/(ro+1) 0.612076 x*TT 152.601 quality factor 575.438  Total Playback Bitrate  7
p4-t6-bola.log+buff  ro 1.77309 Full Time 0 Empty Time 4.70941 Inefficiency 0.399686 Total Time 643.351 x=ro/(ro+1) 0.639391 x*TT 411.353 quality factor 797.827  Total Playback Bitrate  86
p4-t7-bola.log+buff  ro 2.20835 Full Time 0 Empty Time 5.41557 Inefficiency 0.488139 Total Time 660.135 x=ro/(ro+1) 0.688313 x*TT 454.38 quality factor 622.693  Total Playback Bitrate  17
p1-t1-elastic.log+buff  ro 1.06715 Full Time 0 Empty Time 5.93756 Inefficiency 0.201258 Total Time 595.057 x=ro/(ro+1) 0.516241 x*TT 307.193 quality factor 3036.59  Total Playback Bitrate  37
p1-t2-elastic.log+buff  ro 0.941925 Full Time 0 Empty Time 2.98113 Inefficiency 0.176053 Total Time 655.196 x=ro/(ro+1) 0.485047 x*TT 317.801 quality factor 3165.17  Total Playback Bitrate  19
p1-t3-elastic.log+buff  ro 0.977302 Full Time 0 Empty Time 1.44903 Inefficiency 0.240502 Total Time 654.284 x=ro/(ro+1) 0.49426 x*TT 323.387 quality factor 3153.84  Total Playback Bitrate  37
p1-t4-elastic.log+buff  ro 1.03443 Full Time 0 Empty Time 3.89945 Inefficiency 0.172031 Total Time 594.968 x=ro/(ro+1) 0.508462 x*TT 302.519 quality factor 3227.89  Total Playback Bitrate  21
p1-t5-elastic.log+buff  ro 1.46672 Full Time 0 Empty Time 4.97873 Inefficiency 0.380584 Total Time 244.465 x=ro/(ro+1) 0.594604 x*TT 145.36 quality factor 2058.48  Total Playback Bitrate  10
p1-t6-elastic.log+buff  ro 1.14605 Full Time 0 Empty Time 17.3332 Inefficiency 0.244588 Total Time 654.932 x=ro/(ro+1) 0.534027 x*TT 349.751 quality factor 2784.9  Total Playback Bitrate  52
p1-t7-elastic.log+buff  ro 1.13483 Full Time 0 Empty Time 8.60396 Inefficiency 0.200599 Total Time 655.054 x=ro/(ro+1) 0.53158 x*TT 348.213 quality factor 2662.98  Total Playback Bitrate  45
p2-t1-elastic.log+buff  ro 1.06927 Full Time 0 Empty Time 1.45175 Inefficiency 0.215433 Total Time 596.816 x=ro/(ro+1) 0.516738 x*TT 308.398 quality factor 2937.17  Total Playback Bitrate  58
p2-t2-elastic.log+buff  ro 0.935215 Full Time 0 Empty Time 0.972012 Inefficiency 0.173949 Total Time 658.089 x=ro/(ro+1) 0.483262 x*TT 318.029 quality factor 3245.47  Total Playback Bitrate  14
p2-t3-elastic.log+buff  ro 0.96938 Full Time 0 Empty Time 5.37311 Inefficiency 0.212224 Total Time 656.737 x=ro/(ro+1) 0.492226 x*TT 323.263 quality factor 3269.5  Total Playback Bitrate  46
p2-t4-elastic.log+buff  ro 1.01545 Full Time 0 Empty Time 1.52752 Inefficiency 0.157109 Total Time 596.907 x=ro/(ro+1) 0.503833 x*TT 300.741 quality factor 3163.57  Total Playback Bitrate  18
p2-t5-elastic.log+buff  ro 1.50522 Full Time 0 Empty Time 8.42319 Inefficiency 0.376532 Total Time 276.256 x=ro/(ro+1) 0.600834 x*TT 165.984 quality factor 1886.82  Total Playback Bitrate  9
p2-t6-elastic.log+buff  ro 1.09717 Full Time 0 Empty Time 12.371 Inefficiency 0.237553 Total Time 655.318 x=ro/(ro+1) 0.523167 x*TT 342.84 quality factor 2967.16  Total Playback Bitrate  50
p2-t7-elastic.log+buff  ro 1.20744 Full Time 0 Empty Time 14.2642 Inefficiency 0.200165 Total Time 659.382 x=ro/(ro+1) 0.546987 x*TT 360.674 quality factor 2533.42  Total Playback Bitrate  40
p3-t1-elastic.log+buff  ro 0.985031 Full Time 0 Empty Time 3.30801 Inefficiency 0.196962 Total Time 604.201 x=ro/(ro+1) 0.49623 x*TT 299.822 quality factor 1812.58  Total Playback Bitrate  50
p3-t2-elastic.log+buff  ro 0.782069 Full Time 0 Empty Time 2.30821 Inefficiency 0.150449 Total Time 664.983 x=ro/(ro+1) 0.438855 x*TT 291.831 quality factor 2224.54  Total Playback Bitrate  31
p3-t3-elastic.log+buff  ro 0.814404 Full Time 0 Empty Time 2.16782 Inefficiency 0.141561 Total Time 657.152 x=ro/(ro+1) 0.448855 x*TT 294.966 quality factor 2263.28  Total Playback Bitrate  65
p3-t4-elastic.log+buff  ro 0.952624 Full Time 0 Empty Time 0.923953 Inefficiency 0.186055 Total Time 599.466 x=ro/(ro+1) 0.487869 x*TT 292.461 quality factor 1908.44  Total Playback Bitrate  20
p3-t5-elastic.log+buff  ro 1.1507 Full Time 0 Empty Time 11.7916 Inefficiency 0.242123 Total Time 322.005 x=ro/(ro+1) 0.535034 x*TT 172.284 quality factor 1798.51  Total Playback Bitrate  24
p3-t6-elastic.log+buff  ro 1.16084 Full Time 0 Empty Time 5.53112 Inefficiency 0.208492 Total Time 650.618 x=ro/(ro+1) 0.537217 x*TT 349.523 quality factor 1651.61  Total Playback Bitrate  113
p3-t7-elastic.log+buff  ro 1.158 Full Time 0 Empty Time 2.89126 Inefficiency 0.262959 Total Time 656.881 x=ro/(ro+1) 0.536608 x*TT 352.488 quality factor 1745.04  Total Playback Bitrate  102
p4-t1-elastic.log+buff  ro 0.900491 Full Time 0 Empty Time 15.4898 Inefficiency 0.120413 Total Time 659.578 x=ro/(ro+1) 0.47382 x*TT 312.521 quality factor 1249.98  Total Playback Bitrate  14
p4-t2-elastic.log+buff  ro 0.641033 Full Time 0 Empty Time 7.94271 Inefficiency 0.0483547 Total Time 773.635 x=ro/(ro+1) 0.390628 x*TT 302.203 quality factor 1693.5  Total Playback Bitrate  8
p4-t3-elastic.log+buff  ro 0.715394 Full Time 0 Empty Time 0.380781 Inefficiency 0.0682816 Total Time 656.197 x=ro/(ro+1) 0.417043 x*TT 273.663 quality factor 1639.01  Total Playback Bitrate  51
p4-t4-elastic.log+buff  ro 0.791647 Full Time 0 Empty Time 1.09719 Inefficiency 0.115911 Total Time 598.364 x=ro/(ro+1) 0.441854 x*TT 264.39 quality factor 1397.47  Total Playback Bitrate  29
p4-t5-elastic.log+buff  ro 1.33436 Full Time 0 Empty Time 5.01511 Inefficiency 0.273871 Total Time 270.482 x=ro/(ro+1) 0.571617 x*TT 154.612 quality factor 898.773  Total Playback Bitrate  24
p4-t6-elastic.log+buff  ro 1.25084 Full Time 0 Empty Time 28.592 Inefficiency 0.230054 Total Time 751.303 x=ro/(ro+1) 0.555721 x*TT 417.515 quality factor 1323.74  Total Playback Bitrate  136
p4-t7-elastic.log+buff  ro 1.22526 Full Time 0 Empty Time 3.07337 Inefficiency 0.310977 Total Time 656.229 x=ro/(ro+1) 0.550615 x*TT 361.329 quality factor 1099.35  Total Playback Bitrate  94
p1-t1-ar.log+buff  ro 1.08184 Full Time 0 Empty Time 3.6076 Inefficiency 0.252964 Total Time 596.177 x=ro/(ro+1) 0.519656 x*TT 309.807 quality factor 3105.61  Total Playback Bitrate  91
p1-t2-ar.log+buff  ro 0.946588 Full Time 0 Empty Time 2.78527 Inefficiency 0.199392 Total Time 656.023 x=ro/(ro+1) 0.486281 x*TT 319.011 quality factor 3192.17  Total Playback Bitrate  20
p1-t3-ar.log+buff  ro 1.01728 Full Time 0 Empty Time 13.9195 Inefficiency 0.274334 Total Time 655.563 x=ro/(ro+1) 0.504283 x*TT 330.589 quality factor 3169.22  Total Playback Bitrate  19
p1-t4-ar.log+buff  ro 0.999894 Full Time 0 Empty Time 3.98133 Inefficiency 0.173083 Total Time 595.616 x=ro/(ro+1) 0.499973 x*TT 297.792 quality factor 3357.73  Total Playback Bitrate  25
p1-t5-ar.log+buff  ro 1.40091 Full Time 0 Empty Time 3.88529 Inefficiency 0.361471 Total Time 245.047 x=ro/(ro+1) 0.583491 x*TT 142.983 quality factor 2106.96  Total Playback Bitrate  6
p1-t6-ar.log+buff  ro 1.20017 Full Time 0 Empty Time 6.99758 Inefficiency 0.278043 Total Time 640.215 x=ro/(ro+1) 0.545489 x*TT 349.23 quality factor 2754.42  Total Playback Bitrate  63
p1-t7-ar.log+buff  ro 1.20062 Full Time 0 Empty Time 9.48841 Inefficiency 0.243885 Total Time 657.928 x=ro/(ro+1) 0.545582 x*TT 358.954 quality factor 2675.32  Total Playback Bitrate  39
p2-t1-ar.log+buff  ro 1.06121 Full Time 0 Empty Time 1.25015 Inefficiency 0.236499 Total Time 597.735 x=ro/(ro+1) 0.514849 x*TT 307.743 quality factor 2991.03  Total Playback Bitrate  82
p2-t2-ar.log+buff  ro 0.933559 Full Time 0 Empty Time 0.995074 Inefficiency 0.165618 Total Time 658.134 x=ro/(ro+1) 0.482819 x*TT 317.76 quality factor 3260.29  Total Playback Bitrate  20
p2-t3-ar.log+buff  ro 0.98691 Full Time 0 Empty Time 5.25912 Inefficiency 0.236619 Total Time 657.848 x=ro/(ro+1) 0.496706 x*TT 326.757 quality factor 3287.72  Total Playback Bitrate  40
p2-t4-ar.log+buff  ro 0.977402 Full Time 0 Empty Time 1.93493 Inefficiency 0.153265 Total Time 598.718 x=ro/(ro+1) 0.494286 x*TT 295.938 quality factor 3309.76  Total Playback Bitrate  34
p2-t5-ar.log+buff  ro 1.46716 Full Time 0 Empty Time 9.93594 Inefficiency 0.372303 Total Time 270.065 x=ro/(ro+1) 0.594675 x*TT 160.601 quality factor 1972  Total Playback Bitrate  6
p2-t6-ar.log+buff  ro 1.17549 Full Time 0 Empty Time 5.2853 Inefficiency 0.277874 Total Time 641.183 x=ro/(ro+1) 0.540333 x*TT 346.452 quality factor 3057.03  Total Playback Bitrate  69
p2-t7-ar.log+buff  ro 1.22958 Full Time 0 Empty Time 2.53692 Inefficiency 0.242274 Total Time 656.242 x=ro/(ro+1) 0.551485 x*TT 361.907 quality factor 2621.39  Total Playback Bitrate  34
p3-t1-ar.log+buff  ro 0.982418 Full Time 0 Empty Time 5.5856 Inefficiency 0.209612 Total Time 601.8 x=ro/(ro+1) 0.495566 x*TT 298.231 quality factor 1919.16  Total Playback Bitrate  65
p3-t2-ar.log+buff  ro 0.818676 Full Time 0 Empty Time 3.8589 Inefficiency 0.161938 Total Time 680.271 x=ro/(ro+1) 0.450149 x*TT 306.224 quality factor 2352.02  Total Playback Bitrate  34
p3-t3-ar.log+buff  ro 0.833054 Full Time 0 Empty Time 0.462114 Inefficiency 0.163007 Total Time 666.687 x=ro/(ro+1) 0.454462 x*TT 302.984 quality factor 2598.26  Total Playback Bitrate  74
p3-t4-ar.log+buff  ro 0.857297 Full Time 0 Empty Time 2.46506 Inefficiency 0.170016 Total Time 606.895 x=ro/(ro+1) 0.461583 x*TT 280.133 quality factor 2390.18  Total Playback Bitrate  39
p3-t5-ar.log+buff  ro 1.12058 Full Time 0 Empty Time 11.4222 Inefficiency 0.266103 Total Time 275.505 x=ro/(ro+1) 0.528432 x*TT 145.586 quality factor 1659.85  Total Playback Bitrate  24
p3-t6-ar.log+buff  ro 1.16218 Full Time 0 Empty Time 3.35058 Inefficiency 0.247703 Total Time 639.982 x=ro/(ro+1) 0.537504 x*TT 343.993 quality factor 1726.07  Total Playback Bitrate  75
p3-t7-ar.log+buff  ro 1.22419 Full Time 0 Empty Time 3.15617 Inefficiency 0.295943 Total Time 657.377 x=ro/(ro+1) 0.550399 x*TT 361.82 quality factor 1742.58  Total Playback Bitrate  69
p4-t1-ar.log+buff  ro 0.910984 Full Time 0 Empty Time 13.4854 Inefficiency 0.153055 Total Time 877.342 x=ro/(ro+1) 0.476709 x*TT 418.237 quality factor 2177.42  Total Playback Bitrate  46
p4-t2-ar.log+buff  ro 0.641658 Full Time 0 Empty Time 6.13086 Inefficiency 0.0716693 Total Time 750.869 x=ro/(ro+1) 0.39086 x*TT 293.484 quality factor 2367.58  Total Playback Bitrate  16
p4-t3-ar.log+buff  ro 0.795841 Full Time 0 Empty Time 7.79688 Inefficiency 0.148609 Total Time 735.25 x=ro/(ro+1) 0.443158 x*TT 325.832 quality factor 2099.38  Total Playback Bitrate  64
p4-t4-ar.log+buff  ro 0.749282 Full Time 0 Empty Time 4.87427 Inefficiency 0.150526 Total Time 780.368 x=ro/(ro+1) 0.428337 x*TT 334.26 quality factor 2087.64  Total Playback Bitrate  46
p4-t5-ar.log+buff  ro 1.08787 Full Time 0 Empty Time 5.13368 Inefficiency 0.281236 Total Time 267.652 x=ro/(ro+1) 0.521044 x*TT 139.458 quality factor 1075.45  Total Playback Bitrate  19
p4-t6-ar.log+buff  ro 1.26029 Full Time 0 Empty Time 17.0865 Inefficiency 0.262288 Total Time 662.603 x=ro/(ro+1) 0.557578 x*TT 369.453 quality factor 1026.1  Total Playback Bitrate  77
p4-t7-ar.log+buff  ro 1.25873 Full Time 0 Empty Time 2.20963 Inefficiency 0.328266 Total Time 657.291 x=ro/(ro+1) 0.557274 x*TT 366.291 quality factor 1084.87  Total Playback Bitrate  63
p1-t1-dy.log+buff  ro 1.06862 Full Time 0 Empty Time 3.43416 Inefficiency 0.247905 Total Time 595.497 x=ro/(ro+1) 0.516586 x*TT 307.625 quality factor 3114.25  Total Playback Bitrate  97
p1-t2-dy.log+buff  ro 0.946593 Full Time 0 Empty Time 2.91064 Inefficiency 0.202877 Total Time 655.815 x=ro/(ro+1) 0.486282 x*TT 318.911 quality factor 3207.21  Total Playback Bitrate  20
p1-t3-dy.log+buff  ro 0.996927 Full Time 0 Empty Time 7.17409 Inefficiency 0.272669 Total Time 655.303 x=ro/(ro+1) 0.499231 x*TT 327.147 quality factor 3170.72  Total Playback Bitrate  27
p1-t4-dy.log+buff  ro 1.00569 Full Time 0 Empty Time 3.53094 Inefficiency 0.178111 Total Time 596.457 x=ro/(ro+1) 0.501418 x*TT 299.074 quality factor 3362.56  Total Playback Bitrate  23
p1-t5-dy.log+buff  ro 1.38829 Full Time 0 Empty Time 3.80996 Inefficiency 0.369837 Total Time 244.957 x=ro/(ro+1) 0.58129 x*TT 142.391 quality factor 2095.76  Total Playback Bitrate  6
p1-t6-dy.log+buff  ro 1.22265 Full Time 0 Empty Time 8.98543 Inefficiency 0.285015 Total Time 639.685 x=ro/(ro+1) 0.550086 x*TT 351.882 quality factor 2777.4  Total Playback Bitrate  62
p1-t7-dy.log+buff  ro 1.20807 Full Time 0 Empty Time 14.3794 Inefficiency 0.245711 Total Time 659.038 x=ro/(ro+1) 0.547116 x*TT 360.57 quality factor 2703.58  Total Playback Bitrate  35
p2-t1-dy.log+buff  ro 1.07225 Full Time 0 Empty Time 1.4156 Inefficiency 0.239749 Total Time 597.209 x=ro/(ro+1) 0.517433 x*TT 309.016 quality factor 3004.26  Total Playback Bitrate  90
p2-t2-dy.log+buff  ro 0.945204 Full Time 0 Empty Time 1.11089 Inefficiency 0.160063 Total Time 657.972 x=ro/(ro+1) 0.485915 x*TT 319.719 quality factor 3276.83  Total Playback Bitrate  18
p2-t3-dy.log+buff  ro 0.99383 Full Time 0 Empty Time 4.50061 Inefficiency 0.245689 Total Time 657.709 x=ro/(ro+1) 0.498453 x*TT 327.837 quality factor 3276.34  Total Playback Bitrate  38
p2-t4-dy.log+buff  ro 0.970032 Full Time 0 Empty Time 1.44859 Inefficiency 0.14968 Total Time 597.102 x=ro/(ro+1) 0.492394 x*TT 294.009 quality factor 3277.02  Total Playback Bitrate  24
p2-t5-dy.log+buff  ro 1.46983 Full Time 0 Empty Time 11.1446 Inefficiency 0.385706 Total Time 271.93 x=ro/(ro+1) 0.595114 x*TT 161.829 quality factor 1974.77  Total Playback Bitrate  6
p2-t6-dy.log+buff  ro 1.16932 Full Time 0 Empty Time 5.33602 Inefficiency 0.289209 Total Time 649.975 x=ro/(ro+1) 0.539027 x*TT 350.354 quality factor 3144.81  Total Playback Bitrate  69
p2-t7-dy.log+buff  ro 1.23274 Full Time 0 Empty Time 2.4569 Inefficiency 0.244204 Total Time 656.236 x=ro/(ro+1) 0.55212 x*TT 362.321 quality factor 2623.11  Total Playback Bitrate  32
p3-t1-dy.log+buff  ro 0.992162 Full Time 0 Empty Time 6.45145 Inefficiency 0.234025 Total Time 603.129 x=ro/(ro+1) 0.498033 x*TT 300.378 quality factor 1908.61  Total Playback Bitrate  45
p3-t2-dy.log+buff  ro 0.819074 Full Time 0 Empty Time 1.86221 Inefficiency 0.169085 Total Time 662.637 x=ro/(ro+1) 0.45027 x*TT 298.365 quality factor 2372.8  Total Playback Bitrate  16
p3-t3-dy.log+buff  ro 0.868265 Full Time 0 Empty Time 3.08157 Inefficiency 0.182371 Total Time 659.55 x=ro/(ro+1) 0.464744 x*TT 306.522 quality factor 2619.29  Total Playback Bitrate  46
p3-t4-dy.log+buff  ro 0.873647 Full Time 0 Empty Time 1.98428 Inefficiency 0.172201 Total Time 608.485 x=ro/(ro+1) 0.466282 x*TT 283.725 quality factor 2360.87  Total Playback Bitrate  37
p3-t5-dy.log+buff  ro 1.08304 Full Time 0 Empty Time 7.46745 Inefficiency 0.22738 Total Time 256.219 x=ro/(ro+1) 0.519932 x*TT 133.216 quality factor 1870.99  Total Playback Bitrate  16
p3-t6-dy.log+buff  ro 1.2419 Full Time 0 Empty Time 5.08683 Inefficiency 0.29457 Total Time 661.448 x=ro/(ro+1) 0.553949 x*TT 366.409 quality factor 1736.68  Total Playback Bitrate  34
p3-t7-dy.log+buff  ro 1.28035 Full Time 0 Empty Time 10.1821 Inefficiency 0.309913 Total Time 656.519 x=ro/(ro+1) 0.561471 x*TT 368.616 quality factor 1841.38  Total Playback Bitrate  41
p4-t1-dy.log+buff  ro 0.902393 Full Time 0 Empty Time 10.3891 Inefficiency 0.140652 Total Time 885.439 x=ro/(ro+1) 0.474346 x*TT 420.005 quality factor 1999.21  Total Playback Bitrate  32
p4-t2-dy.log+buff  ro 0.659163 Full Time 0 Empty Time 3.91669 Inefficiency 0.125093 Total Time 750.694 x=ro/(ro+1) 0.397287 x*TT 298.241 quality factor 2200.8  Total Playback Bitrate  10
p4-t3-dy.log+buff  ro 0.746972 Full Time 0 Empty Time 4.31344 Inefficiency 0.125227 Total Time 841.056 x=ro/(ro+1) 0.427581 x*TT 359.62 quality factor 2194.11  Total Playback Bitrate  48
p4-t4-dy.log+buff  ro 0.772644 Full Time 0 Empty Time 3.85129 Inefficiency 0.129917 Total Time 673.259 x=ro/(ro+1) 0.435871 x*TT 293.454 quality factor 1875.54  Total Playback Bitrate  43
p4-t5-dy.log+buff  ro 1.40436 Full Time 0 Empty Time 10.8582 Inefficiency 0.318883 Total Time 268.558 x=ro/(ro+1) 0.584088 x*TT 156.862 quality factor 1047.94  Total Playback Bitrate  13
p4-t6-dy.log+buff  ro 1.21106 Full Time 0 Empty Time 4.36542 Inefficiency 0.242771 Total Time 659.838 x=ro/(ro+1) 0.547729 x*TT 361.413 quality factor 993.234  Total Playback Bitrate  29
p4-t7-dy.log+buff  ro 1.37962 Full Time 0 Empty Time 2.01342 Inefficiency 0.366628 Total Time 656.451 x=ro/(ro+1) 0.579765 x*TT 380.587 quality factor 1140.26  Total Playback Bitrate  63
p1-t1-gd.log+buff  ro 1.08426 Full Time 0 Empty Time 3.29621 Inefficiency 0.256756 Total Time 595.507 x=ro/(ro+1) 0.520212 x*TT 309.79 quality factor 3117.16  Total Playback Bitrate  101
p1-t2-gd.log+buff  ro 0.956391 Full Time 0 Empty Time 2.69649 Inefficiency 0.218317 Total Time 655.785 x=ro/(ro+1) 0.488855 x*TT 320.584 quality factor 3210.31  Total Playback Bitrate  26
p1-t3-gd.log+buff  ro 1.69571 Full Time 0 Empty Time 14.0403 Inefficiency 0.273523 Total Time 654.868 x=ro/(ro+1) 0.62904 x*TT 411.938 quality factor 3182.96  Total Playback Bitrate  23
p1-t4-gd.log+buff  ro 0.999843 Full Time 0 Empty Time 3.61262 Inefficiency 0.191112 Total Time 595.37 x=ro/(ro+1) 0.499961 x*TT 297.662 quality factor 3432.42  Total Playback Bitrate  25
p1-t5-gd.log+buff  ro 1.38431 Full Time 0 Empty Time 4.16375 Inefficiency 0.363898 Total Time 245.227 x=ro/(ro+1) 0.580592 x*TT 142.377 quality factor 2099.93  Total Playback Bitrate  6
p1-t6-gd.log+buff  ro 1.18838 Full Time 0 Empty Time 8.50714 Inefficiency 0.283189 Total Time 653.381 x=ro/(ro+1) 0.543041 x*TT 354.813 quality factor 2793.44  Total Playback Bitrate  61
p1-t7-gd.log+buff  ro 1.19097 Full Time 0 Empty Time 9.41888 Inefficiency 0.239735 Total Time 657.922 x=ro/(ro+1) 0.543582 x*TT 357.635 quality factor 2674.59  Total Playback Bitrate  32
p2-t1-gd.log+buff  ro 1.06966 Full Time 0 Empty Time 1.38715 Inefficiency 0.236196 Total Time 597.205 x=ro/(ro+1) 0.51683 x*TT 308.653 quality factor 2995.92  Total Playback Bitrate  78
p2-t2-gd.log+buff  ro 0.948359 Full Time 0 Empty Time 1.09457 Inefficiency 0.163385 Total Time 657.958 x=ro/(ro+1) 0.486748 x*TT 320.26 quality factor 3268.6  Total Playback Bitrate  18
p2-t3-gd.log+buff  ro 0.97926 Full Time 0 Empty Time 5.77923 Inefficiency 0.248475 Total Time 663.561 x=ro/(ro+1) 0.494761 x*TT 328.304 quality factor 3312.33  Total Playback Bitrate  28
p2-t4-gd.log+buff  ro 0.972755 Full Time 0 Empty Time 1.99238 Inefficiency 0.155512 Total Time 598.39 x=ro/(ro+1) 0.493095 x*TT 295.063 quality factor 3311.87  Total Playback Bitrate  28
p2-t5-gd.log+buff  ro 1.46739 Full Time 0 Empty Time 10.1182 Inefficiency 0.384385 Total Time 270.295 x=ro/(ro+1) 0.594713 x*TT 160.748 quality factor 1966.81  Total Playback Bitrate  6
p2-t6-gd.log+buff  ro 1.12841 Full Time 0 Empty Time 5.43222 Inefficiency 0.282611 Total Time 651.867 x=ro/(ro+1) 0.530166 x*TT 345.598 quality factor 3156.23  Total Playback Bitrate  61
p2-t7-gd.log+buff  ro 1.22557 Full Time 0 Empty Time 2.23409 Inefficiency 0.240104 Total Time 656.46 x=ro/(ro+1) 0.550678 x*TT 361.498 quality factor 2625.59  Total Playback Bitrate  28
p3-t1-gd.log+buff  ro 1.03934 Full Time 0 Empty Time 6.29122 Inefficiency 0.277517 Total Time 603.301 x=ro/(ro+1) 0.509644 x*TT 307.469 quality factor 1930.79  Total Playback Bitrate  53
p3-t2-gd.log+buff  ro 0.896626 Full Time 0 Empty Time 1.00795 Inefficiency 0.215729 Total Time 664.253 x=ro/(ro+1) 0.472748 x*TT 314.024 quality factor 2548.35  Total Playback Bitrate  48
p3-t3-gd.log+buff  ro 0.886509 Full Time 0 Empty Time 0.380077 Inefficiency 0.189235 Total Time 667.923 x=ro/(ro+1) 0.46992 x*TT 313.871 quality factor 2505.25  Total Playback Bitrate  46
p3-t4-gd.log+buff  ro 0.893565 Full Time 0 Empty Time 6.04813 Inefficiency 0.190787 Total Time 610.606 x=ro/(ro+1) 0.471896 x*TT 288.142 quality factor 2339  Total Playback Bitrate  35
p3-t5-gd.log+buff  ro 1.18536 Full Time 0 Empty Time 4.35091 Inefficiency 0.296562 Total Time 261.443 x=ro/(ro+1) 0.542409 x*TT 141.809 quality factor 1698.02  Total Playback Bitrate  20
p3-t6-gd.log+buff  ro 1.34305 Full Time 0 Empty Time 4.78652 Inefficiency 0.327919 Total Time 659.026 x=ro/(ro+1) 0.573205 x*TT 377.757 quality factor 1702.84  Total Playback Bitrate  24
p3-t7-gd.log+buff  ro 1.26567 Full Time 0 Empty Time 2.48588 Inefficiency 0.304331 Total Time 657.973 x=ro/(ro+1) 0.55863 x*TT 367.563 quality factor 1598.23  Total Playback Bitrate  30
p4-t1-gd.log+buff  ro 0.89306 Full Time 0 Empty Time 22.8996 Inefficiency 0.150511 Total Time 889.282 x=ro/(ro+1) 0.471755 x*TT 419.523 quality factor 2011.35  Total Playback Bitrate  24
p4-t2-gd.log+buff  ro 0.535518 Full Time 0 Empty Time 6.20383 Inefficiency 0.109166 Total Time 783.811 x=ro/(ro+1) 0.348754 x*TT 273.357 quality factor 3069.19  Total Playback Bitrate  6
p4-t3-gd.log+buff  ro 0.827662 Full Time 0 Empty Time 6.65403 Inefficiency 0.145229 Total Time 693.818 x=ro/(ro+1) 0.452853 x*TT 314.198 quality factor 2289.02  Total Playback Bitrate  84
p4-t4-gd.log+buff  ro 0.786775 Full Time 0 Empty Time 1.30531 Inefficiency 0.133699 Total Time 603.241 x=ro/(ro+1) 0.440332 x*TT 265.627 quality factor 1573.66  Total Playback Bitrate  47
p4-t5-gd.log+buff  ro 1.02895 Full Time 0 Empty Time 12.4644 Inefficiency 0.231912 Total Time 285.028 x=ro/(ro+1) 0.507133 x*TT 144.547 quality factor 1098.97  Total Playback Bitrate  9
p4-t6-gd.log+buff  ro 1.30035 Full Time 0 Empty Time 13.6296 Inefficiency 0.266253 Total Time 651.073 x=ro/(ro+1) 0.565284 x*TT 368.041 quality factor 1003.14  Total Playback Bitrate  27
p4-t7-gd.log+buff  ro 1.44545 Full Time 0 Empty Time 2.6589 Inefficiency 0.368684 Total Time 658.832 x=ro/(ro+1) 0.591077 x*TT 389.421 quality factor 1145.48  Total Playback Bitrate  48
p1-t1-kama.log+buff  ro 1.05779 Full Time 0 Empty Time 4.11984 Inefficiency 0.238121 Total Time 595.725 x=ro/(ro+1) 0.514042 x*TT 306.227 quality factor 3106.58  Total Playback Bitrate  79
p1-t2-kama.log+buff  ro 0.9239 Full Time 0 Empty Time 2.83162 Inefficiency 0.170016 Total Time 655.774 x=ro/(ro+1) 0.480222 x*TT 314.917 quality factor 3241.86  Total Playback Bitrate  18
p1-t3-kama.log+buff  ro 1.00776 Full Time 0 Empty Time 14.2234 Inefficiency 0.268703 Total Time 654.911 x=ro/(ro+1) 0.501933 x*TT 328.721 quality factor 3220.3  Total Playback Bitrate  29
p1-t4-kama.log+buff  ro 1.0019 Full Time 0 Empty Time 3.38189 Inefficiency 0.1694 Total Time 596.536 x=ro/(ro+1) 0.500474 x*TT 298.551 quality factor 3388.76  Total Playback Bitrate  19
p1-t5-kama.log+buff  ro 1.43686 Full Time 0 Empty Time 5.58779 Inefficiency 0.3471 Total Time 244.678 x=ro/(ro+1) 0.589635 x*TT 144.271 quality factor 2088.01  Total Playback Bitrate  6
p1-t6-kama.log+buff  ro 1.16027 Full Time 0 Empty Time 11.2702 Inefficiency 0.27205 Total Time 656.784 x=ro/(ro+1) 0.537094 x*TT 352.755 quality factor 2838.59  Total Playback Bitrate  42
p1-t7-kama.log+buff  ro 1.17706 Full Time 0 Empty Time 4.62346 Inefficiency 0.23128 Total Time 655.75 x=ro/(ro+1) 0.540664 x*TT 354.541 quality factor 2658.84  Total Playback Bitrate  28
p2-t1-kama.log+buff  ro 1.07914 Full Time 0 Empty Time 1.4601 Inefficiency 0.238599 Total Time 597.261 x=ro/(ro+1) 0.519032 x*TT 309.997 quality factor 2976.02  Total Playback Bitrate  74
p2-t2-kama.log+buff  ro 0.940971 Full Time 0 Empty Time 1.05206 Inefficiency 0.15737 Total Time 658.109 x=ro/(ro+1) 0.484794 x*TT 319.047 quality factor 3344.99  Total Playback Bitrate  16
p2-t3-kama.log+buff  ro 0.987467 Full Time 0 Empty Time 7.07534 Inefficiency 0.245257 Total Time 663.604 x=ro/(ro+1) 0.496847 x*TT 329.71 quality factor 3319.19  Total Playback Bitrate  22
p2-t4-kama.log+buff  ro 0.963897 Full Time 0 Empty Time 2.06873 Inefficiency 0.138135 Total Time 599.191 x=ro/(ro+1) 0.490808 x*TT 294.088 quality factor 3239.45  Total Playback Bitrate  14
p2-t5-kama.log+buff  ro 1.4555 Full Time 0 Empty Time 6.62737 Inefficiency 0.383852 Total Time 269.582 x=ro/(ro+1) 0.59275 x*TT 159.795 quality factor 1975.22  Total Playback Bitrate  6
p2-t6-kama.log+buff  ro 1.12765 Full Time 0 Empty Time 6.50958 Inefficiency 0.257322 Total Time 640.682 x=ro/(ro+1) 0.529999 x*TT 339.561 quality factor 2991.72  Total Playback Bitrate  48
p2-t7-kama.log+buff  ro 1.23603 Full Time 0 Empty Time 2.53511 Inefficiency 0.251946 Total Time 656.294 x=ro/(ro+1) 0.552779 x*TT 362.785 quality factor 2630.8  Total Playback Bitrate  26
p3-t1-kama.log+buff  ro 0.985269 Full Time 0 Empty Time 4.7204 Inefficiency 0.213502 Total Time 602.614 x=ro/(ro+1) 0.49629 x*TT 299.071 quality factor 1896.96  Total Playback Bitrate  47
p3-t2-kama.log+buff  ro 0.825333 Full Time 0 Empty Time 4.94501 Inefficiency 0.171374 Total Time 675.107 x=ro/(ro+1) 0.452155 x*TT 305.253 quality factor 2411.08  Total Playback Bitrate  20
p3-t3-kama.log+buff  ro 0.876113 Full Time 0 Empty Time 7.07655 Inefficiency 0.195861 Total Time 671.104 x=ro/(ro+1) 0.466983 x*TT 313.394 quality factor 2635.55  Total Playback Bitrate  56
p3-t4-kama.log+buff  ro 0.877991 Full Time 0 Empty Time 1.86538 Inefficiency 0.172303 Total Time 604.43 x=ro/(ro+1) 0.467516 x*TT 282.581 quality factor 2346.03  Total Playback Bitrate  39
p3-t5-kama.log+buff  ro 1.25348 Full Time 0 Empty Time 8.55871 Inefficiency 0.328246 Total Time 257.019 x=ro/(ro+1) 0.556241 x*TT 142.965 quality factor 1663.37  Total Playback Bitrate  24
p3-t6-kama.log+buff  ro 1.18043 Full Time 0 Empty Time 11.8153 Inefficiency 0.2512 Total Time 662.561 x=ro/(ro+1) 0.541374 x*TT 358.693 quality factor 1714.95  Total Playback Bitrate  32
p3-t7-kama.log+buff  ro 1.18446 Full Time 0 Empty Time 3.07808 Inefficiency 0.283668 Total Time 657.594 x=ro/(ro+1) 0.542221 x*TT 356.562 quality factor 1712.4  Total Playback Bitrate  41
p4-t1-kama.log+buff  ro 0.873895 Full Time 0 Empty Time 18.292 Inefficiency 0.142125 Total Time 885.958 x=ro/(ro+1) 0.466352 x*TT 413.169 quality factor 1758.17  Total Playback Bitrate  20
p4-t2-kama.log+buff  ro 0.567457 Full Time 0 Empty Time 5.7146 Inefficiency 0.152954 Total Time 870.735 x=ro/(ro+1) 0.362024 x*TT 315.227 quality factor 2821.18  Total Playback Bitrate  4
p4-t3-kama.log+buff  ro 0.736527 Full Time 0 Empty Time 6.15508 Inefficiency 0.12143 Total Time 664.831 x=ro/(ro+1) 0.424138 x*TT 281.98 quality factor 1739.62  Total Playback Bitrate  45
p4-t4-kama.log+buff  ro 0.774542 Full Time 0 Empty Time 3.14133 Inefficiency 0.167508 Total Time 624.104 x=ro/(ro+1) 0.436474 x*TT 272.405 quality factor 1665.39  Total Playback Bitrate  27
p4-t5-kama.log+buff  ro 0.993295 Full Time 0 Empty Time 6.48708 Inefficiency 0.243528 Total Time 295.047 x=ro/(ro+1) 0.498318 x*TT 147.027 quality factor 1051.73  Total Playback Bitrate  12
p4-t6-kama.log+buff  ro 1.27394 Full Time 0 Empty Time 2.97552 Inefficiency 0.2937 Total Time 649.666 x=ro/(ro+1) 0.560234 x*TT 363.965 quality factor 1009.4  Total Playback Bitrate  37
p4-t7-kama.log+buff  ro 1.27097 Full Time 0 Empty Time 10.4157 Inefficiency 0.346913 Total Time 666.096 x=ro/(ro+1) 0.559659 x*TT 372.787 quality factor 1127.33  Total Playback Bitrate  50
p1-t1-ra.log+buff  ro 1.0513 Full Time 0 Empty Time 5.15686 Inefficiency 0.225234 Total Time 596.099 x=ro/(ro+1) 0.512505 x*TT 305.504 quality factor 3105.36  Total Playback Bitrate  73
p1-t2-ra.log+buff  ro 0.951077 Full Time 0 Empty Time 6.11461 Inefficiency 0.18238 Total Time 665.382 x=ro/(ro+1) 0.487463 x*TT 324.349 quality factor 3213.64  Total Playback Bitrate  23
p1-t3-ra.log+buff  ro 0.986196 Full Time 0 Empty Time 15.3635 Inefficiency 0.219743 Total Time 657.144 x=ro/(ro+1) 0.496525 x*TT 326.288 quality factor 3197.33  Total Playback Bitrate  35
p1-t4-ra.log+buff  ro 0.990543 Full Time 0 Empty Time 5.58988 Inefficiency 0.171874 Total Time 596.913 x=ro/(ro+1) 0.497625 x*TT 297.039 quality factor 3391.31  Total Playback Bitrate  27
p1-t5-ra.log+buff  ro 1.38676 Full Time 0 Empty Time 4.31438 Inefficiency 0.375565 Total Time 245.061 x=ro/(ro+1) 0.581021 x*TT 142.386 quality factor 2113.22  Total Playback Bitrate  4
p1-t6-ra.log+buff  ro 1.15714 Full Time 0 Empty Time 23.7611 Inefficiency 0.299286 Total Time 698.148 x=ro/(ro+1) 0.536424 x*TT 374.503 quality factor 2933.52  Total Playback Bitrate  43
p1-t7-ra.log+buff  ro 1.14682 Full Time 0 Empty Time 21.499 Inefficiency 0.226892 Total Time 674.285 x=ro/(ro+1) 0.534195 x*TT 360.2 quality factor 2679.03  Total Playback Bitrate  25
p2-t1-ra.log+buff  ro 1.0522 Full Time 0 Empty Time 1.40589 Inefficiency 0.228379 Total Time 597.169 x=ro/(ro+1) 0.512718 x*TT 306.179 quality factor 2995.99  Total Playback Bitrate  64
p2-t2-ra.log+buff  ro 0.964505 Full Time 0 Empty Time 2.37747 Inefficiency 0.169577 Total Time 660.566 x=ro/(ro+1) 0.490966 x*TT 324.315 quality factor 3283.44  Total Playback Bitrate  14
p2-t3-ra.log+buff  ro 0.999652 Full Time 0 Empty Time 6.47109 Inefficiency 0.256772 Total Time 659.886 x=ro/(ro+1) 0.499913 x*TT 329.886 quality factor 3281.88  Total Playback Bitrate  48
p2-t4-ra.log+buff  ro 0.949584 Full Time 0 Empty Time 4.12426 Inefficiency 0.126488 Total Time 603.46 x=ro/(ro+1) 0.48707 x*TT 293.927 quality factor 3268.84  Total Playback Bitrate  16
p2-t5-ra.log+buff  ro 1.55479 Full Time 0 Empty Time 3.17975 Inefficiency 0.394854 Total Time 253.312 x=ro/(ro+1) 0.608578 x*TT 154.16 quality factor 1935.43  Total Playback Bitrate  8
p2-t6-ra.log+buff  ro 1.10523 Full Time 0 Empty Time 6.78639 Inefficiency 0.289509 Total Time 671.222 x=ro/(ro+1) 0.524992 x*TT 352.386 quality factor 3144.06  Total Playback Bitrate  38
p2-t7-ra.log+buff  ro 1.2351 Full Time 0 Empty Time 2.05688 Inefficiency 0.251862 Total Time 656.703 x=ro/(ro+1) 0.552592 x*TT 362.889 quality factor 2644.22  Total Playback Bitrate  14
p3-t1-ra.log+buff  ro 0.984241 Full Time 0 Empty Time 4.99852 Inefficiency 0.224042 Total Time 603.46 x=ro/(ro+1) 0.496029 x*TT 299.334 quality factor 1940.44  Total Playback Bitrate  57
p3-t2-ra.log+buff  ro 0.841936 Full Time 0 Empty Time 5.32162 Inefficiency 0.166315 Total Time 674.174 x=ro/(ro+1) 0.457093 x*TT 308.16 quality factor 2415.99  Total Playback Bitrate  18
p3-t3-ra.log+buff  ro 0.857238 Full Time 0 Empty Time 0.567255 Inefficiency 0.178953 Total Time 666.606 x=ro/(ro+1) 0.461566 x*TT 307.683 quality factor 2609.2  Total Playback Bitrate  34
p3-t4-ra.log+buff  ro 0.894527 Full Time 0 Empty Time 2.58827 Inefficiency 0.158817 Total Time 617.299 x=ro/(ro+1) 0.472164 x*TT 291.466 quality factor 2435.22  Total Playback Bitrate  43
p3-t5-ra.log+buff  ro 1.26706 Full Time 0 Empty Time 6.46399 Inefficiency 0.308956 Total Time 258.823 x=ro/(ro+1) 0.558899 x*TT 144.656 quality factor 1672.33  Total Playback Bitrate  22
p3-t6-ra.log+buff  ro 1.1802 Full Time 0 Empty Time 10.9496 Inefficiency 0.278399 Total Time 671.016 x=ro/(ro+1) 0.541326 x*TT 363.238 quality factor 1732.87  Total Playback Bitrate  26
p3-t7-ra.log+buff  ro 1.1885 Full Time 0 Empty Time 4.2999 Inefficiency 0.292507 Total Time 662.005 x=ro/(ro+1) 0.543067 x*TT 359.513 quality factor 1706.51  Total Playback Bitrate  35
p4-t1-ra.log+buff  ro 0.893391 Full Time 0 Empty Time 22.3418 Inefficiency 0.138614 Total Time 663.171 x=ro/(ro+1) 0.471847 x*TT 312.915 quality factor 1329.48  Total Playback Bitrate  23
p4-t2-ra.log+buff  ro 0.642958 Full Time 0 Empty Time 9.62204 Inefficiency 0.0896765 Total Time 870.727 x=ro/(ro+1) 0.391342 x*TT 340.752 quality factor 1906.95  Total Playback Bitrate  10
p4-t3-ra.log+buff  ro 0.73879 Full Time 0 Empty Time 11.1791 Inefficiency 0.154419 Total Time 723.687 x=ro/(ro+1) 0.424887 x*TT 307.486 quality factor 1801.98  Total Playback Bitrate  42
p4-t4-ra.log+buff  ro 0.770388 Full Time 0 Empty Time 2.6313 Inefficiency 0.15846 Total Time 605.761 x=ro/(ro+1) 0.435152 x*TT 263.598 quality factor 1613.56  Total Playback Bitrate  31
p4-t5-ra.log+buff  ro 1.10892 Full Time 0 Empty Time 5.31996 Inefficiency 0.290662 Total Time 266.511 x=ro/(ro+1) 0.525823 x*TT 140.138 quality factor 1025.21  Total Playback Bitrate  13
p4-t6-ra.log+buff  ro 1.20014 Full Time 0 Empty Time 11.5392 Inefficiency 0.257966 Total Time 661.827 x=ro/(ro+1) 0.545483 x*TT 361.015 quality factor 1015.54  Total Playback Bitrate  31
p4-t7-ra.log+buff  ro 1.25635 Full Time 0 Empty Time 12.0766 Inefficiency 0.343383 Total Time 666.001 x=ro/(ro+1) 0.556806 x*TT 370.833 quality factor 1099.35  Total Playback Bitrate  47
